<?xml version="1.0" encoding="UTF-8"?>
<!-- Generated by org.testng.reporters.JUnitXMLReporter -->
<testsuite ignored="0" hostname="TD-XPS-13-9310" failures="24" tests="108" name="Surefire test" time="118.915" errors="0" timestamp="21 Sep 2023 16:13:21 GMT">
  <testcase classname="io.railflow.blazetest.samples.testng.webdriver.TestHomePage" name="description" time="0.034"/>
  <testcase classname="io.railflow.blazetest.samples.testng.webdriver.TestHomePage" name="errorElementAtStart" time="0.032">
    <failure type="java.lang.AssertionError" message="Unexpected exception (org.openqa.selenium.NoSuchElementException): no such element: Unable to locate element: {&amp;quot;method&amp;quot;:&amp;quot;xpath&amp;quot;,&amp;quot;selector&amp;quot;:&amp;quot;//h3[@data-test=&amp;apos;error&amp;apos;]&amp;quot;}
  (Session info: chrome=117.0.5938.88)
For documentation on this error, please visit: https://www.selenium.dev/documentation/webdriver/troubleshooting/errors#no-such-element-exception
Build info: version: &amp;apos;4.12.1&amp;apos;, revision: &amp;apos;8e34639b11&amp;apos;
System info: os.name: &amp;apos;Linux&amp;apos;, os.arch: &amp;apos;amd64&amp;apos;, os.version: &amp;apos;6.2.0-32-generic&amp;apos;, java.version: &amp;apos;19.0.2&amp;apos;
Driver info: org.openqa.selenium.chrome.ChromeDriver
Command: [69fd1d3a4a0cfacb2187db47aedaf477, findElement {using=xpath, value=//h3[@data-test=&amp;apos;error&amp;apos;]}]
Capabilities {acceptInsecureCerts: false, browserName: chrome, browserVersion: 117.0.5938.88, chrome: {chromedriverVersion: 117.0.5938.88 (be6afae47212..., userDataDir: /tmp/.org.chromium.Chromium...}, fedcm:accounts: true, goog:chromeOptions: {debuggerAddress: localhost:43173}, networkConnectionEnabled: false, pageLoadStrategy: normal, platformName: linux, proxy: Proxy(), se:cdp: ws://localhost:43173/devtoo..., se:cdpVersion: 117.0.5938.88, setWindowRect: true, strictFileInteractability: false, timeouts: {implicit: 0, pageLoad: 300000, script: 30000}, unhandledPromptBehavior: dismiss and notify, webauthn:extension:credBlob: true, webauthn:extension:largeBlob: true, webauthn:extension:minPinLength: true, webauthn:extension:prf: true, webauthn:virtualAuthenticators: true}
Session ID: 69fd1d3a4a0cfacb2187db47aedaf477">
      <![CDATA[java.lang.AssertionError: Unexpected exception (org.openqa.selenium.NoSuchElementException): no such element: Unable to locate element: {"method":"xpath","selector":"//h3[@data-test='error']"}
  (Session info: chrome=117.0.5938.88)
For documentation on this error, please visit: https://www.selenium.dev/documentation/webdriver/troubleshooting/errors#no-such-element-exception
Build info: version: '4.12.1', revision: '8e34639b11'
System info: os.name: 'Linux', os.arch: 'amd64', os.version: '6.2.0-32-generic', java.version: '19.0.2'
Driver info: org.openqa.selenium.chrome.ChromeDriver
Command: [69fd1d3a4a0cfacb2187db47aedaf477, findElement {using=xpath, value=//h3[@data-test='error']}]
Capabilities {acceptInsecureCerts: false, browserName: chrome, browserVersion: 117.0.5938.88, chrome: {chromedriverVersion: 117.0.5938.88 (be6afae47212..., userDataDir: /tmp/.org.chromium.Chromium...}, fedcm:accounts: true, goog:chromeOptions: {debuggerAddress: localhost:43173}, networkConnectionEnabled: false, pageLoadStrategy: normal, platformName: linux, proxy: Proxy(), se:cdp: ws://localhost:43173/devtoo..., se:cdpVersion: 117.0.5938.88, setWindowRect: true, strictFileInteractability: false, timeouts: {implicit: 0, pageLoad: 300000, script: 30000}, unhandledPromptBehavior: dismiss and notify, webauthn:extension:credBlob: true, webauthn:extension:largeBlob: true, webauthn:extension:minPinLength: true, webauthn:extension:prf: true, webauthn:virtualAuthenticators: true}
Session ID: 69fd1d3a4a0cfacb2187db47aedaf477
	at io.railflow.blazetest.samples.testng.webdriver.TestHomePage.errorElementAtStart(TestHomePage.java:71)
... Removed 29 stack frames]]>
    </failure>
  </testcase> <!-- errorElementAtStart -->
  <testcase classname="io.railflow.blazetest.samples.testng.webdriver.TestHomePage" name="manifestLink" time="0.022"/>
  <testcase classname="io.railflow.blazetest.samples.testng.webdriver.TestHomePage" name="noErrorElementAtStart" time="0.009"/>
  <testcase classname="io.railflow.blazetest.samples.testng.webdriver.TestHomePage" name="robots" time="0.017"/>
  <testcase classname="io.railflow.blazetest.samples.testng.webdriver.TestHomePage" name="stylesheetLink" time="0.016"/>
  <testcase classname="io.railflow.blazetest.samples.testng.webdriver.TestHomePage" name="title" time="0.004"/>
  <testcase classname="io.railflow.blazetest.samples.testng.webdriver.TestHomePageLoginButton" name="name" time="0.014"/>
  <testcase classname="io.railflow.blazetest.samples.testng.webdriver.TestHomePageLoginButton" name="type" time="0.009"/>
  <testcase classname="io.railflow.blazetest.samples.testng.webdriver.TestHomePageLoginButton" name="value" time="0.006"/>
  <testcase classname="io.railflow.blazetest.samples.testng.webdriver.TestLoginEmptyCredentials" name="emptyUsernameEmptyPassword" time="0.093"/>
  <testcase classname="io.railflow.blazetest.samples.testng.webdriver.TestLoginEmptyCredentials" name="emptyUsernameInvalidPassword" time="0.082"/>
  <testcase classname="io.railflow.blazetest.samples.testng.webdriver.TestLoginEmptyCredentials" name="emptyUsernameMissingPassword" time="0.044"/>
  <testcase classname="io.railflow.blazetest.samples.testng.webdriver.TestLoginEmptyCredentials" name="invalidUsernameEmptyPassword" time="0.071">
    <failure type="java.lang.AssertionError" message="expected [Epic sadface: Username and password do not match any user in this service] but found [Epic sadface: Password is required]">
      <![CDATA[java.lang.AssertionError: expected [Epic sadface: Username and password do not match any user in this service] but found [Epic sadface: Password is required]
	at io.railflow.blazetest.samples.testng.webdriver.TestLoginBase.loginFailure(TestLoginBase.java:52)
	at io.railflow.blazetest.samples.testng.webdriver.TestLoginEmptyCredentials.invalidUsernameEmptyPassword(TestLoginEmptyCredentials.java:53)
... Removed 34 stack frames]]>
    </failure>
  </testcase> <!-- invalidUsernameEmptyPassword -->
  <testcase classname="io.railflow.blazetest.samples.testng.webdriver.TestLoginEmptyCredentials" name="invalidUsernameMissingPassword" time="0.062">
    <failure type="java.lang.AssertionError" message="expected [Epic sadface: Username and password do not match any user in this service] but found [Epic sadface: Password is required]">
      <![CDATA[java.lang.AssertionError: expected [Epic sadface: Username and password do not match any user in this service] but found [Epic sadface: Password is required]
	at io.railflow.blazetest.samples.testng.webdriver.TestLoginBase.loginFailure(TestLoginBase.java:52)
	at io.railflow.blazetest.samples.testng.webdriver.TestLoginEmptyCredentials.invalidUsernameMissingPassword(TestLoginEmptyCredentials.java:33)
... Removed 34 stack frames]]>
    </failure>
  </testcase> <!-- invalidUsernameMissingPassword -->
  <testcase classname="io.railflow.blazetest.samples.testng.webdriver.TestLoginEmptyCredentials" name="missingUsernameEmptyPassword" time="0.047">
    <failure type="java.lang.AssertionError" message="expected [Epic sadface: Username and password do not match any user in this service] but found [Epic sadface: Username is required]">
      <![CDATA[java.lang.AssertionError: expected [Epic sadface: Username and password do not match any user in this service] but found [Epic sadface: Username is required]
	at io.railflow.blazetest.samples.testng.webdriver.TestLoginBase.loginFailure(TestLoginBase.java:52)
	at io.railflow.blazetest.samples.testng.webdriver.TestLoginEmptyCredentials.missingUsernameEmptyPassword(TestLoginEmptyCredentials.java:28)
... Removed 34 stack frames]]>
    </failure>
  </testcase> <!-- missingUsernameEmptyPassword -->
  <testcase classname="io.railflow.blazetest.samples.testng.webdriver.TestLoginEmptyCredentials" name="missingUsernameInvalidPassword" time="0.05">
    <failure type="java.lang.AssertionError" message="expected [Epic sadface: Username and password do not match any user in this service] but found [Epic sadface: Username is required]">
      <![CDATA[java.lang.AssertionError: expected [Epic sadface: Username and password do not match any user in this service] but found [Epic sadface: Username is required]
	at io.railflow.blazetest.samples.testng.webdriver.TestLoginBase.loginFailure(TestLoginBase.java:52)
	at io.railflow.blazetest.samples.testng.webdriver.TestLoginEmptyCredentials.missingUsernameInvalidPassword(TestLoginEmptyCredentials.java:38)
... Removed 34 stack frames]]>
    </failure>
  </testcase> <!-- missingUsernameInvalidPassword -->
  <testcase classname="io.railflow.blazetest.samples.testng.webdriver.TestLoginEmptyCredentials" name="missingUsernameMissingPassword" time="0.028">
    <failure type="java.lang.AssertionError" message="expected [Epic sadface: Username and password do not match any user in this service] but found [Epic sadface: Username is required]">
      <![CDATA[java.lang.AssertionError: expected [Epic sadface: Username and password do not match any user in this service] but found [Epic sadface: Username is required]
	at io.railflow.blazetest.samples.testng.webdriver.TestLoginBase.loginFailure(TestLoginBase.java:52)
	at io.railflow.blazetest.samples.testng.webdriver.TestLoginEmptyCredentials.missingUsernameMissingPassword(TestLoginEmptyCredentials.java:23)
... Removed 34 stack frames]]>
    </failure>
  </testcase> <!-- missingUsernameMissingPassword -->
  <testcase classname="io.railflow.blazetest.samples.testng.webdriver.TestLoginInvalidCredentials" name="invalidUsernameInvalidPassword" time="0.116"/>
  <testcase classname="io.railflow.blazetest.samples.testng.webdriver.TestLoginInvalidCredentials" name="lockedOutUserInvliadPassword" time="0.095"/>
  <testcase classname="io.railflow.blazetest.samples.testng.webdriver.TestLoginInvalidCredentials" name="longPassword" time="0.103"/>
  <testcase classname="io.railflow.blazetest.samples.testng.webdriver.TestLoginInvalidCredentials" name="longUsername" time="0.12"/>
  <testcase classname="io.railflow.blazetest.samples.testng.webdriver.TestLoginInvalidCredentials" name="passwordWithNumbers" time="0.096"/>
  <testcase classname="io.railflow.blazetest.samples.testng.webdriver.TestLoginInvalidCredentials" name="passwordWithSpaces" time="0.079"/>
  <testcase classname="io.railflow.blazetest.samples.testng.webdriver.TestLoginInvalidCredentials" name="passwordWithSpecialCharacters" time="0.079"/>
  <testcase classname="io.railflow.blazetest.samples.testng.webdriver.TestLoginInvalidCredentials" name="performanceGlitchUserInvliadPassword" time="0.097"/>
  <testcase classname="io.railflow.blazetest.samples.testng.webdriver.TestLoginInvalidCredentials" name="problemUserInvliadPassword" time="0.101"/>
  <testcase classname="io.railflow.blazetest.samples.testng.webdriver.TestLoginInvalidCredentials" name="usernameWithNumbers" time="0.098"/>
  <testcase classname="io.railflow.blazetest.samples.testng.webdriver.TestLoginInvalidCredentials" name="usernameWithSpaces" time="0.103"/>
  <testcase classname="io.railflow.blazetest.samples.testng.webdriver.TestLoginInvalidCredentials" name="usernameWithSpecialCharacters" time="0.101"/>
  <testcase classname="io.railflow.blazetest.samples.testng.webdriver.TestLoginInvalidCredentials" name="validUserInvliadPassword" time="0.103"/>
  <testcase classname="io.railflow.blazetest.samples.testng.webdriver.shoppingcart.TestShoppingCartBase" name="add" time="0.046"/>
  <testcase classname="io.railflow.blazetest.samples.testng.webdriver.shoppingcart.TestShoppingCartBase" name="addAndRemove" time="0.009">
    <failure type="java.lang.AssertionError" message="Unexpected exception (org.openqa.selenium.NoSuchElementException): no such element: Unable to locate element: {&amp;quot;method&amp;quot;:&amp;quot;xpath&amp;quot;,&amp;quot;selector&amp;quot;:&amp;quot;//button[@id=&amp;apos;add-to-cart-sauce-labs-backpack&amp;apos;]&amp;quot;}
  (Session info: chrome=117.0.5938.88)
For documentation on this error, please visit: https://www.selenium.dev/documentation/webdriver/troubleshooting/errors#no-such-element-exception
Build info: version: &amp;apos;4.12.1&amp;apos;, revision: &amp;apos;8e34639b11&amp;apos;
System info: os.name: &amp;apos;Linux&amp;apos;, os.arch: &amp;apos;amd64&amp;apos;, os.version: &amp;apos;6.2.0-32-generic&amp;apos;, java.version: &amp;apos;19.0.2&amp;apos;
Driver info: org.openqa.selenium.chrome.ChromeDriver
Command: [4e86b87fd9bd575a554c4f6101a253ba, findElement {using=xpath, value=//button[@id=&amp;apos;add-to-cart-sauce-labs-backpack&amp;apos;]}]
Capabilities {acceptInsecureCerts: false, browserName: chrome, browserVersion: 117.0.5938.88, chrome: {chromedriverVersion: 117.0.5938.88 (be6afae47212..., userDataDir: /tmp/.org.chromium.Chromium...}, fedcm:accounts: true, goog:chromeOptions: {debuggerAddress: localhost:33871}, networkConnectionEnabled: false, pageLoadStrategy: normal, platformName: linux, proxy: Proxy(), se:cdp: ws://localhost:33871/devtoo..., se:cdpVersion: 117.0.5938.88, setWindowRect: true, strictFileInteractability: false, timeouts: {implicit: 0, pageLoad: 300000, script: 30000}, unhandledPromptBehavior: dismiss and notify, webauthn:extension:credBlob: true, webauthn:extension:largeBlob: true, webauthn:extension:minPinLength: true, webauthn:extension:prf: true, webauthn:virtualAuthenticators: true}
Session ID: 4e86b87fd9bd575a554c4f6101a253ba">
      <![CDATA[java.lang.AssertionError: Unexpected exception (org.openqa.selenium.NoSuchElementException): no such element: Unable to locate element: {"method":"xpath","selector":"//button[@id='add-to-cart-sauce-labs-backpack']"}
  (Session info: chrome=117.0.5938.88)
For documentation on this error, please visit: https://www.selenium.dev/documentation/webdriver/troubleshooting/errors#no-such-element-exception
Build info: version: '4.12.1', revision: '8e34639b11'
System info: os.name: 'Linux', os.arch: 'amd64', os.version: '6.2.0-32-generic', java.version: '19.0.2'
Driver info: org.openqa.selenium.chrome.ChromeDriver
Command: [4e86b87fd9bd575a554c4f6101a253ba, findElement {using=xpath, value=//button[@id='add-to-cart-sauce-labs-backpack']}]
Capabilities {acceptInsecureCerts: false, browserName: chrome, browserVersion: 117.0.5938.88, chrome: {chromedriverVersion: 117.0.5938.88 (be6afae47212..., userDataDir: /tmp/.org.chromium.Chromium...}, fedcm:accounts: true, goog:chromeOptions: {debuggerAddress: localhost:33871}, networkConnectionEnabled: false, pageLoadStrategy: normal, platformName: linux, proxy: Proxy(), se:cdp: ws://localhost:33871/devtoo..., se:cdpVersion: 117.0.5938.88, setWindowRect: true, strictFileInteractability: false, timeouts: {implicit: 0, pageLoad: 300000, script: 30000}, unhandledPromptBehavior: dismiss and notify, webauthn:extension:credBlob: true, webauthn:extension:largeBlob: true, webauthn:extension:minPinLength: true, webauthn:extension:prf: true, webauthn:virtualAuthenticators: true}
Session ID: 4e86b87fd9bd575a554c4f6101a253ba
	at io.railflow.blazetest.samples.testng.webdriver.shoppingcart.TestShoppingCartBase.addToCart(TestShoppingCartBase.java:66)
	at io.railflow.blazetest.samples.testng.webdriver.shoppingcart.TestShoppingCartBase.addAndRemove(TestShoppingCartBase.java:111)
... Removed 29 stack frames]]>
    </failure>
  </testcase> <!-- addAndRemove -->
  <testcase classname="io.railflow.blazetest.samples.testng.webdriver.shoppingcart.TestShoppingCartBase" name="addRemoveAndAddAgain" time="0.009">
    <failure type="java.lang.AssertionError" message="Unexpected exception (org.openqa.selenium.NoSuchElementException): no such element: Unable to locate element: {&amp;quot;method&amp;quot;:&amp;quot;xpath&amp;quot;,&amp;quot;selector&amp;quot;:&amp;quot;//button[@id=&amp;apos;add-to-cart-sauce-labs-backpack&amp;apos;]&amp;quot;}
  (Session info: chrome=117.0.5938.88)
For documentation on this error, please visit: https://www.selenium.dev/documentation/webdriver/troubleshooting/errors#no-such-element-exception
Build info: version: &amp;apos;4.12.1&amp;apos;, revision: &amp;apos;8e34639b11&amp;apos;
System info: os.name: &amp;apos;Linux&amp;apos;, os.arch: &amp;apos;amd64&amp;apos;, os.version: &amp;apos;6.2.0-32-generic&amp;apos;, java.version: &amp;apos;19.0.2&amp;apos;
Driver info: org.openqa.selenium.chrome.ChromeDriver
Command: [4e86b87fd9bd575a554c4f6101a253ba, findElement {using=xpath, value=//button[@id=&amp;apos;add-to-cart-sauce-labs-backpack&amp;apos;]}]
Capabilities {acceptInsecureCerts: false, browserName: chrome, browserVersion: 117.0.5938.88, chrome: {chromedriverVersion: 117.0.5938.88 (be6afae47212..., userDataDir: /tmp/.org.chromium.Chromium...}, fedcm:accounts: true, goog:chromeOptions: {debuggerAddress: localhost:33871}, networkConnectionEnabled: false, pageLoadStrategy: normal, platformName: linux, proxy: Proxy(), se:cdp: ws://localhost:33871/devtoo..., se:cdpVersion: 117.0.5938.88, setWindowRect: true, strictFileInteractability: false, timeouts: {implicit: 0, pageLoad: 300000, script: 30000}, unhandledPromptBehavior: dismiss and notify, webauthn:extension:credBlob: true, webauthn:extension:largeBlob: true, webauthn:extension:minPinLength: true, webauthn:extension:prf: true, webauthn:virtualAuthenticators: true}
Session ID: 4e86b87fd9bd575a554c4f6101a253ba">
      <![CDATA[java.lang.AssertionError: Unexpected exception (org.openqa.selenium.NoSuchElementException): no such element: Unable to locate element: {"method":"xpath","selector":"//button[@id='add-to-cart-sauce-labs-backpack']"}
  (Session info: chrome=117.0.5938.88)
For documentation on this error, please visit: https://www.selenium.dev/documentation/webdriver/troubleshooting/errors#no-such-element-exception
Build info: version: '4.12.1', revision: '8e34639b11'
System info: os.name: 'Linux', os.arch: 'amd64', os.version: '6.2.0-32-generic', java.version: '19.0.2'
Driver info: org.openqa.selenium.chrome.ChromeDriver
Command: [4e86b87fd9bd575a554c4f6101a253ba, findElement {using=xpath, value=//button[@id='add-to-cart-sauce-labs-backpack']}]
Capabilities {acceptInsecureCerts: false, browserName: chrome, browserVersion: 117.0.5938.88, chrome: {chromedriverVersion: 117.0.5938.88 (be6afae47212..., userDataDir: /tmp/.org.chromium.Chromium...}, fedcm:accounts: true, goog:chromeOptions: {debuggerAddress: localhost:33871}, networkConnectionEnabled: false, pageLoadStrategy: normal, platformName: linux, proxy: Proxy(), se:cdp: ws://localhost:33871/devtoo..., se:cdpVersion: 117.0.5938.88, setWindowRect: true, strictFileInteractability: false, timeouts: {implicit: 0, pageLoad: 300000, script: 30000}, unhandledPromptBehavior: dismiss and notify, webauthn:extension:credBlob: true, webauthn:extension:largeBlob: true, webauthn:extension:minPinLength: true, webauthn:extension:prf: true, webauthn:virtualAuthenticators: true}
Session ID: 4e86b87fd9bd575a554c4f6101a253ba
	at io.railflow.blazetest.samples.testng.webdriver.shoppingcart.TestShoppingCartBase.addToCart(TestShoppingCartBase.java:66)
	at io.railflow.blazetest.samples.testng.webdriver.shoppingcart.TestShoppingCartBase.addRemoveAndAddAgain(TestShoppingCartBase.java:117)
... Removed 29 stack frames]]>
    </failure>
  </testcase> <!-- addRemoveAndAddAgain -->
  <testcase classname="io.railflow.blazetest.samples.testng.webdriver.shoppingcart.TestShoppingCartBase" name="image" time="0.025"/>
  <testcase classname="io.railflow.blazetest.samples.testng.webdriver.shoppingcart.TestShoppingCartBase" name="name" time="0.016"/>
  <testcase classname="io.railflow.blazetest.samples.testng.webdriver.shoppingcart.TestShoppingCartBase" name="price" time="0.014"/>
  <testcase classname="io.railflow.blazetest.samples.testng.webdriver.TestHomePagePasswordInput" name="attribute" time="0.015"/>
  <testcase classname="io.railflow.blazetest.samples.testng.webdriver.TestHomePagePasswordInput" name="attribute" time="0.012"/>
  <testcase classname="io.railflow.blazetest.samples.testng.webdriver.TestHomePagePasswordInput" name="attribute" time="0.008"/>
  <testcase classname="io.railflow.blazetest.samples.testng.webdriver.TestHomePagePasswordInput" name="attribute" time="0.008"/>
  <testcase classname="io.railflow.blazetest.samples.testng.webdriver.TestHomePagePasswordInput" name="attribute" time="0.007"/>
  <testcase classname="io.railflow.blazetest.samples.testng.webdriver.TestHomePagePasswordInput" name="text" time="0.011"/>
  <testcase classname="io.railflow.blazetest.samples.testng.webdriver.TestLoginUserLockout" name="emptyPassword" time="0.149">
    <failure type="java.lang.AssertionError" message="expected [Epic sadface: Password is required] but found [Epic sadface: Sorry, this user has been locked out.]">
      <![CDATA[java.lang.AssertionError: expected [Epic sadface: Password is required] but found [Epic sadface: Sorry, this user has been locked out.]
	at io.railflow.blazetest.samples.testng.webdriver.TestLoginBase.loginFailure(TestLoginBase.java:52)
	at io.railflow.blazetest.samples.testng.webdriver.TestLoginUserLockout.loginFailure(TestLoginUserLockout.java:22)
	at io.railflow.blazetest.samples.testng.webdriver.TestLoginUserLockout.emptyPassword(TestLoginUserLockout.java:32)
... Removed 34 stack frames]]>
    </failure>
  </testcase> <!-- emptyPassword -->
  <testcase classname="io.railflow.blazetest.samples.testng.webdriver.TestLoginUserLockout" name="missingPassword" time="0.084">
    <failure type="java.lang.AssertionError" message="expected [Epic sadface: Password is required] but found [Epic sadface: Sorry, this user has been locked out.]">
      <![CDATA[java.lang.AssertionError: expected [Epic sadface: Password is required] but found [Epic sadface: Sorry, this user has been locked out.]
	at io.railflow.blazetest.samples.testng.webdriver.TestLoginBase.loginFailure(TestLoginBase.java:52)
	at io.railflow.blazetest.samples.testng.webdriver.TestLoginUserLockout.loginFailure(TestLoginUserLockout.java:22)
	at io.railflow.blazetest.samples.testng.webdriver.TestLoginUserLockout.missingPassword(TestLoginUserLockout.java:27)
... Removed 34 stack frames]]>
    </failure>
  </testcase> <!-- missingPassword -->
  <testcase classname="io.railflow.blazetest.samples.testng.webdriver.TestLoginUserLockout" name="userLockedOut" time="0.119">
    <failure type="java.lang.AssertionError" message="expected [Epic sadface: Username and password do not match any user in this service] but found [Epic sadface: Sorry, this user has been locked out.]">
      <![CDATA[java.lang.AssertionError: expected [Epic sadface: Username and password do not match any user in this service] but found [Epic sadface: Sorry, this user has been locked out.]
	at io.railflow.blazetest.samples.testng.webdriver.TestLoginBase.loginFailure(TestLoginBase.java:52)
	at io.railflow.blazetest.samples.testng.webdriver.TestLoginUserLockout.loginFailure(TestLoginUserLockout.java:22)
	at io.railflow.blazetest.samples.testng.webdriver.TestLoginUserLockout.userLockedOut(TestLoginUserLockout.java:37)
... Removed 34 stack frames]]>
    </failure>
  </testcase> <!-- userLockedOut -->
  <testcase classname="io.railflow.blazetest.samples.testng.webdriver.shoppingcart.TestShoppingCartBase" name="add" time="0.044"/>
  <testcase classname="io.railflow.blazetest.samples.testng.webdriver.shoppingcart.TestShoppingCartBase" name="addAndRemove" time="0.01">
    <failure type="java.lang.AssertionError" message="Unexpected exception (org.openqa.selenium.NoSuchElementException): no such element: Unable to locate element: {&amp;quot;method&amp;quot;:&amp;quot;xpath&amp;quot;,&amp;quot;selector&amp;quot;:&amp;quot;//button[@id=&amp;apos;add-to-cart-sauce-labs-bike-light&amp;apos;]&amp;quot;}
  (Session info: chrome=117.0.5938.88)
For documentation on this error, please visit: https://www.selenium.dev/documentation/webdriver/troubleshooting/errors#no-such-element-exception
Build info: version: &amp;apos;4.12.1&amp;apos;, revision: &amp;apos;8e34639b11&amp;apos;
System info: os.name: &amp;apos;Linux&amp;apos;, os.arch: &amp;apos;amd64&amp;apos;, os.version: &amp;apos;6.2.0-32-generic&amp;apos;, java.version: &amp;apos;19.0.2&amp;apos;
Driver info: org.openqa.selenium.chrome.ChromeDriver
Command: [c00461c82f1c5859aec45c490c589ae1, findElement {using=xpath, value=//button[@id=&amp;apos;add-to-cart-sauce-labs-bike-light&amp;apos;]}]
Capabilities {acceptInsecureCerts: false, browserName: chrome, browserVersion: 117.0.5938.88, chrome: {chromedriverVersion: 117.0.5938.88 (be6afae47212..., userDataDir: /tmp/.org.chromium.Chromium...}, fedcm:accounts: true, goog:chromeOptions: {debuggerAddress: localhost:43903}, networkConnectionEnabled: false, pageLoadStrategy: normal, platformName: linux, proxy: Proxy(), se:cdp: ws://localhost:43903/devtoo..., se:cdpVersion: 117.0.5938.88, setWindowRect: true, strictFileInteractability: false, timeouts: {implicit: 0, pageLoad: 300000, script: 30000}, unhandledPromptBehavior: dismiss and notify, webauthn:extension:credBlob: true, webauthn:extension:largeBlob: true, webauthn:extension:minPinLength: true, webauthn:extension:prf: true, webauthn:virtualAuthenticators: true}
Session ID: c00461c82f1c5859aec45c490c589ae1">
      <![CDATA[java.lang.AssertionError: Unexpected exception (org.openqa.selenium.NoSuchElementException): no such element: Unable to locate element: {"method":"xpath","selector":"//button[@id='add-to-cart-sauce-labs-bike-light']"}
  (Session info: chrome=117.0.5938.88)
For documentation on this error, please visit: https://www.selenium.dev/documentation/webdriver/troubleshooting/errors#no-such-element-exception
Build info: version: '4.12.1', revision: '8e34639b11'
System info: os.name: 'Linux', os.arch: 'amd64', os.version: '6.2.0-32-generic', java.version: '19.0.2'
Driver info: org.openqa.selenium.chrome.ChromeDriver
Command: [c00461c82f1c5859aec45c490c589ae1, findElement {using=xpath, value=//button[@id='add-to-cart-sauce-labs-bike-light']}]
Capabilities {acceptInsecureCerts: false, browserName: chrome, browserVersion: 117.0.5938.88, chrome: {chromedriverVersion: 117.0.5938.88 (be6afae47212..., userDataDir: /tmp/.org.chromium.Chromium...}, fedcm:accounts: true, goog:chromeOptions: {debuggerAddress: localhost:43903}, networkConnectionEnabled: false, pageLoadStrategy: normal, platformName: linux, proxy: Proxy(), se:cdp: ws://localhost:43903/devtoo..., se:cdpVersion: 117.0.5938.88, setWindowRect: true, strictFileInteractability: false, timeouts: {implicit: 0, pageLoad: 300000, script: 30000}, unhandledPromptBehavior: dismiss and notify, webauthn:extension:credBlob: true, webauthn:extension:largeBlob: true, webauthn:extension:minPinLength: true, webauthn:extension:prf: true, webauthn:virtualAuthenticators: true}
Session ID: c00461c82f1c5859aec45c490c589ae1
	at io.railflow.blazetest.samples.testng.webdriver.shoppingcart.TestShoppingCartBase.addToCart(TestShoppingCartBase.java:66)
	at io.railflow.blazetest.samples.testng.webdriver.shoppingcart.TestShoppingCartBase.addAndRemove(TestShoppingCartBase.java:111)
... Removed 29 stack frames]]>
    </failure>
  </testcase> <!-- addAndRemove -->
  <testcase classname="io.railflow.blazetest.samples.testng.webdriver.shoppingcart.TestShoppingCartBase" name="addRemoveAndAddAgain" time="0.008">
    <failure type="java.lang.AssertionError" message="Unexpected exception (org.openqa.selenium.NoSuchElementException): no such element: Unable to locate element: {&amp;quot;method&amp;quot;:&amp;quot;xpath&amp;quot;,&amp;quot;selector&amp;quot;:&amp;quot;//button[@id=&amp;apos;add-to-cart-sauce-labs-bike-light&amp;apos;]&amp;quot;}
  (Session info: chrome=117.0.5938.88)
For documentation on this error, please visit: https://www.selenium.dev/documentation/webdriver/troubleshooting/errors#no-such-element-exception
Build info: version: &amp;apos;4.12.1&amp;apos;, revision: &amp;apos;8e34639b11&amp;apos;
System info: os.name: &amp;apos;Linux&amp;apos;, os.arch: &amp;apos;amd64&amp;apos;, os.version: &amp;apos;6.2.0-32-generic&amp;apos;, java.version: &amp;apos;19.0.2&amp;apos;
Driver info: org.openqa.selenium.chrome.ChromeDriver
Command: [c00461c82f1c5859aec45c490c589ae1, findElement {using=xpath, value=//button[@id=&amp;apos;add-to-cart-sauce-labs-bike-light&amp;apos;]}]
Capabilities {acceptInsecureCerts: false, browserName: chrome, browserVersion: 117.0.5938.88, chrome: {chromedriverVersion: 117.0.5938.88 (be6afae47212..., userDataDir: /tmp/.org.chromium.Chromium...}, fedcm:accounts: true, goog:chromeOptions: {debuggerAddress: localhost:43903}, networkConnectionEnabled: false, pageLoadStrategy: normal, platformName: linux, proxy: Proxy(), se:cdp: ws://localhost:43903/devtoo..., se:cdpVersion: 117.0.5938.88, setWindowRect: true, strictFileInteractability: false, timeouts: {implicit: 0, pageLoad: 300000, script: 30000}, unhandledPromptBehavior: dismiss and notify, webauthn:extension:credBlob: true, webauthn:extension:largeBlob: true, webauthn:extension:minPinLength: true, webauthn:extension:prf: true, webauthn:virtualAuthenticators: true}
Session ID: c00461c82f1c5859aec45c490c589ae1">
      <![CDATA[java.lang.AssertionError: Unexpected exception (org.openqa.selenium.NoSuchElementException): no such element: Unable to locate element: {"method":"xpath","selector":"//button[@id='add-to-cart-sauce-labs-bike-light']"}
  (Session info: chrome=117.0.5938.88)
For documentation on this error, please visit: https://www.selenium.dev/documentation/webdriver/troubleshooting/errors#no-such-element-exception
Build info: version: '4.12.1', revision: '8e34639b11'
System info: os.name: 'Linux', os.arch: 'amd64', os.version: '6.2.0-32-generic', java.version: '19.0.2'
Driver info: org.openqa.selenium.chrome.ChromeDriver
Command: [c00461c82f1c5859aec45c490c589ae1, findElement {using=xpath, value=//button[@id='add-to-cart-sauce-labs-bike-light']}]
Capabilities {acceptInsecureCerts: false, browserName: chrome, browserVersion: 117.0.5938.88, chrome: {chromedriverVersion: 117.0.5938.88 (be6afae47212..., userDataDir: /tmp/.org.chromium.Chromium...}, fedcm:accounts: true, goog:chromeOptions: {debuggerAddress: localhost:43903}, networkConnectionEnabled: false, pageLoadStrategy: normal, platformName: linux, proxy: Proxy(), se:cdp: ws://localhost:43903/devtoo..., se:cdpVersion: 117.0.5938.88, setWindowRect: true, strictFileInteractability: false, timeouts: {implicit: 0, pageLoad: 300000, script: 30000}, unhandledPromptBehavior: dismiss and notify, webauthn:extension:credBlob: true, webauthn:extension:largeBlob: true, webauthn:extension:minPinLength: true, webauthn:extension:prf: true, webauthn:virtualAuthenticators: true}
Session ID: c00461c82f1c5859aec45c490c589ae1
	at io.railflow.blazetest.samples.testng.webdriver.shoppingcart.TestShoppingCartBase.addToCart(TestShoppingCartBase.java:66)
	at io.railflow.blazetest.samples.testng.webdriver.shoppingcart.TestShoppingCartBase.addRemoveAndAddAgain(TestShoppingCartBase.java:117)
... Removed 29 stack frames]]>
    </failure>
  </testcase> <!-- addRemoveAndAddAgain -->
  <testcase classname="io.railflow.blazetest.samples.testng.webdriver.shoppingcart.TestShoppingCartBase" name="image" time="0.021"/>
  <testcase classname="io.railflow.blazetest.samples.testng.webdriver.shoppingcart.TestShoppingCartBase" name="name" time="0.015"/>
  <testcase classname="io.railflow.blazetest.samples.testng.webdriver.shoppingcart.TestShoppingCartBase" name="price" time="0.015"/>
  <testcase classname="io.railflow.blazetest.samples.testng.webdriver.TestHomePageUsernameInput" name="autoCapitalize" time="0.014"/>
  <testcase classname="io.railflow.blazetest.samples.testng.webdriver.TestHomePageUsernameInput" name="autoCorrect" time="0.01"/>
  <testcase classname="io.railflow.blazetest.samples.testng.webdriver.TestHomePageUsernameInput" name="name" time="0.007"/>
  <testcase classname="io.railflow.blazetest.samples.testng.webdriver.TestHomePageUsernameInput" name="placeholder" time="0.008"/>
  <testcase classname="io.railflow.blazetest.samples.testng.webdriver.TestHomePageUsernameInput" name="text" time="0.01"/>
  <testcase classname="io.railflow.blazetest.samples.testng.webdriver.TestHomePageUsernameInput" name="type" time="0.008"/>
  <testcase classname="io.railflow.blazetest.samples.testng.webdriver.TestLoginSuccess" name="description" time="0.022"/>
  <testcase classname="io.railflow.blazetest.samples.testng.webdriver.TestLoginSuccess" name="facebookLink" time="0.028"/>
  <testcase classname="io.railflow.blazetest.samples.testng.webdriver.TestLoginSuccess" name="facebookText" time="0.021"/>
  <testcase classname="io.railflow.blazetest.samples.testng.webdriver.TestLoginSuccess" name="linkedinLink" time="0.021"/>
  <testcase classname="io.railflow.blazetest.samples.testng.webdriver.TestLoginSuccess" name="linkedinText" time="0.016"/>
  <testcase classname="io.railflow.blazetest.samples.testng.webdriver.TestLoginSuccess" name="manifestLink" time="0.016"/>
  <testcase classname="io.railflow.blazetest.samples.testng.webdriver.TestLoginSuccess" name="stylesheetLink" time="0.015"/>
  <testcase classname="io.railflow.blazetest.samples.testng.webdriver.TestLoginSuccess" name="title" time="0.003"/>
  <testcase classname="io.railflow.blazetest.samples.testng.webdriver.TestLoginSuccess" name="twitterLink" time="0.021"/>
  <testcase classname="io.railflow.blazetest.samples.testng.webdriver.TestLoginSuccess" name="twitterText" time="0.017"/>
  <testcase classname="io.railflow.blazetest.samples.testng.webdriver.shoppingcart.TestShoppingCartBase" name="add" time="0.045"/>
  <testcase classname="io.railflow.blazetest.samples.testng.webdriver.shoppingcart.TestShoppingCartBase" name="addAndRemove" time="0.012">
    <failure type="java.lang.AssertionError" message="Unexpected exception (org.openqa.selenium.NoSuchElementException): no such element: Unable to locate element: {&amp;quot;method&amp;quot;:&amp;quot;xpath&amp;quot;,&amp;quot;selector&amp;quot;:&amp;quot;//button[@id=&amp;apos;add-to-cart-sauce-labs-bolt-t-shirt&amp;apos;]&amp;quot;}
  (Session info: chrome=117.0.5938.88)
For documentation on this error, please visit: https://www.selenium.dev/documentation/webdriver/troubleshooting/errors#no-such-element-exception
Build info: version: &amp;apos;4.12.1&amp;apos;, revision: &amp;apos;8e34639b11&amp;apos;
System info: os.name: &amp;apos;Linux&amp;apos;, os.arch: &amp;apos;amd64&amp;apos;, os.version: &amp;apos;6.2.0-32-generic&amp;apos;, java.version: &amp;apos;19.0.2&amp;apos;
Driver info: org.openqa.selenium.chrome.ChromeDriver
Command: [2c5a918c1206c37248ef79a0227a5b5a, findElement {using=xpath, value=//button[@id=&amp;apos;add-to-cart-sauce-labs-bolt-t-shirt&amp;apos;]}]
Capabilities {acceptInsecureCerts: false, browserName: chrome, browserVersion: 117.0.5938.88, chrome: {chromedriverVersion: 117.0.5938.88 (be6afae47212..., userDataDir: /tmp/.org.chromium.Chromium...}, fedcm:accounts: true, goog:chromeOptions: {debuggerAddress: localhost:38457}, networkConnectionEnabled: false, pageLoadStrategy: normal, platformName: linux, proxy: Proxy(), se:cdp: ws://localhost:38457/devtoo..., se:cdpVersion: 117.0.5938.88, setWindowRect: true, strictFileInteractability: false, timeouts: {implicit: 0, pageLoad: 300000, script: 30000}, unhandledPromptBehavior: dismiss and notify, webauthn:extension:credBlob: true, webauthn:extension:largeBlob: true, webauthn:extension:minPinLength: true, webauthn:extension:prf: true, webauthn:virtualAuthenticators: true}
Session ID: 2c5a918c1206c37248ef79a0227a5b5a">
      <![CDATA[java.lang.AssertionError: Unexpected exception (org.openqa.selenium.NoSuchElementException): no such element: Unable to locate element: {"method":"xpath","selector":"//button[@id='add-to-cart-sauce-labs-bolt-t-shirt']"}
  (Session info: chrome=117.0.5938.88)
For documentation on this error, please visit: https://www.selenium.dev/documentation/webdriver/troubleshooting/errors#no-such-element-exception
Build info: version: '4.12.1', revision: '8e34639b11'
System info: os.name: 'Linux', os.arch: 'amd64', os.version: '6.2.0-32-generic', java.version: '19.0.2'
Driver info: org.openqa.selenium.chrome.ChromeDriver
Command: [2c5a918c1206c37248ef79a0227a5b5a, findElement {using=xpath, value=//button[@id='add-to-cart-sauce-labs-bolt-t-shirt']}]
Capabilities {acceptInsecureCerts: false, browserName: chrome, browserVersion: 117.0.5938.88, chrome: {chromedriverVersion: 117.0.5938.88 (be6afae47212..., userDataDir: /tmp/.org.chromium.Chromium...}, fedcm:accounts: true, goog:chromeOptions: {debuggerAddress: localhost:38457}, networkConnectionEnabled: false, pageLoadStrategy: normal, platformName: linux, proxy: Proxy(), se:cdp: ws://localhost:38457/devtoo..., se:cdpVersion: 117.0.5938.88, setWindowRect: true, strictFileInteractability: false, timeouts: {implicit: 0, pageLoad: 300000, script: 30000}, unhandledPromptBehavior: dismiss and notify, webauthn:extension:credBlob: true, webauthn:extension:largeBlob: true, webauthn:extension:minPinLength: true, webauthn:extension:prf: true, webauthn:virtualAuthenticators: true}
Session ID: 2c5a918c1206c37248ef79a0227a5b5a
	at io.railflow.blazetest.samples.testng.webdriver.shoppingcart.TestShoppingCartBase.addToCart(TestShoppingCartBase.java:66)
	at io.railflow.blazetest.samples.testng.webdriver.shoppingcart.TestShoppingCartBase.addAndRemove(TestShoppingCartBase.java:111)
... Removed 29 stack frames]]>
    </failure>
  </testcase> <!-- addAndRemove -->
  <testcase classname="io.railflow.blazetest.samples.testng.webdriver.shoppingcart.TestShoppingCartBase" name="addRemoveAndAddAgain" time="0.01">
    <failure type="java.lang.AssertionError" message="Unexpected exception (org.openqa.selenium.NoSuchElementException): no such element: Unable to locate element: {&amp;quot;method&amp;quot;:&amp;quot;xpath&amp;quot;,&amp;quot;selector&amp;quot;:&amp;quot;//button[@id=&amp;apos;add-to-cart-sauce-labs-bolt-t-shirt&amp;apos;]&amp;quot;}
  (Session info: chrome=117.0.5938.88)
For documentation on this error, please visit: https://www.selenium.dev/documentation/webdriver/troubleshooting/errors#no-such-element-exception
Build info: version: &amp;apos;4.12.1&amp;apos;, revision: &amp;apos;8e34639b11&amp;apos;
System info: os.name: &amp;apos;Linux&amp;apos;, os.arch: &amp;apos;amd64&amp;apos;, os.version: &amp;apos;6.2.0-32-generic&amp;apos;, java.version: &amp;apos;19.0.2&amp;apos;
Driver info: org.openqa.selenium.chrome.ChromeDriver
Command: [2c5a918c1206c37248ef79a0227a5b5a, findElement {using=xpath, value=//button[@id=&amp;apos;add-to-cart-sauce-labs-bolt-t-shirt&amp;apos;]}]
Capabilities {acceptInsecureCerts: false, browserName: chrome, browserVersion: 117.0.5938.88, chrome: {chromedriverVersion: 117.0.5938.88 (be6afae47212..., userDataDir: /tmp/.org.chromium.Chromium...}, fedcm:accounts: true, goog:chromeOptions: {debuggerAddress: localhost:38457}, networkConnectionEnabled: false, pageLoadStrategy: normal, platformName: linux, proxy: Proxy(), se:cdp: ws://localhost:38457/devtoo..., se:cdpVersion: 117.0.5938.88, setWindowRect: true, strictFileInteractability: false, timeouts: {implicit: 0, pageLoad: 300000, script: 30000}, unhandledPromptBehavior: dismiss and notify, webauthn:extension:credBlob: true, webauthn:extension:largeBlob: true, webauthn:extension:minPinLength: true, webauthn:extension:prf: true, webauthn:virtualAuthenticators: true}
Session ID: 2c5a918c1206c37248ef79a0227a5b5a">
      <![CDATA[java.lang.AssertionError: Unexpected exception (org.openqa.selenium.NoSuchElementException): no such element: Unable to locate element: {"method":"xpath","selector":"//button[@id='add-to-cart-sauce-labs-bolt-t-shirt']"}
  (Session info: chrome=117.0.5938.88)
For documentation on this error, please visit: https://www.selenium.dev/documentation/webdriver/troubleshooting/errors#no-such-element-exception
Build info: version: '4.12.1', revision: '8e34639b11'
System info: os.name: 'Linux', os.arch: 'amd64', os.version: '6.2.0-32-generic', java.version: '19.0.2'
Driver info: org.openqa.selenium.chrome.ChromeDriver
Command: [2c5a918c1206c37248ef79a0227a5b5a, findElement {using=xpath, value=//button[@id='add-to-cart-sauce-labs-bolt-t-shirt']}]
Capabilities {acceptInsecureCerts: false, browserName: chrome, browserVersion: 117.0.5938.88, chrome: {chromedriverVersion: 117.0.5938.88 (be6afae47212..., userDataDir: /tmp/.org.chromium.Chromium...}, fedcm:accounts: true, goog:chromeOptions: {debuggerAddress: localhost:38457}, networkConnectionEnabled: false, pageLoadStrategy: normal, platformName: linux, proxy: Proxy(), se:cdp: ws://localhost:38457/devtoo..., se:cdpVersion: 117.0.5938.88, setWindowRect: true, strictFileInteractability: false, timeouts: {implicit: 0, pageLoad: 300000, script: 30000}, unhandledPromptBehavior: dismiss and notify, webauthn:extension:credBlob: true, webauthn:extension:largeBlob: true, webauthn:extension:minPinLength: true, webauthn:extension:prf: true, webauthn:virtualAuthenticators: true}
Session ID: 2c5a918c1206c37248ef79a0227a5b5a
	at io.railflow.blazetest.samples.testng.webdriver.shoppingcart.TestShoppingCartBase.addToCart(TestShoppingCartBase.java:66)
	at io.railflow.blazetest.samples.testng.webdriver.shoppingcart.TestShoppingCartBase.addRemoveAndAddAgain(TestShoppingCartBase.java:117)
... Removed 29 stack frames]]>
    </failure>
  </testcase> <!-- addRemoveAndAddAgain -->
  <testcase classname="io.railflow.blazetest.samples.testng.webdriver.shoppingcart.TestShoppingCartBase" name="image" time="0.022"/>
  <testcase classname="io.railflow.blazetest.samples.testng.webdriver.shoppingcart.TestShoppingCartBase" name="name" time="0.016"/>
  <testcase classname="io.railflow.blazetest.samples.testng.webdriver.shoppingcart.TestShoppingCartBase" name="price" time="0.016"/>
  <testcase classname="io.railflow.blazetest.samples.testng.webdriver.shoppingcart.TestShoppingCartInventory" name="inventoryItemCount" time="0.011"/>
  <testcase classname="io.railflow.blazetest.samples.testng.webdriver.shoppingcart.TestShoppingCartInventory" name="inventoryItemDescCount" time="0.01"/>
  <testcase classname="io.railflow.blazetest.samples.testng.webdriver.shoppingcart.TestShoppingCartInventory" name="inventoryItemDescriptionCount" time="0.01"/>
  <testcase classname="io.railflow.blazetest.samples.testng.webdriver.shoppingcart.TestShoppingCartInventory" name="inventoryItemImgCount" time="0.009"/>
  <testcase classname="io.railflow.blazetest.samples.testng.webdriver.shoppingcart.TestShoppingCartInventory" name="inventoryItemLabelCount" time="0.009"/>
  <testcase classname="io.railflow.blazetest.samples.testng.webdriver.shoppingcart.TestShoppingCartInventory" name="inventoryItemNameCount" time="0.01"/>
  <testcase classname="io.railflow.blazetest.samples.testng.webdriver.shoppingcart.TestShoppingCartInventory" name="inventoryItemPriceCount" time="0.009"/>
  <testcase classname="io.railflow.blazetest.samples.testng.webdriver.shoppingcart.TestShoppingCartInventory" name="pricebar" time="0.008"/>
  <testcase classname="io.railflow.blazetest.samples.testng.webdriver.shoppingcart.TestShoppingCartInventory" name="inventoryItemCount" time="0.011"/>
  <testcase classname="io.railflow.blazetest.samples.testng.webdriver.shoppingcart.TestShoppingCartInventory" name="inventoryItemDescCount" time="0.009"/>
  <testcase classname="io.railflow.blazetest.samples.testng.webdriver.shoppingcart.TestShoppingCartInventory" name="inventoryItemDescriptionCount" time="0.01"/>
  <testcase classname="io.railflow.blazetest.samples.testng.webdriver.shoppingcart.TestShoppingCartInventory" name="inventoryItemImgCount" time="0.011"/>
  <testcase classname="io.railflow.blazetest.samples.testng.webdriver.shoppingcart.TestShoppingCartInventory" name="inventoryItemLabelCount" time="0.01"/>
  <testcase classname="io.railflow.blazetest.samples.testng.webdriver.shoppingcart.TestShoppingCartInventory" name="inventoryItemNameCount" time="0.009"/>
  <testcase classname="io.railflow.blazetest.samples.testng.webdriver.shoppingcart.TestShoppingCartInventory" name="inventoryItemPriceCount" time="0.01"/>
  <testcase classname="io.railflow.blazetest.samples.testng.webdriver.shoppingcart.TestShoppingCartInventory" name="pricebar" time="0.009"/>
  <testcase classname="io.railflow.blazetest.samples.testng.webdriver.shoppingcart.TestShoppingCartBase" name="add" time="0.049"/>
  <testcase classname="io.railflow.blazetest.samples.testng.webdriver.shoppingcart.TestShoppingCartBase" name="addAndRemove" time="0.009">
    <failure type="java.lang.AssertionError" message="Unexpected exception (org.openqa.selenium.NoSuchElementException): no such element: Unable to locate element: {&amp;quot;method&amp;quot;:&amp;quot;xpath&amp;quot;,&amp;quot;selector&amp;quot;:&amp;quot;//button[@id=&amp;apos;add-to-cart-sauce-labs-backpack&amp;apos;]&amp;quot;}
  (Session info: chrome=117.0.5938.88)
For documentation on this error, please visit: https://www.selenium.dev/documentation/webdriver/troubleshooting/errors#no-such-element-exception
Build info: version: &amp;apos;4.12.1&amp;apos;, revision: &amp;apos;8e34639b11&amp;apos;
System info: os.name: &amp;apos;Linux&amp;apos;, os.arch: &amp;apos;amd64&amp;apos;, os.version: &amp;apos;6.2.0-32-generic&amp;apos;, java.version: &amp;apos;19.0.2&amp;apos;
Driver info: org.openqa.selenium.chrome.ChromeDriver
Command: [c7c154b2b1e3abb1177d74729ffc3a3a, findElement {using=xpath, value=//button[@id=&amp;apos;add-to-cart-sauce-labs-backpack&amp;apos;]}]
Capabilities {acceptInsecureCerts: false, browserName: chrome, browserVersion: 117.0.5938.88, chrome: {chromedriverVersion: 117.0.5938.88 (be6afae47212..., userDataDir: /tmp/.org.chromium.Chromium...}, fedcm:accounts: true, goog:chromeOptions: {debuggerAddress: localhost:46331}, networkConnectionEnabled: false, pageLoadStrategy: normal, platformName: linux, proxy: Proxy(), se:cdp: ws://localhost:46331/devtoo..., se:cdpVersion: 117.0.5938.88, setWindowRect: true, strictFileInteractability: false, timeouts: {implicit: 0, pageLoad: 300000, script: 30000}, unhandledPromptBehavior: dismiss and notify, webauthn:extension:credBlob: true, webauthn:extension:largeBlob: true, webauthn:extension:minPinLength: true, webauthn:extension:prf: true, webauthn:virtualAuthenticators: true}
Session ID: c7c154b2b1e3abb1177d74729ffc3a3a">
      <![CDATA[java.lang.AssertionError: Unexpected exception (org.openqa.selenium.NoSuchElementException): no such element: Unable to locate element: {"method":"xpath","selector":"//button[@id='add-to-cart-sauce-labs-backpack']"}
  (Session info: chrome=117.0.5938.88)
For documentation on this error, please visit: https://www.selenium.dev/documentation/webdriver/troubleshooting/errors#no-such-element-exception
Build info: version: '4.12.1', revision: '8e34639b11'
System info: os.name: 'Linux', os.arch: 'amd64', os.version: '6.2.0-32-generic', java.version: '19.0.2'
Driver info: org.openqa.selenium.chrome.ChromeDriver
Command: [c7c154b2b1e3abb1177d74729ffc3a3a, findElement {using=xpath, value=//button[@id='add-to-cart-sauce-labs-backpack']}]
Capabilities {acceptInsecureCerts: false, browserName: chrome, browserVersion: 117.0.5938.88, chrome: {chromedriverVersion: 117.0.5938.88 (be6afae47212..., userDataDir: /tmp/.org.chromium.Chromium...}, fedcm:accounts: true, goog:chromeOptions: {debuggerAddress: localhost:46331}, networkConnectionEnabled: false, pageLoadStrategy: normal, platformName: linux, proxy: Proxy(), se:cdp: ws://localhost:46331/devtoo..., se:cdpVersion: 117.0.5938.88, setWindowRect: true, strictFileInteractability: false, timeouts: {implicit: 0, pageLoad: 300000, script: 30000}, unhandledPromptBehavior: dismiss and notify, webauthn:extension:credBlob: true, webauthn:extension:largeBlob: true, webauthn:extension:minPinLength: true, webauthn:extension:prf: true, webauthn:virtualAuthenticators: true}
Session ID: c7c154b2b1e3abb1177d74729ffc3a3a
	at io.railflow.blazetest.samples.testng.webdriver.shoppingcart.TestShoppingCartBase.addToCart(TestShoppingCartBase.java:66)
	at io.railflow.blazetest.samples.testng.webdriver.shoppingcart.TestShoppingCartBase.addAndRemove(TestShoppingCartBase.java:111)
... Removed 29 stack frames]]>
    </failure>
  </testcase> <!-- addAndRemove -->
  <testcase classname="io.railflow.blazetest.samples.testng.webdriver.shoppingcart.TestShoppingCartBase" name="addRemoveAndAddAgain" time="0.008">
    <failure type="java.lang.AssertionError" message="Unexpected exception (org.openqa.selenium.NoSuchElementException): no such element: Unable to locate element: {&amp;quot;method&amp;quot;:&amp;quot;xpath&amp;quot;,&amp;quot;selector&amp;quot;:&amp;quot;//button[@id=&amp;apos;add-to-cart-sauce-labs-backpack&amp;apos;]&amp;quot;}
  (Session info: chrome=117.0.5938.88)
For documentation on this error, please visit: https://www.selenium.dev/documentation/webdriver/troubleshooting/errors#no-such-element-exception
Build info: version: &amp;apos;4.12.1&amp;apos;, revision: &amp;apos;8e34639b11&amp;apos;
System info: os.name: &amp;apos;Linux&amp;apos;, os.arch: &amp;apos;amd64&amp;apos;, os.version: &amp;apos;6.2.0-32-generic&amp;apos;, java.version: &amp;apos;19.0.2&amp;apos;
Driver info: org.openqa.selenium.chrome.ChromeDriver
Command: [c7c154b2b1e3abb1177d74729ffc3a3a, findElement {using=xpath, value=//button[@id=&amp;apos;add-to-cart-sauce-labs-backpack&amp;apos;]}]
Capabilities {acceptInsecureCerts: false, browserName: chrome, browserVersion: 117.0.5938.88, chrome: {chromedriverVersion: 117.0.5938.88 (be6afae47212..., userDataDir: /tmp/.org.chromium.Chromium...}, fedcm:accounts: true, goog:chromeOptions: {debuggerAddress: localhost:46331}, networkConnectionEnabled: false, pageLoadStrategy: normal, platformName: linux, proxy: Proxy(), se:cdp: ws://localhost:46331/devtoo..., se:cdpVersion: 117.0.5938.88, setWindowRect: true, strictFileInteractability: false, timeouts: {implicit: 0, pageLoad: 300000, script: 30000}, unhandledPromptBehavior: dismiss and notify, webauthn:extension:credBlob: true, webauthn:extension:largeBlob: true, webauthn:extension:minPinLength: true, webauthn:extension:prf: true, webauthn:virtualAuthenticators: true}
Session ID: c7c154b2b1e3abb1177d74729ffc3a3a">
      <![CDATA[java.lang.AssertionError: Unexpected exception (org.openqa.selenium.NoSuchElementException): no such element: Unable to locate element: {"method":"xpath","selector":"//button[@id='add-to-cart-sauce-labs-backpack']"}
  (Session info: chrome=117.0.5938.88)
For documentation on this error, please visit: https://www.selenium.dev/documentation/webdriver/troubleshooting/errors#no-such-element-exception
Build info: version: '4.12.1', revision: '8e34639b11'
System info: os.name: 'Linux', os.arch: 'amd64', os.version: '6.2.0-32-generic', java.version: '19.0.2'
Driver info: org.openqa.selenium.chrome.ChromeDriver
Command: [c7c154b2b1e3abb1177d74729ffc3a3a, findElement {using=xpath, value=//button[@id='add-to-cart-sauce-labs-backpack']}]
Capabilities {acceptInsecureCerts: false, browserName: chrome, browserVersion: 117.0.5938.88, chrome: {chromedriverVersion: 117.0.5938.88 (be6afae47212..., userDataDir: /tmp/.org.chromium.Chromium...}, fedcm:accounts: true, goog:chromeOptions: {debuggerAddress: localhost:46331}, networkConnectionEnabled: false, pageLoadStrategy: normal, platformName: linux, proxy: Proxy(), se:cdp: ws://localhost:46331/devtoo..., se:cdpVersion: 117.0.5938.88, setWindowRect: true, strictFileInteractability: false, timeouts: {implicit: 0, pageLoad: 300000, script: 30000}, unhandledPromptBehavior: dismiss and notify, webauthn:extension:credBlob: true, webauthn:extension:largeBlob: true, webauthn:extension:minPinLength: true, webauthn:extension:prf: true, webauthn:virtualAuthenticators: true}
Session ID: c7c154b2b1e3abb1177d74729ffc3a3a
	at io.railflow.blazetest.samples.testng.webdriver.shoppingcart.TestShoppingCartBase.addToCart(TestShoppingCartBase.java:66)
	at io.railflow.blazetest.samples.testng.webdriver.shoppingcart.TestShoppingCartBase.addRemoveAndAddAgain(TestShoppingCartBase.java:117)
... Removed 29 stack frames]]>
    </failure>
  </testcase> <!-- addRemoveAndAddAgain -->
  <testcase classname="io.railflow.blazetest.samples.testng.webdriver.shoppingcart.TestShoppingCartBase" name="image" time="0.021">
    <failure type="java.lang.AssertionError" message="expected [https://www.saucedemo.com/static/media/sl-404.168b1cce.jpg] but found [https://www.saucedemo.com/static/media/sauce-backpack-1200x1500.0a0b85a3.jpg]">
      <![CDATA[java.lang.AssertionError: expected [https://www.saucedemo.com/static/media/sl-404.168b1cce.jpg] but found [https://www.saucedemo.com/static/media/sauce-backpack-1200x1500.0a0b85a3.jpg]
	at io.railflow.blazetest.samples.testng.webdriver.shoppingcart.TestShoppingCartBase.image(TestShoppingCartBase.java:101)
... Removed 34 stack frames]]>
    </failure>
  </testcase> <!-- image -->
  <testcase classname="io.railflow.blazetest.samples.testng.webdriver.shoppingcart.TestShoppingCartBase" name="name" time="0.014"/>
  <testcase classname="io.railflow.blazetest.samples.testng.webdriver.shoppingcart.TestShoppingCartBase" name="price" time="0.014"/>
  <testcase classname="io.railflow.blazetest.samples.testng.webdriver.shoppingcart.TestShoppingCartBase" name="add" time="0.045"/>
  <testcase classname="io.railflow.blazetest.samples.testng.webdriver.shoppingcart.TestShoppingCartBase" name="addAndRemove" time="0.01">
    <failure type="java.lang.AssertionError" message="Unexpected exception (org.openqa.selenium.NoSuchElementException): no such element: Unable to locate element: {&amp;quot;method&amp;quot;:&amp;quot;xpath&amp;quot;,&amp;quot;selector&amp;quot;:&amp;quot;//button[@id=&amp;apos;add-to-cart-sauce-labs-bike-light&amp;apos;]&amp;quot;}
  (Session info: chrome=117.0.5938.88)
For documentation on this error, please visit: https://www.selenium.dev/documentation/webdriver/troubleshooting/errors#no-such-element-exception
Build info: version: &amp;apos;4.12.1&amp;apos;, revision: &amp;apos;8e34639b11&amp;apos;
System info: os.name: &amp;apos;Linux&amp;apos;, os.arch: &amp;apos;amd64&amp;apos;, os.version: &amp;apos;6.2.0-32-generic&amp;apos;, java.version: &amp;apos;19.0.2&amp;apos;
Driver info: org.openqa.selenium.chrome.ChromeDriver
Command: [cc530422152e8cc1336b3147c1a72f5d, findElement {using=xpath, value=//button[@id=&amp;apos;add-to-cart-sauce-labs-bike-light&amp;apos;]}]
Capabilities {acceptInsecureCerts: false, browserName: chrome, browserVersion: 117.0.5938.88, chrome: {chromedriverVersion: 117.0.5938.88 (be6afae47212..., userDataDir: /tmp/.org.chromium.Chromium...}, fedcm:accounts: true, goog:chromeOptions: {debuggerAddress: localhost:34899}, networkConnectionEnabled: false, pageLoadStrategy: normal, platformName: linux, proxy: Proxy(), se:cdp: ws://localhost:34899/devtoo..., se:cdpVersion: 117.0.5938.88, setWindowRect: true, strictFileInteractability: false, timeouts: {implicit: 0, pageLoad: 300000, script: 30000}, unhandledPromptBehavior: dismiss and notify, webauthn:extension:credBlob: true, webauthn:extension:largeBlob: true, webauthn:extension:minPinLength: true, webauthn:extension:prf: true, webauthn:virtualAuthenticators: true}
Session ID: cc530422152e8cc1336b3147c1a72f5d">
      <![CDATA[java.lang.AssertionError: Unexpected exception (org.openqa.selenium.NoSuchElementException): no such element: Unable to locate element: {"method":"xpath","selector":"//button[@id='add-to-cart-sauce-labs-bike-light']"}
  (Session info: chrome=117.0.5938.88)
For documentation on this error, please visit: https://www.selenium.dev/documentation/webdriver/troubleshooting/errors#no-such-element-exception
Build info: version: '4.12.1', revision: '8e34639b11'
System info: os.name: 'Linux', os.arch: 'amd64', os.version: '6.2.0-32-generic', java.version: '19.0.2'
Driver info: org.openqa.selenium.chrome.ChromeDriver
Command: [cc530422152e8cc1336b3147c1a72f5d, findElement {using=xpath, value=//button[@id='add-to-cart-sauce-labs-bike-light']}]
Capabilities {acceptInsecureCerts: false, browserName: chrome, browserVersion: 117.0.5938.88, chrome: {chromedriverVersion: 117.0.5938.88 (be6afae47212..., userDataDir: /tmp/.org.chromium.Chromium...}, fedcm:accounts: true, goog:chromeOptions: {debuggerAddress: localhost:34899}, networkConnectionEnabled: false, pageLoadStrategy: normal, platformName: linux, proxy: Proxy(), se:cdp: ws://localhost:34899/devtoo..., se:cdpVersion: 117.0.5938.88, setWindowRect: true, strictFileInteractability: false, timeouts: {implicit: 0, pageLoad: 300000, script: 30000}, unhandledPromptBehavior: dismiss and notify, webauthn:extension:credBlob: true, webauthn:extension:largeBlob: true, webauthn:extension:minPinLength: true, webauthn:extension:prf: true, webauthn:virtualAuthenticators: true}
Session ID: cc530422152e8cc1336b3147c1a72f5d
	at io.railflow.blazetest.samples.testng.webdriver.shoppingcart.TestShoppingCartBase.addToCart(TestShoppingCartBase.java:66)
	at io.railflow.blazetest.samples.testng.webdriver.shoppingcart.TestShoppingCartBase.addAndRemove(TestShoppingCartBase.java:111)
... Removed 29 stack frames]]>
    </failure>
  </testcase> <!-- addAndRemove -->
  <testcase classname="io.railflow.blazetest.samples.testng.webdriver.shoppingcart.TestShoppingCartBase" name="addRemoveAndAddAgain" time="0.008">
    <failure type="java.lang.AssertionError" message="Unexpected exception (org.openqa.selenium.NoSuchElementException): no such element: Unable to locate element: {&amp;quot;method&amp;quot;:&amp;quot;xpath&amp;quot;,&amp;quot;selector&amp;quot;:&amp;quot;//button[@id=&amp;apos;add-to-cart-sauce-labs-bike-light&amp;apos;]&amp;quot;}
  (Session info: chrome=117.0.5938.88)
For documentation on this error, please visit: https://www.selenium.dev/documentation/webdriver/troubleshooting/errors#no-such-element-exception
Build info: version: &amp;apos;4.12.1&amp;apos;, revision: &amp;apos;8e34639b11&amp;apos;
System info: os.name: &amp;apos;Linux&amp;apos;, os.arch: &amp;apos;amd64&amp;apos;, os.version: &amp;apos;6.2.0-32-generic&amp;apos;, java.version: &amp;apos;19.0.2&amp;apos;
Driver info: org.openqa.selenium.chrome.ChromeDriver
Command: [cc530422152e8cc1336b3147c1a72f5d, findElement {using=xpath, value=//button[@id=&amp;apos;add-to-cart-sauce-labs-bike-light&amp;apos;]}]
Capabilities {acceptInsecureCerts: false, browserName: chrome, browserVersion: 117.0.5938.88, chrome: {chromedriverVersion: 117.0.5938.88 (be6afae47212..., userDataDir: /tmp/.org.chromium.Chromium...}, fedcm:accounts: true, goog:chromeOptions: {debuggerAddress: localhost:34899}, networkConnectionEnabled: false, pageLoadStrategy: normal, platformName: linux, proxy: Proxy(), se:cdp: ws://localhost:34899/devtoo..., se:cdpVersion: 117.0.5938.88, setWindowRect: true, strictFileInteractability: false, timeouts: {implicit: 0, pageLoad: 300000, script: 30000}, unhandledPromptBehavior: dismiss and notify, webauthn:extension:credBlob: true, webauthn:extension:largeBlob: true, webauthn:extension:minPinLength: true, webauthn:extension:prf: true, webauthn:virtualAuthenticators: true}
Session ID: cc530422152e8cc1336b3147c1a72f5d">
      <![CDATA[java.lang.AssertionError: Unexpected exception (org.openqa.selenium.NoSuchElementException): no such element: Unable to locate element: {"method":"xpath","selector":"//button[@id='add-to-cart-sauce-labs-bike-light']"}
  (Session info: chrome=117.0.5938.88)
For documentation on this error, please visit: https://www.selenium.dev/documentation/webdriver/troubleshooting/errors#no-such-element-exception
Build info: version: '4.12.1', revision: '8e34639b11'
System info: os.name: 'Linux', os.arch: 'amd64', os.version: '6.2.0-32-generic', java.version: '19.0.2'
Driver info: org.openqa.selenium.chrome.ChromeDriver
Command: [cc530422152e8cc1336b3147c1a72f5d, findElement {using=xpath, value=//button[@id='add-to-cart-sauce-labs-bike-light']}]
Capabilities {acceptInsecureCerts: false, browserName: chrome, browserVersion: 117.0.5938.88, chrome: {chromedriverVersion: 117.0.5938.88 (be6afae47212..., userDataDir: /tmp/.org.chromium.Chromium...}, fedcm:accounts: true, goog:chromeOptions: {debuggerAddress: localhost:34899}, networkConnectionEnabled: false, pageLoadStrategy: normal, platformName: linux, proxy: Proxy(), se:cdp: ws://localhost:34899/devtoo..., se:cdpVersion: 117.0.5938.88, setWindowRect: true, strictFileInteractability: false, timeouts: {implicit: 0, pageLoad: 300000, script: 30000}, unhandledPromptBehavior: dismiss and notify, webauthn:extension:credBlob: true, webauthn:extension:largeBlob: true, webauthn:extension:minPinLength: true, webauthn:extension:prf: true, webauthn:virtualAuthenticators: true}
Session ID: cc530422152e8cc1336b3147c1a72f5d
	at io.railflow.blazetest.samples.testng.webdriver.shoppingcart.TestShoppingCartBase.addToCart(TestShoppingCartBase.java:66)
	at io.railflow.blazetest.samples.testng.webdriver.shoppingcart.TestShoppingCartBase.addRemoveAndAddAgain(TestShoppingCartBase.java:117)
... Removed 29 stack frames]]>
    </failure>
  </testcase> <!-- addRemoveAndAddAgain -->
  <testcase classname="io.railflow.blazetest.samples.testng.webdriver.shoppingcart.TestShoppingCartBase" name="image" time="0.02">
    <failure type="java.lang.AssertionError" message="expected [https://www.saucedemo.com/static/media/sl-404.168b1cce.jpg] but found [https://www.saucedemo.com/static/media/bike-light-1200x1500.37c843b0.jpg]">
      <![CDATA[java.lang.AssertionError: expected [https://www.saucedemo.com/static/media/sl-404.168b1cce.jpg] but found [https://www.saucedemo.com/static/media/bike-light-1200x1500.37c843b0.jpg]
	at io.railflow.blazetest.samples.testng.webdriver.shoppingcart.TestShoppingCartBase.image(TestShoppingCartBase.java:101)
... Removed 34 stack frames]]>
    </failure>
  </testcase> <!-- image -->
  <testcase classname="io.railflow.blazetest.samples.testng.webdriver.shoppingcart.TestShoppingCartBase" name="name" time="0.015"/>
  <testcase classname="io.railflow.blazetest.samples.testng.webdriver.shoppingcart.TestShoppingCartBase" name="price" time="0.013"/>
  <testcase classname="io.railflow.blazetest.samples.testng.webdriver.shoppingcart.TestShoppingCartBase" name="add" time="0.04"/>
  <testcase classname="io.railflow.blazetest.samples.testng.webdriver.shoppingcart.TestShoppingCartBase" name="addAndRemove" time="0.038">
    <failure type="java.lang.AssertionError" message="Unexpected exception (org.openqa.selenium.NoSuchElementException): no such element: Unable to locate element: {&amp;quot;method&amp;quot;:&amp;quot;xpath&amp;quot;,&amp;quot;selector&amp;quot;:&amp;quot;//button[@id=&amp;apos;remove-sauce-labs-bolt-t-shirt&amp;apos;]&amp;quot;}
  (Session info: chrome=117.0.5938.88)
For documentation on this error, please visit: https://www.selenium.dev/documentation/webdriver/troubleshooting/errors#no-such-element-exception
Build info: version: &amp;apos;4.12.1&amp;apos;, revision: &amp;apos;8e34639b11&amp;apos;
System info: os.name: &amp;apos;Linux&amp;apos;, os.arch: &amp;apos;amd64&amp;apos;, os.version: &amp;apos;6.2.0-32-generic&amp;apos;, java.version: &amp;apos;19.0.2&amp;apos;
Driver info: org.openqa.selenium.chrome.ChromeDriver
Command: [6fce7ee55769f5f60f6dc35915d31bed, findElement {using=xpath, value=//button[@id=&amp;apos;remove-sauce-labs-bolt-t-shirt&amp;apos;]}]
Capabilities {acceptInsecureCerts: false, browserName: chrome, browserVersion: 117.0.5938.88, chrome: {chromedriverVersion: 117.0.5938.88 (be6afae47212..., userDataDir: /tmp/.org.chromium.Chromium...}, fedcm:accounts: true, goog:chromeOptions: {debuggerAddress: localhost:35841}, networkConnectionEnabled: false, pageLoadStrategy: normal, platformName: linux, proxy: Proxy(), se:cdp: ws://localhost:35841/devtoo..., se:cdpVersion: 117.0.5938.88, setWindowRect: true, strictFileInteractability: false, timeouts: {implicit: 0, pageLoad: 300000, script: 30000}, unhandledPromptBehavior: dismiss and notify, webauthn:extension:credBlob: true, webauthn:extension:largeBlob: true, webauthn:extension:minPinLength: true, webauthn:extension:prf: true, webauthn:virtualAuthenticators: true}
Session ID: 6fce7ee55769f5f60f6dc35915d31bed">
      <![CDATA[java.lang.AssertionError: Unexpected exception (org.openqa.selenium.NoSuchElementException): no such element: Unable to locate element: {"method":"xpath","selector":"//button[@id='remove-sauce-labs-bolt-t-shirt']"}
  (Session info: chrome=117.0.5938.88)
For documentation on this error, please visit: https://www.selenium.dev/documentation/webdriver/troubleshooting/errors#no-such-element-exception
Build info: version: '4.12.1', revision: '8e34639b11'
System info: os.name: 'Linux', os.arch: 'amd64', os.version: '6.2.0-32-generic', java.version: '19.0.2'
Driver info: org.openqa.selenium.chrome.ChromeDriver
Command: [6fce7ee55769f5f60f6dc35915d31bed, findElement {using=xpath, value=//button[@id='remove-sauce-labs-bolt-t-shirt']}]
Capabilities {acceptInsecureCerts: false, browserName: chrome, browserVersion: 117.0.5938.88, chrome: {chromedriverVersion: 117.0.5938.88 (be6afae47212..., userDataDir: /tmp/.org.chromium.Chromium...}, fedcm:accounts: true, goog:chromeOptions: {debuggerAddress: localhost:35841}, networkConnectionEnabled: false, pageLoadStrategy: normal, platformName: linux, proxy: Proxy(), se:cdp: ws://localhost:35841/devtoo..., se:cdpVersion: 117.0.5938.88, setWindowRect: true, strictFileInteractability: false, timeouts: {implicit: 0, pageLoad: 300000, script: 30000}, unhandledPromptBehavior: dismiss and notify, webauthn:extension:credBlob: true, webauthn:extension:largeBlob: true, webauthn:extension:minPinLength: true, webauthn:extension:prf: true, webauthn:virtualAuthenticators: true}
Session ID: 6fce7ee55769f5f60f6dc35915d31bed
	at io.railflow.blazetest.samples.testng.webdriver.shoppingcart.TestShoppingCartBase.removeFromCart(TestShoppingCartBase.java:80)
	at io.railflow.blazetest.samples.testng.webdriver.shoppingcart.TestShoppingCartBase.addAndRemove(TestShoppingCartBase.java:112)
... Removed 29 stack frames]]>
    </failure>
  </testcase> <!-- addAndRemove -->
  <testcase classname="io.railflow.blazetest.samples.testng.webdriver.shoppingcart.TestShoppingCartBase" name="addRemoveAndAddAgain" time="0.034">
    <failure type="java.lang.AssertionError" message="Unexpected exception (org.openqa.selenium.NoSuchElementException): no such element: Unable to locate element: {&amp;quot;method&amp;quot;:&amp;quot;xpath&amp;quot;,&amp;quot;selector&amp;quot;:&amp;quot;//button[@id=&amp;apos;remove-sauce-labs-bolt-t-shirt&amp;apos;]&amp;quot;}
  (Session info: chrome=117.0.5938.88)
For documentation on this error, please visit: https://www.selenium.dev/documentation/webdriver/troubleshooting/errors#no-such-element-exception
Build info: version: &amp;apos;4.12.1&amp;apos;, revision: &amp;apos;8e34639b11&amp;apos;
System info: os.name: &amp;apos;Linux&amp;apos;, os.arch: &amp;apos;amd64&amp;apos;, os.version: &amp;apos;6.2.0-32-generic&amp;apos;, java.version: &amp;apos;19.0.2&amp;apos;
Driver info: org.openqa.selenium.chrome.ChromeDriver
Command: [6fce7ee55769f5f60f6dc35915d31bed, findElement {using=xpath, value=//button[@id=&amp;apos;remove-sauce-labs-bolt-t-shirt&amp;apos;]}]
Capabilities {acceptInsecureCerts: false, browserName: chrome, browserVersion: 117.0.5938.88, chrome: {chromedriverVersion: 117.0.5938.88 (be6afae47212..., userDataDir: /tmp/.org.chromium.Chromium...}, fedcm:accounts: true, goog:chromeOptions: {debuggerAddress: localhost:35841}, networkConnectionEnabled: false, pageLoadStrategy: normal, platformName: linux, proxy: Proxy(), se:cdp: ws://localhost:35841/devtoo..., se:cdpVersion: 117.0.5938.88, setWindowRect: true, strictFileInteractability: false, timeouts: {implicit: 0, pageLoad: 300000, script: 30000}, unhandledPromptBehavior: dismiss and notify, webauthn:extension:credBlob: true, webauthn:extension:largeBlob: true, webauthn:extension:minPinLength: true, webauthn:extension:prf: true, webauthn:virtualAuthenticators: true}
Session ID: 6fce7ee55769f5f60f6dc35915d31bed">
      <![CDATA[java.lang.AssertionError: Unexpected exception (org.openqa.selenium.NoSuchElementException): no such element: Unable to locate element: {"method":"xpath","selector":"//button[@id='remove-sauce-labs-bolt-t-shirt']"}
  (Session info: chrome=117.0.5938.88)
For documentation on this error, please visit: https://www.selenium.dev/documentation/webdriver/troubleshooting/errors#no-such-element-exception
Build info: version: '4.12.1', revision: '8e34639b11'
System info: os.name: 'Linux', os.arch: 'amd64', os.version: '6.2.0-32-generic', java.version: '19.0.2'
Driver info: org.openqa.selenium.chrome.ChromeDriver
Command: [6fce7ee55769f5f60f6dc35915d31bed, findElement {using=xpath, value=//button[@id='remove-sauce-labs-bolt-t-shirt']}]
Capabilities {acceptInsecureCerts: false, browserName: chrome, browserVersion: 117.0.5938.88, chrome: {chromedriverVersion: 117.0.5938.88 (be6afae47212..., userDataDir: /tmp/.org.chromium.Chromium...}, fedcm:accounts: true, goog:chromeOptions: {debuggerAddress: localhost:35841}, networkConnectionEnabled: false, pageLoadStrategy: normal, platformName: linux, proxy: Proxy(), se:cdp: ws://localhost:35841/devtoo..., se:cdpVersion: 117.0.5938.88, setWindowRect: true, strictFileInteractability: false, timeouts: {implicit: 0, pageLoad: 300000, script: 30000}, unhandledPromptBehavior: dismiss and notify, webauthn:extension:credBlob: true, webauthn:extension:largeBlob: true, webauthn:extension:minPinLength: true, webauthn:extension:prf: true, webauthn:virtualAuthenticators: true}
Session ID: 6fce7ee55769f5f60f6dc35915d31bed
	at io.railflow.blazetest.samples.testng.webdriver.shoppingcart.TestShoppingCartBase.removeFromCart(TestShoppingCartBase.java:80)
	at io.railflow.blazetest.samples.testng.webdriver.shoppingcart.TestShoppingCartBase.addRemoveAndAddAgain(TestShoppingCartBase.java:118)
... Removed 29 stack frames]]>
    </failure>
  </testcase> <!-- addRemoveAndAddAgain -->
  <testcase classname="io.railflow.blazetest.samples.testng.webdriver.shoppingcart.TestShoppingCartBase" name="image" time="0.018">
    <failure type="java.lang.AssertionError" message="expected [https://www.saucedemo.com/static/media/sl-404.168b1cce.jpg] but found [https://www.saucedemo.com/static/media/bolt-shirt-1200x1500.c2599ac5.jpg]">
      <![CDATA[java.lang.AssertionError: expected [https://www.saucedemo.com/static/media/sl-404.168b1cce.jpg] but found [https://www.saucedemo.com/static/media/bolt-shirt-1200x1500.c2599ac5.jpg]
	at io.railflow.blazetest.samples.testng.webdriver.shoppingcart.TestShoppingCartBase.image(TestShoppingCartBase.java:101)
... Removed 34 stack frames]]>
    </failure>
  </testcase> <!-- image -->
  <testcase classname="io.railflow.blazetest.samples.testng.webdriver.shoppingcart.TestShoppingCartBase" name="name" time="0.014"/>
  <testcase classname="io.railflow.blazetest.samples.testng.webdriver.shoppingcart.TestShoppingCartBase" name="price" time="0.014"/>
</testsuite> <!-- Surefire test -->
