<!DOCTYPE html PUBLIC "-//W3C//DTD XHTML 1.1//EN" "http://www.w3.org/TR/xhtml11/DTD/xhtml11.dtd">
<html xmlns="http://www.w3.org/1999/xhtml"><head><title>TestNG Report</title><style type="text/css">table {margin-bottom:10px;border-collapse:collapse;empty-cells:show}th,td {border:1px solid #009;padding:.25em .5em}th {vertical-align:bottom}td {vertical-align:top}table a {font-weight:bold}.stripe td {background-color: #E6EBF9}.num {text-align:right}.passedodd td {background-color: #3F3}.passedeven td {background-color: #0A0}.skippedodd td {background-color: #DDD}.skippedeven td {background-color: #CCC}.failedodd td,.attn {background-color: #F33}.failedeven td,.stripe .attn {background-color: #D00}.stacktrace {white-space:pre;font-family:monospace}.totop {font-size:85%;text-align:center;border-bottom:2px solid #000}</style></head><body><table><tr><th>Test</th><th># Passed</th><th># Skipped</th><th># Failed</th><th>Time (ms)</th><th>Included Groups</th><th>Excluded Groups</th></tr><tr><th colspan="7">Surefire suite</th></tr><tr><td><a href="#t0">Surefire test</a></td><td class="num">84</td><td class="num">0</td><td class="num attn">24</td><td class="num">118,915</td><td></td><td></td></tr></table><table><thead><tr><th>Class</th><th>Method</th><th>Start</th><th>Time (ms)</th></tr></thead><tbody><tr><th colspan="4">Surefire suite</th></tr></tbody><tbody id="t0"><tr><th colspan="4">Surefire test &#8212; failed</th></tr><tr class="failedeven"><td rowspan="1">io.railflow.blazetest.samples.testng.webdriver.TestHomePage</td><td><a href="#m0">errorElementAtStart</a></td><td rowspan="1">1695312796652</td><td rowspan="1">32</td></tr><tr class="failedodd"><td rowspan="5">io.railflow.blazetest.samples.testng.webdriver.TestLoginEmptyCredentials</td><td><a href="#m1">invalidUsernameEmptyPassword</a></td><td rowspan="1">1695312797011</td><td rowspan="1">71</td></tr><tr class="failedodd"><td><a href="#m2">invalidUsernameMissingPassword</a></td><td rowspan="1">1695312797082</td><td rowspan="1">62</td></tr><tr class="failedodd"><td><a href="#m3">missingUsernameEmptyPassword</a></td><td rowspan="1">1695312797144</td><td rowspan="1">47</td></tr><tr class="failedodd"><td><a href="#m4">missingUsernameInvalidPassword</a></td><td rowspan="1">1695312797192</td><td rowspan="1">50</td></tr><tr class="failedodd"><td><a href="#m5">missingUsernameMissingPassword</a></td><td rowspan="1">1695312797242</td><td rowspan="1">28</td></tr><tr class="failedeven"><td rowspan="3">io.railflow.blazetest.samples.testng.webdriver.TestLoginUserLockout</td><td><a href="#m6">emptyPassword</a></td><td rowspan="1">1695312798755</td><td rowspan="1">149</td></tr><tr class="failedeven"><td><a href="#m7">missingPassword</a></td><td rowspan="1">1695312798904</td><td rowspan="1">84</td></tr><tr class="failedeven"><td><a href="#m8">userLockedOut</a></td><td rowspan="1">1695312798989</td><td rowspan="1">119</td></tr><tr class="failedodd"><td rowspan="3">io.railflow.blazetest.samples.testng.webdriver.shoppingcart.problem.TestShoppingCartProblemUserBackPack</td><td><a href="#m9">addAndRemove</a></td><td rowspan="1">1695312799797</td><td rowspan="1">9</td></tr><tr class="failedodd"><td><a href="#m10">addRemoveAndAddAgain</a></td><td rowspan="1">1695312799806</td><td rowspan="1">8</td></tr><tr class="failedodd"><td><a href="#m11">image</a></td><td rowspan="1">1695312799815</td><td rowspan="1">21</td></tr><tr class="failedeven"><td rowspan="3">io.railflow.blazetest.samples.testng.webdriver.shoppingcart.problem.TestShoppingCartProblemUserBikeLight</td><td><a href="#m12">addAndRemove</a></td><td rowspan="1">1695312799910</td><td rowspan="1">10</td></tr><tr class="failedeven"><td><a href="#m13">addRemoveAndAddAgain</a></td><td rowspan="1">1695312799921</td><td rowspan="1">8</td></tr><tr class="failedeven"><td><a href="#m14">image</a></td><td rowspan="1">1695312799930</td><td rowspan="1">20</td></tr><tr class="failedodd"><td rowspan="3">io.railflow.blazetest.samples.testng.webdriver.shoppingcart.problem.TestShoppingCartProblemUserBoltTShirt</td><td><a href="#m15">addAndRemove</a></td><td rowspan="1">1695312800021</td><td rowspan="1">38</td></tr><tr class="failedodd"><td><a href="#m16">addRemoveAndAddAgain</a></td><td rowspan="1">1695312800059</td><td rowspan="1">34</td></tr><tr class="failedodd"><td><a href="#m17">image</a></td><td rowspan="1">1695312800093</td><td rowspan="1">18</td></tr><tr class="failedeven"><td rowspan="2">io.railflow.blazetest.samples.testng.webdriver.shoppingcart.standard.TestShoppingCartStandardUserBackPack</td><td><a href="#m18">addAndRemove</a></td><td rowspan="1">1695312798612</td><td rowspan="1">9</td></tr><tr class="failedeven"><td><a href="#m19">addRemoveAndAddAgain</a></td><td rowspan="1">1695312798622</td><td rowspan="1">9</td></tr><tr class="failedodd"><td rowspan="2">io.railflow.blazetest.samples.testng.webdriver.shoppingcart.standard.TestShoppingCartStandardUserBikeLight</td><td><a href="#m20">addAndRemove</a></td><td rowspan="1">1695312799153</td><td rowspan="1">10</td></tr><tr class="failedodd"><td><a href="#m21">addRemoveAndAddAgain</a></td><td rowspan="1">1695312799163</td><td rowspan="1">8</td></tr><tr class="failedeven"><td rowspan="2">io.railflow.blazetest.samples.testng.webdriver.shoppingcart.standard.TestShoppingCartStandardUserBoltTShirt</td><td><a href="#m22">addAndRemove</a></td><td rowspan="1">1695312799510</td><td rowspan="1">12</td></tr><tr class="failedeven"><td><a href="#m23">addRemoveAndAddAgain</a></td><td rowspan="1">1695312799523</td><td rowspan="1">10</td></tr><tr><th colspan="4">Surefire test &#8212; passed</th></tr><tr class="passedeven"><td rowspan="6">io.railflow.blazetest.samples.testng.webdriver.TestHomePage</td><td><a href="#m24">description</a></td><td rowspan="1">1695312796618</td><td rowspan="1">34</td></tr><tr class="passedeven"><td><a href="#m25">manifestLink</a></td><td rowspan="1">1695312796692</td><td rowspan="1">22</td></tr><tr class="passedeven"><td><a href="#m26">noErrorElementAtStart</a></td><td rowspan="1">1695312796715</td><td rowspan="1">9</td></tr><tr class="passedeven"><td><a href="#m27">robots</a></td><td rowspan="1">1695312796725</td><td rowspan="1">17</td></tr><tr class="passedeven"><td><a href="#m28">stylesheetLink</a></td><td rowspan="1">1695312796742</td><td rowspan="1">16</td></tr><tr class="passedeven"><td><a href="#m29">title</a></td><td rowspan="1">1695312796758</td><td rowspan="1">4</td></tr><tr class="passedodd"><td rowspan="3">io.railflow.blazetest.samples.testng.webdriver.TestHomePageLoginButton</td><td><a href="#m30">name</a></td><td rowspan="1">1695312796762</td><td rowspan="1">14</td></tr><tr class="passedodd"><td><a href="#m31">type</a></td><td rowspan="1">1695312796776</td><td rowspan="1">9</td></tr><tr class="passedodd"><td><a href="#m32">value</a></td><td rowspan="1">1695312796785</td><td rowspan="1">6</td></tr><tr class="passedeven"><td rowspan="6">io.railflow.blazetest.samples.testng.webdriver.TestHomePagePasswordInput</td><td><a href="#m33">attribute</a></td><td rowspan="5">1695312798736</td><td rowspan="5">7</td></tr><tr class="passedeven"><td><a href="#m34">attribute</a></td></tr><tr class="passedeven"><td><a href="#m35">attribute</a></td></tr><tr class="passedeven"><td><a href="#m36">attribute</a></td></tr><tr class="passedeven"><td><a href="#m37">attribute</a></td></tr><tr class="passedeven"><td><a href="#m38">text</a></td><td rowspan="1">1695312798744</td><td rowspan="1">11</td></tr><tr class="passedodd"><td rowspan="6">io.railflow.blazetest.samples.testng.webdriver.TestHomePageUsernameInput</td><td><a href="#m39">autoCapitalize</a></td><td rowspan="1">1695312799224</td><td rowspan="1">14</td></tr><tr class="passedodd"><td><a href="#m40">autoCorrect</a></td><td rowspan="1">1695312799238</td><td rowspan="1">10</td></tr><tr class="passedodd"><td><a href="#m41">name</a></td><td rowspan="1">1695312799248</td><td rowspan="1">7</td></tr><tr class="passedodd"><td><a href="#m42">placeholder</a></td><td rowspan="1">1695312799256</td><td rowspan="1">8</td></tr><tr class="passedodd"><td><a href="#m43">text</a></td><td rowspan="1">1695312799264</td><td rowspan="1">10</td></tr><tr class="passedodd"><td><a href="#m44">type</a></td><td rowspan="1">1695312799274</td><td rowspan="1">8</td></tr><tr class="passedeven"><td rowspan="3">io.railflow.blazetest.samples.testng.webdriver.TestLoginEmptyCredentials</td><td><a href="#m45">emptyUsernameEmptyPassword</a></td><td rowspan="1">1695312796791</td><td rowspan="1">93</td></tr><tr class="passedeven"><td><a href="#m46">emptyUsernameInvalidPassword</a></td><td rowspan="1">1695312796884</td><td rowspan="1">82</td></tr><tr class="passedeven"><td><a href="#m47">emptyUsernameMissingPassword</a></td><td rowspan="1">1695312796966</td><td rowspan="1">44</td></tr><tr class="passedodd"><td rowspan="13">io.railflow.blazetest.samples.testng.webdriver.TestLoginInvalidCredentials</td><td><a href="#m48">invalidUsernameInvalidPassword</a></td><td rowspan="1">1695312797270</td><td rowspan="1">116</td></tr><tr class="passedodd"><td><a href="#m49">lockedOutUserInvliadPassword</a></td><td rowspan="1">1695312797386</td><td rowspan="1">95</td></tr><tr class="passedodd"><td><a href="#m50">longPassword</a></td><td rowspan="1">1695312797481</td><td rowspan="1">103</td></tr><tr class="passedodd"><td><a href="#m51">longUsername</a></td><td rowspan="1">1695312797584</td><td rowspan="1">120</td></tr><tr class="passedodd"><td><a href="#m52">passwordWithNumbers</a></td><td rowspan="1">1695312797705</td><td rowspan="1">96</td></tr><tr class="passedodd"><td><a href="#m53">passwordWithSpaces</a></td><td rowspan="1">1695312797801</td><td rowspan="1">79</td></tr><tr class="passedodd"><td><a href="#m54">passwordWithSpecialCharacters</a></td><td rowspan="1">1695312797880</td><td rowspan="1">79</td></tr><tr class="passedodd"><td><a href="#m55">performanceGlitchUserInvliadPassword</a></td><td rowspan="1">1695312797959</td><td rowspan="1">97</td></tr><tr class="passedodd"><td><a href="#m56">problemUserInvliadPassword</a></td><td rowspan="1">1695312798057</td><td rowspan="1">101</td></tr><tr class="passedodd"><td><a href="#m57">usernameWithNumbers</a></td><td rowspan="1">1695312798158</td><td rowspan="1">98</td></tr><tr class="passedodd"><td><a href="#m58">usernameWithSpaces</a></td><td rowspan="1">1695312798257</td><td rowspan="1">103</td></tr><tr class="passedodd"><td><a href="#m59">usernameWithSpecialCharacters</a></td><td rowspan="1">1695312798360</td><td rowspan="1">101</td></tr><tr class="passedodd"><td><a href="#m60">validUserInvliadPassword</a></td><td rowspan="1">1695312798461</td><td rowspan="1">103</td></tr><tr class="passedeven"><td rowspan="10">io.railflow.blazetest.samples.testng.webdriver.TestLoginSuccess</td><td><a href="#m61">description</a></td><td rowspan="1">1695312799282</td><td rowspan="1">22</td></tr><tr class="passedeven"><td><a href="#m62">facebookLink</a></td><td rowspan="1">1695312799304</td><td rowspan="1">28</td></tr><tr class="passedeven"><td><a href="#m63">facebookText</a></td><td rowspan="1">1695312799333</td><td rowspan="1">21</td></tr><tr class="passedeven"><td><a href="#m64">linkedinLink</a></td><td rowspan="1">1695312799354</td><td rowspan="1">21</td></tr><tr class="passedeven"><td><a href="#m65">linkedinText</a></td><td rowspan="1">1695312799375</td><td rowspan="1">16</td></tr><tr class="passedeven"><td><a href="#m66">manifestLink</a></td><td rowspan="1">1695312799392</td><td rowspan="1">16</td></tr><tr class="passedeven"><td><a href="#m67">stylesheetLink</a></td><td rowspan="1">1695312799408</td><td rowspan="1">15</td></tr><tr class="passedeven"><td><a href="#m68">title</a></td><td rowspan="1">1695312799424</td><td rowspan="1">3</td></tr><tr class="passedeven"><td><a href="#m69">twitterLink</a></td><td rowspan="1">1695312799427</td><td rowspan="1">21</td></tr><tr class="passedeven"><td><a href="#m70">twitterText</a></td><td rowspan="1">1695312799448</td><td rowspan="1">17</td></tr><tr class="passedodd"><td rowspan="3">io.railflow.blazetest.samples.testng.webdriver.shoppingcart.problem.TestShoppingCartProblemUserBackPack</td><td><a href="#m71">add</a></td><td rowspan="1">1695312799748</td><td rowspan="1">49</td></tr><tr class="passedodd"><td><a href="#m72">name</a></td><td rowspan="1">1695312799836</td><td rowspan="1">14</td></tr><tr class="passedodd"><td><a href="#m73">price</a></td><td rowspan="1">1695312799851</td><td rowspan="1">14</td></tr><tr class="passedeven"><td rowspan="3">io.railflow.blazetest.samples.testng.webdriver.shoppingcart.problem.TestShoppingCartProblemUserBikeLight</td><td><a href="#m74">add</a></td><td rowspan="1">1695312799865</td><td rowspan="1">45</td></tr><tr class="passedeven"><td><a href="#m75">name</a></td><td rowspan="1">1695312799950</td><td rowspan="1">15</td></tr><tr class="passedeven"><td><a href="#m76">price</a></td><td rowspan="1">1695312799966</td><td rowspan="1">13</td></tr><tr class="passedodd"><td rowspan="3">io.railflow.blazetest.samples.testng.webdriver.shoppingcart.problem.TestShoppingCartProblemUserBoltTShirt</td><td><a href="#m77">add</a></td><td rowspan="1">1695312799980</td><td rowspan="1">40</td></tr><tr class="passedodd"><td><a href="#m78">name</a></td><td rowspan="1">1695312800112</td><td rowspan="1">14</td></tr><tr class="passedodd"><td><a href="#m79">price</a></td><td rowspan="1">1695312800126</td><td rowspan="1">14</td></tr><tr class="passedeven"><td rowspan="8">io.railflow.blazetest.samples.testng.webdriver.shoppingcart.problem.TestShoppingCartProblemUserInventory</td><td><a href="#m80">inventoryItemCount</a></td><td rowspan="1">1695312799669</td><td rowspan="1">11</td></tr><tr class="passedeven"><td><a href="#m81">inventoryItemDescCount</a></td><td rowspan="1">1695312799680</td><td rowspan="1">9</td></tr><tr class="passedeven"><td><a href="#m82">inventoryItemDescriptionCount</a></td><td rowspan="1">1695312799689</td><td rowspan="1">10</td></tr><tr class="passedeven"><td><a href="#m83">inventoryItemImgCount</a></td><td rowspan="1">1695312799699</td><td rowspan="1">11</td></tr><tr class="passedeven"><td><a href="#m84">inventoryItemLabelCount</a></td><td rowspan="1">1695312799710</td><td rowspan="1">10</td></tr><tr class="passedeven"><td><a href="#m85">inventoryItemNameCount</a></td><td rowspan="1">1695312799720</td><td rowspan="1">9</td></tr><tr class="passedeven"><td><a href="#m86">inventoryItemPriceCount</a></td><td rowspan="1">1695312799729</td><td rowspan="1">10</td></tr><tr class="passedeven"><td><a href="#m87">pricebar</a></td><td rowspan="1">1695312799739</td><td rowspan="1">9</td></tr><tr class="passedodd"><td rowspan="4">io.railflow.blazetest.samples.testng.webdriver.shoppingcart.standard.TestShoppingCartStandardUserBackPack</td><td><a href="#m88">add</a></td><td rowspan="1">1695312798565</td><td rowspan="1">46</td></tr><tr class="passedodd"><td><a href="#m89">image</a></td><td rowspan="1">1695312798632</td><td rowspan="1">25</td></tr><tr class="passedodd"><td><a href="#m90">name</a></td><td rowspan="1">1695312798657</td><td rowspan="1">16</td></tr><tr class="passedodd"><td><a href="#m91">price</a></td><td rowspan="1">1695312798674</td><td rowspan="1">14</td></tr><tr class="passedeven"><td rowspan="4">io.railflow.blazetest.samples.testng.webdriver.shoppingcart.standard.TestShoppingCartStandardUserBikeLight</td><td><a href="#m92">add</a></td><td rowspan="1">1695312799109</td><td rowspan="1">44</td></tr><tr class="passedeven"><td><a href="#m93">image</a></td><td rowspan="1">1695312799172</td><td rowspan="1">21</td></tr><tr class="passedeven"><td><a href="#m94">name</a></td><td rowspan="1">1695312799193</td><td rowspan="1">15</td></tr><tr class="passedeven"><td><a href="#m95">price</a></td><td rowspan="1">1695312799208</td><td rowspan="1">15</td></tr><tr class="passedodd"><td rowspan="4">io.railflow.blazetest.samples.testng.webdriver.shoppingcart.standard.TestShoppingCartStandardUserBoltTShirt</td><td><a href="#m96">add</a></td><td rowspan="1">1695312799465</td><td rowspan="1">45</td></tr><tr class="passedodd"><td><a href="#m97">image</a></td><td rowspan="1">1695312799534</td><td rowspan="1">22</td></tr><tr class="passedodd"><td><a href="#m98">name</a></td><td rowspan="1">1695312799556</td><td rowspan="1">16</td></tr><tr class="passedodd"><td><a href="#m99">price</a></td><td rowspan="1">1695312799572</td><td rowspan="1">16</td></tr><tr class="passedeven"><td rowspan="8">io.railflow.blazetest.samples.testng.webdriver.shoppingcart.standard.TestShoppingCartStandardUserInventory</td><td><a href="#m100">inventoryItemCount</a></td><td rowspan="1">1695312799589</td><td rowspan="1">11</td></tr><tr class="passedeven"><td><a href="#m101">inventoryItemDescCount</a></td><td rowspan="1">1695312799601</td><td rowspan="1">10</td></tr><tr class="passedeven"><td><a href="#m102">inventoryItemDescriptionCount</a></td><td rowspan="1">1695312799611</td><td rowspan="1">10</td></tr><tr class="passedeven"><td><a href="#m103">inventoryItemImgCount</a></td><td rowspan="1">1695312799621</td><td rowspan="1">9</td></tr><tr class="passedeven"><td><a href="#m104">inventoryItemLabelCount</a></td><td rowspan="1">1695312799631</td><td rowspan="1">9</td></tr><tr class="passedeven"><td><a href="#m105">inventoryItemNameCount</a></td><td rowspan="1">1695312799640</td><td rowspan="1">10</td></tr><tr class="passedeven"><td><a href="#m106">inventoryItemPriceCount</a></td><td rowspan="1">1695312799650</td><td rowspan="1">9</td></tr><tr class="passedeven"><td><a href="#m107">pricebar</a></td><td rowspan="1">1695312799660</td><td rowspan="1">8</td></tr></tbody></table><h2>Surefire test</h2><h3 id="m0">io.railflow.blazetest.samples.testng.webdriver.TestHomePage#errorElementAtStart</h3><table class="result"><tr><th>Exception</th></tr><tr><td><div class="stacktrace">java.lang.AssertionError: Unexpected exception (org.openqa.selenium.NoSuchElementException): no such element: Unable to locate element: {&quot;method&quot;:&quot;xpath&quot;,&quot;selector&quot;:&quot;//h3[@data-test=&apos;error&apos;]&quot;}
  (Session info: chrome=117.0.5938.88)
For documentation on this error, please visit: https://www.selenium.dev/documentation/webdriver/troubleshooting/errors#no-such-element-exception
Build info: version: &apos;4.12.1&apos;, revision: &apos;8e34639b11&apos;
System info: os.name: &apos;Linux&apos;, os.arch: &apos;amd64&apos;, os.version: &apos;6.2.0-32-generic&apos;, java.version: &apos;19.0.2&apos;
Driver info: org.openqa.selenium.chrome.ChromeDriver
Command: [69fd1d3a4a0cfacb2187db47aedaf477, findElement {using=xpath, value=//h3[@data-test=&apos;error&apos;]}]
Capabilities {acceptInsecureCerts: false, browserName: chrome, browserVersion: 117.0.5938.88, chrome: {chromedriverVersion: 117.0.5938.88 (be6afae47212..., userDataDir: /tmp/.org.chromium.Chromium...}, fedcm:accounts: true, goog:chromeOptions: {debuggerAddress: localhost:43173}, networkConnectionEnabled: false, pageLoadStrategy: normal, platformName: linux, proxy: Proxy(), se:cdp: ws://localhost:43173/devtoo..., se:cdpVersion: 117.0.5938.88, setWindowRect: true, strictFileInteractability: false, timeouts: {implicit: 0, pageLoad: 300000, script: 30000}, unhandledPromptBehavior: dismiss and notify, webauthn:extension:credBlob: true, webauthn:extension:largeBlob: true, webauthn:extension:minPinLength: true, webauthn:extension:prf: true, webauthn:virtualAuthenticators: true}
Session ID: 69fd1d3a4a0cfacb2187db47aedaf477
	at io.railflow.blazetest.samples.testng.webdriver.TestHomePage.errorElementAtStart(TestHomePage.java:71)
... Removed 29 stack frames</div></td></tr></table><p class="totop"><a href="#summary">back to summary</a></p><h3 id="m1">io.railflow.blazetest.samples.testng.webdriver.TestLoginEmptyCredentials#invalidUsernameEmptyPassword</h3><table class="result"><tr><th>Exception</th></tr><tr><td><div class="stacktrace">java.lang.AssertionError: expected [Epic sadface: Username and password do not match any user in this service] but found [Epic sadface: Password is required]
	at io.railflow.blazetest.samples.testng.webdriver.TestLoginBase.loginFailure(TestLoginBase.java:52)
	at io.railflow.blazetest.samples.testng.webdriver.TestLoginEmptyCredentials.invalidUsernameEmptyPassword(TestLoginEmptyCredentials.java:53)
... Removed 34 stack frames</div></td></tr></table><p class="totop"><a href="#summary">back to summary</a></p><h3 id="m2">io.railflow.blazetest.samples.testng.webdriver.TestLoginEmptyCredentials#invalidUsernameMissingPassword</h3><table class="result"><tr><th>Exception</th></tr><tr><td><div class="stacktrace">java.lang.AssertionError: expected [Epic sadface: Username and password do not match any user in this service] but found [Epic sadface: Password is required]
	at io.railflow.blazetest.samples.testng.webdriver.TestLoginBase.loginFailure(TestLoginBase.java:52)
	at io.railflow.blazetest.samples.testng.webdriver.TestLoginEmptyCredentials.invalidUsernameMissingPassword(TestLoginEmptyCredentials.java:33)
... Removed 34 stack frames</div></td></tr></table><p class="totop"><a href="#summary">back to summary</a></p><h3 id="m3">io.railflow.blazetest.samples.testng.webdriver.TestLoginEmptyCredentials#missingUsernameEmptyPassword</h3><table class="result"><tr><th>Exception</th></tr><tr><td><div class="stacktrace">java.lang.AssertionError: expected [Epic sadface: Username and password do not match any user in this service] but found [Epic sadface: Username is required]
	at io.railflow.blazetest.samples.testng.webdriver.TestLoginBase.loginFailure(TestLoginBase.java:52)
	at io.railflow.blazetest.samples.testng.webdriver.TestLoginEmptyCredentials.missingUsernameEmptyPassword(TestLoginEmptyCredentials.java:28)
... Removed 34 stack frames</div></td></tr></table><p class="totop"><a href="#summary">back to summary</a></p><h3 id="m4">io.railflow.blazetest.samples.testng.webdriver.TestLoginEmptyCredentials#missingUsernameInvalidPassword</h3><table class="result"><tr><th>Exception</th></tr><tr><td><div class="stacktrace">java.lang.AssertionError: expected [Epic sadface: Username and password do not match any user in this service] but found [Epic sadface: Username is required]
	at io.railflow.blazetest.samples.testng.webdriver.TestLoginBase.loginFailure(TestLoginBase.java:52)
	at io.railflow.blazetest.samples.testng.webdriver.TestLoginEmptyCredentials.missingUsernameInvalidPassword(TestLoginEmptyCredentials.java:38)
... Removed 34 stack frames</div></td></tr></table><p class="totop"><a href="#summary">back to summary</a></p><h3 id="m5">io.railflow.blazetest.samples.testng.webdriver.TestLoginEmptyCredentials#missingUsernameMissingPassword</h3><table class="result"><tr><th>Exception</th></tr><tr><td><div class="stacktrace">java.lang.AssertionError: expected [Epic sadface: Username and password do not match any user in this service] but found [Epic sadface: Username is required]
	at io.railflow.blazetest.samples.testng.webdriver.TestLoginBase.loginFailure(TestLoginBase.java:52)
	at io.railflow.blazetest.samples.testng.webdriver.TestLoginEmptyCredentials.missingUsernameMissingPassword(TestLoginEmptyCredentials.java:23)
... Removed 34 stack frames</div></td></tr></table><p class="totop"><a href="#summary">back to summary</a></p><h3 id="m6">io.railflow.blazetest.samples.testng.webdriver.TestLoginUserLockout#emptyPassword</h3><table class="result"><tr><th>Exception</th></tr><tr><td><div class="stacktrace">java.lang.AssertionError: expected [Epic sadface: Password is required] but found [Epic sadface: Sorry, this user has been locked out.]
	at io.railflow.blazetest.samples.testng.webdriver.TestLoginBase.loginFailure(TestLoginBase.java:52)
	at io.railflow.blazetest.samples.testng.webdriver.TestLoginUserLockout.loginFailure(TestLoginUserLockout.java:22)
	at io.railflow.blazetest.samples.testng.webdriver.TestLoginUserLockout.emptyPassword(TestLoginUserLockout.java:32)
... Removed 34 stack frames</div></td></tr></table><p class="totop"><a href="#summary">back to summary</a></p><h3 id="m7">io.railflow.blazetest.samples.testng.webdriver.TestLoginUserLockout#missingPassword</h3><table class="result"><tr><th>Exception</th></tr><tr><td><div class="stacktrace">java.lang.AssertionError: expected [Epic sadface: Password is required] but found [Epic sadface: Sorry, this user has been locked out.]
	at io.railflow.blazetest.samples.testng.webdriver.TestLoginBase.loginFailure(TestLoginBase.java:52)
	at io.railflow.blazetest.samples.testng.webdriver.TestLoginUserLockout.loginFailure(TestLoginUserLockout.java:22)
	at io.railflow.blazetest.samples.testng.webdriver.TestLoginUserLockout.missingPassword(TestLoginUserLockout.java:27)
... Removed 34 stack frames</div></td></tr></table><p class="totop"><a href="#summary">back to summary</a></p><h3 id="m8">io.railflow.blazetest.samples.testng.webdriver.TestLoginUserLockout#userLockedOut</h3><table class="result"><tr><th>Exception</th></tr><tr><td><div class="stacktrace">java.lang.AssertionError: expected [Epic sadface: Username and password do not match any user in this service] but found [Epic sadface: Sorry, this user has been locked out.]
	at io.railflow.blazetest.samples.testng.webdriver.TestLoginBase.loginFailure(TestLoginBase.java:52)
	at io.railflow.blazetest.samples.testng.webdriver.TestLoginUserLockout.loginFailure(TestLoginUserLockout.java:22)
	at io.railflow.blazetest.samples.testng.webdriver.TestLoginUserLockout.userLockedOut(TestLoginUserLockout.java:37)
... Removed 34 stack frames</div></td></tr></table><p class="totop"><a href="#summary">back to summary</a></p><h3 id="m9">io.railflow.blazetest.samples.testng.webdriver.shoppingcart.problem.TestShoppingCartProblemUserBackPack#addAndRemove</h3><table class="result"><tr><th>Exception</th></tr><tr><td><div class="stacktrace">java.lang.AssertionError: Unexpected exception (org.openqa.selenium.NoSuchElementException): no such element: Unable to locate element: {&quot;method&quot;:&quot;xpath&quot;,&quot;selector&quot;:&quot;//button[@id=&apos;add-to-cart-sauce-labs-backpack&apos;]&quot;}
  (Session info: chrome=117.0.5938.88)
For documentation on this error, please visit: https://www.selenium.dev/documentation/webdriver/troubleshooting/errors#no-such-element-exception
Build info: version: &apos;4.12.1&apos;, revision: &apos;8e34639b11&apos;
System info: os.name: &apos;Linux&apos;, os.arch: &apos;amd64&apos;, os.version: &apos;6.2.0-32-generic&apos;, java.version: &apos;19.0.2&apos;
Driver info: org.openqa.selenium.chrome.ChromeDriver
Command: [c7c154b2b1e3abb1177d74729ffc3a3a, findElement {using=xpath, value=//button[@id=&apos;add-to-cart-sauce-labs-backpack&apos;]}]
Capabilities {acceptInsecureCerts: false, browserName: chrome, browserVersion: 117.0.5938.88, chrome: {chromedriverVersion: 117.0.5938.88 (be6afae47212..., userDataDir: /tmp/.org.chromium.Chromium...}, fedcm:accounts: true, goog:chromeOptions: {debuggerAddress: localhost:46331}, networkConnectionEnabled: false, pageLoadStrategy: normal, platformName: linux, proxy: Proxy(), se:cdp: ws://localhost:46331/devtoo..., se:cdpVersion: 117.0.5938.88, setWindowRect: true, strictFileInteractability: false, timeouts: {implicit: 0, pageLoad: 300000, script: 30000}, unhandledPromptBehavior: dismiss and notify, webauthn:extension:credBlob: true, webauthn:extension:largeBlob: true, webauthn:extension:minPinLength: true, webauthn:extension:prf: true, webauthn:virtualAuthenticators: true}
Session ID: c7c154b2b1e3abb1177d74729ffc3a3a
	at io.railflow.blazetest.samples.testng.webdriver.shoppingcart.TestShoppingCartBase.addToCart(TestShoppingCartBase.java:66)
	at io.railflow.blazetest.samples.testng.webdriver.shoppingcart.TestShoppingCartBase.addAndRemove(TestShoppingCartBase.java:111)
... Removed 29 stack frames</div></td></tr></table><p class="totop"><a href="#summary">back to summary</a></p><h3 id="m10">io.railflow.blazetest.samples.testng.webdriver.shoppingcart.problem.TestShoppingCartProblemUserBackPack#addRemoveAndAddAgain</h3><table class="result"><tr><th>Exception</th></tr><tr><td><div class="stacktrace">java.lang.AssertionError: Unexpected exception (org.openqa.selenium.NoSuchElementException): no such element: Unable to locate element: {&quot;method&quot;:&quot;xpath&quot;,&quot;selector&quot;:&quot;//button[@id=&apos;add-to-cart-sauce-labs-backpack&apos;]&quot;}
  (Session info: chrome=117.0.5938.88)
For documentation on this error, please visit: https://www.selenium.dev/documentation/webdriver/troubleshooting/errors#no-such-element-exception
Build info: version: &apos;4.12.1&apos;, revision: &apos;8e34639b11&apos;
System info: os.name: &apos;Linux&apos;, os.arch: &apos;amd64&apos;, os.version: &apos;6.2.0-32-generic&apos;, java.version: &apos;19.0.2&apos;
Driver info: org.openqa.selenium.chrome.ChromeDriver
Command: [c7c154b2b1e3abb1177d74729ffc3a3a, findElement {using=xpath, value=//button[@id=&apos;add-to-cart-sauce-labs-backpack&apos;]}]
Capabilities {acceptInsecureCerts: false, browserName: chrome, browserVersion: 117.0.5938.88, chrome: {chromedriverVersion: 117.0.5938.88 (be6afae47212..., userDataDir: /tmp/.org.chromium.Chromium...}, fedcm:accounts: true, goog:chromeOptions: {debuggerAddress: localhost:46331}, networkConnectionEnabled: false, pageLoadStrategy: normal, platformName: linux, proxy: Proxy(), se:cdp: ws://localhost:46331/devtoo..., se:cdpVersion: 117.0.5938.88, setWindowRect: true, strictFileInteractability: false, timeouts: {implicit: 0, pageLoad: 300000, script: 30000}, unhandledPromptBehavior: dismiss and notify, webauthn:extension:credBlob: true, webauthn:extension:largeBlob: true, webauthn:extension:minPinLength: true, webauthn:extension:prf: true, webauthn:virtualAuthenticators: true}
Session ID: c7c154b2b1e3abb1177d74729ffc3a3a
	at io.railflow.blazetest.samples.testng.webdriver.shoppingcart.TestShoppingCartBase.addToCart(TestShoppingCartBase.java:66)
	at io.railflow.blazetest.samples.testng.webdriver.shoppingcart.TestShoppingCartBase.addRemoveAndAddAgain(TestShoppingCartBase.java:117)
... Removed 29 stack frames</div></td></tr></table><p class="totop"><a href="#summary">back to summary</a></p><h3 id="m11">io.railflow.blazetest.samples.testng.webdriver.shoppingcart.problem.TestShoppingCartProblemUserBackPack#image</h3><table class="result"><tr><th>Exception</th></tr><tr><td><div class="stacktrace">java.lang.AssertionError: expected [https://www.saucedemo.com/static/media/sl-404.168b1cce.jpg] but found [https://www.saucedemo.com/static/media/sauce-backpack-1200x1500.0a0b85a3.jpg]
	at io.railflow.blazetest.samples.testng.webdriver.shoppingcart.TestShoppingCartBase.image(TestShoppingCartBase.java:101)
... Removed 34 stack frames</div></td></tr></table><p class="totop"><a href="#summary">back to summary</a></p><h3 id="m12">io.railflow.blazetest.samples.testng.webdriver.shoppingcart.problem.TestShoppingCartProblemUserBikeLight#addAndRemove</h3><table class="result"><tr><th>Exception</th></tr><tr><td><div class="stacktrace">java.lang.AssertionError: Unexpected exception (org.openqa.selenium.NoSuchElementException): no such element: Unable to locate element: {&quot;method&quot;:&quot;xpath&quot;,&quot;selector&quot;:&quot;//button[@id=&apos;add-to-cart-sauce-labs-bike-light&apos;]&quot;}
  (Session info: chrome=117.0.5938.88)
For documentation on this error, please visit: https://www.selenium.dev/documentation/webdriver/troubleshooting/errors#no-such-element-exception
Build info: version: &apos;4.12.1&apos;, revision: &apos;8e34639b11&apos;
System info: os.name: &apos;Linux&apos;, os.arch: &apos;amd64&apos;, os.version: &apos;6.2.0-32-generic&apos;, java.version: &apos;19.0.2&apos;
Driver info: org.openqa.selenium.chrome.ChromeDriver
Command: [cc530422152e8cc1336b3147c1a72f5d, findElement {using=xpath, value=//button[@id=&apos;add-to-cart-sauce-labs-bike-light&apos;]}]
Capabilities {acceptInsecureCerts: false, browserName: chrome, browserVersion: 117.0.5938.88, chrome: {chromedriverVersion: 117.0.5938.88 (be6afae47212..., userDataDir: /tmp/.org.chromium.Chromium...}, fedcm:accounts: true, goog:chromeOptions: {debuggerAddress: localhost:34899}, networkConnectionEnabled: false, pageLoadStrategy: normal, platformName: linux, proxy: Proxy(), se:cdp: ws://localhost:34899/devtoo..., se:cdpVersion: 117.0.5938.88, setWindowRect: true, strictFileInteractability: false, timeouts: {implicit: 0, pageLoad: 300000, script: 30000}, unhandledPromptBehavior: dismiss and notify, webauthn:extension:credBlob: true, webauthn:extension:largeBlob: true, webauthn:extension:minPinLength: true, webauthn:extension:prf: true, webauthn:virtualAuthenticators: true}
Session ID: cc530422152e8cc1336b3147c1a72f5d
	at io.railflow.blazetest.samples.testng.webdriver.shoppingcart.TestShoppingCartBase.addToCart(TestShoppingCartBase.java:66)
	at io.railflow.blazetest.samples.testng.webdriver.shoppingcart.TestShoppingCartBase.addAndRemove(TestShoppingCartBase.java:111)
... Removed 29 stack frames</div></td></tr></table><p class="totop"><a href="#summary">back to summary</a></p><h3 id="m13">io.railflow.blazetest.samples.testng.webdriver.shoppingcart.problem.TestShoppingCartProblemUserBikeLight#addRemoveAndAddAgain</h3><table class="result"><tr><th>Exception</th></tr><tr><td><div class="stacktrace">java.lang.AssertionError: Unexpected exception (org.openqa.selenium.NoSuchElementException): no such element: Unable to locate element: {&quot;method&quot;:&quot;xpath&quot;,&quot;selector&quot;:&quot;//button[@id=&apos;add-to-cart-sauce-labs-bike-light&apos;]&quot;}
  (Session info: chrome=117.0.5938.88)
For documentation on this error, please visit: https://www.selenium.dev/documentation/webdriver/troubleshooting/errors#no-such-element-exception
Build info: version: &apos;4.12.1&apos;, revision: &apos;8e34639b11&apos;
System info: os.name: &apos;Linux&apos;, os.arch: &apos;amd64&apos;, os.version: &apos;6.2.0-32-generic&apos;, java.version: &apos;19.0.2&apos;
Driver info: org.openqa.selenium.chrome.ChromeDriver
Command: [cc530422152e8cc1336b3147c1a72f5d, findElement {using=xpath, value=//button[@id=&apos;add-to-cart-sauce-labs-bike-light&apos;]}]
Capabilities {acceptInsecureCerts: false, browserName: chrome, browserVersion: 117.0.5938.88, chrome: {chromedriverVersion: 117.0.5938.88 (be6afae47212..., userDataDir: /tmp/.org.chromium.Chromium...}, fedcm:accounts: true, goog:chromeOptions: {debuggerAddress: localhost:34899}, networkConnectionEnabled: false, pageLoadStrategy: normal, platformName: linux, proxy: Proxy(), se:cdp: ws://localhost:34899/devtoo..., se:cdpVersion: 117.0.5938.88, setWindowRect: true, strictFileInteractability: false, timeouts: {implicit: 0, pageLoad: 300000, script: 30000}, unhandledPromptBehavior: dismiss and notify, webauthn:extension:credBlob: true, webauthn:extension:largeBlob: true, webauthn:extension:minPinLength: true, webauthn:extension:prf: true, webauthn:virtualAuthenticators: true}
Session ID: cc530422152e8cc1336b3147c1a72f5d
	at io.railflow.blazetest.samples.testng.webdriver.shoppingcart.TestShoppingCartBase.addToCart(TestShoppingCartBase.java:66)
	at io.railflow.blazetest.samples.testng.webdriver.shoppingcart.TestShoppingCartBase.addRemoveAndAddAgain(TestShoppingCartBase.java:117)
... Removed 29 stack frames</div></td></tr></table><p class="totop"><a href="#summary">back to summary</a></p><h3 id="m14">io.railflow.blazetest.samples.testng.webdriver.shoppingcart.problem.TestShoppingCartProblemUserBikeLight#image</h3><table class="result"><tr><th>Exception</th></tr><tr><td><div class="stacktrace">java.lang.AssertionError: expected [https://www.saucedemo.com/static/media/sl-404.168b1cce.jpg] but found [https://www.saucedemo.com/static/media/bike-light-1200x1500.37c843b0.jpg]
	at io.railflow.blazetest.samples.testng.webdriver.shoppingcart.TestShoppingCartBase.image(TestShoppingCartBase.java:101)
... Removed 34 stack frames</div></td></tr></table><p class="totop"><a href="#summary">back to summary</a></p><h3 id="m15">io.railflow.blazetest.samples.testng.webdriver.shoppingcart.problem.TestShoppingCartProblemUserBoltTShirt#addAndRemove</h3><table class="result"><tr><th>Exception</th></tr><tr><td><div class="stacktrace">java.lang.AssertionError: Unexpected exception (org.openqa.selenium.NoSuchElementException): no such element: Unable to locate element: {&quot;method&quot;:&quot;xpath&quot;,&quot;selector&quot;:&quot;//button[@id=&apos;remove-sauce-labs-bolt-t-shirt&apos;]&quot;}
  (Session info: chrome=117.0.5938.88)
For documentation on this error, please visit: https://www.selenium.dev/documentation/webdriver/troubleshooting/errors#no-such-element-exception
Build info: version: &apos;4.12.1&apos;, revision: &apos;8e34639b11&apos;
System info: os.name: &apos;Linux&apos;, os.arch: &apos;amd64&apos;, os.version: &apos;6.2.0-32-generic&apos;, java.version: &apos;19.0.2&apos;
Driver info: org.openqa.selenium.chrome.ChromeDriver
Command: [6fce7ee55769f5f60f6dc35915d31bed, findElement {using=xpath, value=//button[@id=&apos;remove-sauce-labs-bolt-t-shirt&apos;]}]
Capabilities {acceptInsecureCerts: false, browserName: chrome, browserVersion: 117.0.5938.88, chrome: {chromedriverVersion: 117.0.5938.88 (be6afae47212..., userDataDir: /tmp/.org.chromium.Chromium...}, fedcm:accounts: true, goog:chromeOptions: {debuggerAddress: localhost:35841}, networkConnectionEnabled: false, pageLoadStrategy: normal, platformName: linux, proxy: Proxy(), se:cdp: ws://localhost:35841/devtoo..., se:cdpVersion: 117.0.5938.88, setWindowRect: true, strictFileInteractability: false, timeouts: {implicit: 0, pageLoad: 300000, script: 30000}, unhandledPromptBehavior: dismiss and notify, webauthn:extension:credBlob: true, webauthn:extension:largeBlob: true, webauthn:extension:minPinLength: true, webauthn:extension:prf: true, webauthn:virtualAuthenticators: true}
Session ID: 6fce7ee55769f5f60f6dc35915d31bed
	at io.railflow.blazetest.samples.testng.webdriver.shoppingcart.TestShoppingCartBase.removeFromCart(TestShoppingCartBase.java:80)
	at io.railflow.blazetest.samples.testng.webdriver.shoppingcart.TestShoppingCartBase.addAndRemove(TestShoppingCartBase.java:112)
... Removed 29 stack frames</div></td></tr></table><p class="totop"><a href="#summary">back to summary</a></p><h3 id="m16">io.railflow.blazetest.samples.testng.webdriver.shoppingcart.problem.TestShoppingCartProblemUserBoltTShirt#addRemoveAndAddAgain</h3><table class="result"><tr><th>Exception</th></tr><tr><td><div class="stacktrace">java.lang.AssertionError: Unexpected exception (org.openqa.selenium.NoSuchElementException): no such element: Unable to locate element: {&quot;method&quot;:&quot;xpath&quot;,&quot;selector&quot;:&quot;//button[@id=&apos;remove-sauce-labs-bolt-t-shirt&apos;]&quot;}
  (Session info: chrome=117.0.5938.88)
For documentation on this error, please visit: https://www.selenium.dev/documentation/webdriver/troubleshooting/errors#no-such-element-exception
Build info: version: &apos;4.12.1&apos;, revision: &apos;8e34639b11&apos;
System info: os.name: &apos;Linux&apos;, os.arch: &apos;amd64&apos;, os.version: &apos;6.2.0-32-generic&apos;, java.version: &apos;19.0.2&apos;
Driver info: org.openqa.selenium.chrome.ChromeDriver
Command: [6fce7ee55769f5f60f6dc35915d31bed, findElement {using=xpath, value=//button[@id=&apos;remove-sauce-labs-bolt-t-shirt&apos;]}]
Capabilities {acceptInsecureCerts: false, browserName: chrome, browserVersion: 117.0.5938.88, chrome: {chromedriverVersion: 117.0.5938.88 (be6afae47212..., userDataDir: /tmp/.org.chromium.Chromium...}, fedcm:accounts: true, goog:chromeOptions: {debuggerAddress: localhost:35841}, networkConnectionEnabled: false, pageLoadStrategy: normal, platformName: linux, proxy: Proxy(), se:cdp: ws://localhost:35841/devtoo..., se:cdpVersion: 117.0.5938.88, setWindowRect: true, strictFileInteractability: false, timeouts: {implicit: 0, pageLoad: 300000, script: 30000}, unhandledPromptBehavior: dismiss and notify, webauthn:extension:credBlob: true, webauthn:extension:largeBlob: true, webauthn:extension:minPinLength: true, webauthn:extension:prf: true, webauthn:virtualAuthenticators: true}
Session ID: 6fce7ee55769f5f60f6dc35915d31bed
	at io.railflow.blazetest.samples.testng.webdriver.shoppingcart.TestShoppingCartBase.removeFromCart(TestShoppingCartBase.java:80)
	at io.railflow.blazetest.samples.testng.webdriver.shoppingcart.TestShoppingCartBase.addRemoveAndAddAgain(TestShoppingCartBase.java:118)
... Removed 29 stack frames</div></td></tr></table><p class="totop"><a href="#summary">back to summary</a></p><h3 id="m17">io.railflow.blazetest.samples.testng.webdriver.shoppingcart.problem.TestShoppingCartProblemUserBoltTShirt#image</h3><table class="result"><tr><th>Exception</th></tr><tr><td><div class="stacktrace">java.lang.AssertionError: expected [https://www.saucedemo.com/static/media/sl-404.168b1cce.jpg] but found [https://www.saucedemo.com/static/media/bolt-shirt-1200x1500.c2599ac5.jpg]
	at io.railflow.blazetest.samples.testng.webdriver.shoppingcart.TestShoppingCartBase.image(TestShoppingCartBase.java:101)
... Removed 34 stack frames</div></td></tr></table><p class="totop"><a href="#summary">back to summary</a></p><h3 id="m18">io.railflow.blazetest.samples.testng.webdriver.shoppingcart.standard.TestShoppingCartStandardUserBackPack#addAndRemove</h3><table class="result"><tr><th>Exception</th></tr><tr><td><div class="stacktrace">java.lang.AssertionError: Unexpected exception (org.openqa.selenium.NoSuchElementException): no such element: Unable to locate element: {&quot;method&quot;:&quot;xpath&quot;,&quot;selector&quot;:&quot;//button[@id=&apos;add-to-cart-sauce-labs-backpack&apos;]&quot;}
  (Session info: chrome=117.0.5938.88)
For documentation on this error, please visit: https://www.selenium.dev/documentation/webdriver/troubleshooting/errors#no-such-element-exception
Build info: version: &apos;4.12.1&apos;, revision: &apos;8e34639b11&apos;
System info: os.name: &apos;Linux&apos;, os.arch: &apos;amd64&apos;, os.version: &apos;6.2.0-32-generic&apos;, java.version: &apos;19.0.2&apos;
Driver info: org.openqa.selenium.chrome.ChromeDriver
Command: [4e86b87fd9bd575a554c4f6101a253ba, findElement {using=xpath, value=//button[@id=&apos;add-to-cart-sauce-labs-backpack&apos;]}]
Capabilities {acceptInsecureCerts: false, browserName: chrome, browserVersion: 117.0.5938.88, chrome: {chromedriverVersion: 117.0.5938.88 (be6afae47212..., userDataDir: /tmp/.org.chromium.Chromium...}, fedcm:accounts: true, goog:chromeOptions: {debuggerAddress: localhost:33871}, networkConnectionEnabled: false, pageLoadStrategy: normal, platformName: linux, proxy: Proxy(), se:cdp: ws://localhost:33871/devtoo..., se:cdpVersion: 117.0.5938.88, setWindowRect: true, strictFileInteractability: false, timeouts: {implicit: 0, pageLoad: 300000, script: 30000}, unhandledPromptBehavior: dismiss and notify, webauthn:extension:credBlob: true, webauthn:extension:largeBlob: true, webauthn:extension:minPinLength: true, webauthn:extension:prf: true, webauthn:virtualAuthenticators: true}
Session ID: 4e86b87fd9bd575a554c4f6101a253ba
	at io.railflow.blazetest.samples.testng.webdriver.shoppingcart.TestShoppingCartBase.addToCart(TestShoppingCartBase.java:66)
	at io.railflow.blazetest.samples.testng.webdriver.shoppingcart.TestShoppingCartBase.addAndRemove(TestShoppingCartBase.java:111)
... Removed 29 stack frames</div></td></tr></table><p class="totop"><a href="#summary">back to summary</a></p><h3 id="m19">io.railflow.blazetest.samples.testng.webdriver.shoppingcart.standard.TestShoppingCartStandardUserBackPack#addRemoveAndAddAgain</h3><table class="result"><tr><th>Exception</th></tr><tr><td><div class="stacktrace">java.lang.AssertionError: Unexpected exception (org.openqa.selenium.NoSuchElementException): no such element: Unable to locate element: {&quot;method&quot;:&quot;xpath&quot;,&quot;selector&quot;:&quot;//button[@id=&apos;add-to-cart-sauce-labs-backpack&apos;]&quot;}
  (Session info: chrome=117.0.5938.88)
For documentation on this error, please visit: https://www.selenium.dev/documentation/webdriver/troubleshooting/errors#no-such-element-exception
Build info: version: &apos;4.12.1&apos;, revision: &apos;8e34639b11&apos;
System info: os.name: &apos;Linux&apos;, os.arch: &apos;amd64&apos;, os.version: &apos;6.2.0-32-generic&apos;, java.version: &apos;19.0.2&apos;
Driver info: org.openqa.selenium.chrome.ChromeDriver
Command: [4e86b87fd9bd575a554c4f6101a253ba, findElement {using=xpath, value=//button[@id=&apos;add-to-cart-sauce-labs-backpack&apos;]}]
Capabilities {acceptInsecureCerts: false, browserName: chrome, browserVersion: 117.0.5938.88, chrome: {chromedriverVersion: 117.0.5938.88 (be6afae47212..., userDataDir: /tmp/.org.chromium.Chromium...}, fedcm:accounts: true, goog:chromeOptions: {debuggerAddress: localhost:33871}, networkConnectionEnabled: false, pageLoadStrategy: normal, platformName: linux, proxy: Proxy(), se:cdp: ws://localhost:33871/devtoo..., se:cdpVersion: 117.0.5938.88, setWindowRect: true, strictFileInteractability: false, timeouts: {implicit: 0, pageLoad: 300000, script: 30000}, unhandledPromptBehavior: dismiss and notify, webauthn:extension:credBlob: true, webauthn:extension:largeBlob: true, webauthn:extension:minPinLength: true, webauthn:extension:prf: true, webauthn:virtualAuthenticators: true}
Session ID: 4e86b87fd9bd575a554c4f6101a253ba
	at io.railflow.blazetest.samples.testng.webdriver.shoppingcart.TestShoppingCartBase.addToCart(TestShoppingCartBase.java:66)
	at io.railflow.blazetest.samples.testng.webdriver.shoppingcart.TestShoppingCartBase.addRemoveAndAddAgain(TestShoppingCartBase.java:117)
... Removed 29 stack frames</div></td></tr></table><p class="totop"><a href="#summary">back to summary</a></p><h3 id="m20">io.railflow.blazetest.samples.testng.webdriver.shoppingcart.standard.TestShoppingCartStandardUserBikeLight#addAndRemove</h3><table class="result"><tr><th>Exception</th></tr><tr><td><div class="stacktrace">java.lang.AssertionError: Unexpected exception (org.openqa.selenium.NoSuchElementException): no such element: Unable to locate element: {&quot;method&quot;:&quot;xpath&quot;,&quot;selector&quot;:&quot;//button[@id=&apos;add-to-cart-sauce-labs-bike-light&apos;]&quot;}
  (Session info: chrome=117.0.5938.88)
For documentation on this error, please visit: https://www.selenium.dev/documentation/webdriver/troubleshooting/errors#no-such-element-exception
Build info: version: &apos;4.12.1&apos;, revision: &apos;8e34639b11&apos;
System info: os.name: &apos;Linux&apos;, os.arch: &apos;amd64&apos;, os.version: &apos;6.2.0-32-generic&apos;, java.version: &apos;19.0.2&apos;
Driver info: org.openqa.selenium.chrome.ChromeDriver
Command: [c00461c82f1c5859aec45c490c589ae1, findElement {using=xpath, value=//button[@id=&apos;add-to-cart-sauce-labs-bike-light&apos;]}]
Capabilities {acceptInsecureCerts: false, browserName: chrome, browserVersion: 117.0.5938.88, chrome: {chromedriverVersion: 117.0.5938.88 (be6afae47212..., userDataDir: /tmp/.org.chromium.Chromium...}, fedcm:accounts: true, goog:chromeOptions: {debuggerAddress: localhost:43903}, networkConnectionEnabled: false, pageLoadStrategy: normal, platformName: linux, proxy: Proxy(), se:cdp: ws://localhost:43903/devtoo..., se:cdpVersion: 117.0.5938.88, setWindowRect: true, strictFileInteractability: false, timeouts: {implicit: 0, pageLoad: 300000, script: 30000}, unhandledPromptBehavior: dismiss and notify, webauthn:extension:credBlob: true, webauthn:extension:largeBlob: true, webauthn:extension:minPinLength: true, webauthn:extension:prf: true, webauthn:virtualAuthenticators: true}
Session ID: c00461c82f1c5859aec45c490c589ae1
	at io.railflow.blazetest.samples.testng.webdriver.shoppingcart.TestShoppingCartBase.addToCart(TestShoppingCartBase.java:66)
	at io.railflow.blazetest.samples.testng.webdriver.shoppingcart.TestShoppingCartBase.addAndRemove(TestShoppingCartBase.java:111)
... Removed 29 stack frames</div></td></tr></table><p class="totop"><a href="#summary">back to summary</a></p><h3 id="m21">io.railflow.blazetest.samples.testng.webdriver.shoppingcart.standard.TestShoppingCartStandardUserBikeLight#addRemoveAndAddAgain</h3><table class="result"><tr><th>Exception</th></tr><tr><td><div class="stacktrace">java.lang.AssertionError: Unexpected exception (org.openqa.selenium.NoSuchElementException): no such element: Unable to locate element: {&quot;method&quot;:&quot;xpath&quot;,&quot;selector&quot;:&quot;//button[@id=&apos;add-to-cart-sauce-labs-bike-light&apos;]&quot;}
  (Session info: chrome=117.0.5938.88)
For documentation on this error, please visit: https://www.selenium.dev/documentation/webdriver/troubleshooting/errors#no-such-element-exception
Build info: version: &apos;4.12.1&apos;, revision: &apos;8e34639b11&apos;
System info: os.name: &apos;Linux&apos;, os.arch: &apos;amd64&apos;, os.version: &apos;6.2.0-32-generic&apos;, java.version: &apos;19.0.2&apos;
Driver info: org.openqa.selenium.chrome.ChromeDriver
Command: [c00461c82f1c5859aec45c490c589ae1, findElement {using=xpath, value=//button[@id=&apos;add-to-cart-sauce-labs-bike-light&apos;]}]
Capabilities {acceptInsecureCerts: false, browserName: chrome, browserVersion: 117.0.5938.88, chrome: {chromedriverVersion: 117.0.5938.88 (be6afae47212..., userDataDir: /tmp/.org.chromium.Chromium...}, fedcm:accounts: true, goog:chromeOptions: {debuggerAddress: localhost:43903}, networkConnectionEnabled: false, pageLoadStrategy: normal, platformName: linux, proxy: Proxy(), se:cdp: ws://localhost:43903/devtoo..., se:cdpVersion: 117.0.5938.88, setWindowRect: true, strictFileInteractability: false, timeouts: {implicit: 0, pageLoad: 300000, script: 30000}, unhandledPromptBehavior: dismiss and notify, webauthn:extension:credBlob: true, webauthn:extension:largeBlob: true, webauthn:extension:minPinLength: true, webauthn:extension:prf: true, webauthn:virtualAuthenticators: true}
Session ID: c00461c82f1c5859aec45c490c589ae1
	at io.railflow.blazetest.samples.testng.webdriver.shoppingcart.TestShoppingCartBase.addToCart(TestShoppingCartBase.java:66)
	at io.railflow.blazetest.samples.testng.webdriver.shoppingcart.TestShoppingCartBase.addRemoveAndAddAgain(TestShoppingCartBase.java:117)
... Removed 29 stack frames</div></td></tr></table><p class="totop"><a href="#summary">back to summary</a></p><h3 id="m22">io.railflow.blazetest.samples.testng.webdriver.shoppingcart.standard.TestShoppingCartStandardUserBoltTShirt#addAndRemove</h3><table class="result"><tr><th>Exception</th></tr><tr><td><div class="stacktrace">java.lang.AssertionError: Unexpected exception (org.openqa.selenium.NoSuchElementException): no such element: Unable to locate element: {&quot;method&quot;:&quot;xpath&quot;,&quot;selector&quot;:&quot;//button[@id=&apos;add-to-cart-sauce-labs-bolt-t-shirt&apos;]&quot;}
  (Session info: chrome=117.0.5938.88)
For documentation on this error, please visit: https://www.selenium.dev/documentation/webdriver/troubleshooting/errors#no-such-element-exception
Build info: version: &apos;4.12.1&apos;, revision: &apos;8e34639b11&apos;
System info: os.name: &apos;Linux&apos;, os.arch: &apos;amd64&apos;, os.version: &apos;6.2.0-32-generic&apos;, java.version: &apos;19.0.2&apos;
Driver info: org.openqa.selenium.chrome.ChromeDriver
Command: [2c5a918c1206c37248ef79a0227a5b5a, findElement {using=xpath, value=//button[@id=&apos;add-to-cart-sauce-labs-bolt-t-shirt&apos;]}]
Capabilities {acceptInsecureCerts: false, browserName: chrome, browserVersion: 117.0.5938.88, chrome: {chromedriverVersion: 117.0.5938.88 (be6afae47212..., userDataDir: /tmp/.org.chromium.Chromium...}, fedcm:accounts: true, goog:chromeOptions: {debuggerAddress: localhost:38457}, networkConnectionEnabled: false, pageLoadStrategy: normal, platformName: linux, proxy: Proxy(), se:cdp: ws://localhost:38457/devtoo..., se:cdpVersion: 117.0.5938.88, setWindowRect: true, strictFileInteractability: false, timeouts: {implicit: 0, pageLoad: 300000, script: 30000}, unhandledPromptBehavior: dismiss and notify, webauthn:extension:credBlob: true, webauthn:extension:largeBlob: true, webauthn:extension:minPinLength: true, webauthn:extension:prf: true, webauthn:virtualAuthenticators: true}
Session ID: 2c5a918c1206c37248ef79a0227a5b5a
	at io.railflow.blazetest.samples.testng.webdriver.shoppingcart.TestShoppingCartBase.addToCart(TestShoppingCartBase.java:66)
	at io.railflow.blazetest.samples.testng.webdriver.shoppingcart.TestShoppingCartBase.addAndRemove(TestShoppingCartBase.java:111)
... Removed 29 stack frames</div></td></tr></table><p class="totop"><a href="#summary">back to summary</a></p><h3 id="m23">io.railflow.blazetest.samples.testng.webdriver.shoppingcart.standard.TestShoppingCartStandardUserBoltTShirt#addRemoveAndAddAgain</h3><table class="result"><tr><th>Exception</th></tr><tr><td><div class="stacktrace">java.lang.AssertionError: Unexpected exception (org.openqa.selenium.NoSuchElementException): no such element: Unable to locate element: {&quot;method&quot;:&quot;xpath&quot;,&quot;selector&quot;:&quot;//button[@id=&apos;add-to-cart-sauce-labs-bolt-t-shirt&apos;]&quot;}
  (Session info: chrome=117.0.5938.88)
For documentation on this error, please visit: https://www.selenium.dev/documentation/webdriver/troubleshooting/errors#no-such-element-exception
Build info: version: &apos;4.12.1&apos;, revision: &apos;8e34639b11&apos;
System info: os.name: &apos;Linux&apos;, os.arch: &apos;amd64&apos;, os.version: &apos;6.2.0-32-generic&apos;, java.version: &apos;19.0.2&apos;
Driver info: org.openqa.selenium.chrome.ChromeDriver
Command: [2c5a918c1206c37248ef79a0227a5b5a, findElement {using=xpath, value=//button[@id=&apos;add-to-cart-sauce-labs-bolt-t-shirt&apos;]}]
Capabilities {acceptInsecureCerts: false, browserName: chrome, browserVersion: 117.0.5938.88, chrome: {chromedriverVersion: 117.0.5938.88 (be6afae47212..., userDataDir: /tmp/.org.chromium.Chromium...}, fedcm:accounts: true, goog:chromeOptions: {debuggerAddress: localhost:38457}, networkConnectionEnabled: false, pageLoadStrategy: normal, platformName: linux, proxy: Proxy(), se:cdp: ws://localhost:38457/devtoo..., se:cdpVersion: 117.0.5938.88, setWindowRect: true, strictFileInteractability: false, timeouts: {implicit: 0, pageLoad: 300000, script: 30000}, unhandledPromptBehavior: dismiss and notify, webauthn:extension:credBlob: true, webauthn:extension:largeBlob: true, webauthn:extension:minPinLength: true, webauthn:extension:prf: true, webauthn:virtualAuthenticators: true}
Session ID: 2c5a918c1206c37248ef79a0227a5b5a
	at io.railflow.blazetest.samples.testng.webdriver.shoppingcart.TestShoppingCartBase.addToCart(TestShoppingCartBase.java:66)
	at io.railflow.blazetest.samples.testng.webdriver.shoppingcart.TestShoppingCartBase.addRemoveAndAddAgain(TestShoppingCartBase.java:117)
... Removed 29 stack frames</div></td></tr></table><p class="totop"><a href="#summary">back to summary</a></p><h3 id="m24">io.railflow.blazetest.samples.testng.webdriver.TestHomePage#description</h3><table class="result"></table><p class="totop"><a href="#summary">back to summary</a></p><h3 id="m25">io.railflow.blazetest.samples.testng.webdriver.TestHomePage#manifestLink</h3><table class="result"></table><p class="totop"><a href="#summary">back to summary</a></p><h3 id="m26">io.railflow.blazetest.samples.testng.webdriver.TestHomePage#noErrorElementAtStart</h3><table class="result"></table><p class="totop"><a href="#summary">back to summary</a></p><h3 id="m27">io.railflow.blazetest.samples.testng.webdriver.TestHomePage#robots</h3><table class="result"></table><p class="totop"><a href="#summary">back to summary</a></p><h3 id="m28">io.railflow.blazetest.samples.testng.webdriver.TestHomePage#stylesheetLink</h3><table class="result"></table><p class="totop"><a href="#summary">back to summary</a></p><h3 id="m29">io.railflow.blazetest.samples.testng.webdriver.TestHomePage#title</h3><table class="result"></table><p class="totop"><a href="#summary">back to summary</a></p><h3 id="m30">io.railflow.blazetest.samples.testng.webdriver.TestHomePageLoginButton#name</h3><table class="result"></table><p class="totop"><a href="#summary">back to summary</a></p><h3 id="m31">io.railflow.blazetest.samples.testng.webdriver.TestHomePageLoginButton#type</h3><table class="result"></table><p class="totop"><a href="#summary">back to summary</a></p><h3 id="m32">io.railflow.blazetest.samples.testng.webdriver.TestHomePageLoginButton#value</h3><table class="result"></table><p class="totop"><a href="#summary">back to summary</a></p><h3 id="m33">io.railflow.blazetest.samples.testng.webdriver.TestHomePagePasswordInput#attribute</h3><table class="result"><tr class="param"><th>Parameter #1</th><th>Parameter #2</th></tr><tr class="param stripe"><td>type</td><td>password</td></tr></table><p class="totop"><a href="#summary">back to summary</a></p><h3 id="m34">io.railflow.blazetest.samples.testng.webdriver.TestHomePagePasswordInput#attribute</h3><table class="result"><tr class="param"><th>Parameter #1</th><th>Parameter #2</th></tr><tr class="param stripe"><td>autocapitalize</td><td>none</td></tr></table><p class="totop"><a href="#summary">back to summary</a></p><h3 id="m35">io.railflow.blazetest.samples.testng.webdriver.TestHomePagePasswordInput#attribute</h3><table class="result"><tr class="param"><th>Parameter #1</th><th>Parameter #2</th></tr><tr class="param stripe"><td>name</td><td>password</td></tr></table><p class="totop"><a href="#summary">back to summary</a></p><h3 id="m36">io.railflow.blazetest.samples.testng.webdriver.TestHomePagePasswordInput#attribute</h3><table class="result"><tr class="param"><th>Parameter #1</th><th>Parameter #2</th></tr><tr class="param stripe"><td>placeholder</td><td>Password</td></tr></table><p class="totop"><a href="#summary">back to summary</a></p><h3 id="m37">io.railflow.blazetest.samples.testng.webdriver.TestHomePagePasswordInput#attribute</h3><table class="result"><tr class="param"><th>Parameter #1</th><th>Parameter #2</th></tr><tr class="param stripe"><td>autocorrect</td><td>off</td></tr></table><p class="totop"><a href="#summary">back to summary</a></p><h3 id="m38">io.railflow.blazetest.samples.testng.webdriver.TestHomePagePasswordInput#text</h3><table class="result"></table><p class="totop"><a href="#summary">back to summary</a></p><h3 id="m39">io.railflow.blazetest.samples.testng.webdriver.TestHomePageUsernameInput#autoCapitalize</h3><table class="result"></table><p class="totop"><a href="#summary">back to summary</a></p><h3 id="m40">io.railflow.blazetest.samples.testng.webdriver.TestHomePageUsernameInput#autoCorrect</h3><table class="result"></table><p class="totop"><a href="#summary">back to summary</a></p><h3 id="m41">io.railflow.blazetest.samples.testng.webdriver.TestHomePageUsernameInput#name</h3><table class="result"></table><p class="totop"><a href="#summary">back to summary</a></p><h3 id="m42">io.railflow.blazetest.samples.testng.webdriver.TestHomePageUsernameInput#placeholder</h3><table class="result"></table><p class="totop"><a href="#summary">back to summary</a></p><h3 id="m43">io.railflow.blazetest.samples.testng.webdriver.TestHomePageUsernameInput#text</h3><table class="result"></table><p class="totop"><a href="#summary">back to summary</a></p><h3 id="m44">io.railflow.blazetest.samples.testng.webdriver.TestHomePageUsernameInput#type</h3><table class="result"></table><p class="totop"><a href="#summary">back to summary</a></p><h3 id="m45">io.railflow.blazetest.samples.testng.webdriver.TestLoginEmptyCredentials#emptyUsernameEmptyPassword</h3><table class="result"></table><p class="totop"><a href="#summary">back to summary</a></p><h3 id="m46">io.railflow.blazetest.samples.testng.webdriver.TestLoginEmptyCredentials#emptyUsernameInvalidPassword</h3><table class="result"></table><p class="totop"><a href="#summary">back to summary</a></p><h3 id="m47">io.railflow.blazetest.samples.testng.webdriver.TestLoginEmptyCredentials#emptyUsernameMissingPassword</h3><table class="result"></table><p class="totop"><a href="#summary">back to summary</a></p><h3 id="m48">io.railflow.blazetest.samples.testng.webdriver.TestLoginInvalidCredentials#invalidUsernameInvalidPassword</h3><table class="result"></table><p class="totop"><a href="#summary">back to summary</a></p><h3 id="m49">io.railflow.blazetest.samples.testng.webdriver.TestLoginInvalidCredentials#lockedOutUserInvliadPassword</h3><table class="result"></table><p class="totop"><a href="#summary">back to summary</a></p><h3 id="m50">io.railflow.blazetest.samples.testng.webdriver.TestLoginInvalidCredentials#longPassword</h3><table class="result"></table><p class="totop"><a href="#summary">back to summary</a></p><h3 id="m51">io.railflow.blazetest.samples.testng.webdriver.TestLoginInvalidCredentials#longUsername</h3><table class="result"></table><p class="totop"><a href="#summary">back to summary</a></p><h3 id="m52">io.railflow.blazetest.samples.testng.webdriver.TestLoginInvalidCredentials#passwordWithNumbers</h3><table class="result"></table><p class="totop"><a href="#summary">back to summary</a></p><h3 id="m53">io.railflow.blazetest.samples.testng.webdriver.TestLoginInvalidCredentials#passwordWithSpaces</h3><table class="result"></table><p class="totop"><a href="#summary">back to summary</a></p><h3 id="m54">io.railflow.blazetest.samples.testng.webdriver.TestLoginInvalidCredentials#passwordWithSpecialCharacters</h3><table class="result"></table><p class="totop"><a href="#summary">back to summary</a></p><h3 id="m55">io.railflow.blazetest.samples.testng.webdriver.TestLoginInvalidCredentials#performanceGlitchUserInvliadPassword</h3><table class="result"></table><p class="totop"><a href="#summary">back to summary</a></p><h3 id="m56">io.railflow.blazetest.samples.testng.webdriver.TestLoginInvalidCredentials#problemUserInvliadPassword</h3><table class="result"></table><p class="totop"><a href="#summary">back to summary</a></p><h3 id="m57">io.railflow.blazetest.samples.testng.webdriver.TestLoginInvalidCredentials#usernameWithNumbers</h3><table class="result"></table><p class="totop"><a href="#summary">back to summary</a></p><h3 id="m58">io.railflow.blazetest.samples.testng.webdriver.TestLoginInvalidCredentials#usernameWithSpaces</h3><table class="result"></table><p class="totop"><a href="#summary">back to summary</a></p><h3 id="m59">io.railflow.blazetest.samples.testng.webdriver.TestLoginInvalidCredentials#usernameWithSpecialCharacters</h3><table class="result"></table><p class="totop"><a href="#summary">back to summary</a></p><h3 id="m60">io.railflow.blazetest.samples.testng.webdriver.TestLoginInvalidCredentials#validUserInvliadPassword</h3><table class="result"></table><p class="totop"><a href="#summary">back to summary</a></p><h3 id="m61">io.railflow.blazetest.samples.testng.webdriver.TestLoginSuccess#description</h3><table class="result"></table><p class="totop"><a href="#summary">back to summary</a></p><h3 id="m62">io.railflow.blazetest.samples.testng.webdriver.TestLoginSuccess#facebookLink</h3><table class="result"></table><p class="totop"><a href="#summary">back to summary</a></p><h3 id="m63">io.railflow.blazetest.samples.testng.webdriver.TestLoginSuccess#facebookText</h3><table class="result"></table><p class="totop"><a href="#summary">back to summary</a></p><h3 id="m64">io.railflow.blazetest.samples.testng.webdriver.TestLoginSuccess#linkedinLink</h3><table class="result"></table><p class="totop"><a href="#summary">back to summary</a></p><h3 id="m65">io.railflow.blazetest.samples.testng.webdriver.TestLoginSuccess#linkedinText</h3><table class="result"></table><p class="totop"><a href="#summary">back to summary</a></p><h3 id="m66">io.railflow.blazetest.samples.testng.webdriver.TestLoginSuccess#manifestLink</h3><table class="result"></table><p class="totop"><a href="#summary">back to summary</a></p><h3 id="m67">io.railflow.blazetest.samples.testng.webdriver.TestLoginSuccess#stylesheetLink</h3><table class="result"></table><p class="totop"><a href="#summary">back to summary</a></p><h3 id="m68">io.railflow.blazetest.samples.testng.webdriver.TestLoginSuccess#title</h3><table class="result"></table><p class="totop"><a href="#summary">back to summary</a></p><h3 id="m69">io.railflow.blazetest.samples.testng.webdriver.TestLoginSuccess#twitterLink</h3><table class="result"></table><p class="totop"><a href="#summary">back to summary</a></p><h3 id="m70">io.railflow.blazetest.samples.testng.webdriver.TestLoginSuccess#twitterText</h3><table class="result"></table><p class="totop"><a href="#summary">back to summary</a></p><h3 id="m71">io.railflow.blazetest.samples.testng.webdriver.shoppingcart.problem.TestShoppingCartProblemUserBackPack#add</h3><table class="result"></table><p class="totop"><a href="#summary">back to summary</a></p><h3 id="m72">io.railflow.blazetest.samples.testng.webdriver.shoppingcart.problem.TestShoppingCartProblemUserBackPack#name</h3><table class="result"></table><p class="totop"><a href="#summary">back to summary</a></p><h3 id="m73">io.railflow.blazetest.samples.testng.webdriver.shoppingcart.problem.TestShoppingCartProblemUserBackPack#price</h3><table class="result"></table><p class="totop"><a href="#summary">back to summary</a></p><h3 id="m74">io.railflow.blazetest.samples.testng.webdriver.shoppingcart.problem.TestShoppingCartProblemUserBikeLight#add</h3><table class="result"></table><p class="totop"><a href="#summary">back to summary</a></p><h3 id="m75">io.railflow.blazetest.samples.testng.webdriver.shoppingcart.problem.TestShoppingCartProblemUserBikeLight#name</h3><table class="result"></table><p class="totop"><a href="#summary">back to summary</a></p><h3 id="m76">io.railflow.blazetest.samples.testng.webdriver.shoppingcart.problem.TestShoppingCartProblemUserBikeLight#price</h3><table class="result"></table><p class="totop"><a href="#summary">back to summary</a></p><h3 id="m77">io.railflow.blazetest.samples.testng.webdriver.shoppingcart.problem.TestShoppingCartProblemUserBoltTShirt#add</h3><table class="result"></table><p class="totop"><a href="#summary">back to summary</a></p><h3 id="m78">io.railflow.blazetest.samples.testng.webdriver.shoppingcart.problem.TestShoppingCartProblemUserBoltTShirt#name</h3><table class="result"></table><p class="totop"><a href="#summary">back to summary</a></p><h3 id="m79">io.railflow.blazetest.samples.testng.webdriver.shoppingcart.problem.TestShoppingCartProblemUserBoltTShirt#price</h3><table class="result"></table><p class="totop"><a href="#summary">back to summary</a></p><h3 id="m80">io.railflow.blazetest.samples.testng.webdriver.shoppingcart.problem.TestShoppingCartProblemUserInventory#inventoryItemCount</h3><table class="result"></table><p class="totop"><a href="#summary">back to summary</a></p><h3 id="m81">io.railflow.blazetest.samples.testng.webdriver.shoppingcart.problem.TestShoppingCartProblemUserInventory#inventoryItemDescCount</h3><table class="result"></table><p class="totop"><a href="#summary">back to summary</a></p><h3 id="m82">io.railflow.blazetest.samples.testng.webdriver.shoppingcart.problem.TestShoppingCartProblemUserInventory#inventoryItemDescriptionCount</h3><table class="result"></table><p class="totop"><a href="#summary">back to summary</a></p><h3 id="m83">io.railflow.blazetest.samples.testng.webdriver.shoppingcart.problem.TestShoppingCartProblemUserInventory#inventoryItemImgCount</h3><table class="result"></table><p class="totop"><a href="#summary">back to summary</a></p><h3 id="m84">io.railflow.blazetest.samples.testng.webdriver.shoppingcart.problem.TestShoppingCartProblemUserInventory#inventoryItemLabelCount</h3><table class="result"></table><p class="totop"><a href="#summary">back to summary</a></p><h3 id="m85">io.railflow.blazetest.samples.testng.webdriver.shoppingcart.problem.TestShoppingCartProblemUserInventory#inventoryItemNameCount</h3><table class="result"></table><p class="totop"><a href="#summary">back to summary</a></p><h3 id="m86">io.railflow.blazetest.samples.testng.webdriver.shoppingcart.problem.TestShoppingCartProblemUserInventory#inventoryItemPriceCount</h3><table class="result"></table><p class="totop"><a href="#summary">back to summary</a></p><h3 id="m87">io.railflow.blazetest.samples.testng.webdriver.shoppingcart.problem.TestShoppingCartProblemUserInventory#pricebar</h3><table class="result"></table><p class="totop"><a href="#summary">back to summary</a></p><h3 id="m88">io.railflow.blazetest.samples.testng.webdriver.shoppingcart.standard.TestShoppingCartStandardUserBackPack#add</h3><table class="result"></table><p class="totop"><a href="#summary">back to summary</a></p><h3 id="m89">io.railflow.blazetest.samples.testng.webdriver.shoppingcart.standard.TestShoppingCartStandardUserBackPack#image</h3><table class="result"></table><p class="totop"><a href="#summary">back to summary</a></p><h3 id="m90">io.railflow.blazetest.samples.testng.webdriver.shoppingcart.standard.TestShoppingCartStandardUserBackPack#name</h3><table class="result"></table><p class="totop"><a href="#summary">back to summary</a></p><h3 id="m91">io.railflow.blazetest.samples.testng.webdriver.shoppingcart.standard.TestShoppingCartStandardUserBackPack#price</h3><table class="result"></table><p class="totop"><a href="#summary">back to summary</a></p><h3 id="m92">io.railflow.blazetest.samples.testng.webdriver.shoppingcart.standard.TestShoppingCartStandardUserBikeLight#add</h3><table class="result"></table><p class="totop"><a href="#summary">back to summary</a></p><h3 id="m93">io.railflow.blazetest.samples.testng.webdriver.shoppingcart.standard.TestShoppingCartStandardUserBikeLight#image</h3><table class="result"></table><p class="totop"><a href="#summary">back to summary</a></p><h3 id="m94">io.railflow.blazetest.samples.testng.webdriver.shoppingcart.standard.TestShoppingCartStandardUserBikeLight#name</h3><table class="result"></table><p class="totop"><a href="#summary">back to summary</a></p><h3 id="m95">io.railflow.blazetest.samples.testng.webdriver.shoppingcart.standard.TestShoppingCartStandardUserBikeLight#price</h3><table class="result"></table><p class="totop"><a href="#summary">back to summary</a></p><h3 id="m96">io.railflow.blazetest.samples.testng.webdriver.shoppingcart.standard.TestShoppingCartStandardUserBoltTShirt#add</h3><table class="result"></table><p class="totop"><a href="#summary">back to summary</a></p><h3 id="m97">io.railflow.blazetest.samples.testng.webdriver.shoppingcart.standard.TestShoppingCartStandardUserBoltTShirt#image</h3><table class="result"></table><p class="totop"><a href="#summary">back to summary</a></p><h3 id="m98">io.railflow.blazetest.samples.testng.webdriver.shoppingcart.standard.TestShoppingCartStandardUserBoltTShirt#name</h3><table class="result"></table><p class="totop"><a href="#summary">back to summary</a></p><h3 id="m99">io.railflow.blazetest.samples.testng.webdriver.shoppingcart.standard.TestShoppingCartStandardUserBoltTShirt#price</h3><table class="result"></table><p class="totop"><a href="#summary">back to summary</a></p><h3 id="m100">io.railflow.blazetest.samples.testng.webdriver.shoppingcart.standard.TestShoppingCartStandardUserInventory#inventoryItemCount</h3><table class="result"></table><p class="totop"><a href="#summary">back to summary</a></p><h3 id="m101">io.railflow.blazetest.samples.testng.webdriver.shoppingcart.standard.TestShoppingCartStandardUserInventory#inventoryItemDescCount</h3><table class="result"></table><p class="totop"><a href="#summary">back to summary</a></p><h3 id="m102">io.railflow.blazetest.samples.testng.webdriver.shoppingcart.standard.TestShoppingCartStandardUserInventory#inventoryItemDescriptionCount</h3><table class="result"></table><p class="totop"><a href="#summary">back to summary</a></p><h3 id="m103">io.railflow.blazetest.samples.testng.webdriver.shoppingcart.standard.TestShoppingCartStandardUserInventory#inventoryItemImgCount</h3><table class="result"></table><p class="totop"><a href="#summary">back to summary</a></p><h3 id="m104">io.railflow.blazetest.samples.testng.webdriver.shoppingcart.standard.TestShoppingCartStandardUserInventory#inventoryItemLabelCount</h3><table class="result"></table><p class="totop"><a href="#summary">back to summary</a></p><h3 id="m105">io.railflow.blazetest.samples.testng.webdriver.shoppingcart.standard.TestShoppingCartStandardUserInventory#inventoryItemNameCount</h3><table class="result"></table><p class="totop"><a href="#summary">back to summary</a></p><h3 id="m106">io.railflow.blazetest.samples.testng.webdriver.shoppingcart.standard.TestShoppingCartStandardUserInventory#inventoryItemPriceCount</h3><table class="result"></table><p class="totop"><a href="#summary">back to summary</a></p><h3 id="m107">io.railflow.blazetest.samples.testng.webdriver.shoppingcart.standard.TestShoppingCartStandardUserInventory#pricebar</h3><table class="result"></table><p class="totop"><a href="#summary">back to summary</a></p></body></html>