<!DOCTYPE html>

<html>
  <head>
  <meta charset='utf-8'>
  <title>TestNG reports</title>

    <link type="text/css" href="testng-reports.css" rel="stylesheet" />  
    <script type="text/javascript" src="jquery-1.7.1.min.js"></script>
    <script type="text/javascript" src="testng-reports.js"></script>
    <script type="text/javascript" src="https://www.google.com/jsapi"></script>
    <script type='text/javascript'>
      google.load('visualization', '1', {packages:['table']});
      google.setOnLoadCallback(drawTable);
      var suiteTableInitFunctions = new Array();
      var suiteTableData = new Array();
    </script>
    <!--
      <script type="text/javascript" src="jquery-ui/js/jquery-ui-1.8.16.custom.min.js"></script>
     -->
  </head>

  <body>
    <div class="top-banner-root">
      <span class="top-banner-title-font">Test results</span>
      <br/>
      <span class="top-banner-font-1">1 suite, 24 failed tests</span>
    </div> <!-- top-banner-root -->
    <div class="navigator-root">
      <div class="navigator-suite-header">
        <span>All suites</span>
        <a href="#" title="Collapse/expand all the suites" class="collapse-all-link">
          <img src="collapseall.gif" class="collapse-all-icon">
          </img> <!-- collapse-all-icon -->
        </a> <!-- collapse-all-link -->
      </div> <!-- navigator-suite-header -->
      <div class="suite">
        <div class="rounded-window">
          <div class="suite-header light-rounded-window-top">
            <a href="#" panel-name="suite-Surefire_suite" class="navigator-link">
              <span class="suite-name border-failed">Surefire suite</span>
            </a> <!-- navigator-link -->
          </div> <!-- suite-header light-rounded-window-top -->
          <div class="navigator-suite-content">
            <div class="suite-section-title">
              <span>Info</span>
            </div> <!-- suite-section-title -->
            <div class="suite-section-content">
              <ul>
                <li>
                  <a href="#" panel-name="test-xml-Surefire_suite" class="navigator-link ">
                    <span>[unset file name]</span>
                  </a> <!-- navigator-link  -->
                </li>
                <li>
                  <a href="#" panel-name="testlist-Surefire_suite" class="navigator-link ">
                    <span class="test-stats">1 test</span>
                  </a> <!-- navigator-link  -->
                </li>
                <li>
                  <a href="#" panel-name="group-Surefire_suite" class="navigator-link ">
                    <span>0 groups</span>
                  </a> <!-- navigator-link  -->
                </li>
                <li>
                  <a href="#" panel-name="times-Surefire_suite" class="navigator-link ">
                    <span>Times</span>
                  </a> <!-- navigator-link  -->
                </li>
                <li>
                  <a href="#" panel-name="reporter-Surefire_suite" class="navigator-link ">
                    <span>Reporter output</span>
                  </a> <!-- navigator-link  -->
                </li>
                <li>
                  <a href="#" panel-name="ignored-methods-Surefire_suite" class="navigator-link ">
                    <span>Ignored methods</span>
                  </a> <!-- navigator-link  -->
                </li>
                <li>
                  <a href="#" panel-name="chronological-Surefire_suite" class="navigator-link ">
                    <span>Chronological view</span>
                  </a> <!-- navigator-link  -->
                </li>
              </ul>
            </div> <!-- suite-section-content -->
            <div class="result-section">
              <div class="suite-section-title">
                <span>Results</span>
              </div> <!-- suite-section-title -->
              <div class="suite-section-content">
                <ul>
                  <li>
                    <span class="method-stats">108 methods, 24 failed,   84 passed</span>
                  </li>
                  <li>
                    <span class="method-list-title failed">Failed methods</span>
                    <span class="show-or-hide-methods failed">
                      <a href="#" panel-name="suite-Surefire_suite" class="hide-methods failed suite-Surefire_suite"> (hide)</a> <!-- hide-methods failed suite-Surefire_suite -->
                      <a href="#" panel-name="suite-Surefire_suite" class="show-methods failed suite-Surefire_suite"> (show)</a> <!-- show-methods failed suite-Surefire_suite -->
                    </span>
                    <div class="method-list-content failed suite-Surefire_suite">
                      <span>
                        <img src="failed.png" width="3%"/>
                        <a href="#" panel-name="suite-Surefire_suite" title="io.railflow.blazetest.samples.testng.webdriver.shoppingcart.problem.TestShoppingCartProblemUserBikeLight" class="method navigator-link" hash-for-method="addAndRemove">addAndRemove</a> <!-- method navigator-link -->
                      </span>
                      <br/>
                      <span>
                        <img src="failed.png" width="3%"/>
                        <a href="#" panel-name="suite-Surefire_suite" title="io.railflow.blazetest.samples.testng.webdriver.shoppingcart.problem.TestShoppingCartProblemUserBackPack" class="method navigator-link" hash-for-method="addAndRemove">addAndRemove</a> <!-- method navigator-link -->
                      </span>
                      <br/>
                      <span>
                        <img src="failed.png" width="3%"/>
                        <a href="#" panel-name="suite-Surefire_suite" title="io.railflow.blazetest.samples.testng.webdriver.shoppingcart.standard.TestShoppingCartStandardUserBoltTShirt" class="method navigator-link" hash-for-method="addAndRemove">addAndRemove</a> <!-- method navigator-link -->
                      </span>
                      <br/>
                      <span>
                        <img src="failed.png" width="3%"/>
                        <a href="#" panel-name="suite-Surefire_suite" title="io.railflow.blazetest.samples.testng.webdriver.shoppingcart.standard.TestShoppingCartStandardUserBikeLight" class="method navigator-link" hash-for-method="addAndRemove">addAndRemove</a> <!-- method navigator-link -->
                      </span>
                      <br/>
                      <span>
                        <img src="failed.png" width="3%"/>
                        <a href="#" panel-name="suite-Surefire_suite" title="io.railflow.blazetest.samples.testng.webdriver.shoppingcart.standard.TestShoppingCartStandardUserBackPack" class="method navigator-link" hash-for-method="addAndRemove">addAndRemove</a> <!-- method navigator-link -->
                      </span>
                      <br/>
                      <span>
                        <img src="failed.png" width="3%"/>
                        <a href="#" panel-name="suite-Surefire_suite" title="io.railflow.blazetest.samples.testng.webdriver.shoppingcart.problem.TestShoppingCartProblemUserBoltTShirt" class="method navigator-link" hash-for-method="addAndRemove">addAndRemove</a> <!-- method navigator-link -->
                      </span>
                      <br/>
                      <span>
                        <img src="failed.png" width="3%"/>
                        <a href="#" panel-name="suite-Surefire_suite" title="io.railflow.blazetest.samples.testng.webdriver.shoppingcart.standard.TestShoppingCartStandardUserBackPack" class="method navigator-link" hash-for-method="addRemoveAndAddAgain">addRemoveAndAddAgain</a> <!-- method navigator-link -->
                      </span>
                      <br/>
                      <span>
                        <img src="failed.png" width="3%"/>
                        <a href="#" panel-name="suite-Surefire_suite" title="io.railflow.blazetest.samples.testng.webdriver.shoppingcart.problem.TestShoppingCartProblemUserBoltTShirt" class="method navigator-link" hash-for-method="addRemoveAndAddAgain">addRemoveAndAddAgain</a> <!-- method navigator-link -->
                      </span>
                      <br/>
                      <span>
                        <img src="failed.png" width="3%"/>
                        <a href="#" panel-name="suite-Surefire_suite" title="io.railflow.blazetest.samples.testng.webdriver.shoppingcart.standard.TestShoppingCartStandardUserBikeLight" class="method navigator-link" hash-for-method="addRemoveAndAddAgain">addRemoveAndAddAgain</a> <!-- method navigator-link -->
                      </span>
                      <br/>
                      <span>
                        <img src="failed.png" width="3%"/>
                        <a href="#" panel-name="suite-Surefire_suite" title="io.railflow.blazetest.samples.testng.webdriver.shoppingcart.standard.TestShoppingCartStandardUserBoltTShirt" class="method navigator-link" hash-for-method="addRemoveAndAddAgain">addRemoveAndAddAgain</a> <!-- method navigator-link -->
                      </span>
                      <br/>
                      <span>
                        <img src="failed.png" width="3%"/>
                        <a href="#" panel-name="suite-Surefire_suite" title="io.railflow.blazetest.samples.testng.webdriver.shoppingcart.problem.TestShoppingCartProblemUserBackPack" class="method navigator-link" hash-for-method="addRemoveAndAddAgain">addRemoveAndAddAgain</a> <!-- method navigator-link -->
                      </span>
                      <br/>
                      <span>
                        <img src="failed.png" width="3%"/>
                        <a href="#" panel-name="suite-Surefire_suite" title="io.railflow.blazetest.samples.testng.webdriver.shoppingcart.problem.TestShoppingCartProblemUserBikeLight" class="method navigator-link" hash-for-method="addRemoveAndAddAgain">addRemoveAndAddAgain</a> <!-- method navigator-link -->
                      </span>
                      <br/>
                      <span>
                        <img src="failed.png" width="3%"/>
                        <a href="#" panel-name="suite-Surefire_suite" title="io.railflow.blazetest.samples.testng.webdriver.TestLoginUserLockout" class="method navigator-link" hash-for-method="emptyPassword">emptyPassword</a> <!-- method navigator-link -->
                      </span>
                      <br/>
                      <span>
                        <img src="failed.png" width="3%"/>
                        <a href="#" panel-name="suite-Surefire_suite" title="io.railflow.blazetest.samples.testng.webdriver.TestHomePage" class="method navigator-link" hash-for-method="errorElementAtStart">errorElementAtStart</a> <!-- method navigator-link -->
                      </span>
                      <br/>
                      <span>
                        <img src="failed.png" width="3%"/>
                        <a href="#" panel-name="suite-Surefire_suite" title="io.railflow.blazetest.samples.testng.webdriver.shoppingcart.problem.TestShoppingCartProblemUserBoltTShirt" class="method navigator-link" hash-for-method="image">image</a> <!-- method navigator-link -->
                      </span>
                      <br/>
                      <span>
                        <img src="failed.png" width="3%"/>
                        <a href="#" panel-name="suite-Surefire_suite" title="io.railflow.blazetest.samples.testng.webdriver.shoppingcart.problem.TestShoppingCartProblemUserBikeLight" class="method navigator-link" hash-for-method="image">image</a> <!-- method navigator-link -->
                      </span>
                      <br/>
                      <span>
                        <img src="failed.png" width="3%"/>
                        <a href="#" panel-name="suite-Surefire_suite" title="io.railflow.blazetest.samples.testng.webdriver.shoppingcart.problem.TestShoppingCartProblemUserBackPack" class="method navigator-link" hash-for-method="image">image</a> <!-- method navigator-link -->
                      </span>
                      <br/>
                      <span>
                        <img src="failed.png" width="3%"/>
                        <a href="#" panel-name="suite-Surefire_suite" title="io.railflow.blazetest.samples.testng.webdriver.TestLoginEmptyCredentials" class="method navigator-link" hash-for-method="invalidUsernameEmptyPassword">invalidUsernameEmptyPassword</a> <!-- method navigator-link -->
                      </span>
                      <br/>
                      <span>
                        <img src="failed.png" width="3%"/>
                        <a href="#" panel-name="suite-Surefire_suite" title="io.railflow.blazetest.samples.testng.webdriver.TestLoginEmptyCredentials" class="method navigator-link" hash-for-method="invalidUsernameMissingPassword">invalidUsernameMissingPassword</a> <!-- method navigator-link -->
                      </span>
                      <br/>
                      <span>
                        <img src="failed.png" width="3%"/>
                        <a href="#" panel-name="suite-Surefire_suite" title="io.railflow.blazetest.samples.testng.webdriver.TestLoginUserLockout" class="method navigator-link" hash-for-method="missingPassword">missingPassword</a> <!-- method navigator-link -->
                      </span>
                      <br/>
                      <span>
                        <img src="failed.png" width="3%"/>
                        <a href="#" panel-name="suite-Surefire_suite" title="io.railflow.blazetest.samples.testng.webdriver.TestLoginEmptyCredentials" class="method navigator-link" hash-for-method="missingUsernameEmptyPassword">missingUsernameEmptyPassword</a> <!-- method navigator-link -->
                      </span>
                      <br/>
                      <span>
                        <img src="failed.png" width="3%"/>
                        <a href="#" panel-name="suite-Surefire_suite" title="io.railflow.blazetest.samples.testng.webdriver.TestLoginEmptyCredentials" class="method navigator-link" hash-for-method="missingUsernameInvalidPassword">missingUsernameInvalidPassword</a> <!-- method navigator-link -->
                      </span>
                      <br/>
                      <span>
                        <img src="failed.png" width="3%"/>
                        <a href="#" panel-name="suite-Surefire_suite" title="io.railflow.blazetest.samples.testng.webdriver.TestLoginEmptyCredentials" class="method navigator-link" hash-for-method="missingUsernameMissingPassword">missingUsernameMissingPassword</a> <!-- method navigator-link -->
                      </span>
                      <br/>
                      <span>
                        <img src="failed.png" width="3%"/>
                        <a href="#" panel-name="suite-Surefire_suite" title="io.railflow.blazetest.samples.testng.webdriver.TestLoginUserLockout" class="method navigator-link" hash-for-method="userLockedOut">userLockedOut</a> <!-- method navigator-link -->
                      </span>
                      <br/>
                    </div> <!-- method-list-content failed suite-Surefire_suite -->
                  </li>
                  <li>
                    <span class="method-list-title passed">Passed methods</span>
                    <span class="show-or-hide-methods passed">
                      <a href="#" panel-name="suite-Surefire_suite" class="hide-methods passed suite-Surefire_suite"> (hide)</a> <!-- hide-methods passed suite-Surefire_suite -->
                      <a href="#" panel-name="suite-Surefire_suite" class="show-methods passed suite-Surefire_suite"> (show)</a> <!-- show-methods passed suite-Surefire_suite -->
                    </span>
                    <div class="method-list-content passed suite-Surefire_suite">
                      <span>
                        <img src="passed.png" width="3%"/>
                        <a href="#" panel-name="suite-Surefire_suite" title="io.railflow.blazetest.samples.testng.webdriver.shoppingcart.standard.TestShoppingCartStandardUserBoltTShirt" class="method navigator-link" hash-for-method="add">add</a> <!-- method navigator-link -->
                      </span>
                      <br/>
                      <span>
                        <img src="passed.png" width="3%"/>
                        <a href="#" panel-name="suite-Surefire_suite" title="io.railflow.blazetest.samples.testng.webdriver.shoppingcart.problem.TestShoppingCartProblemUserBikeLight" class="method navigator-link" hash-for-method="add">add</a> <!-- method navigator-link -->
                      </span>
                      <br/>
                      <span>
                        <img src="passed.png" width="3%"/>
                        <a href="#" panel-name="suite-Surefire_suite" title="io.railflow.blazetest.samples.testng.webdriver.shoppingcart.standard.TestShoppingCartStandardUserBackPack" class="method navigator-link" hash-for-method="add">add</a> <!-- method navigator-link -->
                      </span>
                      <br/>
                      <span>
                        <img src="passed.png" width="3%"/>
                        <a href="#" panel-name="suite-Surefire_suite" title="io.railflow.blazetest.samples.testng.webdriver.shoppingcart.problem.TestShoppingCartProblemUserBoltTShirt" class="method navigator-link" hash-for-method="add">add</a> <!-- method navigator-link -->
                      </span>
                      <br/>
                      <span>
                        <img src="passed.png" width="3%"/>
                        <a href="#" panel-name="suite-Surefire_suite" title="io.railflow.blazetest.samples.testng.webdriver.shoppingcart.problem.TestShoppingCartProblemUserBackPack" class="method navigator-link" hash-for-method="add">add</a> <!-- method navigator-link -->
                      </span>
                      <br/>
                      <span>
                        <img src="passed.png" width="3%"/>
                        <a href="#" panel-name="suite-Surefire_suite" title="io.railflow.blazetest.samples.testng.webdriver.shoppingcart.standard.TestShoppingCartStandardUserBikeLight" class="method navigator-link" hash-for-method="add">add</a> <!-- method navigator-link -->
                      </span>
                      <br/>
                      <span>
                        <img src="passed.png" width="3%"/>
                        <a href="#" panel-name="suite-Surefire_suite" title="io.railflow.blazetest.samples.testng.webdriver.TestHomePagePasswordInput" class="method navigator-link" hash-for-method="attribute(type, password)">attribute(type, password)</a> <!-- method navigator-link -->
                      </span>
                      <br/>
                      <span>
                        <img src="passed.png" width="3%"/>
                        <a href="#" panel-name="suite-Surefire_suite" title="io.railflow.blazetest.samples.testng.webdriver.TestHomePagePasswordInput" class="method navigator-link" hash-for-method="attribute(autocapitalize, none)">attribute(autocapitalize, none)</a> <!-- method navigator-link -->
                      </span>
                      <br/>
                      <span>
                        <img src="passed.png" width="3%"/>
                        <a href="#" panel-name="suite-Surefire_suite" title="io.railflow.blazetest.samples.testng.webdriver.TestHomePagePasswordInput" class="method navigator-link" hash-for-method="attribute(name, password)">attribute(name, password)</a> <!-- method navigator-link -->
                      </span>
                      <br/>
                      <span>
                        <img src="passed.png" width="3%"/>
                        <a href="#" panel-name="suite-Surefire_suite" title="io.railflow.blazetest.samples.testng.webdriver.TestHomePagePasswordInput" class="method navigator-link" hash-for-method="attribute(placeholder, Password)">attribute(placeholder, Password)</a> <!-- method navigator-link -->
                      </span>
                      <br/>
                      <span>
                        <img src="passed.png" width="3%"/>
                        <a href="#" panel-name="suite-Surefire_suite" title="io.railflow.blazetest.samples.testng.webdriver.TestHomePagePasswordInput" class="method navigator-link" hash-for-method="attribute(autocorrect, off)">attribute(autocorrect, off)</a> <!-- method navigator-link -->
                      </span>
                      <br/>
                      <span>
                        <img src="passed.png" width="3%"/>
                        <a href="#" panel-name="suite-Surefire_suite" title="io.railflow.blazetest.samples.testng.webdriver.TestHomePageUsernameInput" class="method navigator-link" hash-for-method="autoCapitalize">autoCapitalize</a> <!-- method navigator-link -->
                      </span>
                      <br/>
                      <span>
                        <img src="passed.png" width="3%"/>
                        <a href="#" panel-name="suite-Surefire_suite" title="io.railflow.blazetest.samples.testng.webdriver.TestHomePageUsernameInput" class="method navigator-link" hash-for-method="autoCorrect">autoCorrect</a> <!-- method navigator-link -->
                      </span>
                      <br/>
                      <span>
                        <img src="passed.png" width="3%"/>
                        <a href="#" panel-name="suite-Surefire_suite" title="io.railflow.blazetest.samples.testng.webdriver.TestHomePage" class="method navigator-link" hash-for-method="description">description</a> <!-- method navigator-link -->
                      </span>
                      <br/>
                      <span>
                        <img src="passed.png" width="3%"/>
                        <a href="#" panel-name="suite-Surefire_suite" title="io.railflow.blazetest.samples.testng.webdriver.TestLoginSuccess" class="method navigator-link" hash-for-method="description">description</a> <!-- method navigator-link -->
                      </span>
                      <br/>
                      <span>
                        <img src="passed.png" width="3%"/>
                        <a href="#" panel-name="suite-Surefire_suite" title="io.railflow.blazetest.samples.testng.webdriver.TestLoginEmptyCredentials" class="method navigator-link" hash-for-method="emptyUsernameEmptyPassword">emptyUsernameEmptyPassword</a> <!-- method navigator-link -->
                      </span>
                      <br/>
                      <span>
                        <img src="passed.png" width="3%"/>
                        <a href="#" panel-name="suite-Surefire_suite" title="io.railflow.blazetest.samples.testng.webdriver.TestLoginEmptyCredentials" class="method navigator-link" hash-for-method="emptyUsernameInvalidPassword">emptyUsernameInvalidPassword</a> <!-- method navigator-link -->
                      </span>
                      <br/>
                      <span>
                        <img src="passed.png" width="3%"/>
                        <a href="#" panel-name="suite-Surefire_suite" title="io.railflow.blazetest.samples.testng.webdriver.TestLoginEmptyCredentials" class="method navigator-link" hash-for-method="emptyUsernameMissingPassword">emptyUsernameMissingPassword</a> <!-- method navigator-link -->
                      </span>
                      <br/>
                      <span>
                        <img src="passed.png" width="3%"/>
                        <a href="#" panel-name="suite-Surefire_suite" title="io.railflow.blazetest.samples.testng.webdriver.TestLoginSuccess" class="method navigator-link" hash-for-method="facebookLink">facebookLink</a> <!-- method navigator-link -->
                      </span>
                      <br/>
                      <span>
                        <img src="passed.png" width="3%"/>
                        <a href="#" panel-name="suite-Surefire_suite" title="io.railflow.blazetest.samples.testng.webdriver.TestLoginSuccess" class="method navigator-link" hash-for-method="facebookText">facebookText</a> <!-- method navigator-link -->
                      </span>
                      <br/>
                      <span>
                        <img src="passed.png" width="3%"/>
                        <a href="#" panel-name="suite-Surefire_suite" title="io.railflow.blazetest.samples.testng.webdriver.shoppingcart.standard.TestShoppingCartStandardUserBikeLight" class="method navigator-link" hash-for-method="image">image</a> <!-- method navigator-link -->
                      </span>
                      <br/>
                      <span>
                        <img src="passed.png" width="3%"/>
                        <a href="#" panel-name="suite-Surefire_suite" title="io.railflow.blazetest.samples.testng.webdriver.shoppingcart.standard.TestShoppingCartStandardUserBackPack" class="method navigator-link" hash-for-method="image">image</a> <!-- method navigator-link -->
                      </span>
                      <br/>
                      <span>
                        <img src="passed.png" width="3%"/>
                        <a href="#" panel-name="suite-Surefire_suite" title="io.railflow.blazetest.samples.testng.webdriver.shoppingcart.standard.TestShoppingCartStandardUserBoltTShirt" class="method navigator-link" hash-for-method="image">image</a> <!-- method navigator-link -->
                      </span>
                      <br/>
                      <span>
                        <img src="passed.png" width="3%"/>
                        <a href="#" panel-name="suite-Surefire_suite" title="io.railflow.blazetest.samples.testng.webdriver.TestLoginInvalidCredentials" class="method navigator-link" hash-for-method="invalidUsernameInvalidPassword">invalidUsernameInvalidPassword</a> <!-- method navigator-link -->
                      </span>
                      <br/>
                      <span>
                        <img src="passed.png" width="3%"/>
                        <a href="#" panel-name="suite-Surefire_suite" title="io.railflow.blazetest.samples.testng.webdriver.shoppingcart.problem.TestShoppingCartProblemUserInventory" class="method navigator-link" hash-for-method="inventoryItemCount">inventoryItemCount</a> <!-- method navigator-link -->
                      </span>
                      <br/>
                      <span>
                        <img src="passed.png" width="3%"/>
                        <a href="#" panel-name="suite-Surefire_suite" title="io.railflow.blazetest.samples.testng.webdriver.shoppingcart.standard.TestShoppingCartStandardUserInventory" class="method navigator-link" hash-for-method="inventoryItemCount">inventoryItemCount</a> <!-- method navigator-link -->
                      </span>
                      <br/>
                      <span>
                        <img src="passed.png" width="3%"/>
                        <a href="#" panel-name="suite-Surefire_suite" title="io.railflow.blazetest.samples.testng.webdriver.shoppingcart.standard.TestShoppingCartStandardUserInventory" class="method navigator-link" hash-for-method="inventoryItemDescCount">inventoryItemDescCount</a> <!-- method navigator-link -->
                      </span>
                      <br/>
                      <span>
                        <img src="passed.png" width="3%"/>
                        <a href="#" panel-name="suite-Surefire_suite" title="io.railflow.blazetest.samples.testng.webdriver.shoppingcart.problem.TestShoppingCartProblemUserInventory" class="method navigator-link" hash-for-method="inventoryItemDescCount">inventoryItemDescCount</a> <!-- method navigator-link -->
                      </span>
                      <br/>
                      <span>
                        <img src="passed.png" width="3%"/>
                        <a href="#" panel-name="suite-Surefire_suite" title="io.railflow.blazetest.samples.testng.webdriver.shoppingcart.standard.TestShoppingCartStandardUserInventory" class="method navigator-link" hash-for-method="inventoryItemDescriptionCount">inventoryItemDescriptionCount</a> <!-- method navigator-link -->
                      </span>
                      <br/>
                      <span>
                        <img src="passed.png" width="3%"/>
                        <a href="#" panel-name="suite-Surefire_suite" title="io.railflow.blazetest.samples.testng.webdriver.shoppingcart.problem.TestShoppingCartProblemUserInventory" class="method navigator-link" hash-for-method="inventoryItemDescriptionCount">inventoryItemDescriptionCount</a> <!-- method navigator-link -->
                      </span>
                      <br/>
                      <span>
                        <img src="passed.png" width="3%"/>
                        <a href="#" panel-name="suite-Surefire_suite" title="io.railflow.blazetest.samples.testng.webdriver.shoppingcart.standard.TestShoppingCartStandardUserInventory" class="method navigator-link" hash-for-method="inventoryItemImgCount">inventoryItemImgCount</a> <!-- method navigator-link -->
                      </span>
                      <br/>
                      <span>
                        <img src="passed.png" width="3%"/>
                        <a href="#" panel-name="suite-Surefire_suite" title="io.railflow.blazetest.samples.testng.webdriver.shoppingcart.problem.TestShoppingCartProblemUserInventory" class="method navigator-link" hash-for-method="inventoryItemImgCount">inventoryItemImgCount</a> <!-- method navigator-link -->
                      </span>
                      <br/>
                      <span>
                        <img src="passed.png" width="3%"/>
                        <a href="#" panel-name="suite-Surefire_suite" title="io.railflow.blazetest.samples.testng.webdriver.shoppingcart.problem.TestShoppingCartProblemUserInventory" class="method navigator-link" hash-for-method="inventoryItemLabelCount">inventoryItemLabelCount</a> <!-- method navigator-link -->
                      </span>
                      <br/>
                      <span>
                        <img src="passed.png" width="3%"/>
                        <a href="#" panel-name="suite-Surefire_suite" title="io.railflow.blazetest.samples.testng.webdriver.shoppingcart.standard.TestShoppingCartStandardUserInventory" class="method navigator-link" hash-for-method="inventoryItemLabelCount">inventoryItemLabelCount</a> <!-- method navigator-link -->
                      </span>
                      <br/>
                      <span>
                        <img src="passed.png" width="3%"/>
                        <a href="#" panel-name="suite-Surefire_suite" title="io.railflow.blazetest.samples.testng.webdriver.shoppingcart.standard.TestShoppingCartStandardUserInventory" class="method navigator-link" hash-for-method="inventoryItemNameCount">inventoryItemNameCount</a> <!-- method navigator-link -->
                      </span>
                      <br/>
                      <span>
                        <img src="passed.png" width="3%"/>
                        <a href="#" panel-name="suite-Surefire_suite" title="io.railflow.blazetest.samples.testng.webdriver.shoppingcart.problem.TestShoppingCartProblemUserInventory" class="method navigator-link" hash-for-method="inventoryItemNameCount">inventoryItemNameCount</a> <!-- method navigator-link -->
                      </span>
                      <br/>
                      <span>
                        <img src="passed.png" width="3%"/>
                        <a href="#" panel-name="suite-Surefire_suite" title="io.railflow.blazetest.samples.testng.webdriver.shoppingcart.standard.TestShoppingCartStandardUserInventory" class="method navigator-link" hash-for-method="inventoryItemPriceCount">inventoryItemPriceCount</a> <!-- method navigator-link -->
                      </span>
                      <br/>
                      <span>
                        <img src="passed.png" width="3%"/>
                        <a href="#" panel-name="suite-Surefire_suite" title="io.railflow.blazetest.samples.testng.webdriver.shoppingcart.problem.TestShoppingCartProblemUserInventory" class="method navigator-link" hash-for-method="inventoryItemPriceCount">inventoryItemPriceCount</a> <!-- method navigator-link -->
                      </span>
                      <br/>
                      <span>
                        <img src="passed.png" width="3%"/>
                        <a href="#" panel-name="suite-Surefire_suite" title="io.railflow.blazetest.samples.testng.webdriver.TestLoginSuccess" class="method navigator-link" hash-for-method="linkedinLink">linkedinLink</a> <!-- method navigator-link -->
                      </span>
                      <br/>
                      <span>
                        <img src="passed.png" width="3%"/>
                        <a href="#" panel-name="suite-Surefire_suite" title="io.railflow.blazetest.samples.testng.webdriver.TestLoginSuccess" class="method navigator-link" hash-for-method="linkedinText">linkedinText</a> <!-- method navigator-link -->
                      </span>
                      <br/>
                      <span>
                        <img src="passed.png" width="3%"/>
                        <a href="#" panel-name="suite-Surefire_suite" title="io.railflow.blazetest.samples.testng.webdriver.TestLoginInvalidCredentials" class="method navigator-link" hash-for-method="lockedOutUserInvliadPassword">lockedOutUserInvliadPassword</a> <!-- method navigator-link -->
                      </span>
                      <br/>
                      <span>
                        <img src="passed.png" width="3%"/>
                        <a href="#" panel-name="suite-Surefire_suite" title="io.railflow.blazetest.samples.testng.webdriver.TestLoginInvalidCredentials" class="method navigator-link" hash-for-method="longPassword">longPassword</a> <!-- method navigator-link -->
                      </span>
                      <br/>
                      <span>
                        <img src="passed.png" width="3%"/>
                        <a href="#" panel-name="suite-Surefire_suite" title="io.railflow.blazetest.samples.testng.webdriver.TestLoginInvalidCredentials" class="method navigator-link" hash-for-method="longUsername">longUsername</a> <!-- method navigator-link -->
                      </span>
                      <br/>
                      <span>
                        <img src="passed.png" width="3%"/>
                        <a href="#" panel-name="suite-Surefire_suite" title="io.railflow.blazetest.samples.testng.webdriver.TestHomePage" class="method navigator-link" hash-for-method="manifestLink">manifestLink</a> <!-- method navigator-link -->
                      </span>
                      <br/>
                      <span>
                        <img src="passed.png" width="3%"/>
                        <a href="#" panel-name="suite-Surefire_suite" title="io.railflow.blazetest.samples.testng.webdriver.TestLoginSuccess" class="method navigator-link" hash-for-method="manifestLink">manifestLink</a> <!-- method navigator-link -->
                      </span>
                      <br/>
                      <span>
                        <img src="passed.png" width="3%"/>
                        <a href="#" panel-name="suite-Surefire_suite" title="io.railflow.blazetest.samples.testng.webdriver.shoppingcart.problem.TestShoppingCartProblemUserBackPack" class="method navigator-link" hash-for-method="name">name</a> <!-- method navigator-link -->
                      </span>
                      <br/>
                      <span>
                        <img src="passed.png" width="3%"/>
                        <a href="#" panel-name="suite-Surefire_suite" title="io.railflow.blazetest.samples.testng.webdriver.TestHomePageLoginButton" class="method navigator-link" hash-for-method="name">name</a> <!-- method navigator-link -->
                      </span>
                      <br/>
                      <span>
                        <img src="passed.png" width="3%"/>
                        <a href="#" panel-name="suite-Surefire_suite" title="io.railflow.blazetest.samples.testng.webdriver.shoppingcart.standard.TestShoppingCartStandardUserBackPack" class="method navigator-link" hash-for-method="name">name</a> <!-- method navigator-link -->
                      </span>
                      <br/>
                      <span>
                        <img src="passed.png" width="3%"/>
                        <a href="#" panel-name="suite-Surefire_suite" title="io.railflow.blazetest.samples.testng.webdriver.shoppingcart.problem.TestShoppingCartProblemUserBoltTShirt" class="method navigator-link" hash-for-method="name">name</a> <!-- method navigator-link -->
                      </span>
                      <br/>
                      <span>
                        <img src="passed.png" width="3%"/>
                        <a href="#" panel-name="suite-Surefire_suite" title="io.railflow.blazetest.samples.testng.webdriver.shoppingcart.problem.TestShoppingCartProblemUserBikeLight" class="method navigator-link" hash-for-method="name">name</a> <!-- method navigator-link -->
                      </span>
                      <br/>
                      <span>
                        <img src="passed.png" width="3%"/>
                        <a href="#" panel-name="suite-Surefire_suite" title="io.railflow.blazetest.samples.testng.webdriver.TestHomePageUsernameInput" class="method navigator-link" hash-for-method="name">name</a> <!-- method navigator-link -->
                      </span>
                      <br/>
                      <span>
                        <img src="passed.png" width="3%"/>
                        <a href="#" panel-name="suite-Surefire_suite" title="io.railflow.blazetest.samples.testng.webdriver.shoppingcart.standard.TestShoppingCartStandardUserBoltTShirt" class="method navigator-link" hash-for-method="name">name</a> <!-- method navigator-link -->
                      </span>
                      <br/>
                      <span>
                        <img src="passed.png" width="3%"/>
                        <a href="#" panel-name="suite-Surefire_suite" title="io.railflow.blazetest.samples.testng.webdriver.shoppingcart.standard.TestShoppingCartStandardUserBikeLight" class="method navigator-link" hash-for-method="name">name</a> <!-- method navigator-link -->
                      </span>
                      <br/>
                      <span>
                        <img src="passed.png" width="3%"/>
                        <a href="#" panel-name="suite-Surefire_suite" title="io.railflow.blazetest.samples.testng.webdriver.TestHomePage" class="method navigator-link" hash-for-method="noErrorElementAtStart">noErrorElementAtStart</a> <!-- method navigator-link -->
                      </span>
                      <br/>
                      <span>
                        <img src="passed.png" width="3%"/>
                        <a href="#" panel-name="suite-Surefire_suite" title="io.railflow.blazetest.samples.testng.webdriver.TestLoginInvalidCredentials" class="method navigator-link" hash-for-method="passwordWithNumbers">passwordWithNumbers</a> <!-- method navigator-link -->
                      </span>
                      <br/>
                      <span>
                        <img src="passed.png" width="3%"/>
                        <a href="#" panel-name="suite-Surefire_suite" title="io.railflow.blazetest.samples.testng.webdriver.TestLoginInvalidCredentials" class="method navigator-link" hash-for-method="passwordWithSpaces">passwordWithSpaces</a> <!-- method navigator-link -->
                      </span>
                      <br/>
                      <span>
                        <img src="passed.png" width="3%"/>
                        <a href="#" panel-name="suite-Surefire_suite" title="io.railflow.blazetest.samples.testng.webdriver.TestLoginInvalidCredentials" class="method navigator-link" hash-for-method="passwordWithSpecialCharacters">passwordWithSpecialCharacters</a> <!-- method navigator-link -->
                      </span>
                      <br/>
                      <span>
                        <img src="passed.png" width="3%"/>
                        <a href="#" panel-name="suite-Surefire_suite" title="io.railflow.blazetest.samples.testng.webdriver.TestLoginInvalidCredentials" class="method navigator-link" hash-for-method="performanceGlitchUserInvliadPassword">performanceGlitchUserInvliadPassword</a> <!-- method navigator-link -->
                      </span>
                      <br/>
                      <span>
                        <img src="passed.png" width="3%"/>
                        <a href="#" panel-name="suite-Surefire_suite" title="io.railflow.blazetest.samples.testng.webdriver.TestHomePageUsernameInput" class="method navigator-link" hash-for-method="placeholder">placeholder</a> <!-- method navigator-link -->
                      </span>
                      <br/>
                      <span>
                        <img src="passed.png" width="3%"/>
                        <a href="#" panel-name="suite-Surefire_suite" title="io.railflow.blazetest.samples.testng.webdriver.shoppingcart.standard.TestShoppingCartStandardUserBikeLight" class="method navigator-link" hash-for-method="price">price</a> <!-- method navigator-link -->
                      </span>
                      <br/>
                      <span>
                        <img src="passed.png" width="3%"/>
                        <a href="#" panel-name="suite-Surefire_suite" title="io.railflow.blazetest.samples.testng.webdriver.shoppingcart.problem.TestShoppingCartProblemUserBackPack" class="method navigator-link" hash-for-method="price">price</a> <!-- method navigator-link -->
                      </span>
                      <br/>
                      <span>
                        <img src="passed.png" width="3%"/>
                        <a href="#" panel-name="suite-Surefire_suite" title="io.railflow.blazetest.samples.testng.webdriver.shoppingcart.standard.TestShoppingCartStandardUserBoltTShirt" class="method navigator-link" hash-for-method="price">price</a> <!-- method navigator-link -->
                      </span>
                      <br/>
                      <span>
                        <img src="passed.png" width="3%"/>
                        <a href="#" panel-name="suite-Surefire_suite" title="io.railflow.blazetest.samples.testng.webdriver.shoppingcart.problem.TestShoppingCartProblemUserBoltTShirt" class="method navigator-link" hash-for-method="price">price</a> <!-- method navigator-link -->
                      </span>
                      <br/>
                      <span>
                        <img src="passed.png" width="3%"/>
                        <a href="#" panel-name="suite-Surefire_suite" title="io.railflow.blazetest.samples.testng.webdriver.shoppingcart.standard.TestShoppingCartStandardUserBackPack" class="method navigator-link" hash-for-method="price">price</a> <!-- method navigator-link -->
                      </span>
                      <br/>
                      <span>
                        <img src="passed.png" width="3%"/>
                        <a href="#" panel-name="suite-Surefire_suite" title="io.railflow.blazetest.samples.testng.webdriver.shoppingcart.problem.TestShoppingCartProblemUserBikeLight" class="method navigator-link" hash-for-method="price">price</a> <!-- method navigator-link -->
                      </span>
                      <br/>
                      <span>
                        <img src="passed.png" width="3%"/>
                        <a href="#" panel-name="suite-Surefire_suite" title="io.railflow.blazetest.samples.testng.webdriver.shoppingcart.problem.TestShoppingCartProblemUserInventory" class="method navigator-link" hash-for-method="pricebar">pricebar</a> <!-- method navigator-link -->
                      </span>
                      <br/>
                      <span>
                        <img src="passed.png" width="3%"/>
                        <a href="#" panel-name="suite-Surefire_suite" title="io.railflow.blazetest.samples.testng.webdriver.shoppingcart.standard.TestShoppingCartStandardUserInventory" class="method navigator-link" hash-for-method="pricebar">pricebar</a> <!-- method navigator-link -->
                      </span>
                      <br/>
                      <span>
                        <img src="passed.png" width="3%"/>
                        <a href="#" panel-name="suite-Surefire_suite" title="io.railflow.blazetest.samples.testng.webdriver.TestLoginInvalidCredentials" class="method navigator-link" hash-for-method="problemUserInvliadPassword">problemUserInvliadPassword</a> <!-- method navigator-link -->
                      </span>
                      <br/>
                      <span>
                        <img src="passed.png" width="3%"/>
                        <a href="#" panel-name="suite-Surefire_suite" title="io.railflow.blazetest.samples.testng.webdriver.TestHomePage" class="method navigator-link" hash-for-method="robots">robots</a> <!-- method navigator-link -->
                      </span>
                      <br/>
                      <span>
                        <img src="passed.png" width="3%"/>
                        <a href="#" panel-name="suite-Surefire_suite" title="io.railflow.blazetest.samples.testng.webdriver.TestLoginSuccess" class="method navigator-link" hash-for-method="stylesheetLink">stylesheetLink</a> <!-- method navigator-link -->
                      </span>
                      <br/>
                      <span>
                        <img src="passed.png" width="3%"/>
                        <a href="#" panel-name="suite-Surefire_suite" title="io.railflow.blazetest.samples.testng.webdriver.TestHomePage" class="method navigator-link" hash-for-method="stylesheetLink">stylesheetLink</a> <!-- method navigator-link -->
                      </span>
                      <br/>
                      <span>
                        <img src="passed.png" width="3%"/>
                        <a href="#" panel-name="suite-Surefire_suite" title="io.railflow.blazetest.samples.testng.webdriver.TestHomePageUsernameInput" class="method navigator-link" hash-for-method="text">text</a> <!-- method navigator-link -->
                      </span>
                      <br/>
                      <span>
                        <img src="passed.png" width="3%"/>
                        <a href="#" panel-name="suite-Surefire_suite" title="io.railflow.blazetest.samples.testng.webdriver.TestHomePagePasswordInput" class="method navigator-link" hash-for-method="text">text</a> <!-- method navigator-link -->
                      </span>
                      <br/>
                      <span>
                        <img src="passed.png" width="3%"/>
                        <a href="#" panel-name="suite-Surefire_suite" title="io.railflow.blazetest.samples.testng.webdriver.TestLoginSuccess" class="method navigator-link" hash-for-method="title">title</a> <!-- method navigator-link -->
                      </span>
                      <br/>
                      <span>
                        <img src="passed.png" width="3%"/>
                        <a href="#" panel-name="suite-Surefire_suite" title="io.railflow.blazetest.samples.testng.webdriver.TestHomePage" class="method navigator-link" hash-for-method="title">title</a> <!-- method navigator-link -->
                      </span>
                      <br/>
                      <span>
                        <img src="passed.png" width="3%"/>
                        <a href="#" panel-name="suite-Surefire_suite" title="io.railflow.blazetest.samples.testng.webdriver.TestLoginSuccess" class="method navigator-link" hash-for-method="twitterLink">twitterLink</a> <!-- method navigator-link -->
                      </span>
                      <br/>
                      <span>
                        <img src="passed.png" width="3%"/>
                        <a href="#" panel-name="suite-Surefire_suite" title="io.railflow.blazetest.samples.testng.webdriver.TestLoginSuccess" class="method navigator-link" hash-for-method="twitterText">twitterText</a> <!-- method navigator-link -->
                      </span>
                      <br/>
                      <span>
                        <img src="passed.png" width="3%"/>
                        <a href="#" panel-name="suite-Surefire_suite" title="io.railflow.blazetest.samples.testng.webdriver.TestHomePageLoginButton" class="method navigator-link" hash-for-method="type">type</a> <!-- method navigator-link -->
                      </span>
                      <br/>
                      <span>
                        <img src="passed.png" width="3%"/>
                        <a href="#" panel-name="suite-Surefire_suite" title="io.railflow.blazetest.samples.testng.webdriver.TestHomePageUsernameInput" class="method navigator-link" hash-for-method="type">type</a> <!-- method navigator-link -->
                      </span>
                      <br/>
                      <span>
                        <img src="passed.png" width="3%"/>
                        <a href="#" panel-name="suite-Surefire_suite" title="io.railflow.blazetest.samples.testng.webdriver.TestLoginInvalidCredentials" class="method navigator-link" hash-for-method="usernameWithNumbers">usernameWithNumbers</a> <!-- method navigator-link -->
                      </span>
                      <br/>
                      <span>
                        <img src="passed.png" width="3%"/>
                        <a href="#" panel-name="suite-Surefire_suite" title="io.railflow.blazetest.samples.testng.webdriver.TestLoginInvalidCredentials" class="method navigator-link" hash-for-method="usernameWithSpaces">usernameWithSpaces</a> <!-- method navigator-link -->
                      </span>
                      <br/>
                      <span>
                        <img src="passed.png" width="3%"/>
                        <a href="#" panel-name="suite-Surefire_suite" title="io.railflow.blazetest.samples.testng.webdriver.TestLoginInvalidCredentials" class="method navigator-link" hash-for-method="usernameWithSpecialCharacters">usernameWithSpecialCharacters</a> <!-- method navigator-link -->
                      </span>
                      <br/>
                      <span>
                        <img src="passed.png" width="3%"/>
                        <a href="#" panel-name="suite-Surefire_suite" title="io.railflow.blazetest.samples.testng.webdriver.TestLoginInvalidCredentials" class="method navigator-link" hash-for-method="validUserInvliadPassword">validUserInvliadPassword</a> <!-- method navigator-link -->
                      </span>
                      <br/>
                      <span>
                        <img src="passed.png" width="3%"/>
                        <a href="#" panel-name="suite-Surefire_suite" title="io.railflow.blazetest.samples.testng.webdriver.TestHomePageLoginButton" class="method navigator-link" hash-for-method="value">value</a> <!-- method navigator-link -->
                      </span>
                      <br/>
                    </div> <!-- method-list-content passed suite-Surefire_suite -->
                  </li>
                </ul>
              </div> <!-- suite-section-content -->
            </div> <!-- result-section -->
          </div> <!-- navigator-suite-content -->
        </div> <!-- rounded-window -->
      </div> <!-- suite -->
    </div> <!-- navigator-root -->
    <div class="wrapper">
      <div class="main-panel-root">
        <div panel-name="suite-Surefire_suite" class="panel Surefire_suite">
          <div class="suite-Surefire_suite-class-failed">
            <div class="main-panel-header rounded-window-top">
              <img src="failed.png"/>
              <span class="class-name">io.railflow.blazetest.samples.testng.webdriver.shoppingcart.standard.TestShoppingCartStandardUserBackPack</span>
            </div> <!-- main-panel-header rounded-window-top -->
            <div class="main-panel-content rounded-window-bottom">
              <div class="method">
                <div class="method-content">
                  <a name="addAndRemove">
                  </a> <!-- addAndRemove -->
                  <span class="method-name">addAndRemove</span>
                  <div class="stack-trace">java.lang.AssertionError: Unexpected exception (org.openqa.selenium.NoSuchElementException): no such element: Unable to locate element: {&quot;method&quot;:&quot;xpath&quot;,&quot;selector&quot;:&quot;//button[@id=&apos;add-to-cart-sauce-labs-backpack&apos;]&quot;}
  (Session info: chrome=117.0.5938.88)
For documentation on this error, please visit: https://www.selenium.dev/documentation/webdriver/troubleshooting/errors#no-such-element-exception
Build info: version: &apos;4.12.1&apos;, revision: &apos;8e34639b11&apos;
System info: os.name: &apos;Linux&apos;, os.arch: &apos;amd64&apos;, os.version: &apos;6.2.0-32-generic&apos;, java.version: &apos;19.0.2&apos;
Driver info: org.openqa.selenium.chrome.ChromeDriver
Command: [4e86b87fd9bd575a554c4f6101a253ba, findElement {using=xpath, value=//button[@id=&apos;add-to-cart-sauce-labs-backpack&apos;]}]
Capabilities {acceptInsecureCerts: false, browserName: chrome, browserVersion: 117.0.5938.88, chrome: {chromedriverVersion: 117.0.5938.88 (be6afae47212..., userDataDir: /tmp/.org.chromium.Chromium...}, fedcm:accounts: true, goog:chromeOptions: {debuggerAddress: localhost:33871}, networkConnectionEnabled: false, pageLoadStrategy: normal, platformName: linux, proxy: Proxy(), se:cdp: ws://localhost:33871/devtoo..., se:cdpVersion: 117.0.5938.88, setWindowRect: true, strictFileInteractability: false, timeouts: {implicit: 0, pageLoad: 300000, script: 30000}, unhandledPromptBehavior: dismiss and notify, webauthn:extension:credBlob: true, webauthn:extension:largeBlob: true, webauthn:extension:minPinLength: true, webauthn:extension:prf: true, webauthn:virtualAuthenticators: true}
Session ID: 4e86b87fd9bd575a554c4f6101a253ba
	at io.railflow.blazetest.samples.testng.webdriver.shoppingcart.TestShoppingCartBase.addToCart(TestShoppingCartBase.java:66)
	at io.railflow.blazetest.samples.testng.webdriver.shoppingcart.TestShoppingCartBase.addAndRemove(TestShoppingCartBase.java:111)
... Removed 29 stack frames
</div> <!-- stack-trace -->
                </div> <!-- method-content -->
              </div> <!-- method -->
              <div class="method">
                <div class="method-content">
                  <a name="addRemoveAndAddAgain">
                  </a> <!-- addRemoveAndAddAgain -->
                  <span class="method-name">addRemoveAndAddAgain</span>
                  <div class="stack-trace">java.lang.AssertionError: Unexpected exception (org.openqa.selenium.NoSuchElementException): no such element: Unable to locate element: {&quot;method&quot;:&quot;xpath&quot;,&quot;selector&quot;:&quot;//button[@id=&apos;add-to-cart-sauce-labs-backpack&apos;]&quot;}
  (Session info: chrome=117.0.5938.88)
For documentation on this error, please visit: https://www.selenium.dev/documentation/webdriver/troubleshooting/errors#no-such-element-exception
Build info: version: &apos;4.12.1&apos;, revision: &apos;8e34639b11&apos;
System info: os.name: &apos;Linux&apos;, os.arch: &apos;amd64&apos;, os.version: &apos;6.2.0-32-generic&apos;, java.version: &apos;19.0.2&apos;
Driver info: org.openqa.selenium.chrome.ChromeDriver
Command: [4e86b87fd9bd575a554c4f6101a253ba, findElement {using=xpath, value=//button[@id=&apos;add-to-cart-sauce-labs-backpack&apos;]}]
Capabilities {acceptInsecureCerts: false, browserName: chrome, browserVersion: 117.0.5938.88, chrome: {chromedriverVersion: 117.0.5938.88 (be6afae47212..., userDataDir: /tmp/.org.chromium.Chromium...}, fedcm:accounts: true, goog:chromeOptions: {debuggerAddress: localhost:33871}, networkConnectionEnabled: false, pageLoadStrategy: normal, platformName: linux, proxy: Proxy(), se:cdp: ws://localhost:33871/devtoo..., se:cdpVersion: 117.0.5938.88, setWindowRect: true, strictFileInteractability: false, timeouts: {implicit: 0, pageLoad: 300000, script: 30000}, unhandledPromptBehavior: dismiss and notify, webauthn:extension:credBlob: true, webauthn:extension:largeBlob: true, webauthn:extension:minPinLength: true, webauthn:extension:prf: true, webauthn:virtualAuthenticators: true}
Session ID: 4e86b87fd9bd575a554c4f6101a253ba
	at io.railflow.blazetest.samples.testng.webdriver.shoppingcart.TestShoppingCartBase.addToCart(TestShoppingCartBase.java:66)
	at io.railflow.blazetest.samples.testng.webdriver.shoppingcart.TestShoppingCartBase.addRemoveAndAddAgain(TestShoppingCartBase.java:117)
... Removed 29 stack frames
</div> <!-- stack-trace -->
                </div> <!-- method-content -->
              </div> <!-- method -->
            </div> <!-- main-panel-content rounded-window-bottom -->
          </div> <!-- suite-Surefire_suite-class-failed -->
          <div class="suite-Surefire_suite-class-failed">
            <div class="main-panel-header rounded-window-top">
              <img src="failed.png"/>
              <span class="class-name">io.railflow.blazetest.samples.testng.webdriver.shoppingcart.standard.TestShoppingCartStandardUserBoltTShirt</span>
            </div> <!-- main-panel-header rounded-window-top -->
            <div class="main-panel-content rounded-window-bottom">
              <div class="method">
                <div class="method-content">
                  <a name="addAndRemove">
                  </a> <!-- addAndRemove -->
                  <span class="method-name">addAndRemove</span>
                  <div class="stack-trace">java.lang.AssertionError: Unexpected exception (org.openqa.selenium.NoSuchElementException): no such element: Unable to locate element: {&quot;method&quot;:&quot;xpath&quot;,&quot;selector&quot;:&quot;//button[@id=&apos;add-to-cart-sauce-labs-bolt-t-shirt&apos;]&quot;}
  (Session info: chrome=117.0.5938.88)
For documentation on this error, please visit: https://www.selenium.dev/documentation/webdriver/troubleshooting/errors#no-such-element-exception
Build info: version: &apos;4.12.1&apos;, revision: &apos;8e34639b11&apos;
System info: os.name: &apos;Linux&apos;, os.arch: &apos;amd64&apos;, os.version: &apos;6.2.0-32-generic&apos;, java.version: &apos;19.0.2&apos;
Driver info: org.openqa.selenium.chrome.ChromeDriver
Command: [2c5a918c1206c37248ef79a0227a5b5a, findElement {using=xpath, value=//button[@id=&apos;add-to-cart-sauce-labs-bolt-t-shirt&apos;]}]
Capabilities {acceptInsecureCerts: false, browserName: chrome, browserVersion: 117.0.5938.88, chrome: {chromedriverVersion: 117.0.5938.88 (be6afae47212..., userDataDir: /tmp/.org.chromium.Chromium...}, fedcm:accounts: true, goog:chromeOptions: {debuggerAddress: localhost:38457}, networkConnectionEnabled: false, pageLoadStrategy: normal, platformName: linux, proxy: Proxy(), se:cdp: ws://localhost:38457/devtoo..., se:cdpVersion: 117.0.5938.88, setWindowRect: true, strictFileInteractability: false, timeouts: {implicit: 0, pageLoad: 300000, script: 30000}, unhandledPromptBehavior: dismiss and notify, webauthn:extension:credBlob: true, webauthn:extension:largeBlob: true, webauthn:extension:minPinLength: true, webauthn:extension:prf: true, webauthn:virtualAuthenticators: true}
Session ID: 2c5a918c1206c37248ef79a0227a5b5a
	at io.railflow.blazetest.samples.testng.webdriver.shoppingcart.TestShoppingCartBase.addToCart(TestShoppingCartBase.java:66)
	at io.railflow.blazetest.samples.testng.webdriver.shoppingcart.TestShoppingCartBase.addAndRemove(TestShoppingCartBase.java:111)
... Removed 29 stack frames
</div> <!-- stack-trace -->
                </div> <!-- method-content -->
              </div> <!-- method -->
              <div class="method">
                <div class="method-content">
                  <a name="addRemoveAndAddAgain">
                  </a> <!-- addRemoveAndAddAgain -->
                  <span class="method-name">addRemoveAndAddAgain</span>
                  <div class="stack-trace">java.lang.AssertionError: Unexpected exception (org.openqa.selenium.NoSuchElementException): no such element: Unable to locate element: {&quot;method&quot;:&quot;xpath&quot;,&quot;selector&quot;:&quot;//button[@id=&apos;add-to-cart-sauce-labs-bolt-t-shirt&apos;]&quot;}
  (Session info: chrome=117.0.5938.88)
For documentation on this error, please visit: https://www.selenium.dev/documentation/webdriver/troubleshooting/errors#no-such-element-exception
Build info: version: &apos;4.12.1&apos;, revision: &apos;8e34639b11&apos;
System info: os.name: &apos;Linux&apos;, os.arch: &apos;amd64&apos;, os.version: &apos;6.2.0-32-generic&apos;, java.version: &apos;19.0.2&apos;
Driver info: org.openqa.selenium.chrome.ChromeDriver
Command: [2c5a918c1206c37248ef79a0227a5b5a, findElement {using=xpath, value=//button[@id=&apos;add-to-cart-sauce-labs-bolt-t-shirt&apos;]}]
Capabilities {acceptInsecureCerts: false, browserName: chrome, browserVersion: 117.0.5938.88, chrome: {chromedriverVersion: 117.0.5938.88 (be6afae47212..., userDataDir: /tmp/.org.chromium.Chromium...}, fedcm:accounts: true, goog:chromeOptions: {debuggerAddress: localhost:38457}, networkConnectionEnabled: false, pageLoadStrategy: normal, platformName: linux, proxy: Proxy(), se:cdp: ws://localhost:38457/devtoo..., se:cdpVersion: 117.0.5938.88, setWindowRect: true, strictFileInteractability: false, timeouts: {implicit: 0, pageLoad: 300000, script: 30000}, unhandledPromptBehavior: dismiss and notify, webauthn:extension:credBlob: true, webauthn:extension:largeBlob: true, webauthn:extension:minPinLength: true, webauthn:extension:prf: true, webauthn:virtualAuthenticators: true}
Session ID: 2c5a918c1206c37248ef79a0227a5b5a
	at io.railflow.blazetest.samples.testng.webdriver.shoppingcart.TestShoppingCartBase.addToCart(TestShoppingCartBase.java:66)
	at io.railflow.blazetest.samples.testng.webdriver.shoppingcart.TestShoppingCartBase.addRemoveAndAddAgain(TestShoppingCartBase.java:117)
... Removed 29 stack frames
</div> <!-- stack-trace -->
                </div> <!-- method-content -->
              </div> <!-- method -->
            </div> <!-- main-panel-content rounded-window-bottom -->
          </div> <!-- suite-Surefire_suite-class-failed -->
          <div class="suite-Surefire_suite-class-failed">
            <div class="main-panel-header rounded-window-top">
              <img src="failed.png"/>
              <span class="class-name">io.railflow.blazetest.samples.testng.webdriver.TestLoginUserLockout</span>
            </div> <!-- main-panel-header rounded-window-top -->
            <div class="main-panel-content rounded-window-bottom">
              <div class="method">
                <div class="method-content">
                  <a name="emptyPassword">
                  </a> <!-- emptyPassword -->
                  <span class="method-name">emptyPassword</span>
                  <div class="stack-trace">java.lang.AssertionError: expected [Epic sadface: Password is required] but found [Epic sadface: Sorry, this user has been locked out.]
	at io.railflow.blazetest.samples.testng.webdriver.TestLoginBase.loginFailure(TestLoginBase.java:52)
	at io.railflow.blazetest.samples.testng.webdriver.TestLoginUserLockout.loginFailure(TestLoginUserLockout.java:22)
	at io.railflow.blazetest.samples.testng.webdriver.TestLoginUserLockout.emptyPassword(TestLoginUserLockout.java:32)
... Removed 34 stack frames
</div> <!-- stack-trace -->
                </div> <!-- method-content -->
              </div> <!-- method -->
              <div class="method">
                <div class="method-content">
                  <a name="missingPassword">
                  </a> <!-- missingPassword -->
                  <span class="method-name">missingPassword</span>
                  <div class="stack-trace">java.lang.AssertionError: expected [Epic sadface: Password is required] but found [Epic sadface: Sorry, this user has been locked out.]
	at io.railflow.blazetest.samples.testng.webdriver.TestLoginBase.loginFailure(TestLoginBase.java:52)
	at io.railflow.blazetest.samples.testng.webdriver.TestLoginUserLockout.loginFailure(TestLoginUserLockout.java:22)
	at io.railflow.blazetest.samples.testng.webdriver.TestLoginUserLockout.missingPassword(TestLoginUserLockout.java:27)
... Removed 34 stack frames
</div> <!-- stack-trace -->
                </div> <!-- method-content -->
              </div> <!-- method -->
              <div class="method">
                <div class="method-content">
                  <a name="userLockedOut">
                  </a> <!-- userLockedOut -->
                  <span class="method-name">userLockedOut</span>
                  <div class="stack-trace">java.lang.AssertionError: expected [Epic sadface: Username and password do not match any user in this service] but found [Epic sadface: Sorry, this user has been locked out.]
	at io.railflow.blazetest.samples.testng.webdriver.TestLoginBase.loginFailure(TestLoginBase.java:52)
	at io.railflow.blazetest.samples.testng.webdriver.TestLoginUserLockout.loginFailure(TestLoginUserLockout.java:22)
	at io.railflow.blazetest.samples.testng.webdriver.TestLoginUserLockout.userLockedOut(TestLoginUserLockout.java:37)
... Removed 34 stack frames
</div> <!-- stack-trace -->
                </div> <!-- method-content -->
              </div> <!-- method -->
            </div> <!-- main-panel-content rounded-window-bottom -->
          </div> <!-- suite-Surefire_suite-class-failed -->
          <div class="suite-Surefire_suite-class-failed">
            <div class="main-panel-header rounded-window-top">
              <img src="failed.png"/>
              <span class="class-name">io.railflow.blazetest.samples.testng.webdriver.shoppingcart.problem.TestShoppingCartProblemUserBikeLight</span>
            </div> <!-- main-panel-header rounded-window-top -->
            <div class="main-panel-content rounded-window-bottom">
              <div class="method">
                <div class="method-content">
                  <a name="addAndRemove">
                  </a> <!-- addAndRemove -->
                  <span class="method-name">addAndRemove</span>
                  <div class="stack-trace">java.lang.AssertionError: Unexpected exception (org.openqa.selenium.NoSuchElementException): no such element: Unable to locate element: {&quot;method&quot;:&quot;xpath&quot;,&quot;selector&quot;:&quot;//button[@id=&apos;add-to-cart-sauce-labs-bike-light&apos;]&quot;}
  (Session info: chrome=117.0.5938.88)
For documentation on this error, please visit: https://www.selenium.dev/documentation/webdriver/troubleshooting/errors#no-such-element-exception
Build info: version: &apos;4.12.1&apos;, revision: &apos;8e34639b11&apos;
System info: os.name: &apos;Linux&apos;, os.arch: &apos;amd64&apos;, os.version: &apos;6.2.0-32-generic&apos;, java.version: &apos;19.0.2&apos;
Driver info: org.openqa.selenium.chrome.ChromeDriver
Command: [cc530422152e8cc1336b3147c1a72f5d, findElement {using=xpath, value=//button[@id=&apos;add-to-cart-sauce-labs-bike-light&apos;]}]
Capabilities {acceptInsecureCerts: false, browserName: chrome, browserVersion: 117.0.5938.88, chrome: {chromedriverVersion: 117.0.5938.88 (be6afae47212..., userDataDir: /tmp/.org.chromium.Chromium...}, fedcm:accounts: true, goog:chromeOptions: {debuggerAddress: localhost:34899}, networkConnectionEnabled: false, pageLoadStrategy: normal, platformName: linux, proxy: Proxy(), se:cdp: ws://localhost:34899/devtoo..., se:cdpVersion: 117.0.5938.88, setWindowRect: true, strictFileInteractability: false, timeouts: {implicit: 0, pageLoad: 300000, script: 30000}, unhandledPromptBehavior: dismiss and notify, webauthn:extension:credBlob: true, webauthn:extension:largeBlob: true, webauthn:extension:minPinLength: true, webauthn:extension:prf: true, webauthn:virtualAuthenticators: true}
Session ID: cc530422152e8cc1336b3147c1a72f5d
	at io.railflow.blazetest.samples.testng.webdriver.shoppingcart.TestShoppingCartBase.addToCart(TestShoppingCartBase.java:66)
	at io.railflow.blazetest.samples.testng.webdriver.shoppingcart.TestShoppingCartBase.addAndRemove(TestShoppingCartBase.java:111)
... Removed 29 stack frames
</div> <!-- stack-trace -->
                </div> <!-- method-content -->
              </div> <!-- method -->
              <div class="method">
                <div class="method-content">
                  <a name="addRemoveAndAddAgain">
                  </a> <!-- addRemoveAndAddAgain -->
                  <span class="method-name">addRemoveAndAddAgain</span>
                  <div class="stack-trace">java.lang.AssertionError: Unexpected exception (org.openqa.selenium.NoSuchElementException): no such element: Unable to locate element: {&quot;method&quot;:&quot;xpath&quot;,&quot;selector&quot;:&quot;//button[@id=&apos;add-to-cart-sauce-labs-bike-light&apos;]&quot;}
  (Session info: chrome=117.0.5938.88)
For documentation on this error, please visit: https://www.selenium.dev/documentation/webdriver/troubleshooting/errors#no-such-element-exception
Build info: version: &apos;4.12.1&apos;, revision: &apos;8e34639b11&apos;
System info: os.name: &apos;Linux&apos;, os.arch: &apos;amd64&apos;, os.version: &apos;6.2.0-32-generic&apos;, java.version: &apos;19.0.2&apos;
Driver info: org.openqa.selenium.chrome.ChromeDriver
Command: [cc530422152e8cc1336b3147c1a72f5d, findElement {using=xpath, value=//button[@id=&apos;add-to-cart-sauce-labs-bike-light&apos;]}]
Capabilities {acceptInsecureCerts: false, browserName: chrome, browserVersion: 117.0.5938.88, chrome: {chromedriverVersion: 117.0.5938.88 (be6afae47212..., userDataDir: /tmp/.org.chromium.Chromium...}, fedcm:accounts: true, goog:chromeOptions: {debuggerAddress: localhost:34899}, networkConnectionEnabled: false, pageLoadStrategy: normal, platformName: linux, proxy: Proxy(), se:cdp: ws://localhost:34899/devtoo..., se:cdpVersion: 117.0.5938.88, setWindowRect: true, strictFileInteractability: false, timeouts: {implicit: 0, pageLoad: 300000, script: 30000}, unhandledPromptBehavior: dismiss and notify, webauthn:extension:credBlob: true, webauthn:extension:largeBlob: true, webauthn:extension:minPinLength: true, webauthn:extension:prf: true, webauthn:virtualAuthenticators: true}
Session ID: cc530422152e8cc1336b3147c1a72f5d
	at io.railflow.blazetest.samples.testng.webdriver.shoppingcart.TestShoppingCartBase.addToCart(TestShoppingCartBase.java:66)
	at io.railflow.blazetest.samples.testng.webdriver.shoppingcart.TestShoppingCartBase.addRemoveAndAddAgain(TestShoppingCartBase.java:117)
... Removed 29 stack frames
</div> <!-- stack-trace -->
                </div> <!-- method-content -->
              </div> <!-- method -->
              <div class="method">
                <div class="method-content">
                  <a name="image">
                  </a> <!-- image -->
                  <span class="method-name">image</span>
                  <div class="stack-trace">java.lang.AssertionError: expected [https://www.saucedemo.com/static/media/sl-404.168b1cce.jpg] but found [https://www.saucedemo.com/static/media/bike-light-1200x1500.37c843b0.jpg]
	at io.railflow.blazetest.samples.testng.webdriver.shoppingcart.TestShoppingCartBase.image(TestShoppingCartBase.java:101)
... Removed 34 stack frames
</div> <!-- stack-trace -->
                </div> <!-- method-content -->
              </div> <!-- method -->
            </div> <!-- main-panel-content rounded-window-bottom -->
          </div> <!-- suite-Surefire_suite-class-failed -->
          <div class="suite-Surefire_suite-class-failed">
            <div class="main-panel-header rounded-window-top">
              <img src="failed.png"/>
              <span class="class-name">io.railflow.blazetest.samples.testng.webdriver.TestHomePage</span>
            </div> <!-- main-panel-header rounded-window-top -->
            <div class="main-panel-content rounded-window-bottom">
              <div class="method">
                <div class="method-content">
                  <a name="errorElementAtStart">
                  </a> <!-- errorElementAtStart -->
                  <span class="method-name">errorElementAtStart</span>
                  <div class="stack-trace">java.lang.AssertionError: Unexpected exception (org.openqa.selenium.NoSuchElementException): no such element: Unable to locate element: {&quot;method&quot;:&quot;xpath&quot;,&quot;selector&quot;:&quot;//h3[@data-test=&apos;error&apos;]&quot;}
  (Session info: chrome=117.0.5938.88)
For documentation on this error, please visit: https://www.selenium.dev/documentation/webdriver/troubleshooting/errors#no-such-element-exception
Build info: version: &apos;4.12.1&apos;, revision: &apos;8e34639b11&apos;
System info: os.name: &apos;Linux&apos;, os.arch: &apos;amd64&apos;, os.version: &apos;6.2.0-32-generic&apos;, java.version: &apos;19.0.2&apos;
Driver info: org.openqa.selenium.chrome.ChromeDriver
Command: [69fd1d3a4a0cfacb2187db47aedaf477, findElement {using=xpath, value=//h3[@data-test=&apos;error&apos;]}]
Capabilities {acceptInsecureCerts: false, browserName: chrome, browserVersion: 117.0.5938.88, chrome: {chromedriverVersion: 117.0.5938.88 (be6afae47212..., userDataDir: /tmp/.org.chromium.Chromium...}, fedcm:accounts: true, goog:chromeOptions: {debuggerAddress: localhost:43173}, networkConnectionEnabled: false, pageLoadStrategy: normal, platformName: linux, proxy: Proxy(), se:cdp: ws://localhost:43173/devtoo..., se:cdpVersion: 117.0.5938.88, setWindowRect: true, strictFileInteractability: false, timeouts: {implicit: 0, pageLoad: 300000, script: 30000}, unhandledPromptBehavior: dismiss and notify, webauthn:extension:credBlob: true, webauthn:extension:largeBlob: true, webauthn:extension:minPinLength: true, webauthn:extension:prf: true, webauthn:virtualAuthenticators: true}
Session ID: 69fd1d3a4a0cfacb2187db47aedaf477
	at io.railflow.blazetest.samples.testng.webdriver.TestHomePage.errorElementAtStart(TestHomePage.java:71)
... Removed 29 stack frames
</div> <!-- stack-trace -->
                </div> <!-- method-content -->
              </div> <!-- method -->
            </div> <!-- main-panel-content rounded-window-bottom -->
          </div> <!-- suite-Surefire_suite-class-failed -->
          <div class="suite-Surefire_suite-class-failed">
            <div class="main-panel-header rounded-window-top">
              <img src="failed.png"/>
              <span class="class-name">io.railflow.blazetest.samples.testng.webdriver.shoppingcart.standard.TestShoppingCartStandardUserBikeLight</span>
            </div> <!-- main-panel-header rounded-window-top -->
            <div class="main-panel-content rounded-window-bottom">
              <div class="method">
                <div class="method-content">
                  <a name="addAndRemove">
                  </a> <!-- addAndRemove -->
                  <span class="method-name">addAndRemove</span>
                  <div class="stack-trace">java.lang.AssertionError: Unexpected exception (org.openqa.selenium.NoSuchElementException): no such element: Unable to locate element: {&quot;method&quot;:&quot;xpath&quot;,&quot;selector&quot;:&quot;//button[@id=&apos;add-to-cart-sauce-labs-bike-light&apos;]&quot;}
  (Session info: chrome=117.0.5938.88)
For documentation on this error, please visit: https://www.selenium.dev/documentation/webdriver/troubleshooting/errors#no-such-element-exception
Build info: version: &apos;4.12.1&apos;, revision: &apos;8e34639b11&apos;
System info: os.name: &apos;Linux&apos;, os.arch: &apos;amd64&apos;, os.version: &apos;6.2.0-32-generic&apos;, java.version: &apos;19.0.2&apos;
Driver info: org.openqa.selenium.chrome.ChromeDriver
Command: [c00461c82f1c5859aec45c490c589ae1, findElement {using=xpath, value=//button[@id=&apos;add-to-cart-sauce-labs-bike-light&apos;]}]
Capabilities {acceptInsecureCerts: false, browserName: chrome, browserVersion: 117.0.5938.88, chrome: {chromedriverVersion: 117.0.5938.88 (be6afae47212..., userDataDir: /tmp/.org.chromium.Chromium...}, fedcm:accounts: true, goog:chromeOptions: {debuggerAddress: localhost:43903}, networkConnectionEnabled: false, pageLoadStrategy: normal, platformName: linux, proxy: Proxy(), se:cdp: ws://localhost:43903/devtoo..., se:cdpVersion: 117.0.5938.88, setWindowRect: true, strictFileInteractability: false, timeouts: {implicit: 0, pageLoad: 300000, script: 30000}, unhandledPromptBehavior: dismiss and notify, webauthn:extension:credBlob: true, webauthn:extension:largeBlob: true, webauthn:extension:minPinLength: true, webauthn:extension:prf: true, webauthn:virtualAuthenticators: true}
Session ID: c00461c82f1c5859aec45c490c589ae1
	at io.railflow.blazetest.samples.testng.webdriver.shoppingcart.TestShoppingCartBase.addToCart(TestShoppingCartBase.java:66)
	at io.railflow.blazetest.samples.testng.webdriver.shoppingcart.TestShoppingCartBase.addAndRemove(TestShoppingCartBase.java:111)
... Removed 29 stack frames
</div> <!-- stack-trace -->
                </div> <!-- method-content -->
              </div> <!-- method -->
              <div class="method">
                <div class="method-content">
                  <a name="addRemoveAndAddAgain">
                  </a> <!-- addRemoveAndAddAgain -->
                  <span class="method-name">addRemoveAndAddAgain</span>
                  <div class="stack-trace">java.lang.AssertionError: Unexpected exception (org.openqa.selenium.NoSuchElementException): no such element: Unable to locate element: {&quot;method&quot;:&quot;xpath&quot;,&quot;selector&quot;:&quot;//button[@id=&apos;add-to-cart-sauce-labs-bike-light&apos;]&quot;}
  (Session info: chrome=117.0.5938.88)
For documentation on this error, please visit: https://www.selenium.dev/documentation/webdriver/troubleshooting/errors#no-such-element-exception
Build info: version: &apos;4.12.1&apos;, revision: &apos;8e34639b11&apos;
System info: os.name: &apos;Linux&apos;, os.arch: &apos;amd64&apos;, os.version: &apos;6.2.0-32-generic&apos;, java.version: &apos;19.0.2&apos;
Driver info: org.openqa.selenium.chrome.ChromeDriver
Command: [c00461c82f1c5859aec45c490c589ae1, findElement {using=xpath, value=//button[@id=&apos;add-to-cart-sauce-labs-bike-light&apos;]}]
Capabilities {acceptInsecureCerts: false, browserName: chrome, browserVersion: 117.0.5938.88, chrome: {chromedriverVersion: 117.0.5938.88 (be6afae47212..., userDataDir: /tmp/.org.chromium.Chromium...}, fedcm:accounts: true, goog:chromeOptions: {debuggerAddress: localhost:43903}, networkConnectionEnabled: false, pageLoadStrategy: normal, platformName: linux, proxy: Proxy(), se:cdp: ws://localhost:43903/devtoo..., se:cdpVersion: 117.0.5938.88, setWindowRect: true, strictFileInteractability: false, timeouts: {implicit: 0, pageLoad: 300000, script: 30000}, unhandledPromptBehavior: dismiss and notify, webauthn:extension:credBlob: true, webauthn:extension:largeBlob: true, webauthn:extension:minPinLength: true, webauthn:extension:prf: true, webauthn:virtualAuthenticators: true}
Session ID: c00461c82f1c5859aec45c490c589ae1
	at io.railflow.blazetest.samples.testng.webdriver.shoppingcart.TestShoppingCartBase.addToCart(TestShoppingCartBase.java:66)
	at io.railflow.blazetest.samples.testng.webdriver.shoppingcart.TestShoppingCartBase.addRemoveAndAddAgain(TestShoppingCartBase.java:117)
... Removed 29 stack frames
</div> <!-- stack-trace -->
                </div> <!-- method-content -->
              </div> <!-- method -->
            </div> <!-- main-panel-content rounded-window-bottom -->
          </div> <!-- suite-Surefire_suite-class-failed -->
          <div class="suite-Surefire_suite-class-failed">
            <div class="main-panel-header rounded-window-top">
              <img src="failed.png"/>
              <span class="class-name">io.railflow.blazetest.samples.testng.webdriver.shoppingcart.problem.TestShoppingCartProblemUserBoltTShirt</span>
            </div> <!-- main-panel-header rounded-window-top -->
            <div class="main-panel-content rounded-window-bottom">
              <div class="method">
                <div class="method-content">
                  <a name="addAndRemove">
                  </a> <!-- addAndRemove -->
                  <span class="method-name">addAndRemove</span>
                  <div class="stack-trace">java.lang.AssertionError: Unexpected exception (org.openqa.selenium.NoSuchElementException): no such element: Unable to locate element: {&quot;method&quot;:&quot;xpath&quot;,&quot;selector&quot;:&quot;//button[@id=&apos;remove-sauce-labs-bolt-t-shirt&apos;]&quot;}
  (Session info: chrome=117.0.5938.88)
For documentation on this error, please visit: https://www.selenium.dev/documentation/webdriver/troubleshooting/errors#no-such-element-exception
Build info: version: &apos;4.12.1&apos;, revision: &apos;8e34639b11&apos;
System info: os.name: &apos;Linux&apos;, os.arch: &apos;amd64&apos;, os.version: &apos;6.2.0-32-generic&apos;, java.version: &apos;19.0.2&apos;
Driver info: org.openqa.selenium.chrome.ChromeDriver
Command: [6fce7ee55769f5f60f6dc35915d31bed, findElement {using=xpath, value=//button[@id=&apos;remove-sauce-labs-bolt-t-shirt&apos;]}]
Capabilities {acceptInsecureCerts: false, browserName: chrome, browserVersion: 117.0.5938.88, chrome: {chromedriverVersion: 117.0.5938.88 (be6afae47212..., userDataDir: /tmp/.org.chromium.Chromium...}, fedcm:accounts: true, goog:chromeOptions: {debuggerAddress: localhost:35841}, networkConnectionEnabled: false, pageLoadStrategy: normal, platformName: linux, proxy: Proxy(), se:cdp: ws://localhost:35841/devtoo..., se:cdpVersion: 117.0.5938.88, setWindowRect: true, strictFileInteractability: false, timeouts: {implicit: 0, pageLoad: 300000, script: 30000}, unhandledPromptBehavior: dismiss and notify, webauthn:extension:credBlob: true, webauthn:extension:largeBlob: true, webauthn:extension:minPinLength: true, webauthn:extension:prf: true, webauthn:virtualAuthenticators: true}
Session ID: 6fce7ee55769f5f60f6dc35915d31bed
	at io.railflow.blazetest.samples.testng.webdriver.shoppingcart.TestShoppingCartBase.removeFromCart(TestShoppingCartBase.java:80)
	at io.railflow.blazetest.samples.testng.webdriver.shoppingcart.TestShoppingCartBase.addAndRemove(TestShoppingCartBase.java:112)
... Removed 29 stack frames
</div> <!-- stack-trace -->
                </div> <!-- method-content -->
              </div> <!-- method -->
              <div class="method">
                <div class="method-content">
                  <a name="addRemoveAndAddAgain">
                  </a> <!-- addRemoveAndAddAgain -->
                  <span class="method-name">addRemoveAndAddAgain</span>
                  <div class="stack-trace">java.lang.AssertionError: Unexpected exception (org.openqa.selenium.NoSuchElementException): no such element: Unable to locate element: {&quot;method&quot;:&quot;xpath&quot;,&quot;selector&quot;:&quot;//button[@id=&apos;remove-sauce-labs-bolt-t-shirt&apos;]&quot;}
  (Session info: chrome=117.0.5938.88)
For documentation on this error, please visit: https://www.selenium.dev/documentation/webdriver/troubleshooting/errors#no-such-element-exception
Build info: version: &apos;4.12.1&apos;, revision: &apos;8e34639b11&apos;
System info: os.name: &apos;Linux&apos;, os.arch: &apos;amd64&apos;, os.version: &apos;6.2.0-32-generic&apos;, java.version: &apos;19.0.2&apos;
Driver info: org.openqa.selenium.chrome.ChromeDriver
Command: [6fce7ee55769f5f60f6dc35915d31bed, findElement {using=xpath, value=//button[@id=&apos;remove-sauce-labs-bolt-t-shirt&apos;]}]
Capabilities {acceptInsecureCerts: false, browserName: chrome, browserVersion: 117.0.5938.88, chrome: {chromedriverVersion: 117.0.5938.88 (be6afae47212..., userDataDir: /tmp/.org.chromium.Chromium...}, fedcm:accounts: true, goog:chromeOptions: {debuggerAddress: localhost:35841}, networkConnectionEnabled: false, pageLoadStrategy: normal, platformName: linux, proxy: Proxy(), se:cdp: ws://localhost:35841/devtoo..., se:cdpVersion: 117.0.5938.88, setWindowRect: true, strictFileInteractability: false, timeouts: {implicit: 0, pageLoad: 300000, script: 30000}, unhandledPromptBehavior: dismiss and notify, webauthn:extension:credBlob: true, webauthn:extension:largeBlob: true, webauthn:extension:minPinLength: true, webauthn:extension:prf: true, webauthn:virtualAuthenticators: true}
Session ID: 6fce7ee55769f5f60f6dc35915d31bed
	at io.railflow.blazetest.samples.testng.webdriver.shoppingcart.TestShoppingCartBase.removeFromCart(TestShoppingCartBase.java:80)
	at io.railflow.blazetest.samples.testng.webdriver.shoppingcart.TestShoppingCartBase.addRemoveAndAddAgain(TestShoppingCartBase.java:118)
... Removed 29 stack frames
</div> <!-- stack-trace -->
                </div> <!-- method-content -->
              </div> <!-- method -->
              <div class="method">
                <div class="method-content">
                  <a name="image">
                  </a> <!-- image -->
                  <span class="method-name">image</span>
                  <div class="stack-trace">java.lang.AssertionError: expected [https://www.saucedemo.com/static/media/sl-404.168b1cce.jpg] but found [https://www.saucedemo.com/static/media/bolt-shirt-1200x1500.c2599ac5.jpg]
	at io.railflow.blazetest.samples.testng.webdriver.shoppingcart.TestShoppingCartBase.image(TestShoppingCartBase.java:101)
... Removed 34 stack frames
</div> <!-- stack-trace -->
                </div> <!-- method-content -->
              </div> <!-- method -->
            </div> <!-- main-panel-content rounded-window-bottom -->
          </div> <!-- suite-Surefire_suite-class-failed -->
          <div class="suite-Surefire_suite-class-failed">
            <div class="main-panel-header rounded-window-top">
              <img src="failed.png"/>
              <span class="class-name">io.railflow.blazetest.samples.testng.webdriver.TestLoginEmptyCredentials</span>
            </div> <!-- main-panel-header rounded-window-top -->
            <div class="main-panel-content rounded-window-bottom">
              <div class="method">
                <div class="method-content">
                  <a name="invalidUsernameEmptyPassword">
                  </a> <!-- invalidUsernameEmptyPassword -->
                  <span class="method-name">invalidUsernameEmptyPassword</span>
                  <div class="stack-trace">java.lang.AssertionError: expected [Epic sadface: Username and password do not match any user in this service] but found [Epic sadface: Password is required]
	at io.railflow.blazetest.samples.testng.webdriver.TestLoginBase.loginFailure(TestLoginBase.java:52)
	at io.railflow.blazetest.samples.testng.webdriver.TestLoginEmptyCredentials.invalidUsernameEmptyPassword(TestLoginEmptyCredentials.java:53)
... Removed 34 stack frames
</div> <!-- stack-trace -->
                </div> <!-- method-content -->
              </div> <!-- method -->
              <div class="method">
                <div class="method-content">
                  <a name="invalidUsernameMissingPassword">
                  </a> <!-- invalidUsernameMissingPassword -->
                  <span class="method-name">invalidUsernameMissingPassword</span>
                  <div class="stack-trace">java.lang.AssertionError: expected [Epic sadface: Username and password do not match any user in this service] but found [Epic sadface: Password is required]
	at io.railflow.blazetest.samples.testng.webdriver.TestLoginBase.loginFailure(TestLoginBase.java:52)
	at io.railflow.blazetest.samples.testng.webdriver.TestLoginEmptyCredentials.invalidUsernameMissingPassword(TestLoginEmptyCredentials.java:33)
... Removed 34 stack frames
</div> <!-- stack-trace -->
                </div> <!-- method-content -->
              </div> <!-- method -->
              <div class="method">
                <div class="method-content">
                  <a name="missingUsernameEmptyPassword">
                  </a> <!-- missingUsernameEmptyPassword -->
                  <span class="method-name">missingUsernameEmptyPassword</span>
                  <div class="stack-trace">java.lang.AssertionError: expected [Epic sadface: Username and password do not match any user in this service] but found [Epic sadface: Username is required]
	at io.railflow.blazetest.samples.testng.webdriver.TestLoginBase.loginFailure(TestLoginBase.java:52)
	at io.railflow.blazetest.samples.testng.webdriver.TestLoginEmptyCredentials.missingUsernameEmptyPassword(TestLoginEmptyCredentials.java:28)
... Removed 34 stack frames
</div> <!-- stack-trace -->
                </div> <!-- method-content -->
              </div> <!-- method -->
              <div class="method">
                <div class="method-content">
                  <a name="missingUsernameInvalidPassword">
                  </a> <!-- missingUsernameInvalidPassword -->
                  <span class="method-name">missingUsernameInvalidPassword</span>
                  <div class="stack-trace">java.lang.AssertionError: expected [Epic sadface: Username and password do not match any user in this service] but found [Epic sadface: Username is required]
	at io.railflow.blazetest.samples.testng.webdriver.TestLoginBase.loginFailure(TestLoginBase.java:52)
	at io.railflow.blazetest.samples.testng.webdriver.TestLoginEmptyCredentials.missingUsernameInvalidPassword(TestLoginEmptyCredentials.java:38)
... Removed 34 stack frames
</div> <!-- stack-trace -->
                </div> <!-- method-content -->
              </div> <!-- method -->
              <div class="method">
                <div class="method-content">
                  <a name="missingUsernameMissingPassword">
                  </a> <!-- missingUsernameMissingPassword -->
                  <span class="method-name">missingUsernameMissingPassword</span>
                  <div class="stack-trace">java.lang.AssertionError: expected [Epic sadface: Username and password do not match any user in this service] but found [Epic sadface: Username is required]
	at io.railflow.blazetest.samples.testng.webdriver.TestLoginBase.loginFailure(TestLoginBase.java:52)
	at io.railflow.blazetest.samples.testng.webdriver.TestLoginEmptyCredentials.missingUsernameMissingPassword(TestLoginEmptyCredentials.java:23)
... Removed 34 stack frames
</div> <!-- stack-trace -->
                </div> <!-- method-content -->
              </div> <!-- method -->
            </div> <!-- main-panel-content rounded-window-bottom -->
          </div> <!-- suite-Surefire_suite-class-failed -->
          <div class="suite-Surefire_suite-class-failed">
            <div class="main-panel-header rounded-window-top">
              <img src="failed.png"/>
              <span class="class-name">io.railflow.blazetest.samples.testng.webdriver.shoppingcart.problem.TestShoppingCartProblemUserBackPack</span>
            </div> <!-- main-panel-header rounded-window-top -->
            <div class="main-panel-content rounded-window-bottom">
              <div class="method">
                <div class="method-content">
                  <a name="addAndRemove">
                  </a> <!-- addAndRemove -->
                  <span class="method-name">addAndRemove</span>
                  <div class="stack-trace">java.lang.AssertionError: Unexpected exception (org.openqa.selenium.NoSuchElementException): no such element: Unable to locate element: {&quot;method&quot;:&quot;xpath&quot;,&quot;selector&quot;:&quot;//button[@id=&apos;add-to-cart-sauce-labs-backpack&apos;]&quot;}
  (Session info: chrome=117.0.5938.88)
For documentation on this error, please visit: https://www.selenium.dev/documentation/webdriver/troubleshooting/errors#no-such-element-exception
Build info: version: &apos;4.12.1&apos;, revision: &apos;8e34639b11&apos;
System info: os.name: &apos;Linux&apos;, os.arch: &apos;amd64&apos;, os.version: &apos;6.2.0-32-generic&apos;, java.version: &apos;19.0.2&apos;
Driver info: org.openqa.selenium.chrome.ChromeDriver
Command: [c7c154b2b1e3abb1177d74729ffc3a3a, findElement {using=xpath, value=//button[@id=&apos;add-to-cart-sauce-labs-backpack&apos;]}]
Capabilities {acceptInsecureCerts: false, browserName: chrome, browserVersion: 117.0.5938.88, chrome: {chromedriverVersion: 117.0.5938.88 (be6afae47212..., userDataDir: /tmp/.org.chromium.Chromium...}, fedcm:accounts: true, goog:chromeOptions: {debuggerAddress: localhost:46331}, networkConnectionEnabled: false, pageLoadStrategy: normal, platformName: linux, proxy: Proxy(), se:cdp: ws://localhost:46331/devtoo..., se:cdpVersion: 117.0.5938.88, setWindowRect: true, strictFileInteractability: false, timeouts: {implicit: 0, pageLoad: 300000, script: 30000}, unhandledPromptBehavior: dismiss and notify, webauthn:extension:credBlob: true, webauthn:extension:largeBlob: true, webauthn:extension:minPinLength: true, webauthn:extension:prf: true, webauthn:virtualAuthenticators: true}
Session ID: c7c154b2b1e3abb1177d74729ffc3a3a
	at io.railflow.blazetest.samples.testng.webdriver.shoppingcart.TestShoppingCartBase.addToCart(TestShoppingCartBase.java:66)
	at io.railflow.blazetest.samples.testng.webdriver.shoppingcart.TestShoppingCartBase.addAndRemove(TestShoppingCartBase.java:111)
... Removed 29 stack frames
</div> <!-- stack-trace -->
                </div> <!-- method-content -->
              </div> <!-- method -->
              <div class="method">
                <div class="method-content">
                  <a name="addRemoveAndAddAgain">
                  </a> <!-- addRemoveAndAddAgain -->
                  <span class="method-name">addRemoveAndAddAgain</span>
                  <div class="stack-trace">java.lang.AssertionError: Unexpected exception (org.openqa.selenium.NoSuchElementException): no such element: Unable to locate element: {&quot;method&quot;:&quot;xpath&quot;,&quot;selector&quot;:&quot;//button[@id=&apos;add-to-cart-sauce-labs-backpack&apos;]&quot;}
  (Session info: chrome=117.0.5938.88)
For documentation on this error, please visit: https://www.selenium.dev/documentation/webdriver/troubleshooting/errors#no-such-element-exception
Build info: version: &apos;4.12.1&apos;, revision: &apos;8e34639b11&apos;
System info: os.name: &apos;Linux&apos;, os.arch: &apos;amd64&apos;, os.version: &apos;6.2.0-32-generic&apos;, java.version: &apos;19.0.2&apos;
Driver info: org.openqa.selenium.chrome.ChromeDriver
Command: [c7c154b2b1e3abb1177d74729ffc3a3a, findElement {using=xpath, value=//button[@id=&apos;add-to-cart-sauce-labs-backpack&apos;]}]
Capabilities {acceptInsecureCerts: false, browserName: chrome, browserVersion: 117.0.5938.88, chrome: {chromedriverVersion: 117.0.5938.88 (be6afae47212..., userDataDir: /tmp/.org.chromium.Chromium...}, fedcm:accounts: true, goog:chromeOptions: {debuggerAddress: localhost:46331}, networkConnectionEnabled: false, pageLoadStrategy: normal, platformName: linux, proxy: Proxy(), se:cdp: ws://localhost:46331/devtoo..., se:cdpVersion: 117.0.5938.88, setWindowRect: true, strictFileInteractability: false, timeouts: {implicit: 0, pageLoad: 300000, script: 30000}, unhandledPromptBehavior: dismiss and notify, webauthn:extension:credBlob: true, webauthn:extension:largeBlob: true, webauthn:extension:minPinLength: true, webauthn:extension:prf: true, webauthn:virtualAuthenticators: true}
Session ID: c7c154b2b1e3abb1177d74729ffc3a3a
	at io.railflow.blazetest.samples.testng.webdriver.shoppingcart.TestShoppingCartBase.addToCart(TestShoppingCartBase.java:66)
	at io.railflow.blazetest.samples.testng.webdriver.shoppingcart.TestShoppingCartBase.addRemoveAndAddAgain(TestShoppingCartBase.java:117)
... Removed 29 stack frames
</div> <!-- stack-trace -->
                </div> <!-- method-content -->
              </div> <!-- method -->
              <div class="method">
                <div class="method-content">
                  <a name="image">
                  </a> <!-- image -->
                  <span class="method-name">image</span>
                  <div class="stack-trace">java.lang.AssertionError: expected [https://www.saucedemo.com/static/media/sl-404.168b1cce.jpg] but found [https://www.saucedemo.com/static/media/sauce-backpack-1200x1500.0a0b85a3.jpg]
	at io.railflow.blazetest.samples.testng.webdriver.shoppingcart.TestShoppingCartBase.image(TestShoppingCartBase.java:101)
... Removed 34 stack frames
</div> <!-- stack-trace -->
                </div> <!-- method-content -->
              </div> <!-- method -->
            </div> <!-- main-panel-content rounded-window-bottom -->
          </div> <!-- suite-Surefire_suite-class-failed -->
          <div class="suite-Surefire_suite-class-passed">
            <div class="main-panel-header rounded-window-top">
              <img src="passed.png"/>
              <span class="class-name">io.railflow.blazetest.samples.testng.webdriver.shoppingcart.standard.TestShoppingCartStandardUserBoltTShirt</span>
            </div> <!-- main-panel-header rounded-window-top -->
            <div class="main-panel-content rounded-window-bottom">
              <div class="method">
                <div class="method-content">
                  <a name="add">
                  </a> <!-- add -->
                  <span class="method-name">add</span>
                </div> <!-- method-content -->
              </div> <!-- method -->
              <div class="method">
                <div class="method-content">
                  <a name="image">
                  </a> <!-- image -->
                  <span class="method-name">image</span>
                </div> <!-- method-content -->
              </div> <!-- method -->
              <div class="method">
                <div class="method-content">
                  <a name="name">
                  </a> <!-- name -->
                  <span class="method-name">name</span>
                </div> <!-- method-content -->
              </div> <!-- method -->
              <div class="method">
                <div class="method-content">
                  <a name="price">
                  </a> <!-- price -->
                  <span class="method-name">price</span>
                </div> <!-- method-content -->
              </div> <!-- method -->
            </div> <!-- main-panel-content rounded-window-bottom -->
          </div> <!-- suite-Surefire_suite-class-passed -->
          <div class="suite-Surefire_suite-class-passed">
            <div class="main-panel-header rounded-window-top">
              <img src="passed.png"/>
              <span class="class-name">io.railflow.blazetest.samples.testng.webdriver.shoppingcart.problem.TestShoppingCartProblemUserBikeLight</span>
            </div> <!-- main-panel-header rounded-window-top -->
            <div class="main-panel-content rounded-window-bottom">
              <div class="method">
                <div class="method-content">
                  <a name="add">
                  </a> <!-- add -->
                  <span class="method-name">add</span>
                </div> <!-- method-content -->
              </div> <!-- method -->
              <div class="method">
                <div class="method-content">
                  <a name="name">
                  </a> <!-- name -->
                  <span class="method-name">name</span>
                </div> <!-- method-content -->
              </div> <!-- method -->
              <div class="method">
                <div class="method-content">
                  <a name="price">
                  </a> <!-- price -->
                  <span class="method-name">price</span>
                </div> <!-- method-content -->
              </div> <!-- method -->
            </div> <!-- main-panel-content rounded-window-bottom -->
          </div> <!-- suite-Surefire_suite-class-passed -->
          <div class="suite-Surefire_suite-class-passed">
            <div class="main-panel-header rounded-window-top">
              <img src="passed.png"/>
              <span class="class-name">io.railflow.blazetest.samples.testng.webdriver.shoppingcart.problem.TestShoppingCartProblemUserBoltTShirt</span>
            </div> <!-- main-panel-header rounded-window-top -->
            <div class="main-panel-content rounded-window-bottom">
              <div class="method">
                <div class="method-content">
                  <a name="add">
                  </a> <!-- add -->
                  <span class="method-name">add</span>
                </div> <!-- method-content -->
              </div> <!-- method -->
              <div class="method">
                <div class="method-content">
                  <a name="name">
                  </a> <!-- name -->
                  <span class="method-name">name</span>
                </div> <!-- method-content -->
              </div> <!-- method -->
              <div class="method">
                <div class="method-content">
                  <a name="price">
                  </a> <!-- price -->
                  <span class="method-name">price</span>
                </div> <!-- method-content -->
              </div> <!-- method -->
            </div> <!-- main-panel-content rounded-window-bottom -->
          </div> <!-- suite-Surefire_suite-class-passed -->
          <div class="suite-Surefire_suite-class-passed">
            <div class="main-panel-header rounded-window-top">
              <img src="passed.png"/>
              <span class="class-name">io.railflow.blazetest.samples.testng.webdriver.shoppingcart.problem.TestShoppingCartProblemUserInventory</span>
            </div> <!-- main-panel-header rounded-window-top -->
            <div class="main-panel-content rounded-window-bottom">
              <div class="method">
                <div class="method-content">
                  <a name="inventoryItemCount">
                  </a> <!-- inventoryItemCount -->
                  <span class="method-name">inventoryItemCount</span>
                </div> <!-- method-content -->
              </div> <!-- method -->
              <div class="method">
                <div class="method-content">
                  <a name="inventoryItemDescCount">
                  </a> <!-- inventoryItemDescCount -->
                  <span class="method-name">inventoryItemDescCount</span>
                </div> <!-- method-content -->
              </div> <!-- method -->
              <div class="method">
                <div class="method-content">
                  <a name="inventoryItemDescriptionCount">
                  </a> <!-- inventoryItemDescriptionCount -->
                  <span class="method-name">inventoryItemDescriptionCount</span>
                </div> <!-- method-content -->
              </div> <!-- method -->
              <div class="method">
                <div class="method-content">
                  <a name="inventoryItemImgCount">
                  </a> <!-- inventoryItemImgCount -->
                  <span class="method-name">inventoryItemImgCount</span>
                </div> <!-- method-content -->
              </div> <!-- method -->
              <div class="method">
                <div class="method-content">
                  <a name="inventoryItemLabelCount">
                  </a> <!-- inventoryItemLabelCount -->
                  <span class="method-name">inventoryItemLabelCount</span>
                </div> <!-- method-content -->
              </div> <!-- method -->
              <div class="method">
                <div class="method-content">
                  <a name="inventoryItemNameCount">
                  </a> <!-- inventoryItemNameCount -->
                  <span class="method-name">inventoryItemNameCount</span>
                </div> <!-- method-content -->
              </div> <!-- method -->
              <div class="method">
                <div class="method-content">
                  <a name="inventoryItemPriceCount">
                  </a> <!-- inventoryItemPriceCount -->
                  <span class="method-name">inventoryItemPriceCount</span>
                </div> <!-- method-content -->
              </div> <!-- method -->
              <div class="method">
                <div class="method-content">
                  <a name="pricebar">
                  </a> <!-- pricebar -->
                  <span class="method-name">pricebar</span>
                </div> <!-- method-content -->
              </div> <!-- method -->
            </div> <!-- main-panel-content rounded-window-bottom -->
          </div> <!-- suite-Surefire_suite-class-passed -->
          <div class="suite-Surefire_suite-class-passed">
            <div class="main-panel-header rounded-window-top">
              <img src="passed.png"/>
              <span class="class-name">io.railflow.blazetest.samples.testng.webdriver.TestHomePagePasswordInput</span>
            </div> <!-- main-panel-header rounded-window-top -->
            <div class="main-panel-content rounded-window-bottom">
              <div class="method">
                <div class="method-content">
                  <a name="attribute(type, password)">
                  </a> <!-- attribute(type, password) -->
                  <span class="method-name">attribute</span>
                  <span class="parameters">(type, password)</span>
                </div> <!-- method-content -->
              </div> <!-- method -->
              <div class="method">
                <div class="method-content">
                  <a name="attribute(autocapitalize, none)">
                  </a> <!-- attribute(autocapitalize, none) -->
                  <span class="method-name">attribute</span>
                  <span class="parameters">(autocapitalize, none)</span>
                </div> <!-- method-content -->
              </div> <!-- method -->
              <div class="method">
                <div class="method-content">
                  <a name="attribute(name, password)">
                  </a> <!-- attribute(name, password) -->
                  <span class="method-name">attribute</span>
                  <span class="parameters">(name, password)</span>
                </div> <!-- method-content -->
              </div> <!-- method -->
              <div class="method">
                <div class="method-content">
                  <a name="attribute(placeholder, Password)">
                  </a> <!-- attribute(placeholder, Password) -->
                  <span class="method-name">attribute</span>
                  <span class="parameters">(placeholder, Password)</span>
                </div> <!-- method-content -->
              </div> <!-- method -->
              <div class="method">
                <div class="method-content">
                  <a name="attribute(autocorrect, off)">
                  </a> <!-- attribute(autocorrect, off) -->
                  <span class="method-name">attribute</span>
                  <span class="parameters">(autocorrect, off)</span>
                </div> <!-- method-content -->
              </div> <!-- method -->
              <div class="method">
                <div class="method-content">
                  <a name="text">
                  </a> <!-- text -->
                  <span class="method-name">text</span>
                </div> <!-- method-content -->
              </div> <!-- method -->
            </div> <!-- main-panel-content rounded-window-bottom -->
          </div> <!-- suite-Surefire_suite-class-passed -->
          <div class="suite-Surefire_suite-class-passed">
            <div class="main-panel-header rounded-window-top">
              <img src="passed.png"/>
              <span class="class-name">io.railflow.blazetest.samples.testng.webdriver.TestLoginEmptyCredentials</span>
            </div> <!-- main-panel-header rounded-window-top -->
            <div class="main-panel-content rounded-window-bottom">
              <div class="method">
                <div class="method-content">
                  <a name="emptyUsernameEmptyPassword">
                  </a> <!-- emptyUsernameEmptyPassword -->
                  <span class="method-name">emptyUsernameEmptyPassword</span>
                </div> <!-- method-content -->
              </div> <!-- method -->
              <div class="method">
                <div class="method-content">
                  <a name="emptyUsernameInvalidPassword">
                  </a> <!-- emptyUsernameInvalidPassword -->
                  <span class="method-name">emptyUsernameInvalidPassword</span>
                </div> <!-- method-content -->
              </div> <!-- method -->
              <div class="method">
                <div class="method-content">
                  <a name="emptyUsernameMissingPassword">
                  </a> <!-- emptyUsernameMissingPassword -->
                  <span class="method-name">emptyUsernameMissingPassword</span>
                </div> <!-- method-content -->
              </div> <!-- method -->
            </div> <!-- main-panel-content rounded-window-bottom -->
          </div> <!-- suite-Surefire_suite-class-passed -->
          <div class="suite-Surefire_suite-class-passed">
            <div class="main-panel-header rounded-window-top">
              <img src="passed.png"/>
              <span class="class-name">io.railflow.blazetest.samples.testng.webdriver.TestLoginInvalidCredentials</span>
            </div> <!-- main-panel-header rounded-window-top -->
            <div class="main-panel-content rounded-window-bottom">
              <div class="method">
                <div class="method-content">
                  <a name="invalidUsernameInvalidPassword">
                  </a> <!-- invalidUsernameInvalidPassword -->
                  <span class="method-name">invalidUsernameInvalidPassword</span>
                </div> <!-- method-content -->
              </div> <!-- method -->
              <div class="method">
                <div class="method-content">
                  <a name="lockedOutUserInvliadPassword">
                  </a> <!-- lockedOutUserInvliadPassword -->
                  <span class="method-name">lockedOutUserInvliadPassword</span>
                </div> <!-- method-content -->
              </div> <!-- method -->
              <div class="method">
                <div class="method-content">
                  <a name="longPassword">
                  </a> <!-- longPassword -->
                  <span class="method-name">longPassword</span>
                </div> <!-- method-content -->
              </div> <!-- method -->
              <div class="method">
                <div class="method-content">
                  <a name="longUsername">
                  </a> <!-- longUsername -->
                  <span class="method-name">longUsername</span>
                </div> <!-- method-content -->
              </div> <!-- method -->
              <div class="method">
                <div class="method-content">
                  <a name="passwordWithNumbers">
                  </a> <!-- passwordWithNumbers -->
                  <span class="method-name">passwordWithNumbers</span>
                </div> <!-- method-content -->
              </div> <!-- method -->
              <div class="method">
                <div class="method-content">
                  <a name="passwordWithSpaces">
                  </a> <!-- passwordWithSpaces -->
                  <span class="method-name">passwordWithSpaces</span>
                </div> <!-- method-content -->
              </div> <!-- method -->
              <div class="method">
                <div class="method-content">
                  <a name="passwordWithSpecialCharacters">
                  </a> <!-- passwordWithSpecialCharacters -->
                  <span class="method-name">passwordWithSpecialCharacters</span>
                </div> <!-- method-content -->
              </div> <!-- method -->
              <div class="method">
                <div class="method-content">
                  <a name="performanceGlitchUserInvliadPassword">
                  </a> <!-- performanceGlitchUserInvliadPassword -->
                  <span class="method-name">performanceGlitchUserInvliadPassword</span>
                </div> <!-- method-content -->
              </div> <!-- method -->
              <div class="method">
                <div class="method-content">
                  <a name="problemUserInvliadPassword">
                  </a> <!-- problemUserInvliadPassword -->
                  <span class="method-name">problemUserInvliadPassword</span>
                </div> <!-- method-content -->
              </div> <!-- method -->
              <div class="method">
                <div class="method-content">
                  <a name="usernameWithNumbers">
                  </a> <!-- usernameWithNumbers -->
                  <span class="method-name">usernameWithNumbers</span>
                </div> <!-- method-content -->
              </div> <!-- method -->
              <div class="method">
                <div class="method-content">
                  <a name="usernameWithSpaces">
                  </a> <!-- usernameWithSpaces -->
                  <span class="method-name">usernameWithSpaces</span>
                </div> <!-- method-content -->
              </div> <!-- method -->
              <div class="method">
                <div class="method-content">
                  <a name="usernameWithSpecialCharacters">
                  </a> <!-- usernameWithSpecialCharacters -->
                  <span class="method-name">usernameWithSpecialCharacters</span>
                </div> <!-- method-content -->
              </div> <!-- method -->
              <div class="method">
                <div class="method-content">
                  <a name="validUserInvliadPassword">
                  </a> <!-- validUserInvliadPassword -->
                  <span class="method-name">validUserInvliadPassword</span>
                </div> <!-- method-content -->
              </div> <!-- method -->
            </div> <!-- main-panel-content rounded-window-bottom -->
          </div> <!-- suite-Surefire_suite-class-passed -->
          <div class="suite-Surefire_suite-class-passed">
            <div class="main-panel-header rounded-window-top">
              <img src="passed.png"/>
              <span class="class-name">io.railflow.blazetest.samples.testng.webdriver.shoppingcart.standard.TestShoppingCartStandardUserBackPack</span>
            </div> <!-- main-panel-header rounded-window-top -->
            <div class="main-panel-content rounded-window-bottom">
              <div class="method">
                <div class="method-content">
                  <a name="add">
                  </a> <!-- add -->
                  <span class="method-name">add</span>
                </div> <!-- method-content -->
              </div> <!-- method -->
              <div class="method">
                <div class="method-content">
                  <a name="image">
                  </a> <!-- image -->
                  <span class="method-name">image</span>
                </div> <!-- method-content -->
              </div> <!-- method -->
              <div class="method">
                <div class="method-content">
                  <a name="name">
                  </a> <!-- name -->
                  <span class="method-name">name</span>
                </div> <!-- method-content -->
              </div> <!-- method -->
              <div class="method">
                <div class="method-content">
                  <a name="price">
                  </a> <!-- price -->
                  <span class="method-name">price</span>
                </div> <!-- method-content -->
              </div> <!-- method -->
            </div> <!-- main-panel-content rounded-window-bottom -->
          </div> <!-- suite-Surefire_suite-class-passed -->
          <div class="suite-Surefire_suite-class-passed">
            <div class="main-panel-header rounded-window-top">
              <img src="passed.png"/>
              <span class="class-name">io.railflow.blazetest.samples.testng.webdriver.TestHomePageLoginButton</span>
            </div> <!-- main-panel-header rounded-window-top -->
            <div class="main-panel-content rounded-window-bottom">
              <div class="method">
                <div class="method-content">
                  <a name="name">
                  </a> <!-- name -->
                  <span class="method-name">name</span>
                </div> <!-- method-content -->
              </div> <!-- method -->
              <div class="method">
                <div class="method-content">
                  <a name="type">
                  </a> <!-- type -->
                  <span class="method-name">type</span>
                </div> <!-- method-content -->
              </div> <!-- method -->
              <div class="method">
                <div class="method-content">
                  <a name="value">
                  </a> <!-- value -->
                  <span class="method-name">value</span>
                </div> <!-- method-content -->
              </div> <!-- method -->
            </div> <!-- main-panel-content rounded-window-bottom -->
          </div> <!-- suite-Surefire_suite-class-passed -->
          <div class="suite-Surefire_suite-class-passed">
            <div class="main-panel-header rounded-window-top">
              <img src="passed.png"/>
              <span class="class-name">io.railflow.blazetest.samples.testng.webdriver.TestLoginSuccess</span>
            </div> <!-- main-panel-header rounded-window-top -->
            <div class="main-panel-content rounded-window-bottom">
              <div class="method">
                <div class="method-content">
                  <a name="description">
                  </a> <!-- description -->
                  <span class="method-name">description</span>
                </div> <!-- method-content -->
              </div> <!-- method -->
              <div class="method">
                <div class="method-content">
                  <a name="facebookLink">
                  </a> <!-- facebookLink -->
                  <span class="method-name">facebookLink</span>
                </div> <!-- method-content -->
              </div> <!-- method -->
              <div class="method">
                <div class="method-content">
                  <a name="facebookText">
                  </a> <!-- facebookText -->
                  <span class="method-name">facebookText</span>
                </div> <!-- method-content -->
              </div> <!-- method -->
              <div class="method">
                <div class="method-content">
                  <a name="linkedinLink">
                  </a> <!-- linkedinLink -->
                  <span class="method-name">linkedinLink</span>
                </div> <!-- method-content -->
              </div> <!-- method -->
              <div class="method">
                <div class="method-content">
                  <a name="linkedinText">
                  </a> <!-- linkedinText -->
                  <span class="method-name">linkedinText</span>
                </div> <!-- method-content -->
              </div> <!-- method -->
              <div class="method">
                <div class="method-content">
                  <a name="manifestLink">
                  </a> <!-- manifestLink -->
                  <span class="method-name">manifestLink</span>
                </div> <!-- method-content -->
              </div> <!-- method -->
              <div class="method">
                <div class="method-content">
                  <a name="stylesheetLink">
                  </a> <!-- stylesheetLink -->
                  <span class="method-name">stylesheetLink</span>
                </div> <!-- method-content -->
              </div> <!-- method -->
              <div class="method">
                <div class="method-content">
                  <a name="title">
                  </a> <!-- title -->
                  <span class="method-name">title</span>
                </div> <!-- method-content -->
              </div> <!-- method -->
              <div class="method">
                <div class="method-content">
                  <a name="twitterLink">
                  </a> <!-- twitterLink -->
                  <span class="method-name">twitterLink</span>
                </div> <!-- method-content -->
              </div> <!-- method -->
              <div class="method">
                <div class="method-content">
                  <a name="twitterText">
                  </a> <!-- twitterText -->
                  <span class="method-name">twitterText</span>
                </div> <!-- method-content -->
              </div> <!-- method -->
            </div> <!-- main-panel-content rounded-window-bottom -->
          </div> <!-- suite-Surefire_suite-class-passed -->
          <div class="suite-Surefire_suite-class-passed">
            <div class="main-panel-header rounded-window-top">
              <img src="passed.png"/>
              <span class="class-name">io.railflow.blazetest.samples.testng.webdriver.TestHomePage</span>
            </div> <!-- main-panel-header rounded-window-top -->
            <div class="main-panel-content rounded-window-bottom">
              <div class="method">
                <div class="method-content">
                  <a name="description">
                  </a> <!-- description -->
                  <span class="method-name">description</span>
                </div> <!-- method-content -->
              </div> <!-- method -->
              <div class="method">
                <div class="method-content">
                  <a name="manifestLink">
                  </a> <!-- manifestLink -->
                  <span class="method-name">manifestLink</span>
                </div> <!-- method-content -->
              </div> <!-- method -->
              <div class="method">
                <div class="method-content">
                  <a name="noErrorElementAtStart">
                  </a> <!-- noErrorElementAtStart -->
                  <span class="method-name">noErrorElementAtStart</span>
                </div> <!-- method-content -->
              </div> <!-- method -->
              <div class="method">
                <div class="method-content">
                  <a name="robots">
                  </a> <!-- robots -->
                  <span class="method-name">robots</span>
                </div> <!-- method-content -->
              </div> <!-- method -->
              <div class="method">
                <div class="method-content">
                  <a name="stylesheetLink">
                  </a> <!-- stylesheetLink -->
                  <span class="method-name">stylesheetLink</span>
                </div> <!-- method-content -->
              </div> <!-- method -->
              <div class="method">
                <div class="method-content">
                  <a name="title">
                  </a> <!-- title -->
                  <span class="method-name">title</span>
                </div> <!-- method-content -->
              </div> <!-- method -->
            </div> <!-- main-panel-content rounded-window-bottom -->
          </div> <!-- suite-Surefire_suite-class-passed -->
          <div class="suite-Surefire_suite-class-passed">
            <div class="main-panel-header rounded-window-top">
              <img src="passed.png"/>
              <span class="class-name">io.railflow.blazetest.samples.testng.webdriver.shoppingcart.standard.TestShoppingCartStandardUserBikeLight</span>
            </div> <!-- main-panel-header rounded-window-top -->
            <div class="main-panel-content rounded-window-bottom">
              <div class="method">
                <div class="method-content">
                  <a name="add">
                  </a> <!-- add -->
                  <span class="method-name">add</span>
                </div> <!-- method-content -->
              </div> <!-- method -->
              <div class="method">
                <div class="method-content">
                  <a name="image">
                  </a> <!-- image -->
                  <span class="method-name">image</span>
                </div> <!-- method-content -->
              </div> <!-- method -->
              <div class="method">
                <div class="method-content">
                  <a name="name">
                  </a> <!-- name -->
                  <span class="method-name">name</span>
                </div> <!-- method-content -->
              </div> <!-- method -->
              <div class="method">
                <div class="method-content">
                  <a name="price">
                  </a> <!-- price -->
                  <span class="method-name">price</span>
                </div> <!-- method-content -->
              </div> <!-- method -->
            </div> <!-- main-panel-content rounded-window-bottom -->
          </div> <!-- suite-Surefire_suite-class-passed -->
          <div class="suite-Surefire_suite-class-passed">
            <div class="main-panel-header rounded-window-top">
              <img src="passed.png"/>
              <span class="class-name">io.railflow.blazetest.samples.testng.webdriver.shoppingcart.standard.TestShoppingCartStandardUserInventory</span>
            </div> <!-- main-panel-header rounded-window-top -->
            <div class="main-panel-content rounded-window-bottom">
              <div class="method">
                <div class="method-content">
                  <a name="inventoryItemCount">
                  </a> <!-- inventoryItemCount -->
                  <span class="method-name">inventoryItemCount</span>
                </div> <!-- method-content -->
              </div> <!-- method -->
              <div class="method">
                <div class="method-content">
                  <a name="inventoryItemDescCount">
                  </a> <!-- inventoryItemDescCount -->
                  <span class="method-name">inventoryItemDescCount</span>
                </div> <!-- method-content -->
              </div> <!-- method -->
              <div class="method">
                <div class="method-content">
                  <a name="inventoryItemDescriptionCount">
                  </a> <!-- inventoryItemDescriptionCount -->
                  <span class="method-name">inventoryItemDescriptionCount</span>
                </div> <!-- method-content -->
              </div> <!-- method -->
              <div class="method">
                <div class="method-content">
                  <a name="inventoryItemImgCount">
                  </a> <!-- inventoryItemImgCount -->
                  <span class="method-name">inventoryItemImgCount</span>
                </div> <!-- method-content -->
              </div> <!-- method -->
              <div class="method">
                <div class="method-content">
                  <a name="inventoryItemLabelCount">
                  </a> <!-- inventoryItemLabelCount -->
                  <span class="method-name">inventoryItemLabelCount</span>
                </div> <!-- method-content -->
              </div> <!-- method -->
              <div class="method">
                <div class="method-content">
                  <a name="inventoryItemNameCount">
                  </a> <!-- inventoryItemNameCount -->
                  <span class="method-name">inventoryItemNameCount</span>
                </div> <!-- method-content -->
              </div> <!-- method -->
              <div class="method">
                <div class="method-content">
                  <a name="inventoryItemPriceCount">
                  </a> <!-- inventoryItemPriceCount -->
                  <span class="method-name">inventoryItemPriceCount</span>
                </div> <!-- method-content -->
              </div> <!-- method -->
              <div class="method">
                <div class="method-content">
                  <a name="pricebar">
                  </a> <!-- pricebar -->
                  <span class="method-name">pricebar</span>
                </div> <!-- method-content -->
              </div> <!-- method -->
            </div> <!-- main-panel-content rounded-window-bottom -->
          </div> <!-- suite-Surefire_suite-class-passed -->
          <div class="suite-Surefire_suite-class-passed">
            <div class="main-panel-header rounded-window-top">
              <img src="passed.png"/>
              <span class="class-name">io.railflow.blazetest.samples.testng.webdriver.TestHomePageUsernameInput</span>
            </div> <!-- main-panel-header rounded-window-top -->
            <div class="main-panel-content rounded-window-bottom">
              <div class="method">
                <div class="method-content">
                  <a name="autoCapitalize">
                  </a> <!-- autoCapitalize -->
                  <span class="method-name">autoCapitalize</span>
                </div> <!-- method-content -->
              </div> <!-- method -->
              <div class="method">
                <div class="method-content">
                  <a name="autoCorrect">
                  </a> <!-- autoCorrect -->
                  <span class="method-name">autoCorrect</span>
                </div> <!-- method-content -->
              </div> <!-- method -->
              <div class="method">
                <div class="method-content">
                  <a name="name">
                  </a> <!-- name -->
                  <span class="method-name">name</span>
                </div> <!-- method-content -->
              </div> <!-- method -->
              <div class="method">
                <div class="method-content">
                  <a name="placeholder">
                  </a> <!-- placeholder -->
                  <span class="method-name">placeholder</span>
                </div> <!-- method-content -->
              </div> <!-- method -->
              <div class="method">
                <div class="method-content">
                  <a name="text">
                  </a> <!-- text -->
                  <span class="method-name">text</span>
                </div> <!-- method-content -->
              </div> <!-- method -->
              <div class="method">
                <div class="method-content">
                  <a name="type">
                  </a> <!-- type -->
                  <span class="method-name">type</span>
                </div> <!-- method-content -->
              </div> <!-- method -->
            </div> <!-- main-panel-content rounded-window-bottom -->
          </div> <!-- suite-Surefire_suite-class-passed -->
          <div class="suite-Surefire_suite-class-passed">
            <div class="main-panel-header rounded-window-top">
              <img src="passed.png"/>
              <span class="class-name">io.railflow.blazetest.samples.testng.webdriver.shoppingcart.problem.TestShoppingCartProblemUserBackPack</span>
            </div> <!-- main-panel-header rounded-window-top -->
            <div class="main-panel-content rounded-window-bottom">
              <div class="method">
                <div class="method-content">
                  <a name="add">
                  </a> <!-- add -->
                  <span class="method-name">add</span>
                </div> <!-- method-content -->
              </div> <!-- method -->
              <div class="method">
                <div class="method-content">
                  <a name="name">
                  </a> <!-- name -->
                  <span class="method-name">name</span>
                </div> <!-- method-content -->
              </div> <!-- method -->
              <div class="method">
                <div class="method-content">
                  <a name="price">
                  </a> <!-- price -->
                  <span class="method-name">price</span>
                </div> <!-- method-content -->
              </div> <!-- method -->
            </div> <!-- main-panel-content rounded-window-bottom -->
          </div> <!-- suite-Surefire_suite-class-passed -->
        </div> <!-- panel Surefire_suite -->
        <div panel-name="test-xml-Surefire_suite" class="panel">
          <div class="main-panel-header rounded-window-top">
          </div> <!-- main-panel-header rounded-window-top -->
          <div class="main-panel-content rounded-window-bottom">
            <pre>
&lt;?xml version=&quot;1.0&quot; encoding=&quot;UTF-8&quot;?&gt;
&lt;!DOCTYPE suite SYSTEM &quot;http://testng.org/testng-1.0.dtd&quot;&gt;
&lt;suite thread-count=&quot;1&quot; name=&quot;Surefire suite&quot; verbose=&quot;0&quot;&gt;
  &lt;test name=&quot;Surefire test&quot;&gt;
    &lt;classes&gt;
      &lt;class name=&quot;io.railflow.blazetest.samples.testng.webdriver.TestHomePage&quot;/&gt;
      &lt;class name=&quot;io.railflow.blazetest.samples.testng.webdriver.TestBase&quot;/&gt;
      &lt;class name=&quot;io.railflow.blazetest.samples.testng.webdriver.TestLoginEmptyCredentials&quot;/&gt;
      &lt;class name=&quot;io.railflow.blazetest.samples.testng.webdriver.TestLoginUserLockout&quot;/&gt;
      &lt;class name=&quot;io.railflow.blazetest.samples.testng.webdriver.TestLoginSuccess&quot;/&gt;
      &lt;class name=&quot;io.railflow.blazetest.samples.testng.webdriver.TestLoginBase&quot;/&gt;
      &lt;class name=&quot;io.railflow.blazetest.samples.testng.webdriver.TestLoginInvalidCredentials&quot;/&gt;
      &lt;class name=&quot;io.railflow.blazetest.samples.testng.webdriver.shoppingcart.TestShoppingCartBikeLight&quot;/&gt;
      &lt;class name=&quot;io.railflow.blazetest.samples.testng.webdriver.shoppingcart.TestShoppingCartBase&quot;/&gt;
      &lt;class name=&quot;io.railflow.blazetest.samples.testng.webdriver.shoppingcart.TestShoppingCartBackPack&quot;/&gt;
      &lt;class name=&quot;io.railflow.blazetest.samples.testng.webdriver.shoppingcart.TestShoppingCartInventory&quot;/&gt;
      &lt;class name=&quot;io.railflow.blazetest.samples.testng.webdriver.shoppingcart.standard.TestShoppingCartStandardUserBackPack&quot;/&gt;
      &lt;class name=&quot;io.railflow.blazetest.samples.testng.webdriver.shoppingcart.standard.TestShoppingCartStandardUserBikeLight&quot;/&gt;
      &lt;class name=&quot;io.railflow.blazetest.samples.testng.webdriver.shoppingcart.standard.TestShoppingCartStandardUserBoltTShirt&quot;/&gt;
      &lt;class name=&quot;io.railflow.blazetest.samples.testng.webdriver.shoppingcart.standard.TestShoppingCartStandardUserInventory&quot;/&gt;
      &lt;class name=&quot;io.railflow.blazetest.samples.testng.webdriver.shoppingcart.problem.TestShoppingCartProblemUserInventory&quot;/&gt;
      &lt;class name=&quot;io.railflow.blazetest.samples.testng.webdriver.shoppingcart.problem.TestShoppingCartProblemUserBackPack&quot;/&gt;
      &lt;class name=&quot;io.railflow.blazetest.samples.testng.webdriver.shoppingcart.problem.TestShoppingCartProblemUserBikeLight&quot;/&gt;
      &lt;class name=&quot;io.railflow.blazetest.samples.testng.webdriver.shoppingcart.problem.TestShoppingCartProblemUserBoltTShirt&quot;/&gt;
      &lt;class name=&quot;io.railflow.blazetest.samples.testng.webdriver.shoppingcart.TestShoppingCartBoltTShirt&quot;/&gt;
      &lt;class name=&quot;io.railflow.blazetest.samples.testng.webdriver.TestHomePageLoginButton&quot;/&gt;
      &lt;class name=&quot;io.railflow.blazetest.samples.testng.webdriver.TestHomePagePasswordInput&quot;/&gt;
      &lt;class name=&quot;io.railflow.blazetest.samples.testng.webdriver.TestHomePageUsernameInput&quot;/&gt;
    &lt;/classes&gt;
  &lt;/test&gt; &lt;!-- Surefire test --&gt;
&lt;/suite&gt; &lt;!-- Surefire suite --&gt;
            </pre>
          </div> <!-- main-panel-content rounded-window-bottom -->
        </div> <!-- panel -->
        <div panel-name="testlist-Surefire_suite" class="panel">
          <div class="main-panel-header rounded-window-top">
            <span class="header-content">Tests for Surefire suite</span>
          </div> <!-- main-panel-header rounded-window-top -->
          <div class="main-panel-content rounded-window-bottom">
            <ul>
              <li>
                <span class="test-name">Surefire test (23 classes)</span>
              </li>
            </ul>
          </div> <!-- main-panel-content rounded-window-bottom -->
        </div> <!-- panel -->
        <div panel-name="group-Surefire_suite" class="panel">
          <div class="main-panel-header rounded-window-top">
            <span class="header-content">Groups for Surefire suite</span>
          </div> <!-- main-panel-header rounded-window-top -->
          <div class="main-panel-content rounded-window-bottom">
          </div> <!-- main-panel-content rounded-window-bottom -->
        </div> <!-- panel -->
        <div panel-name="times-Surefire_suite" class="panel">
          <div class="main-panel-header rounded-window-top">
            <span class="header-content">Times for Surefire suite</span>
          </div> <!-- main-panel-header rounded-window-top -->
          <div class="main-panel-content rounded-window-bottom">
            <div class="times-div">
              <script type="text/javascript">
suiteTableInitFunctions.push('tableData_Surefire_suite');
function tableData_Surefire_suite() {
var data = new google.visualization.DataTable();
data.addColumn('number', 'Number');
data.addColumn('string', 'Method');
data.addColumn('string', 'Class');
data.addColumn('number', 'Time (ms)');
data.addRows(108);
data.setCell(0, 0, 0)
data.setCell(0, 1, 'emptyPassword')
data.setCell(0, 2, 'io.railflow.blazetest.samples.testng.webdriver.TestLoginUserLockout')
data.setCell(0, 3, 149);
data.setCell(1, 0, 1)
data.setCell(1, 1, 'longUsername')
data.setCell(1, 2, 'io.railflow.blazetest.samples.testng.webdriver.TestLoginInvalidCredentials')
data.setCell(1, 3, 120);
data.setCell(2, 0, 2)
data.setCell(2, 1, 'userLockedOut')
data.setCell(2, 2, 'io.railflow.blazetest.samples.testng.webdriver.TestLoginUserLockout')
data.setCell(2, 3, 119);
data.setCell(3, 0, 3)
data.setCell(3, 1, 'invalidUsernameInvalidPassword')
data.setCell(3, 2, 'io.railflow.blazetest.samples.testng.webdriver.TestLoginInvalidCredentials')
data.setCell(3, 3, 116);
data.setCell(4, 0, 4)
data.setCell(4, 1, 'usernameWithSpaces')
data.setCell(4, 2, 'io.railflow.blazetest.samples.testng.webdriver.TestLoginInvalidCredentials')
data.setCell(4, 3, 103);
data.setCell(5, 0, 5)
data.setCell(5, 1, 'validUserInvliadPassword')
data.setCell(5, 2, 'io.railflow.blazetest.samples.testng.webdriver.TestLoginInvalidCredentials')
data.setCell(5, 3, 103);
data.setCell(6, 0, 6)
data.setCell(6, 1, 'longPassword')
data.setCell(6, 2, 'io.railflow.blazetest.samples.testng.webdriver.TestLoginInvalidCredentials')
data.setCell(6, 3, 103);
data.setCell(7, 0, 7)
data.setCell(7, 1, 'usernameWithSpecialCharacters')
data.setCell(7, 2, 'io.railflow.blazetest.samples.testng.webdriver.TestLoginInvalidCredentials')
data.setCell(7, 3, 101);
data.setCell(8, 0, 8)
data.setCell(8, 1, 'problemUserInvliadPassword')
data.setCell(8, 2, 'io.railflow.blazetest.samples.testng.webdriver.TestLoginInvalidCredentials')
data.setCell(8, 3, 101);
data.setCell(9, 0, 9)
data.setCell(9, 1, 'usernameWithNumbers')
data.setCell(9, 2, 'io.railflow.blazetest.samples.testng.webdriver.TestLoginInvalidCredentials')
data.setCell(9, 3, 98);
data.setCell(10, 0, 10)
data.setCell(10, 1, 'performanceGlitchUserInvliadPassword')
data.setCell(10, 2, 'io.railflow.blazetest.samples.testng.webdriver.TestLoginInvalidCredentials')
data.setCell(10, 3, 97);
data.setCell(11, 0, 11)
data.setCell(11, 1, 'passwordWithNumbers')
data.setCell(11, 2, 'io.railflow.blazetest.samples.testng.webdriver.TestLoginInvalidCredentials')
data.setCell(11, 3, 96);
data.setCell(12, 0, 12)
data.setCell(12, 1, 'lockedOutUserInvliadPassword')
data.setCell(12, 2, 'io.railflow.blazetest.samples.testng.webdriver.TestLoginInvalidCredentials')
data.setCell(12, 3, 95);
data.setCell(13, 0, 13)
data.setCell(13, 1, 'emptyUsernameEmptyPassword')
data.setCell(13, 2, 'io.railflow.blazetest.samples.testng.webdriver.TestLoginEmptyCredentials')
data.setCell(13, 3, 93);
data.setCell(14, 0, 14)
data.setCell(14, 1, 'missingPassword')
data.setCell(14, 2, 'io.railflow.blazetest.samples.testng.webdriver.TestLoginUserLockout')
data.setCell(14, 3, 84);
data.setCell(15, 0, 15)
data.setCell(15, 1, 'emptyUsernameInvalidPassword')
data.setCell(15, 2, 'io.railflow.blazetest.samples.testng.webdriver.TestLoginEmptyCredentials')
data.setCell(15, 3, 82);
data.setCell(16, 0, 16)
data.setCell(16, 1, 'passwordWithSpecialCharacters')
data.setCell(16, 2, 'io.railflow.blazetest.samples.testng.webdriver.TestLoginInvalidCredentials')
data.setCell(16, 3, 79);
data.setCell(17, 0, 17)
data.setCell(17, 1, 'passwordWithSpaces')
data.setCell(17, 2, 'io.railflow.blazetest.samples.testng.webdriver.TestLoginInvalidCredentials')
data.setCell(17, 3, 79);
data.setCell(18, 0, 18)
data.setCell(18, 1, 'invalidUsernameEmptyPassword')
data.setCell(18, 2, 'io.railflow.blazetest.samples.testng.webdriver.TestLoginEmptyCredentials')
data.setCell(18, 3, 71);
data.setCell(19, 0, 19)
data.setCell(19, 1, 'invalidUsernameMissingPassword')
data.setCell(19, 2, 'io.railflow.blazetest.samples.testng.webdriver.TestLoginEmptyCredentials')
data.setCell(19, 3, 62);
data.setCell(20, 0, 20)
data.setCell(20, 1, 'missingUsernameInvalidPassword')
data.setCell(20, 2, 'io.railflow.blazetest.samples.testng.webdriver.TestLoginEmptyCredentials')
data.setCell(20, 3, 50);
data.setCell(21, 0, 21)
data.setCell(21, 1, 'add')
data.setCell(21, 2, 'io.railflow.blazetest.samples.testng.webdriver.shoppingcart.problem.TestShoppingCartProblemUserBackPack')
data.setCell(21, 3, 49);
data.setCell(22, 0, 22)
data.setCell(22, 1, 'missingUsernameEmptyPassword')
data.setCell(22, 2, 'io.railflow.blazetest.samples.testng.webdriver.TestLoginEmptyCredentials')
data.setCell(22, 3, 47);
data.setCell(23, 0, 23)
data.setCell(23, 1, 'add')
data.setCell(23, 2, 'io.railflow.blazetest.samples.testng.webdriver.shoppingcart.standard.TestShoppingCartStandardUserBackPack')
data.setCell(23, 3, 46);
data.setCell(24, 0, 24)
data.setCell(24, 1, 'add')
data.setCell(24, 2, 'io.railflow.blazetest.samples.testng.webdriver.shoppingcart.standard.TestShoppingCartStandardUserBoltTShirt')
data.setCell(24, 3, 45);
data.setCell(25, 0, 25)
data.setCell(25, 1, 'add')
data.setCell(25, 2, 'io.railflow.blazetest.samples.testng.webdriver.shoppingcart.problem.TestShoppingCartProblemUserBikeLight')
data.setCell(25, 3, 45);
data.setCell(26, 0, 26)
data.setCell(26, 1, 'emptyUsernameMissingPassword')
data.setCell(26, 2, 'io.railflow.blazetest.samples.testng.webdriver.TestLoginEmptyCredentials')
data.setCell(26, 3, 44);
data.setCell(27, 0, 27)
data.setCell(27, 1, 'add')
data.setCell(27, 2, 'io.railflow.blazetest.samples.testng.webdriver.shoppingcart.standard.TestShoppingCartStandardUserBikeLight')
data.setCell(27, 3, 44);
data.setCell(28, 0, 28)
data.setCell(28, 1, 'add')
data.setCell(28, 2, 'io.railflow.blazetest.samples.testng.webdriver.shoppingcart.problem.TestShoppingCartProblemUserBoltTShirt')
data.setCell(28, 3, 40);
data.setCell(29, 0, 29)
data.setCell(29, 1, 'addAndRemove')
data.setCell(29, 2, 'io.railflow.blazetest.samples.testng.webdriver.shoppingcart.problem.TestShoppingCartProblemUserBoltTShirt')
data.setCell(29, 3, 38);
data.setCell(30, 0, 30)
data.setCell(30, 1, 'description')
data.setCell(30, 2, 'io.railflow.blazetest.samples.testng.webdriver.TestHomePage')
data.setCell(30, 3, 34);
data.setCell(31, 0, 31)
data.setCell(31, 1, 'addRemoveAndAddAgain')
data.setCell(31, 2, 'io.railflow.blazetest.samples.testng.webdriver.shoppingcart.problem.TestShoppingCartProblemUserBoltTShirt')
data.setCell(31, 3, 34);
data.setCell(32, 0, 32)
data.setCell(32, 1, 'errorElementAtStart')
data.setCell(32, 2, 'io.railflow.blazetest.samples.testng.webdriver.TestHomePage')
data.setCell(32, 3, 32);
data.setCell(33, 0, 33)
data.setCell(33, 1, 'facebookLink')
data.setCell(33, 2, 'io.railflow.blazetest.samples.testng.webdriver.TestLoginSuccess')
data.setCell(33, 3, 28);
data.setCell(34, 0, 34)
data.setCell(34, 1, 'missingUsernameMissingPassword')
data.setCell(34, 2, 'io.railflow.blazetest.samples.testng.webdriver.TestLoginEmptyCredentials')
data.setCell(34, 3, 28);
data.setCell(35, 0, 35)
data.setCell(35, 1, 'image')
data.setCell(35, 2, 'io.railflow.blazetest.samples.testng.webdriver.shoppingcart.standard.TestShoppingCartStandardUserBackPack')
data.setCell(35, 3, 25);
data.setCell(36, 0, 36)
data.setCell(36, 1, 'manifestLink')
data.setCell(36, 2, 'io.railflow.blazetest.samples.testng.webdriver.TestHomePage')
data.setCell(36, 3, 22);
data.setCell(37, 0, 37)
data.setCell(37, 1, 'description')
data.setCell(37, 2, 'io.railflow.blazetest.samples.testng.webdriver.TestLoginSuccess')
data.setCell(37, 3, 22);
data.setCell(38, 0, 38)
data.setCell(38, 1, 'image')
data.setCell(38, 2, 'io.railflow.blazetest.samples.testng.webdriver.shoppingcart.standard.TestShoppingCartStandardUserBoltTShirt')
data.setCell(38, 3, 22);
data.setCell(39, 0, 39)
data.setCell(39, 1, 'image')
data.setCell(39, 2, 'io.railflow.blazetest.samples.testng.webdriver.shoppingcart.standard.TestShoppingCartStandardUserBikeLight')
data.setCell(39, 3, 21);
data.setCell(40, 0, 40)
data.setCell(40, 1, 'twitterLink')
data.setCell(40, 2, 'io.railflow.blazetest.samples.testng.webdriver.TestLoginSuccess')
data.setCell(40, 3, 21);
data.setCell(41, 0, 41)
data.setCell(41, 1, 'linkedinLink')
data.setCell(41, 2, 'io.railflow.blazetest.samples.testng.webdriver.TestLoginSuccess')
data.setCell(41, 3, 21);
data.setCell(42, 0, 42)
data.setCell(42, 1, 'facebookText')
data.setCell(42, 2, 'io.railflow.blazetest.samples.testng.webdriver.TestLoginSuccess')
data.setCell(42, 3, 21);
data.setCell(43, 0, 43)
data.setCell(43, 1, 'image')
data.setCell(43, 2, 'io.railflow.blazetest.samples.testng.webdriver.shoppingcart.problem.TestShoppingCartProblemUserBackPack')
data.setCell(43, 3, 21);
data.setCell(44, 0, 44)
data.setCell(44, 1, 'image')
data.setCell(44, 2, 'io.railflow.blazetest.samples.testng.webdriver.shoppingcart.problem.TestShoppingCartProblemUserBikeLight')
data.setCell(44, 3, 20);
data.setCell(45, 0, 45)
data.setCell(45, 1, 'image')
data.setCell(45, 2, 'io.railflow.blazetest.samples.testng.webdriver.shoppingcart.problem.TestShoppingCartProblemUserBoltTShirt')
data.setCell(45, 3, 18);
data.setCell(46, 0, 46)
data.setCell(46, 1, 'robots')
data.setCell(46, 2, 'io.railflow.blazetest.samples.testng.webdriver.TestHomePage')
data.setCell(46, 3, 17);
data.setCell(47, 0, 47)
data.setCell(47, 1, 'twitterText')
data.setCell(47, 2, 'io.railflow.blazetest.samples.testng.webdriver.TestLoginSuccess')
data.setCell(47, 3, 17);
data.setCell(48, 0, 48)
data.setCell(48, 1, 'price')
data.setCell(48, 2, 'io.railflow.blazetest.samples.testng.webdriver.shoppingcart.standard.TestShoppingCartStandardUserBoltTShirt')
data.setCell(48, 3, 16);
data.setCell(49, 0, 49)
data.setCell(49, 1, 'name')
data.setCell(49, 2, 'io.railflow.blazetest.samples.testng.webdriver.shoppingcart.standard.TestShoppingCartStandardUserBackPack')
data.setCell(49, 3, 16);
data.setCell(50, 0, 50)
data.setCell(50, 1, 'linkedinText')
data.setCell(50, 2, 'io.railflow.blazetest.samples.testng.webdriver.TestLoginSuccess')
data.setCell(50, 3, 16);
data.setCell(51, 0, 51)
data.setCell(51, 1, 'stylesheetLink')
data.setCell(51, 2, 'io.railflow.blazetest.samples.testng.webdriver.TestHomePage')
data.setCell(51, 3, 16);
data.setCell(52, 0, 52)
data.setCell(52, 1, 'name')
data.setCell(52, 2, 'io.railflow.blazetest.samples.testng.webdriver.shoppingcart.standard.TestShoppingCartStandardUserBoltTShirt')
data.setCell(52, 3, 16);
data.setCell(53, 0, 53)
data.setCell(53, 1, 'manifestLink')
data.setCell(53, 2, 'io.railflow.blazetest.samples.testng.webdriver.TestLoginSuccess')
data.setCell(53, 3, 16);
data.setCell(54, 0, 54)
data.setCell(54, 1, 'price')
data.setCell(54, 2, 'io.railflow.blazetest.samples.testng.webdriver.shoppingcart.standard.TestShoppingCartStandardUserBikeLight')
data.setCell(54, 3, 15);
data.setCell(55, 0, 55)
data.setCell(55, 1, 'stylesheetLink')
data.setCell(55, 2, 'io.railflow.blazetest.samples.testng.webdriver.TestLoginSuccess')
data.setCell(55, 3, 15);
data.setCell(56, 0, 56)
data.setCell(56, 1, 'name')
data.setCell(56, 2, 'io.railflow.blazetest.samples.testng.webdriver.shoppingcart.problem.TestShoppingCartProblemUserBikeLight')
data.setCell(56, 3, 15);
data.setCell(57, 0, 57)
data.setCell(57, 1, 'name')
data.setCell(57, 2, 'io.railflow.blazetest.samples.testng.webdriver.shoppingcart.standard.TestShoppingCartStandardUserBikeLight')
data.setCell(57, 3, 15);
data.setCell(58, 0, 58)
data.setCell(58, 1, 'attribute')
data.setCell(58, 2, 'io.railflow.blazetest.samples.testng.webdriver.TestHomePagePasswordInput')
data.setCell(58, 3, 15);
data.setCell(59, 0, 59)
data.setCell(59, 1, 'name')
data.setCell(59, 2, 'io.railflow.blazetest.samples.testng.webdriver.shoppingcart.problem.TestShoppingCartProblemUserBackPack')
data.setCell(59, 3, 14);
data.setCell(60, 0, 60)
data.setCell(60, 1, 'price')
data.setCell(60, 2, 'io.railflow.blazetest.samples.testng.webdriver.shoppingcart.problem.TestShoppingCartProblemUserBackPack')
data.setCell(60, 3, 14);
data.setCell(61, 0, 61)
data.setCell(61, 1, 'name')
data.setCell(61, 2, 'io.railflow.blazetest.samples.testng.webdriver.TestHomePageLoginButton')
data.setCell(61, 3, 14);
data.setCell(62, 0, 62)
data.setCell(62, 1, 'name')
data.setCell(62, 2, 'io.railflow.blazetest.samples.testng.webdriver.shoppingcart.problem.TestShoppingCartProblemUserBoltTShirt')
data.setCell(62, 3, 14);
data.setCell(63, 0, 63)
data.setCell(63, 1, 'price')
data.setCell(63, 2, 'io.railflow.blazetest.samples.testng.webdriver.shoppingcart.problem.TestShoppingCartProblemUserBoltTShirt')
data.setCell(63, 3, 14);
data.setCell(64, 0, 64)
data.setCell(64, 1, 'price')
data.setCell(64, 2, 'io.railflow.blazetest.samples.testng.webdriver.shoppingcart.standard.TestShoppingCartStandardUserBackPack')
data.setCell(64, 3, 14);
data.setCell(65, 0, 65)
data.setCell(65, 1, 'autoCapitalize')
data.setCell(65, 2, 'io.railflow.blazetest.samples.testng.webdriver.TestHomePageUsernameInput')
data.setCell(65, 3, 14);
data.setCell(66, 0, 66)
data.setCell(66, 1, 'price')
data.setCell(66, 2, 'io.railflow.blazetest.samples.testng.webdriver.shoppingcart.problem.TestShoppingCartProblemUserBikeLight')
data.setCell(66, 3, 13);
data.setCell(67, 0, 67)
data.setCell(67, 1, 'attribute')
data.setCell(67, 2, 'io.railflow.blazetest.samples.testng.webdriver.TestHomePagePasswordInput')
data.setCell(67, 3, 12);
data.setCell(68, 0, 68)
data.setCell(68, 1, 'addAndRemove')
data.setCell(68, 2, 'io.railflow.blazetest.samples.testng.webdriver.shoppingcart.standard.TestShoppingCartStandardUserBoltTShirt')
data.setCell(68, 3, 12);
data.setCell(69, 0, 69)
data.setCell(69, 1, 'inventoryItemCount')
data.setCell(69, 2, 'io.railflow.blazetest.samples.testng.webdriver.shoppingcart.problem.TestShoppingCartProblemUserInventory')
data.setCell(69, 3, 11);
data.setCell(70, 0, 70)
data.setCell(70, 1, 'text')
data.setCell(70, 2, 'io.railflow.blazetest.samples.testng.webdriver.TestHomePagePasswordInput')
data.setCell(70, 3, 11);
data.setCell(71, 0, 71)
data.setCell(71, 1, 'inventoryItemCount')
data.setCell(71, 2, 'io.railflow.blazetest.samples.testng.webdriver.shoppingcart.standard.TestShoppingCartStandardUserInventory')
data.setCell(71, 3, 11);
data.setCell(72, 0, 72)
data.setCell(72, 1, 'inventoryItemImgCount')
data.setCell(72, 2, 'io.railflow.blazetest.samples.testng.webdriver.shoppingcart.problem.TestShoppingCartProblemUserInventory')
data.setCell(72, 3, 11);
data.setCell(73, 0, 73)
data.setCell(73, 1, 'inventoryItemNameCount')
data.setCell(73, 2, 'io.railflow.blazetest.samples.testng.webdriver.shoppingcart.standard.TestShoppingCartStandardUserInventory')
data.setCell(73, 3, 10);
data.setCell(74, 0, 74)
data.setCell(74, 1, 'text')
data.setCell(74, 2, 'io.railflow.blazetest.samples.testng.webdriver.TestHomePageUsernameInput')
data.setCell(74, 3, 10);
data.setCell(75, 0, 75)
data.setCell(75, 1, 'inventoryItemDescCount')
data.setCell(75, 2, 'io.railflow.blazetest.samples.testng.webdriver.shoppingcart.standard.TestShoppingCartStandardUserInventory')
data.setCell(75, 3, 10);
data.setCell(76, 0, 76)
data.setCell(76, 1, 'inventoryItemPriceCount')
data.setCell(76, 2, 'io.railflow.blazetest.samples.testng.webdriver.shoppingcart.problem.TestShoppingCartProblemUserInventory')
data.setCell(76, 3, 10);
data.setCell(77, 0, 77)
data.setCell(77, 1, 'inventoryItemLabelCount')
data.setCell(77, 2, 'io.railflow.blazetest.samples.testng.webdriver.shoppingcart.problem.TestShoppingCartProblemUserInventory')
data.setCell(77, 3, 10);
data.setCell(78, 0, 78)
data.setCell(78, 1, 'inventoryItemDescriptionCount')
data.setCell(78, 2, 'io.railflow.blazetest.samples.testng.webdriver.shoppingcart.standard.TestShoppingCartStandardUserInventory')
data.setCell(78, 3, 10);
data.setCell(79, 0, 79)
data.setCell(79, 1, 'inventoryItemDescriptionCount')
data.setCell(79, 2, 'io.railflow.blazetest.samples.testng.webdriver.shoppingcart.problem.TestShoppingCartProblemUserInventory')
data.setCell(79, 3, 10);
data.setCell(80, 0, 80)
data.setCell(80, 1, 'autoCorrect')
data.setCell(80, 2, 'io.railflow.blazetest.samples.testng.webdriver.TestHomePageUsernameInput')
data.setCell(80, 3, 10);
data.setCell(81, 0, 81)
data.setCell(81, 1, 'addAndRemove')
data.setCell(81, 2, 'io.railflow.blazetest.samples.testng.webdriver.shoppingcart.problem.TestShoppingCartProblemUserBikeLight')
data.setCell(81, 3, 10);
data.setCell(82, 0, 82)
data.setCell(82, 1, 'addRemoveAndAddAgain')
data.setCell(82, 2, 'io.railflow.blazetest.samples.testng.webdriver.shoppingcart.standard.TestShoppingCartStandardUserBoltTShirt')
data.setCell(82, 3, 10);
data.setCell(83, 0, 83)
data.setCell(83, 1, 'addAndRemove')
data.setCell(83, 2, 'io.railflow.blazetest.samples.testng.webdriver.shoppingcart.standard.TestShoppingCartStandardUserBikeLight')
data.setCell(83, 3, 10);
data.setCell(84, 0, 84)
data.setCell(84, 1, 'inventoryItemPriceCount')
data.setCell(84, 2, 'io.railflow.blazetest.samples.testng.webdriver.shoppingcart.standard.TestShoppingCartStandardUserInventory')
data.setCell(84, 3, 9);
data.setCell(85, 0, 85)
data.setCell(85, 1, 'noErrorElementAtStart')
data.setCell(85, 2, 'io.railflow.blazetest.samples.testng.webdriver.TestHomePage')
data.setCell(85, 3, 9);
data.setCell(86, 0, 86)
data.setCell(86, 1, 'type')
data.setCell(86, 2, 'io.railflow.blazetest.samples.testng.webdriver.TestHomePageLoginButton')
data.setCell(86, 3, 9);
data.setCell(87, 0, 87)
data.setCell(87, 1, 'inventoryItemNameCount')
data.setCell(87, 2, 'io.railflow.blazetest.samples.testng.webdriver.shoppingcart.problem.TestShoppingCartProblemUserInventory')
data.setCell(87, 3, 9);
data.setCell(88, 0, 88)
data.setCell(88, 1, 'inventoryItemImgCount')
data.setCell(88, 2, 'io.railflow.blazetest.samples.testng.webdriver.shoppingcart.standard.TestShoppingCartStandardUserInventory')
data.setCell(88, 3, 9);
data.setCell(89, 0, 89)
data.setCell(89, 1, 'pricebar')
data.setCell(89, 2, 'io.railflow.blazetest.samples.testng.webdriver.shoppingcart.problem.TestShoppingCartProblemUserInventory')
data.setCell(89, 3, 9);
data.setCell(90, 0, 90)
data.setCell(90, 1, 'inventoryItemLabelCount')
data.setCell(90, 2, 'io.railflow.blazetest.samples.testng.webdriver.shoppingcart.standard.TestShoppingCartStandardUserInventory')
data.setCell(90, 3, 9);
data.setCell(91, 0, 91)
data.setCell(91, 1, 'inventoryItemDescCount')
data.setCell(91, 2, 'io.railflow.blazetest.samples.testng.webdriver.shoppingcart.problem.TestShoppingCartProblemUserInventory')
data.setCell(91, 3, 9);
data.setCell(92, 0, 92)
data.setCell(92, 1, 'addRemoveAndAddAgain')
data.setCell(92, 2, 'io.railflow.blazetest.samples.testng.webdriver.shoppingcart.standard.TestShoppingCartStandardUserBackPack')
data.setCell(92, 3, 9);
data.setCell(93, 0, 93)
data.setCell(93, 1, 'addAndRemove')
data.setCell(93, 2, 'io.railflow.blazetest.samples.testng.webdriver.shoppingcart.problem.TestShoppingCartProblemUserBackPack')
data.setCell(93, 3, 9);
data.setCell(94, 0, 94)
data.setCell(94, 1, 'addAndRemove')
data.setCell(94, 2, 'io.railflow.blazetest.samples.testng.webdriver.shoppingcart.standard.TestShoppingCartStandardUserBackPack')
data.setCell(94, 3, 9);
data.setCell(95, 0, 95)
data.setCell(95, 1, 'placeholder')
data.setCell(95, 2, 'io.railflow.blazetest.samples.testng.webdriver.TestHomePageUsernameInput')
data.setCell(95, 3, 8);
data.setCell(96, 0, 96)
data.setCell(96, 1, 'type')
data.setCell(96, 2, 'io.railflow.blazetest.samples.testng.webdriver.TestHomePageUsernameInput')
data.setCell(96, 3, 8);
data.setCell(97, 0, 97)
data.setCell(97, 1, 'attribute')
data.setCell(97, 2, 'io.railflow.blazetest.samples.testng.webdriver.TestHomePagePasswordInput')
data.setCell(97, 3, 8);
data.setCell(98, 0, 98)
data.setCell(98, 1, 'pricebar')
data.setCell(98, 2, 'io.railflow.blazetest.samples.testng.webdriver.shoppingcart.standard.TestShoppingCartStandardUserInventory')
data.setCell(98, 3, 8);
data.setCell(99, 0, 99)
data.setCell(99, 1, 'attribute')
data.setCell(99, 2, 'io.railflow.blazetest.samples.testng.webdriver.TestHomePagePasswordInput')
data.setCell(99, 3, 8);
data.setCell(100, 0, 100)
data.setCell(100, 1, 'addRemoveAndAddAgain')
data.setCell(100, 2, 'io.railflow.blazetest.samples.testng.webdriver.shoppingcart.standard.TestShoppingCartStandardUserBikeLight')
data.setCell(100, 3, 8);
data.setCell(101, 0, 101)
data.setCell(101, 1, 'addRemoveAndAddAgain')
data.setCell(101, 2, 'io.railflow.blazetest.samples.testng.webdriver.shoppingcart.problem.TestShoppingCartProblemUserBackPack')
data.setCell(101, 3, 8);
data.setCell(102, 0, 102)
data.setCell(102, 1, 'addRemoveAndAddAgain')
data.setCell(102, 2, 'io.railflow.blazetest.samples.testng.webdriver.shoppingcart.problem.TestShoppingCartProblemUserBikeLight')
data.setCell(102, 3, 8);
data.setCell(103, 0, 103)
data.setCell(103, 1, 'attribute')
data.setCell(103, 2, 'io.railflow.blazetest.samples.testng.webdriver.TestHomePagePasswordInput')
data.setCell(103, 3, 7);
data.setCell(104, 0, 104)
data.setCell(104, 1, 'name')
data.setCell(104, 2, 'io.railflow.blazetest.samples.testng.webdriver.TestHomePageUsernameInput')
data.setCell(104, 3, 7);
data.setCell(105, 0, 105)
data.setCell(105, 1, 'value')
data.setCell(105, 2, 'io.railflow.blazetest.samples.testng.webdriver.TestHomePageLoginButton')
data.setCell(105, 3, 6);
data.setCell(106, 0, 106)
data.setCell(106, 1, 'title')
data.setCell(106, 2, 'io.railflow.blazetest.samples.testng.webdriver.TestHomePage')
data.setCell(106, 3, 4);
data.setCell(107, 0, 107)
data.setCell(107, 1, 'title')
data.setCell(107, 2, 'io.railflow.blazetest.samples.testng.webdriver.TestLoginSuccess')
data.setCell(107, 3, 3);
window.suiteTableData['Surefire_suite']= { tableData: data, tableDiv: 'times-div-Surefire_suite'}
return data;
}
              </script>
              <span class="suite-total-time">Total running time: 3 seconds</span>
              <div id="times-div-Surefire_suite">
              </div> <!-- times-div-Surefire_suite -->
            </div> <!-- times-div -->
          </div> <!-- main-panel-content rounded-window-bottom -->
        </div> <!-- panel -->
        <div panel-name="reporter-Surefire_suite" class="panel">
          <div class="main-panel-header rounded-window-top">
            <span class="header-content">Reporter output for Surefire suite</span>
          </div> <!-- main-panel-header rounded-window-top -->
          <div class="main-panel-content rounded-window-bottom">
          </div> <!-- main-panel-content rounded-window-bottom -->
        </div> <!-- panel -->
        <div panel-name="ignored-methods-Surefire_suite" class="panel">
          <div class="main-panel-header rounded-window-top">
            <span class="header-content">0 ignored methods</span>
          </div> <!-- main-panel-header rounded-window-top -->
          <div class="main-panel-content rounded-window-bottom">
          </div> <!-- main-panel-content rounded-window-bottom -->
        </div> <!-- panel -->
        <div panel-name="chronological-Surefire_suite" class="panel">
          <div class="main-panel-header rounded-window-top">
            <span class="header-content">Methods in chronological order</span>
          </div> <!-- main-panel-header rounded-window-top -->
          <div class="main-panel-content rounded-window-bottom">
            <div class="chronological-class">
              <div class="chronological-class-name">io.railflow.blazetest.samples.testng.webdriver.TestHomePage</div> <!-- chronological-class-name -->
              <div class="configuration-test before">
                <span class="method-name">beforeEach</span>
                <span class="method-start">0 ms</span>
              </div> <!-- configuration-test before -->
            </div> <!-- chronological-class -->
            <div class="chronological-class">
              <div class="chronological-class-name">io.railflow.blazetest.samples.testng.webdriver.TestHomePageLoginButton</div> <!-- chronological-class-name -->
              <div class="configuration-test before">
                <span class="method-name">beforeEach</span>
                <span class="method-start">3849 ms</span>
              </div> <!-- configuration-test before -->
            </div> <!-- chronological-class -->
            <div class="chronological-class">
              <div class="chronological-class-name">io.railflow.blazetest.samples.testng.webdriver.TestHomePagePasswordInput</div> <!-- chronological-class-name -->
              <div class="configuration-test before">
                <span class="method-name">beforeEach</span>
                <span class="method-start">7644 ms</span>
              </div> <!-- configuration-test before -->
            </div> <!-- chronological-class -->
            <div class="chronological-class">
              <div class="chronological-class-name">io.railflow.blazetest.samples.testng.webdriver.TestHomePageUsernameInput</div> <!-- chronological-class-name -->
              <div class="configuration-test before">
                <span class="method-name">beforeEach</span>
                <span class="method-start">11029 ms</span>
              </div> <!-- configuration-test before -->
            </div> <!-- chronological-class -->
            <div class="chronological-class">
              <div class="chronological-class-name">io.railflow.blazetest.samples.testng.webdriver.TestLoginEmptyCredentials</div> <!-- chronological-class-name -->
              <div class="configuration-test before">
                <span class="method-name">beforeEach</span>
                <span class="method-start">13797 ms</span>
              </div> <!-- configuration-test before -->
            </div> <!-- chronological-class -->
            <div class="chronological-class">
              <div class="chronological-class-name">io.railflow.blazetest.samples.testng.webdriver.TestLoginInvalidCredentials</div> <!-- chronological-class-name -->
              <div class="configuration-test before">
                <span class="method-name">beforeEach</span>
                <span class="method-start">16604 ms</span>
              </div> <!-- configuration-test before -->
            </div> <!-- chronological-class -->
            <div class="chronological-class">
              <div class="chronological-class-name">io.railflow.blazetest.samples.testng.webdriver.TestLoginSuccess</div> <!-- chronological-class-name -->
              <div class="configuration-test before">
                <span class="method-name">beforeEach</span>
                <span class="method-start">20250 ms</span>
              </div> <!-- configuration-test before -->
            </div> <!-- chronological-class -->
            <div class="chronological-class">
              <div class="chronological-class-name">io.railflow.blazetest.samples.testng.webdriver.TestLoginUserLockout</div> <!-- chronological-class-name -->
              <div class="configuration-test before">
                <span class="method-name">beforeEach</span>
                <span class="method-start">24154 ms</span>
              </div> <!-- configuration-test before -->
            </div> <!-- chronological-class -->
            <div class="chronological-class">
              <div class="chronological-class-name">io.railflow.blazetest.samples.testng.webdriver.shoppingcart.problem.TestShoppingCartProblemUserBackPack</div> <!-- chronological-class-name -->
              <div class="configuration-test before">
                <span class="method-name">beforeEach</span>
                <span class="method-start">29219 ms</span>
              </div> <!-- configuration-test before -->
            </div> <!-- chronological-class -->
            <div class="chronological-class">
              <div class="chronological-class-name">io.railflow.blazetest.samples.testng.webdriver.shoppingcart.problem.TestShoppingCartProblemUserBikeLight</div> <!-- chronological-class-name -->
              <div class="configuration-test before">
                <span class="method-name">beforeEach</span>
                <span class="method-start">47462 ms</span>
              </div> <!-- configuration-test before -->
            </div> <!-- chronological-class -->
            <div class="chronological-class">
              <div class="chronological-class-name">io.railflow.blazetest.samples.testng.webdriver.shoppingcart.problem.TestShoppingCartProblemUserBoltTShirt</div> <!-- chronological-class-name -->
              <div class="configuration-test before">
                <span class="method-name">beforeEach</span>
                <span class="method-start">61256 ms</span>
              </div> <!-- configuration-test before -->
            </div> <!-- chronological-class -->
            <div class="chronological-class">
              <div class="chronological-class-name">io.railflow.blazetest.samples.testng.webdriver.shoppingcart.problem.TestShoppingCartProblemUserInventory</div> <!-- chronological-class-name -->
              <div class="configuration-test before">
                <span class="method-name">beforeEach</span>
                <span class="method-start">65961 ms</span>
              </div> <!-- configuration-test before -->
            </div> <!-- chronological-class -->
            <div class="chronological-class">
              <div class="chronological-class-name">io.railflow.blazetest.samples.testng.webdriver.shoppingcart.standard.TestShoppingCartStandardUserBackPack</div> <!-- chronological-class-name -->
              <div class="configuration-test before">
                <span class="method-name">beforeEach</span>
                <span class="method-start">82342 ms</span>
              </div> <!-- configuration-test before -->
            </div> <!-- chronological-class -->
            <div class="chronological-class">
              <div class="chronological-class-name">io.railflow.blazetest.samples.testng.webdriver.shoppingcart.standard.TestShoppingCartStandardUserBikeLight</div> <!-- chronological-class-name -->
              <div class="configuration-test before">
                <span class="method-name">beforeEach</span>
                <span class="method-start">87006 ms</span>
              </div> <!-- configuration-test before -->
            </div> <!-- chronological-class -->
            <div class="chronological-class">
              <div class="chronological-class-name">io.railflow.blazetest.samples.testng.webdriver.shoppingcart.standard.TestShoppingCartStandardUserBoltTShirt</div> <!-- chronological-class-name -->
              <div class="configuration-test before">
                <span class="method-name">beforeEach</span>
                <span class="method-start">94243 ms</span>
              </div> <!-- configuration-test before -->
            </div> <!-- chronological-class -->
            <div class="chronological-class">
              <div class="chronological-class-name">io.railflow.blazetest.samples.testng.webdriver.shoppingcart.standard.TestShoppingCartStandardUserInventory</div> <!-- chronological-class-name -->
              <div class="configuration-test before">
                <span class="method-name">beforeEach</span>
                <span class="method-start">108380 ms</span>
              </div> <!-- configuration-test before -->
            </div> <!-- chronological-class -->
            <div class="chronological-class">
              <div class="chronological-class-name">io.railflow.blazetest.samples.testng.webdriver.TestHomePage</div> <!-- chronological-class-name -->
              <div class="test-method">
                <span class="method-name">description</span>
                <span class="method-start">113749 ms</span>
              </div> <!-- test-method -->
              <div class="test-method">
                <img src="failed.png">
                </img>
                <span class="method-name">errorElementAtStart</span>
                <span class="method-start">113783 ms</span>
              </div> <!-- test-method -->
              <div class="test-method">
                <span class="method-name">manifestLink</span>
                <span class="method-start">113823 ms</span>
              </div> <!-- test-method -->
              <div class="test-method">
                <span class="method-name">noErrorElementAtStart</span>
                <span class="method-start">113846 ms</span>
              </div> <!-- test-method -->
              <div class="test-method">
                <span class="method-name">robots</span>
                <span class="method-start">113856 ms</span>
              </div> <!-- test-method -->
              <div class="test-method">
                <span class="method-name">stylesheetLink</span>
                <span class="method-start">113873 ms</span>
              </div> <!-- test-method -->
              <div class="test-method">
                <span class="method-name">title</span>
                <span class="method-start">113889 ms</span>
              </div> <!-- test-method -->
            </div> <!-- chronological-class -->
            <div class="chronological-class">
              <div class="chronological-class-name">io.railflow.blazetest.samples.testng.webdriver.TestHomePageLoginButton</div> <!-- chronological-class-name -->
              <div class="test-method">
                <span class="method-name">name</span>
                <span class="method-start">113893 ms</span>
              </div> <!-- test-method -->
              <div class="test-method">
                <span class="method-name">type</span>
                <span class="method-start">113907 ms</span>
              </div> <!-- test-method -->
              <div class="test-method">
                <span class="method-name">value</span>
                <span class="method-start">113916 ms</span>
              </div> <!-- test-method -->
            </div> <!-- chronological-class -->
            <div class="chronological-class">
              <div class="chronological-class-name">io.railflow.blazetest.samples.testng.webdriver.TestLoginEmptyCredentials</div> <!-- chronological-class-name -->
              <div class="test-method">
                <span class="method-name">emptyUsernameEmptyPassword</span>
                <span class="method-start">113922 ms</span>
              </div> <!-- test-method -->
              <div class="test-method">
                <span class="method-name">emptyUsernameInvalidPassword</span>
                <span class="method-start">114015 ms</span>
              </div> <!-- test-method -->
              <div class="test-method">
                <span class="method-name">emptyUsernameMissingPassword</span>
                <span class="method-start">114097 ms</span>
              </div> <!-- test-method -->
              <div class="test-method">
                <img src="failed.png">
                </img>
                <span class="method-name">invalidUsernameEmptyPassword</span>
                <span class="method-start">114142 ms</span>
              </div> <!-- test-method -->
              <div class="test-method">
                <img src="failed.png">
                </img>
                <span class="method-name">invalidUsernameMissingPassword</span>
                <span class="method-start">114213 ms</span>
              </div> <!-- test-method -->
              <div class="test-method">
                <img src="failed.png">
                </img>
                <span class="method-name">missingUsernameEmptyPassword</span>
                <span class="method-start">114275 ms</span>
              </div> <!-- test-method -->
              <div class="test-method">
                <img src="failed.png">
                </img>
                <span class="method-name">missingUsernameInvalidPassword</span>
                <span class="method-start">114323 ms</span>
              </div> <!-- test-method -->
              <div class="test-method">
                <img src="failed.png">
                </img>
                <span class="method-name">missingUsernameMissingPassword</span>
                <span class="method-start">114373 ms</span>
              </div> <!-- test-method -->
            </div> <!-- chronological-class -->
            <div class="chronological-class">
              <div class="chronological-class-name">io.railflow.blazetest.samples.testng.webdriver.TestLoginInvalidCredentials</div> <!-- chronological-class-name -->
              <div class="test-method">
                <span class="method-name">invalidUsernameInvalidPassword</span>
                <span class="method-start">114401 ms</span>
              </div> <!-- test-method -->
              <div class="test-method">
                <span class="method-name">lockedOutUserInvliadPassword</span>
                <span class="method-start">114517 ms</span>
              </div> <!-- test-method -->
              <div class="test-method">
                <span class="method-name">longPassword</span>
                <span class="method-start">114612 ms</span>
              </div> <!-- test-method -->
              <div class="test-method">
                <span class="method-name">longUsername</span>
                <span class="method-start">114715 ms</span>
              </div> <!-- test-method -->
              <div class="test-method">
                <span class="method-name">passwordWithNumbers</span>
                <span class="method-start">114836 ms</span>
              </div> <!-- test-method -->
              <div class="test-method">
                <span class="method-name">passwordWithSpaces</span>
                <span class="method-start">114932 ms</span>
              </div> <!-- test-method -->
              <div class="test-method">
                <span class="method-name">passwordWithSpecialCharacters</span>
                <span class="method-start">115011 ms</span>
              </div> <!-- test-method -->
              <div class="test-method">
                <span class="method-name">performanceGlitchUserInvliadPassword</span>
                <span class="method-start">115090 ms</span>
              </div> <!-- test-method -->
              <div class="test-method">
                <span class="method-name">problemUserInvliadPassword</span>
                <span class="method-start">115188 ms</span>
              </div> <!-- test-method -->
              <div class="test-method">
                <span class="method-name">usernameWithNumbers</span>
                <span class="method-start">115289 ms</span>
              </div> <!-- test-method -->
              <div class="test-method">
                <span class="method-name">usernameWithSpaces</span>
                <span class="method-start">115388 ms</span>
              </div> <!-- test-method -->
              <div class="test-method">
                <span class="method-name">usernameWithSpecialCharacters</span>
                <span class="method-start">115491 ms</span>
              </div> <!-- test-method -->
              <div class="test-method">
                <span class="method-name">validUserInvliadPassword</span>
                <span class="method-start">115592 ms</span>
              </div> <!-- test-method -->
            </div> <!-- chronological-class -->
            <div class="chronological-class">
              <div class="chronological-class-name">io.railflow.blazetest.samples.testng.webdriver.shoppingcart.standard.TestShoppingCartStandardUserBackPack</div> <!-- chronological-class-name -->
              <div class="test-method">
                <span class="method-name">add</span>
                <span class="method-start">115696 ms</span>
              </div> <!-- test-method -->
              <div class="test-method">
                <img src="failed.png">
                </img>
                <span class="method-name">addAndRemove</span>
                <span class="method-start">115743 ms</span>
              </div> <!-- test-method -->
              <div class="test-method">
                <img src="failed.png">
                </img>
                <span class="method-name">addRemoveAndAddAgain</span>
                <span class="method-start">115753 ms</span>
              </div> <!-- test-method -->
              <div class="test-method">
                <span class="method-name">image</span>
                <span class="method-start">115763 ms</span>
              </div> <!-- test-method -->
              <div class="test-method">
                <span class="method-name">name</span>
                <span class="method-start">115788 ms</span>
              </div> <!-- test-method -->
              <div class="test-method">
                <span class="method-name">price</span>
                <span class="method-start">115805 ms</span>
              </div> <!-- test-method -->
            </div> <!-- chronological-class -->
            <div class="chronological-class">
              <div class="chronological-class-name">io.railflow.blazetest.samples.testng.webdriver.TestHomePagePasswordInput</div> <!-- chronological-class-name -->
              <div class="test-method">
                <span class="method-name">attribute(autocorrect, off)</span>
                <span class="method-start">115824 ms</span>
              </div> <!-- test-method -->
              <div class="test-method">
                <span class="method-name">attribute(autocapitalize, none)</span>
                <span class="method-start">115839 ms</span>
              </div> <!-- test-method -->
              <div class="test-method">
                <span class="method-name">attribute(name, password)</span>
                <span class="method-start">115851 ms</span>
              </div> <!-- test-method -->
              <div class="test-method">
                <span class="method-name">attribute(placeholder, Password)</span>
                <span class="method-start">115859 ms</span>
              </div> <!-- test-method -->
              <div class="test-method">
                <span class="method-name">attribute(type, password)</span>
                <span class="method-start">115867 ms</span>
              </div> <!-- test-method -->
              <div class="test-method">
                <span class="method-name">text</span>
                <span class="method-start">115875 ms</span>
              </div> <!-- test-method -->
            </div> <!-- chronological-class -->
            <div class="chronological-class">
              <div class="chronological-class-name">io.railflow.blazetest.samples.testng.webdriver.TestLoginUserLockout</div> <!-- chronological-class-name -->
              <div class="test-method">
                <img src="failed.png">
                </img>
                <span class="method-name">emptyPassword</span>
                <span class="method-start">115886 ms</span>
              </div> <!-- test-method -->
              <div class="test-method">
                <img src="failed.png">
                </img>
                <span class="method-name">missingPassword</span>
                <span class="method-start">116035 ms</span>
              </div> <!-- test-method -->
              <div class="test-method">
                <img src="failed.png">
                </img>
                <span class="method-name">userLockedOut</span>
                <span class="method-start">116120 ms</span>
              </div> <!-- test-method -->
            </div> <!-- chronological-class -->
            <div class="chronological-class">
              <div class="chronological-class-name">io.railflow.blazetest.samples.testng.webdriver.shoppingcart.standard.TestShoppingCartStandardUserBikeLight</div> <!-- chronological-class-name -->
              <div class="test-method">
                <span class="method-name">add</span>
                <span class="method-start">116240 ms</span>
              </div> <!-- test-method -->
              <div class="test-method">
                <img src="failed.png">
                </img>
                <span class="method-name">addAndRemove</span>
                <span class="method-start">116284 ms</span>
              </div> <!-- test-method -->
              <div class="test-method">
                <img src="failed.png">
                </img>
                <span class="method-name">addRemoveAndAddAgain</span>
                <span class="method-start">116294 ms</span>
              </div> <!-- test-method -->
              <div class="test-method">
                <span class="method-name">image</span>
                <span class="method-start">116303 ms</span>
              </div> <!-- test-method -->
              <div class="test-method">
                <span class="method-name">name</span>
                <span class="method-start">116324 ms</span>
              </div> <!-- test-method -->
              <div class="test-method">
                <span class="method-name">price</span>
                <span class="method-start">116339 ms</span>
              </div> <!-- test-method -->
            </div> <!-- chronological-class -->
            <div class="chronological-class">
              <div class="chronological-class-name">io.railflow.blazetest.samples.testng.webdriver.TestHomePageUsernameInput</div> <!-- chronological-class-name -->
              <div class="test-method">
                <span class="method-name">autoCapitalize</span>
                <span class="method-start">116355 ms</span>
              </div> <!-- test-method -->
              <div class="test-method">
                <span class="method-name">autoCorrect</span>
                <span class="method-start">116369 ms</span>
              </div> <!-- test-method -->
              <div class="test-method">
                <span class="method-name">name</span>
                <span class="method-start">116379 ms</span>
              </div> <!-- test-method -->
              <div class="test-method">
                <span class="method-name">placeholder</span>
                <span class="method-start">116387 ms</span>
              </div> <!-- test-method -->
              <div class="test-method">
                <span class="method-name">text</span>
                <span class="method-start">116395 ms</span>
              </div> <!-- test-method -->
              <div class="test-method">
                <span class="method-name">type</span>
                <span class="method-start">116405 ms</span>
              </div> <!-- test-method -->
            </div> <!-- chronological-class -->
            <div class="chronological-class">
              <div class="chronological-class-name">io.railflow.blazetest.samples.testng.webdriver.TestLoginSuccess</div> <!-- chronological-class-name -->
              <div class="test-method">
                <span class="method-name">description</span>
                <span class="method-start">116413 ms</span>
              </div> <!-- test-method -->
              <div class="test-method">
                <span class="method-name">facebookLink</span>
                <span class="method-start">116435 ms</span>
              </div> <!-- test-method -->
              <div class="test-method">
                <span class="method-name">facebookText</span>
                <span class="method-start">116464 ms</span>
              </div> <!-- test-method -->
              <div class="test-method">
                <span class="method-name">linkedinLink</span>
                <span class="method-start">116485 ms</span>
              </div> <!-- test-method -->
              <div class="test-method">
                <span class="method-name">linkedinText</span>
                <span class="method-start">116506 ms</span>
              </div> <!-- test-method -->
              <div class="test-method">
                <span class="method-name">manifestLink</span>
                <span class="method-start">116523 ms</span>
              </div> <!-- test-method -->
              <div class="test-method">
                <span class="method-name">stylesheetLink</span>
                <span class="method-start">116539 ms</span>
              </div> <!-- test-method -->
              <div class="test-method">
                <span class="method-name">title</span>
                <span class="method-start">116555 ms</span>
              </div> <!-- test-method -->
              <div class="test-method">
                <span class="method-name">twitterLink</span>
                <span class="method-start">116558 ms</span>
              </div> <!-- test-method -->
              <div class="test-method">
                <span class="method-name">twitterText</span>
                <span class="method-start">116579 ms</span>
              </div> <!-- test-method -->
            </div> <!-- chronological-class -->
            <div class="chronological-class">
              <div class="chronological-class-name">io.railflow.blazetest.samples.testng.webdriver.shoppingcart.standard.TestShoppingCartStandardUserBoltTShirt</div> <!-- chronological-class-name -->
              <div class="test-method">
                <span class="method-name">add</span>
                <span class="method-start">116596 ms</span>
              </div> <!-- test-method -->
              <div class="test-method">
                <img src="failed.png">
                </img>
                <span class="method-name">addAndRemove</span>
                <span class="method-start">116641 ms</span>
              </div> <!-- test-method -->
              <div class="test-method">
                <img src="failed.png">
                </img>
                <span class="method-name">addRemoveAndAddAgain</span>
                <span class="method-start">116654 ms</span>
              </div> <!-- test-method -->
              <div class="test-method">
                <span class="method-name">image</span>
                <span class="method-start">116665 ms</span>
              </div> <!-- test-method -->
              <div class="test-method">
                <span class="method-name">name</span>
                <span class="method-start">116687 ms</span>
              </div> <!-- test-method -->
              <div class="test-method">
                <span class="method-name">price</span>
                <span class="method-start">116703 ms</span>
              </div> <!-- test-method -->
            </div> <!-- chronological-class -->
            <div class="chronological-class">
              <div class="chronological-class-name">io.railflow.blazetest.samples.testng.webdriver.shoppingcart.standard.TestShoppingCartStandardUserInventory</div> <!-- chronological-class-name -->
              <div class="test-method">
                <span class="method-name">inventoryItemCount</span>
                <span class="method-start">116720 ms</span>
              </div> <!-- test-method -->
              <div class="test-method">
                <span class="method-name">inventoryItemDescCount</span>
                <span class="method-start">116732 ms</span>
              </div> <!-- test-method -->
              <div class="test-method">
                <span class="method-name">inventoryItemDescriptionCount</span>
                <span class="method-start">116742 ms</span>
              </div> <!-- test-method -->
              <div class="test-method">
                <span class="method-name">inventoryItemImgCount</span>
                <span class="method-start">116752 ms</span>
              </div> <!-- test-method -->
              <div class="test-method">
                <span class="method-name">inventoryItemLabelCount</span>
                <span class="method-start">116762 ms</span>
              </div> <!-- test-method -->
              <div class="test-method">
                <span class="method-name">inventoryItemNameCount</span>
                <span class="method-start">116771 ms</span>
              </div> <!-- test-method -->
              <div class="test-method">
                <span class="method-name">inventoryItemPriceCount</span>
                <span class="method-start">116781 ms</span>
              </div> <!-- test-method -->
              <div class="test-method">
                <span class="method-name">pricebar</span>
                <span class="method-start">116791 ms</span>
              </div> <!-- test-method -->
            </div> <!-- chronological-class -->
            <div class="chronological-class">
              <div class="chronological-class-name">io.railflow.blazetest.samples.testng.webdriver.shoppingcart.problem.TestShoppingCartProblemUserInventory</div> <!-- chronological-class-name -->
              <div class="test-method">
                <span class="method-name">inventoryItemCount</span>
                <span class="method-start">116800 ms</span>
              </div> <!-- test-method -->
              <div class="test-method">
                <span class="method-name">inventoryItemDescCount</span>
                <span class="method-start">116811 ms</span>
              </div> <!-- test-method -->
              <div class="test-method">
                <span class="method-name">inventoryItemDescriptionCount</span>
                <span class="method-start">116820 ms</span>
              </div> <!-- test-method -->
              <div class="test-method">
                <span class="method-name">inventoryItemImgCount</span>
                <span class="method-start">116830 ms</span>
              </div> <!-- test-method -->
              <div class="test-method">
                <span class="method-name">inventoryItemLabelCount</span>
                <span class="method-start">116841 ms</span>
              </div> <!-- test-method -->
              <div class="test-method">
                <span class="method-name">inventoryItemNameCount</span>
                <span class="method-start">116851 ms</span>
              </div> <!-- test-method -->
              <div class="test-method">
                <span class="method-name">inventoryItemPriceCount</span>
                <span class="method-start">116860 ms</span>
              </div> <!-- test-method -->
              <div class="test-method">
                <span class="method-name">pricebar</span>
                <span class="method-start">116870 ms</span>
              </div> <!-- test-method -->
            </div> <!-- chronological-class -->
            <div class="chronological-class">
              <div class="chronological-class-name">io.railflow.blazetest.samples.testng.webdriver.shoppingcart.problem.TestShoppingCartProblemUserBackPack</div> <!-- chronological-class-name -->
              <div class="test-method">
                <span class="method-name">add</span>
                <span class="method-start">116879 ms</span>
              </div> <!-- test-method -->
              <div class="test-method">
                <img src="failed.png">
                </img>
                <span class="method-name">addAndRemove</span>
                <span class="method-start">116928 ms</span>
              </div> <!-- test-method -->
              <div class="test-method">
                <img src="failed.png">
                </img>
                <span class="method-name">addRemoveAndAddAgain</span>
                <span class="method-start">116937 ms</span>
              </div> <!-- test-method -->
              <div class="test-method">
                <img src="failed.png">
                </img>
                <span class="method-name">image</span>
                <span class="method-start">116946 ms</span>
              </div> <!-- test-method -->
              <div class="test-method">
                <span class="method-name">name</span>
                <span class="method-start">116967 ms</span>
              </div> <!-- test-method -->
              <div class="test-method">
                <span class="method-name">price</span>
                <span class="method-start">116982 ms</span>
              </div> <!-- test-method -->
            </div> <!-- chronological-class -->
            <div class="chronological-class">
              <div class="chronological-class-name">io.railflow.blazetest.samples.testng.webdriver.shoppingcart.problem.TestShoppingCartProblemUserBikeLight</div> <!-- chronological-class-name -->
              <div class="test-method">
                <span class="method-name">add</span>
                <span class="method-start">116996 ms</span>
              </div> <!-- test-method -->
              <div class="test-method">
                <img src="failed.png">
                </img>
                <span class="method-name">addAndRemove</span>
                <span class="method-start">117041 ms</span>
              </div> <!-- test-method -->
              <div class="test-method">
                <img src="failed.png">
                </img>
                <span class="method-name">addRemoveAndAddAgain</span>
                <span class="method-start">117052 ms</span>
              </div> <!-- test-method -->
              <div class="test-method">
                <img src="failed.png">
                </img>
                <span class="method-name">image</span>
                <span class="method-start">117061 ms</span>
              </div> <!-- test-method -->
              <div class="test-method">
                <span class="method-name">name</span>
                <span class="method-start">117081 ms</span>
              </div> <!-- test-method -->
              <div class="test-method">
                <span class="method-name">price</span>
                <span class="method-start">117097 ms</span>
              </div> <!-- test-method -->
            </div> <!-- chronological-class -->
            <div class="chronological-class">
              <div class="chronological-class-name">io.railflow.blazetest.samples.testng.webdriver.shoppingcart.problem.TestShoppingCartProblemUserBoltTShirt</div> <!-- chronological-class-name -->
              <div class="test-method">
                <span class="method-name">add</span>
                <span class="method-start">117111 ms</span>
              </div> <!-- test-method -->
              <div class="test-method">
                <img src="failed.png">
                </img>
                <span class="method-name">addAndRemove</span>
                <span class="method-start">117152 ms</span>
              </div> <!-- test-method -->
              <div class="test-method">
                <img src="failed.png">
                </img>
                <span class="method-name">addRemoveAndAddAgain</span>
                <span class="method-start">117190 ms</span>
              </div> <!-- test-method -->
              <div class="test-method">
                <img src="failed.png">
                </img>
                <span class="method-name">image</span>
                <span class="method-start">117224 ms</span>
              </div> <!-- test-method -->
              <div class="test-method">
                <span class="method-name">name</span>
                <span class="method-start">117243 ms</span>
              </div> <!-- test-method -->
              <div class="test-method">
                <span class="method-name">price</span>
                <span class="method-start">117257 ms</span>
              </div> <!-- test-method -->
            </div> <!-- chronological-class -->
            <div class="chronological-class">
              <div class="chronological-class-name">io.railflow.blazetest.samples.testng.webdriver.TestHomePage</div> <!-- chronological-class-name -->
              <div class="configuration-test after">
                <span class="method-name">afterEach</span>
                <span class="method-start">117271 ms</span>
              </div> <!-- configuration-test after -->
            </div> <!-- chronological-class -->
            <div class="chronological-class">
              <div class="chronological-class-name">io.railflow.blazetest.samples.testng.webdriver.TestHomePageLoginButton</div> <!-- chronological-class-name -->
              <div class="configuration-test after">
                <span class="method-name">afterEach</span>
                <span class="method-start">117382 ms</span>
              </div> <!-- configuration-test after -->
            </div> <!-- chronological-class -->
            <div class="chronological-class">
              <div class="chronological-class-name">io.railflow.blazetest.samples.testng.webdriver.TestHomePagePasswordInput</div> <!-- chronological-class-name -->
              <div class="configuration-test after">
                <span class="method-name">afterEach</span>
                <span class="method-start">117483 ms</span>
              </div> <!-- configuration-test after -->
            </div> <!-- chronological-class -->
            <div class="chronological-class">
              <div class="chronological-class-name">io.railflow.blazetest.samples.testng.webdriver.TestHomePageUsernameInput</div> <!-- chronological-class-name -->
              <div class="configuration-test after">
                <span class="method-name">afterEach</span>
                <span class="method-start">117584 ms</span>
              </div> <!-- configuration-test after -->
            </div> <!-- chronological-class -->
            <div class="chronological-class">
              <div class="chronological-class-name">io.railflow.blazetest.samples.testng.webdriver.TestLoginEmptyCredentials</div> <!-- chronological-class-name -->
              <div class="configuration-test after">
                <span class="method-name">afterEach</span>
                <span class="method-start">117685 ms</span>
              </div> <!-- configuration-test after -->
            </div> <!-- chronological-class -->
            <div class="chronological-class">
              <div class="chronological-class-name">io.railflow.blazetest.samples.testng.webdriver.TestLoginInvalidCredentials</div> <!-- chronological-class-name -->
              <div class="configuration-test after">
                <span class="method-name">afterEach</span>
                <span class="method-start">117787 ms</span>
              </div> <!-- configuration-test after -->
            </div> <!-- chronological-class -->
            <div class="chronological-class">
              <div class="chronological-class-name">io.railflow.blazetest.samples.testng.webdriver.TestLoginSuccess</div> <!-- chronological-class-name -->
              <div class="configuration-test after">
                <span class="method-name">afterEach</span>
                <span class="method-start">117888 ms</span>
              </div> <!-- configuration-test after -->
            </div> <!-- chronological-class -->
            <div class="chronological-class">
              <div class="chronological-class-name">io.railflow.blazetest.samples.testng.webdriver.TestLoginUserLockout</div> <!-- chronological-class-name -->
              <div class="configuration-test after">
                <span class="method-name">afterEach</span>
                <span class="method-start">117989 ms</span>
              </div> <!-- configuration-test after -->
            </div> <!-- chronological-class -->
            <div class="chronological-class">
              <div class="chronological-class-name">io.railflow.blazetest.samples.testng.webdriver.shoppingcart.problem.TestShoppingCartProblemUserBackPack</div> <!-- chronological-class-name -->
              <div class="configuration-test after">
                <span class="method-name">afterEach</span>
                <span class="method-start">118090 ms</span>
              </div> <!-- configuration-test after -->
            </div> <!-- chronological-class -->
            <div class="chronological-class">
              <div class="chronological-class-name">io.railflow.blazetest.samples.testng.webdriver.shoppingcart.problem.TestShoppingCartProblemUserBikeLight</div> <!-- chronological-class-name -->
              <div class="configuration-test after">
                <span class="method-name">afterEach</span>
                <span class="method-start">118207 ms</span>
              </div> <!-- configuration-test after -->
            </div> <!-- chronological-class -->
            <div class="chronological-class">
              <div class="chronological-class-name">io.railflow.blazetest.samples.testng.webdriver.shoppingcart.problem.TestShoppingCartProblemUserBoltTShirt</div> <!-- chronological-class-name -->
              <div class="configuration-test after">
                <span class="method-name">afterEach</span>
                <span class="method-start">118308 ms</span>
              </div> <!-- configuration-test after -->
            </div> <!-- chronological-class -->
            <div class="chronological-class">
              <div class="chronological-class-name">io.railflow.blazetest.samples.testng.webdriver.shoppingcart.problem.TestShoppingCartProblemUserInventory</div> <!-- chronological-class-name -->
              <div class="configuration-test after">
                <span class="method-name">afterEach</span>
                <span class="method-start">118409 ms</span>
              </div> <!-- configuration-test after -->
            </div> <!-- chronological-class -->
            <div class="chronological-class">
              <div class="chronological-class-name">io.railflow.blazetest.samples.testng.webdriver.shoppingcart.standard.TestShoppingCartStandardUserBackPack</div> <!-- chronological-class-name -->
              <div class="configuration-test after">
                <span class="method-name">afterEach</span>
                <span class="method-start">118510 ms</span>
              </div> <!-- configuration-test after -->
            </div> <!-- chronological-class -->
            <div class="chronological-class">
              <div class="chronological-class-name">io.railflow.blazetest.samples.testng.webdriver.shoppingcart.standard.TestShoppingCartStandardUserBikeLight</div> <!-- chronological-class-name -->
              <div class="configuration-test after">
                <span class="method-name">afterEach</span>
                <span class="method-start">118612 ms</span>
              </div> <!-- configuration-test after -->
            </div> <!-- chronological-class -->
            <div class="chronological-class">
              <div class="chronological-class-name">io.railflow.blazetest.samples.testng.webdriver.shoppingcart.standard.TestShoppingCartStandardUserBoltTShirt</div> <!-- chronological-class-name -->
              <div class="configuration-test after">
                <span class="method-name">afterEach</span>
                <span class="method-start">118713 ms</span>
              </div> <!-- configuration-test after -->
            </div> <!-- chronological-class -->
            <div class="chronological-class">
              <div class="chronological-class-name">io.railflow.blazetest.samples.testng.webdriver.shoppingcart.standard.TestShoppingCartStandardUserInventory</div> <!-- chronological-class-name -->
              <div class="configuration-test after">
                <span class="method-name">afterEach</span>
                <span class="method-start">118814 ms</span>
              </div> <!-- configuration-test after -->
          </div> <!-- main-panel-content rounded-window-bottom -->
        </div> <!-- panel -->
      </div> <!-- main-panel-root -->
    </div> <!-- wrapper -->
  </body>
</html>
