<?xml version="1.0" encoding="UTF-8"?>
<testng-results ignored="0" total="108" passed="84" failed="24" skipped="0">
  <reporter-output>
  </reporter-output>
  <suite started-at="2023-09-21T16:11:22Z" name="Surefire suite" finished-at="2023-09-21T16:13:21Z" duration-ms="118915">
    <groups>
    </groups>
    <test started-at="2023-09-21T16:11:22Z" name="Surefire test" finished-at="2023-09-21T16:13:21Z" duration-ms="118915">
      <class name="io.railflow.blazetest.samples.testng.webdriver.shoppingcart.standard.TestShoppingCartStandardUserBoltTShirt">
        <test-method signature="add()[pri:0, instance:io.railflow.blazetest.samples.testng.webdriver.shoppingcart.standard.TestShoppingCartStandardUserBoltTShirt@64f6106c]" started-at="2023-09-21T21:43:19Z" name="add" finished-at="2023-09-21T21:43:19Z" duration-ms="45" status="PASS">
          <reporter-output>
          </reporter-output>
        </test-method> <!-- add -->
        <test-method signature="addAndRemove()[pri:0, instance:io.railflow.blazetest.samples.testng.webdriver.shoppingcart.standard.TestShoppingCartStandardUserBoltTShirt@64f6106c]" started-at="2023-09-21T21:43:19Z" name="addAndRemove" finished-at="2023-09-21T21:43:19Z" duration-ms="12" status="FAIL">
          <exception class="java.lang.AssertionError">
            <message>
              <![CDATA[Unexpected exception (org.openqa.selenium.NoSuchElementException): no such element: Unable to locate element: {"method":"xpath","selector":"//button[@id='add-to-cart-sauce-labs-bolt-t-shirt']"}
  (Session info: chrome=117.0.5938.88)
For documentation on this error, please visit: https://www.selenium.dev/documentation/webdriver/troubleshooting/errors#no-such-element-exception
Build info: version: '4.12.1', revision: '8e34639b11'
System info: os.name: 'Linux', os.arch: 'amd64', os.version: '6.2.0-32-generic', java.version: '19.0.2'
Driver info: org.openqa.selenium.chrome.ChromeDriver
Command: [2c5a918c1206c37248ef79a0227a5b5a, findElement {using=xpath, value=//button[@id='add-to-cart-sauce-labs-bolt-t-shirt']}]
Capabilities {acceptInsecureCerts: false, browserName: chrome, browserVersion: 117.0.5938.88, chrome: {chromedriverVersion: 117.0.5938.88 (be6afae47212..., userDataDir: /tmp/.org.chromium.Chromium...}, fedcm:accounts: true, goog:chromeOptions: {debuggerAddress: localhost:38457}, networkConnectionEnabled: false, pageLoadStrategy: normal, platformName: linux, proxy: Proxy(), se:cdp: ws://localhost:38457/devtoo..., se:cdpVersion: 117.0.5938.88, setWindowRect: true, strictFileInteractability: false, timeouts: {implicit: 0, pageLoad: 300000, script: 30000}, unhandledPromptBehavior: dismiss and notify, webauthn:extension:credBlob: true, webauthn:extension:largeBlob: true, webauthn:extension:minPinLength: true, webauthn:extension:prf: true, webauthn:virtualAuthenticators: true}
Session ID: 2c5a918c1206c37248ef79a0227a5b5a]]>
            </message>
            <full-stacktrace>
              <![CDATA[java.lang.AssertionError: Unexpected exception (org.openqa.selenium.NoSuchElementException): no such element: Unable to locate element: {"method":"xpath","selector":"//button[@id='add-to-cart-sauce-labs-bolt-t-shirt']"}
  (Session info: chrome=117.0.5938.88)
For documentation on this error, please visit: https://www.selenium.dev/documentation/webdriver/troubleshooting/errors#no-such-element-exception
Build info: version: '4.12.1', revision: '8e34639b11'
System info: os.name: 'Linux', os.arch: 'amd64', os.version: '6.2.0-32-generic', java.version: '19.0.2'
Driver info: org.openqa.selenium.chrome.ChromeDriver
Command: [2c5a918c1206c37248ef79a0227a5b5a, findElement {using=xpath, value=//button[@id='add-to-cart-sauce-labs-bolt-t-shirt']}]
Capabilities {acceptInsecureCerts: false, browserName: chrome, browserVersion: 117.0.5938.88, chrome: {chromedriverVersion: 117.0.5938.88 (be6afae47212..., userDataDir: /tmp/.org.chromium.Chromium...}, fedcm:accounts: true, goog:chromeOptions: {debuggerAddress: localhost:38457}, networkConnectionEnabled: false, pageLoadStrategy: normal, platformName: linux, proxy: Proxy(), se:cdp: ws://localhost:38457/devtoo..., se:cdpVersion: 117.0.5938.88, setWindowRect: true, strictFileInteractability: false, timeouts: {implicit: 0, pageLoad: 300000, script: 30000}, unhandledPromptBehavior: dismiss and notify, webauthn:extension:credBlob: true, webauthn:extension:largeBlob: true, webauthn:extension:minPinLength: true, webauthn:extension:prf: true, webauthn:virtualAuthenticators: true}
Session ID: 2c5a918c1206c37248ef79a0227a5b5a
	at org.testng.Assert.fail(Assert.java:94)
	at io.railflow.blazetest.samples.testng.webdriver.shoppingcart.TestShoppingCartBase.addToCart(TestShoppingCartBase.java:66)
	at io.railflow.blazetest.samples.testng.webdriver.shoppingcart.TestShoppingCartBase.addAndRemove(TestShoppingCartBase.java:111)
	at java.base/jdk.internal.reflect.DirectMethodHandleAccessor.invoke(DirectMethodHandleAccessor.java:104)
	at java.base/java.lang.reflect.Method.invoke(Method.java:578)
	at org.testng.internal.MethodInvocationHelper.invokeMethod(MethodInvocationHelper.java:104)
	at org.testng.internal.Invoker.invokeMethod(Invoker.java:645)
	at org.testng.internal.Invoker.invokeTestMethod(Invoker.java:851)
	at org.testng.internal.Invoker.invokeTestMethods(Invoker.java:1177)
	at org.testng.internal.TestMethodWorker.invokeTestMethods(TestMethodWorker.java:129)
	at org.testng.internal.TestMethodWorker.run(TestMethodWorker.java:112)
	at org.testng.TestRunner.privateRun(TestRunner.java:756)
	at org.testng.TestRunner.run(TestRunner.java:610)
	at org.testng.SuiteRunner.runTest(SuiteRunner.java:387)
	at org.testng.SuiteRunner.runSequentially(SuiteRunner.java:382)
	at org.testng.SuiteRunner.privateRun(SuiteRunner.java:340)
	at org.testng.SuiteRunner.run(SuiteRunner.java:289)
	at org.testng.SuiteRunnerWorker.runSuite(SuiteRunnerWorker.java:52)
	at org.testng.SuiteRunnerWorker.run(SuiteRunnerWorker.java:86)
	at org.testng.TestNG.runSuitesSequentially(TestNG.java:1293)
	at org.testng.TestNG.runSuitesLocally(TestNG.java:1218)
	at org.testng.TestNG.runSuites(TestNG.java:1133)
	at org.testng.TestNG.run(TestNG.java:1104)
	at org.apache.maven.surefire.testng.TestNGExecutor.run(TestNGExecutor.java:136)
	at org.apache.maven.surefire.testng.TestNGDirectoryTestSuite.executeMulti(TestNGDirectoryTestSuite.java:193)
	at org.apache.maven.surefire.testng.TestNGDirectoryTestSuite.execute(TestNGDirectoryTestSuite.java:94)
	at org.apache.maven.surefire.testng.TestNGProvider.invoke(TestNGProvider.java:145)
	at org.apache.maven.surefire.booter.ForkedBooter.runSuitesInProcess(ForkedBooter.java:428)
	at org.apache.maven.surefire.booter.ForkedBooter.execute(ForkedBooter.java:162)
	at org.apache.maven.surefire.booter.ForkedBooter.run(ForkedBooter.java:562)
	at org.apache.maven.surefire.booter.ForkedBooter.main(ForkedBooter.java:548)
]]>
            </full-stacktrace>
          </exception> <!-- java.lang.AssertionError -->
          <reporter-output>
          </reporter-output>
        </test-method> <!-- addAndRemove -->
        <test-method signature="addRemoveAndAddAgain()[pri:0, instance:io.railflow.blazetest.samples.testng.webdriver.shoppingcart.standard.TestShoppingCartStandardUserBoltTShirt@64f6106c]" started-at="2023-09-21T21:43:19Z" name="addRemoveAndAddAgain" finished-at="2023-09-21T21:43:19Z" duration-ms="10" status="FAIL">
          <exception class="java.lang.AssertionError">
            <message>
              <![CDATA[Unexpected exception (org.openqa.selenium.NoSuchElementException): no such element: Unable to locate element: {"method":"xpath","selector":"//button[@id='add-to-cart-sauce-labs-bolt-t-shirt']"}
  (Session info: chrome=117.0.5938.88)
For documentation on this error, please visit: https://www.selenium.dev/documentation/webdriver/troubleshooting/errors#no-such-element-exception
Build info: version: '4.12.1', revision: '8e34639b11'
System info: os.name: 'Linux', os.arch: 'amd64', os.version: '6.2.0-32-generic', java.version: '19.0.2'
Driver info: org.openqa.selenium.chrome.ChromeDriver
Command: [2c5a918c1206c37248ef79a0227a5b5a, findElement {using=xpath, value=//button[@id='add-to-cart-sauce-labs-bolt-t-shirt']}]
Capabilities {acceptInsecureCerts: false, browserName: chrome, browserVersion: 117.0.5938.88, chrome: {chromedriverVersion: 117.0.5938.88 (be6afae47212..., userDataDir: /tmp/.org.chromium.Chromium...}, fedcm:accounts: true, goog:chromeOptions: {debuggerAddress: localhost:38457}, networkConnectionEnabled: false, pageLoadStrategy: normal, platformName: linux, proxy: Proxy(), se:cdp: ws://localhost:38457/devtoo..., se:cdpVersion: 117.0.5938.88, setWindowRect: true, strictFileInteractability: false, timeouts: {implicit: 0, pageLoad: 300000, script: 30000}, unhandledPromptBehavior: dismiss and notify, webauthn:extension:credBlob: true, webauthn:extension:largeBlob: true, webauthn:extension:minPinLength: true, webauthn:extension:prf: true, webauthn:virtualAuthenticators: true}
Session ID: 2c5a918c1206c37248ef79a0227a5b5a]]>
            </message>
            <full-stacktrace>
              <![CDATA[java.lang.AssertionError: Unexpected exception (org.openqa.selenium.NoSuchElementException): no such element: Unable to locate element: {"method":"xpath","selector":"//button[@id='add-to-cart-sauce-labs-bolt-t-shirt']"}
  (Session info: chrome=117.0.5938.88)
For documentation on this error, please visit: https://www.selenium.dev/documentation/webdriver/troubleshooting/errors#no-such-element-exception
Build info: version: '4.12.1', revision: '8e34639b11'
System info: os.name: 'Linux', os.arch: 'amd64', os.version: '6.2.0-32-generic', java.version: '19.0.2'
Driver info: org.openqa.selenium.chrome.ChromeDriver
Command: [2c5a918c1206c37248ef79a0227a5b5a, findElement {using=xpath, value=//button[@id='add-to-cart-sauce-labs-bolt-t-shirt']}]
Capabilities {acceptInsecureCerts: false, browserName: chrome, browserVersion: 117.0.5938.88, chrome: {chromedriverVersion: 117.0.5938.88 (be6afae47212..., userDataDir: /tmp/.org.chromium.Chromium...}, fedcm:accounts: true, goog:chromeOptions: {debuggerAddress: localhost:38457}, networkConnectionEnabled: false, pageLoadStrategy: normal, platformName: linux, proxy: Proxy(), se:cdp: ws://localhost:38457/devtoo..., se:cdpVersion: 117.0.5938.88, setWindowRect: true, strictFileInteractability: false, timeouts: {implicit: 0, pageLoad: 300000, script: 30000}, unhandledPromptBehavior: dismiss and notify, webauthn:extension:credBlob: true, webauthn:extension:largeBlob: true, webauthn:extension:minPinLength: true, webauthn:extension:prf: true, webauthn:virtualAuthenticators: true}
Session ID: 2c5a918c1206c37248ef79a0227a5b5a
	at org.testng.Assert.fail(Assert.java:94)
	at io.railflow.blazetest.samples.testng.webdriver.shoppingcart.TestShoppingCartBase.addToCart(TestShoppingCartBase.java:66)
	at io.railflow.blazetest.samples.testng.webdriver.shoppingcart.TestShoppingCartBase.addRemoveAndAddAgain(TestShoppingCartBase.java:117)
	at java.base/jdk.internal.reflect.DirectMethodHandleAccessor.invoke(DirectMethodHandleAccessor.java:104)
	at java.base/java.lang.reflect.Method.invoke(Method.java:578)
	at org.testng.internal.MethodInvocationHelper.invokeMethod(MethodInvocationHelper.java:104)
	at org.testng.internal.Invoker.invokeMethod(Invoker.java:645)
	at org.testng.internal.Invoker.invokeTestMethod(Invoker.java:851)
	at org.testng.internal.Invoker.invokeTestMethods(Invoker.java:1177)
	at org.testng.internal.TestMethodWorker.invokeTestMethods(TestMethodWorker.java:129)
	at org.testng.internal.TestMethodWorker.run(TestMethodWorker.java:112)
	at org.testng.TestRunner.privateRun(TestRunner.java:756)
	at org.testng.TestRunner.run(TestRunner.java:610)
	at org.testng.SuiteRunner.runTest(SuiteRunner.java:387)
	at org.testng.SuiteRunner.runSequentially(SuiteRunner.java:382)
	at org.testng.SuiteRunner.privateRun(SuiteRunner.java:340)
	at org.testng.SuiteRunner.run(SuiteRunner.java:289)
	at org.testng.SuiteRunnerWorker.runSuite(SuiteRunnerWorker.java:52)
	at org.testng.SuiteRunnerWorker.run(SuiteRunnerWorker.java:86)
	at org.testng.TestNG.runSuitesSequentially(TestNG.java:1293)
	at org.testng.TestNG.runSuitesLocally(TestNG.java:1218)
	at org.testng.TestNG.runSuites(TestNG.java:1133)
	at org.testng.TestNG.run(TestNG.java:1104)
	at org.apache.maven.surefire.testng.TestNGExecutor.run(TestNGExecutor.java:136)
	at org.apache.maven.surefire.testng.TestNGDirectoryTestSuite.executeMulti(TestNGDirectoryTestSuite.java:193)
	at org.apache.maven.surefire.testng.TestNGDirectoryTestSuite.execute(TestNGDirectoryTestSuite.java:94)
	at org.apache.maven.surefire.testng.TestNGProvider.invoke(TestNGProvider.java:145)
	at org.apache.maven.surefire.booter.ForkedBooter.runSuitesInProcess(ForkedBooter.java:428)
	at org.apache.maven.surefire.booter.ForkedBooter.execute(ForkedBooter.java:162)
	at org.apache.maven.surefire.booter.ForkedBooter.run(ForkedBooter.java:562)
	at org.apache.maven.surefire.booter.ForkedBooter.main(ForkedBooter.java:548)
]]>
            </full-stacktrace>
          </exception> <!-- java.lang.AssertionError -->
          <reporter-output>
          </reporter-output>
        </test-method> <!-- addRemoveAndAddAgain -->
        <test-method signature="image()[pri:0, instance:io.railflow.blazetest.samples.testng.webdriver.shoppingcart.standard.TestShoppingCartStandardUserBoltTShirt@64f6106c]" started-at="2023-09-21T21:43:19Z" name="image" finished-at="2023-09-21T21:43:19Z" duration-ms="22" status="PASS">
          <reporter-output>
          </reporter-output>
        </test-method> <!-- image -->
        <test-method signature="name()[pri:0, instance:io.railflow.blazetest.samples.testng.webdriver.shoppingcart.standard.TestShoppingCartStandardUserBoltTShirt@64f6106c]" started-at="2023-09-21T21:43:19Z" name="name" finished-at="2023-09-21T21:43:19Z" duration-ms="16" status="PASS">
          <reporter-output>
          </reporter-output>
        </test-method> <!-- name -->
        <test-method signature="price()[pri:0, instance:io.railflow.blazetest.samples.testng.webdriver.shoppingcart.standard.TestShoppingCartStandardUserBoltTShirt@64f6106c]" started-at="2023-09-21T21:43:19Z" name="price" finished-at="2023-09-21T21:43:19Z" duration-ms="16" status="PASS">
          <reporter-output>
          </reporter-output>
        </test-method> <!-- price -->
      </class> <!-- io.railflow.blazetest.samples.testng.webdriver.shoppingcart.standard.TestShoppingCartStandardUserBoltTShirt -->
      <class name="io.railflow.blazetest.samples.testng.webdriver.TestHomePageUsernameInput">
        <test-method signature="autoCapitalize()[pri:0, instance:io.railflow.blazetest.samples.testng.webdriver.TestHomePageUsernameInput@28ac3dc3]" started-at="2023-09-21T21:43:19Z" name="autoCapitalize" finished-at="2023-09-21T21:43:19Z" duration-ms="14" status="PASS">
          <reporter-output>
          </reporter-output>
        </test-method> <!-- autoCapitalize -->
        <test-method signature="autoCorrect()[pri:0, instance:io.railflow.blazetest.samples.testng.webdriver.TestHomePageUsernameInput@28ac3dc3]" started-at="2023-09-21T21:43:19Z" name="autoCorrect" finished-at="2023-09-21T21:43:19Z" duration-ms="10" status="PASS">
          <reporter-output>
          </reporter-output>
        </test-method> <!-- autoCorrect -->
        <test-method signature="name()[pri:0, instance:io.railflow.blazetest.samples.testng.webdriver.TestHomePageUsernameInput@28ac3dc3]" started-at="2023-09-21T21:43:19Z" name="name" finished-at="2023-09-21T21:43:19Z" duration-ms="7" status="PASS">
          <reporter-output>
          </reporter-output>
        </test-method> <!-- name -->
        <test-method signature="placeholder()[pri:0, instance:io.railflow.blazetest.samples.testng.webdriver.TestHomePageUsernameInput@28ac3dc3]" started-at="2023-09-21T21:43:19Z" name="placeholder" finished-at="2023-09-21T21:43:19Z" duration-ms="8" status="PASS">
          <reporter-output>
          </reporter-output>
        </test-method> <!-- placeholder -->
        <test-method signature="text()[pri:0, instance:io.railflow.blazetest.samples.testng.webdriver.TestHomePageUsernameInput@28ac3dc3]" started-at="2023-09-21T21:43:19Z" name="text" finished-at="2023-09-21T21:43:19Z" duration-ms="10" status="PASS">
          <reporter-output>
          </reporter-output>
        </test-method> <!-- text -->
        <test-method signature="type()[pri:0, instance:io.railflow.blazetest.samples.testng.webdriver.TestHomePageUsernameInput@28ac3dc3]" started-at="2023-09-21T21:43:19Z" name="type" finished-at="2023-09-21T21:43:19Z" duration-ms="8" status="PASS">
          <reporter-output>
          </reporter-output>
        </test-method> <!-- type -->
      </class> <!-- io.railflow.blazetest.samples.testng.webdriver.TestHomePageUsernameInput -->
      <class name="io.railflow.blazetest.samples.testng.webdriver.shoppingcart.problem.TestShoppingCartProblemUserBoltTShirt">
        <test-method signature="add()[pri:0, instance:io.railflow.blazetest.samples.testng.webdriver.shoppingcart.problem.TestShoppingCartProblemUserBoltTShirt@8e24743]" started-at="2023-09-21T21:43:19Z" name="add" finished-at="2023-09-21T21:43:20Z" duration-ms="40" status="PASS">
          <reporter-output>
          </reporter-output>
        </test-method> <!-- add -->
        <test-method signature="addAndRemove()[pri:0, instance:io.railflow.blazetest.samples.testng.webdriver.shoppingcart.problem.TestShoppingCartProblemUserBoltTShirt@8e24743]" started-at="2023-09-21T21:43:20Z" name="addAndRemove" finished-at="2023-09-21T21:43:20Z" duration-ms="38" status="FAIL">
          <exception class="java.lang.AssertionError">
            <message>
              <![CDATA[Unexpected exception (org.openqa.selenium.NoSuchElementException): no such element: Unable to locate element: {"method":"xpath","selector":"//button[@id='remove-sauce-labs-bolt-t-shirt']"}
  (Session info: chrome=117.0.5938.88)
For documentation on this error, please visit: https://www.selenium.dev/documentation/webdriver/troubleshooting/errors#no-such-element-exception
Build info: version: '4.12.1', revision: '8e34639b11'
System info: os.name: 'Linux', os.arch: 'amd64', os.version: '6.2.0-32-generic', java.version: '19.0.2'
Driver info: org.openqa.selenium.chrome.ChromeDriver
Command: [6fce7ee55769f5f60f6dc35915d31bed, findElement {using=xpath, value=//button[@id='remove-sauce-labs-bolt-t-shirt']}]
Capabilities {acceptInsecureCerts: false, browserName: chrome, browserVersion: 117.0.5938.88, chrome: {chromedriverVersion: 117.0.5938.88 (be6afae47212..., userDataDir: /tmp/.org.chromium.Chromium...}, fedcm:accounts: true, goog:chromeOptions: {debuggerAddress: localhost:35841}, networkConnectionEnabled: false, pageLoadStrategy: normal, platformName: linux, proxy: Proxy(), se:cdp: ws://localhost:35841/devtoo..., se:cdpVersion: 117.0.5938.88, setWindowRect: true, strictFileInteractability: false, timeouts: {implicit: 0, pageLoad: 300000, script: 30000}, unhandledPromptBehavior: dismiss and notify, webauthn:extension:credBlob: true, webauthn:extension:largeBlob: true, webauthn:extension:minPinLength: true, webauthn:extension:prf: true, webauthn:virtualAuthenticators: true}
Session ID: 6fce7ee55769f5f60f6dc35915d31bed]]>
            </message>
            <full-stacktrace>
              <![CDATA[java.lang.AssertionError: Unexpected exception (org.openqa.selenium.NoSuchElementException): no such element: Unable to locate element: {"method":"xpath","selector":"//button[@id='remove-sauce-labs-bolt-t-shirt']"}
  (Session info: chrome=117.0.5938.88)
For documentation on this error, please visit: https://www.selenium.dev/documentation/webdriver/troubleshooting/errors#no-such-element-exception
Build info: version: '4.12.1', revision: '8e34639b11'
System info: os.name: 'Linux', os.arch: 'amd64', os.version: '6.2.0-32-generic', java.version: '19.0.2'
Driver info: org.openqa.selenium.chrome.ChromeDriver
Command: [6fce7ee55769f5f60f6dc35915d31bed, findElement {using=xpath, value=//button[@id='remove-sauce-labs-bolt-t-shirt']}]
Capabilities {acceptInsecureCerts: false, browserName: chrome, browserVersion: 117.0.5938.88, chrome: {chromedriverVersion: 117.0.5938.88 (be6afae47212..., userDataDir: /tmp/.org.chromium.Chromium...}, fedcm:accounts: true, goog:chromeOptions: {debuggerAddress: localhost:35841}, networkConnectionEnabled: false, pageLoadStrategy: normal, platformName: linux, proxy: Proxy(), se:cdp: ws://localhost:35841/devtoo..., se:cdpVersion: 117.0.5938.88, setWindowRect: true, strictFileInteractability: false, timeouts: {implicit: 0, pageLoad: 300000, script: 30000}, unhandledPromptBehavior: dismiss and notify, webauthn:extension:credBlob: true, webauthn:extension:largeBlob: true, webauthn:extension:minPinLength: true, webauthn:extension:prf: true, webauthn:virtualAuthenticators: true}
Session ID: 6fce7ee55769f5f60f6dc35915d31bed
	at org.testng.Assert.fail(Assert.java:94)
	at io.railflow.blazetest.samples.testng.webdriver.shoppingcart.TestShoppingCartBase.removeFromCart(TestShoppingCartBase.java:80)
	at io.railflow.blazetest.samples.testng.webdriver.shoppingcart.TestShoppingCartBase.addAndRemove(TestShoppingCartBase.java:112)
	at java.base/jdk.internal.reflect.DirectMethodHandleAccessor.invoke(DirectMethodHandleAccessor.java:104)
	at java.base/java.lang.reflect.Method.invoke(Method.java:578)
	at org.testng.internal.MethodInvocationHelper.invokeMethod(MethodInvocationHelper.java:104)
	at org.testng.internal.Invoker.invokeMethod(Invoker.java:645)
	at org.testng.internal.Invoker.invokeTestMethod(Invoker.java:851)
	at org.testng.internal.Invoker.invokeTestMethods(Invoker.java:1177)
	at org.testng.internal.TestMethodWorker.invokeTestMethods(TestMethodWorker.java:129)
	at org.testng.internal.TestMethodWorker.run(TestMethodWorker.java:112)
	at org.testng.TestRunner.privateRun(TestRunner.java:756)
	at org.testng.TestRunner.run(TestRunner.java:610)
	at org.testng.SuiteRunner.runTest(SuiteRunner.java:387)
	at org.testng.SuiteRunner.runSequentially(SuiteRunner.java:382)
	at org.testng.SuiteRunner.privateRun(SuiteRunner.java:340)
	at org.testng.SuiteRunner.run(SuiteRunner.java:289)
	at org.testng.SuiteRunnerWorker.runSuite(SuiteRunnerWorker.java:52)
	at org.testng.SuiteRunnerWorker.run(SuiteRunnerWorker.java:86)
	at org.testng.TestNG.runSuitesSequentially(TestNG.java:1293)
	at org.testng.TestNG.runSuitesLocally(TestNG.java:1218)
	at org.testng.TestNG.runSuites(TestNG.java:1133)
	at org.testng.TestNG.run(TestNG.java:1104)
	at org.apache.maven.surefire.testng.TestNGExecutor.run(TestNGExecutor.java:136)
	at org.apache.maven.surefire.testng.TestNGDirectoryTestSuite.executeMulti(TestNGDirectoryTestSuite.java:193)
	at org.apache.maven.surefire.testng.TestNGDirectoryTestSuite.execute(TestNGDirectoryTestSuite.java:94)
	at org.apache.maven.surefire.testng.TestNGProvider.invoke(TestNGProvider.java:145)
	at org.apache.maven.surefire.booter.ForkedBooter.runSuitesInProcess(ForkedBooter.java:428)
	at org.apache.maven.surefire.booter.ForkedBooter.execute(ForkedBooter.java:162)
	at org.apache.maven.surefire.booter.ForkedBooter.run(ForkedBooter.java:562)
	at org.apache.maven.surefire.booter.ForkedBooter.main(ForkedBooter.java:548)
]]>
            </full-stacktrace>
          </exception> <!-- java.lang.AssertionError -->
          <reporter-output>
          </reporter-output>
        </test-method> <!-- addAndRemove -->
        <test-method signature="addRemoveAndAddAgain()[pri:0, instance:io.railflow.blazetest.samples.testng.webdriver.shoppingcart.problem.TestShoppingCartProblemUserBoltTShirt@8e24743]" started-at="2023-09-21T21:43:20Z" name="addRemoveAndAddAgain" finished-at="2023-09-21T21:43:20Z" duration-ms="34" status="FAIL">
          <exception class="java.lang.AssertionError">
            <message>
              <![CDATA[Unexpected exception (org.openqa.selenium.NoSuchElementException): no such element: Unable to locate element: {"method":"xpath","selector":"//button[@id='remove-sauce-labs-bolt-t-shirt']"}
  (Session info: chrome=117.0.5938.88)
For documentation on this error, please visit: https://www.selenium.dev/documentation/webdriver/troubleshooting/errors#no-such-element-exception
Build info: version: '4.12.1', revision: '8e34639b11'
System info: os.name: 'Linux', os.arch: 'amd64', os.version: '6.2.0-32-generic', java.version: '19.0.2'
Driver info: org.openqa.selenium.chrome.ChromeDriver
Command: [6fce7ee55769f5f60f6dc35915d31bed, findElement {using=xpath, value=//button[@id='remove-sauce-labs-bolt-t-shirt']}]
Capabilities {acceptInsecureCerts: false, browserName: chrome, browserVersion: 117.0.5938.88, chrome: {chromedriverVersion: 117.0.5938.88 (be6afae47212..., userDataDir: /tmp/.org.chromium.Chromium...}, fedcm:accounts: true, goog:chromeOptions: {debuggerAddress: localhost:35841}, networkConnectionEnabled: false, pageLoadStrategy: normal, platformName: linux, proxy: Proxy(), se:cdp: ws://localhost:35841/devtoo..., se:cdpVersion: 117.0.5938.88, setWindowRect: true, strictFileInteractability: false, timeouts: {implicit: 0, pageLoad: 300000, script: 30000}, unhandledPromptBehavior: dismiss and notify, webauthn:extension:credBlob: true, webauthn:extension:largeBlob: true, webauthn:extension:minPinLength: true, webauthn:extension:prf: true, webauthn:virtualAuthenticators: true}
Session ID: 6fce7ee55769f5f60f6dc35915d31bed]]>
            </message>
            <full-stacktrace>
              <![CDATA[java.lang.AssertionError: Unexpected exception (org.openqa.selenium.NoSuchElementException): no such element: Unable to locate element: {"method":"xpath","selector":"//button[@id='remove-sauce-labs-bolt-t-shirt']"}
  (Session info: chrome=117.0.5938.88)
For documentation on this error, please visit: https://www.selenium.dev/documentation/webdriver/troubleshooting/errors#no-such-element-exception
Build info: version: '4.12.1', revision: '8e34639b11'
System info: os.name: 'Linux', os.arch: 'amd64', os.version: '6.2.0-32-generic', java.version: '19.0.2'
Driver info: org.openqa.selenium.chrome.ChromeDriver
Command: [6fce7ee55769f5f60f6dc35915d31bed, findElement {using=xpath, value=//button[@id='remove-sauce-labs-bolt-t-shirt']}]
Capabilities {acceptInsecureCerts: false, browserName: chrome, browserVersion: 117.0.5938.88, chrome: {chromedriverVersion: 117.0.5938.88 (be6afae47212..., userDataDir: /tmp/.org.chromium.Chromium...}, fedcm:accounts: true, goog:chromeOptions: {debuggerAddress: localhost:35841}, networkConnectionEnabled: false, pageLoadStrategy: normal, platformName: linux, proxy: Proxy(), se:cdp: ws://localhost:35841/devtoo..., se:cdpVersion: 117.0.5938.88, setWindowRect: true, strictFileInteractability: false, timeouts: {implicit: 0, pageLoad: 300000, script: 30000}, unhandledPromptBehavior: dismiss and notify, webauthn:extension:credBlob: true, webauthn:extension:largeBlob: true, webauthn:extension:minPinLength: true, webauthn:extension:prf: true, webauthn:virtualAuthenticators: true}
Session ID: 6fce7ee55769f5f60f6dc35915d31bed
	at org.testng.Assert.fail(Assert.java:94)
	at io.railflow.blazetest.samples.testng.webdriver.shoppingcart.TestShoppingCartBase.removeFromCart(TestShoppingCartBase.java:80)
	at io.railflow.blazetest.samples.testng.webdriver.shoppingcart.TestShoppingCartBase.addRemoveAndAddAgain(TestShoppingCartBase.java:118)
	at java.base/jdk.internal.reflect.DirectMethodHandleAccessor.invoke(DirectMethodHandleAccessor.java:104)
	at java.base/java.lang.reflect.Method.invoke(Method.java:578)
	at org.testng.internal.MethodInvocationHelper.invokeMethod(MethodInvocationHelper.java:104)
	at org.testng.internal.Invoker.invokeMethod(Invoker.java:645)
	at org.testng.internal.Invoker.invokeTestMethod(Invoker.java:851)
	at org.testng.internal.Invoker.invokeTestMethods(Invoker.java:1177)
	at org.testng.internal.TestMethodWorker.invokeTestMethods(TestMethodWorker.java:129)
	at org.testng.internal.TestMethodWorker.run(TestMethodWorker.java:112)
	at org.testng.TestRunner.privateRun(TestRunner.java:756)
	at org.testng.TestRunner.run(TestRunner.java:610)
	at org.testng.SuiteRunner.runTest(SuiteRunner.java:387)
	at org.testng.SuiteRunner.runSequentially(SuiteRunner.java:382)
	at org.testng.SuiteRunner.privateRun(SuiteRunner.java:340)
	at org.testng.SuiteRunner.run(SuiteRunner.java:289)
	at org.testng.SuiteRunnerWorker.runSuite(SuiteRunnerWorker.java:52)
	at org.testng.SuiteRunnerWorker.run(SuiteRunnerWorker.java:86)
	at org.testng.TestNG.runSuitesSequentially(TestNG.java:1293)
	at org.testng.TestNG.runSuitesLocally(TestNG.java:1218)
	at org.testng.TestNG.runSuites(TestNG.java:1133)
	at org.testng.TestNG.run(TestNG.java:1104)
	at org.apache.maven.surefire.testng.TestNGExecutor.run(TestNGExecutor.java:136)
	at org.apache.maven.surefire.testng.TestNGDirectoryTestSuite.executeMulti(TestNGDirectoryTestSuite.java:193)
	at org.apache.maven.surefire.testng.TestNGDirectoryTestSuite.execute(TestNGDirectoryTestSuite.java:94)
	at org.apache.maven.surefire.testng.TestNGProvider.invoke(TestNGProvider.java:145)
	at org.apache.maven.surefire.booter.ForkedBooter.runSuitesInProcess(ForkedBooter.java:428)
	at org.apache.maven.surefire.booter.ForkedBooter.execute(ForkedBooter.java:162)
	at org.apache.maven.surefire.booter.ForkedBooter.run(ForkedBooter.java:562)
	at org.apache.maven.surefire.booter.ForkedBooter.main(ForkedBooter.java:548)
]]>
            </full-stacktrace>
          </exception> <!-- java.lang.AssertionError -->
          <reporter-output>
          </reporter-output>
        </test-method> <!-- addRemoveAndAddAgain -->
        <test-method signature="image()[pri:0, instance:io.railflow.blazetest.samples.testng.webdriver.shoppingcart.problem.TestShoppingCartProblemUserBoltTShirt@8e24743]" started-at="2023-09-21T21:43:20Z" name="image" finished-at="2023-09-21T21:43:20Z" duration-ms="18" status="FAIL">
          <exception class="java.lang.AssertionError">
            <message>
              <![CDATA[expected [https://www.saucedemo.com/static/media/sl-404.168b1cce.jpg] but found [https://www.saucedemo.com/static/media/bolt-shirt-1200x1500.c2599ac5.jpg]]]>
            </message>
            <full-stacktrace>
              <![CDATA[java.lang.AssertionError: expected [https://www.saucedemo.com/static/media/sl-404.168b1cce.jpg] but found [https://www.saucedemo.com/static/media/bolt-shirt-1200x1500.c2599ac5.jpg]
	at org.testng.Assert.fail(Assert.java:94)
	at org.testng.Assert.failNotEquals(Assert.java:513)
	at org.testng.Assert.assertEqualsImpl(Assert.java:135)
	at org.testng.Assert.assertEquals(Assert.java:116)
	at org.testng.Assert.assertEquals(Assert.java:190)
	at org.testng.Assert.assertEquals(Assert.java:200)
	at io.railflow.blazetest.samples.testng.webdriver.shoppingcart.TestShoppingCartBase.image(TestShoppingCartBase.java:101)
	at java.base/jdk.internal.reflect.DirectMethodHandleAccessor.invoke(DirectMethodHandleAccessor.java:104)
	at java.base/java.lang.reflect.Method.invoke(Method.java:578)
	at org.testng.internal.MethodInvocationHelper.invokeMethod(MethodInvocationHelper.java:104)
	at org.testng.internal.Invoker.invokeMethod(Invoker.java:645)
	at org.testng.internal.Invoker.invokeTestMethod(Invoker.java:851)
	at org.testng.internal.Invoker.invokeTestMethods(Invoker.java:1177)
	at org.testng.internal.TestMethodWorker.invokeTestMethods(TestMethodWorker.java:129)
	at org.testng.internal.TestMethodWorker.run(TestMethodWorker.java:112)
	at org.testng.TestRunner.privateRun(TestRunner.java:756)
	at org.testng.TestRunner.run(TestRunner.java:610)
	at org.testng.SuiteRunner.runTest(SuiteRunner.java:387)
	at org.testng.SuiteRunner.runSequentially(SuiteRunner.java:382)
	at org.testng.SuiteRunner.privateRun(SuiteRunner.java:340)
	at org.testng.SuiteRunner.run(SuiteRunner.java:289)
	at org.testng.SuiteRunnerWorker.runSuite(SuiteRunnerWorker.java:52)
	at org.testng.SuiteRunnerWorker.run(SuiteRunnerWorker.java:86)
	at org.testng.TestNG.runSuitesSequentially(TestNG.java:1293)
	at org.testng.TestNG.runSuitesLocally(TestNG.java:1218)
	at org.testng.TestNG.runSuites(TestNG.java:1133)
	at org.testng.TestNG.run(TestNG.java:1104)
	at org.apache.maven.surefire.testng.TestNGExecutor.run(TestNGExecutor.java:136)
	at org.apache.maven.surefire.testng.TestNGDirectoryTestSuite.executeMulti(TestNGDirectoryTestSuite.java:193)
	at org.apache.maven.surefire.testng.TestNGDirectoryTestSuite.execute(TestNGDirectoryTestSuite.java:94)
	at org.apache.maven.surefire.testng.TestNGProvider.invoke(TestNGProvider.java:145)
	at org.apache.maven.surefire.booter.ForkedBooter.runSuitesInProcess(ForkedBooter.java:428)
	at org.apache.maven.surefire.booter.ForkedBooter.execute(ForkedBooter.java:162)
	at org.apache.maven.surefire.booter.ForkedBooter.run(ForkedBooter.java:562)
	at org.apache.maven.surefire.booter.ForkedBooter.main(ForkedBooter.java:548)
]]>
            </full-stacktrace>
          </exception> <!-- java.lang.AssertionError -->
          <reporter-output>
          </reporter-output>
        </test-method> <!-- image -->
        <test-method signature="name()[pri:0, instance:io.railflow.blazetest.samples.testng.webdriver.shoppingcart.problem.TestShoppingCartProblemUserBoltTShirt@8e24743]" started-at="2023-09-21T21:43:20Z" name="name" finished-at="2023-09-21T21:43:20Z" duration-ms="14" status="PASS">
          <reporter-output>
          </reporter-output>
        </test-method> <!-- name -->
        <test-method signature="price()[pri:0, instance:io.railflow.blazetest.samples.testng.webdriver.shoppingcart.problem.TestShoppingCartProblemUserBoltTShirt@8e24743]" started-at="2023-09-21T21:43:20Z" name="price" finished-at="2023-09-21T21:43:20Z" duration-ms="14" status="PASS">
          <reporter-output>
          </reporter-output>
        </test-method> <!-- price -->
      </class> <!-- io.railflow.blazetest.samples.testng.webdriver.shoppingcart.problem.TestShoppingCartProblemUserBoltTShirt -->
      <class name="io.railflow.blazetest.samples.testng.webdriver.shoppingcart.standard.TestShoppingCartStandardUserInventory">
        <test-method signature="inventoryItemCount()[pri:0, instance:io.railflow.blazetest.samples.testng.webdriver.shoppingcart.standard.TestShoppingCartStandardUserInventory@553a3d88]" started-at="2023-09-21T21:43:19Z" name="inventoryItemCount" finished-at="2023-09-21T21:43:19Z" duration-ms="11" status="PASS">
          <reporter-output>
          </reporter-output>
        </test-method> <!-- inventoryItemCount -->
        <test-method signature="inventoryItemDescCount()[pri:0, instance:io.railflow.blazetest.samples.testng.webdriver.shoppingcart.standard.TestShoppingCartStandardUserInventory@553a3d88]" started-at="2023-09-21T21:43:19Z" name="inventoryItemDescCount" finished-at="2023-09-21T21:43:19Z" duration-ms="10" status="PASS">
          <reporter-output>
          </reporter-output>
        </test-method> <!-- inventoryItemDescCount -->
        <test-method signature="inventoryItemDescriptionCount()[pri:0, instance:io.railflow.blazetest.samples.testng.webdriver.shoppingcart.standard.TestShoppingCartStandardUserInventory@553a3d88]" started-at="2023-09-21T21:43:19Z" name="inventoryItemDescriptionCount" finished-at="2023-09-21T21:43:19Z" duration-ms="10" status="PASS">
          <reporter-output>
          </reporter-output>
        </test-method> <!-- inventoryItemDescriptionCount -->
        <test-method signature="inventoryItemImgCount()[pri:0, instance:io.railflow.blazetest.samples.testng.webdriver.shoppingcart.standard.TestShoppingCartStandardUserInventory@553a3d88]" started-at="2023-09-21T21:43:19Z" name="inventoryItemImgCount" finished-at="2023-09-21T21:43:19Z" duration-ms="9" status="PASS">
          <reporter-output>
          </reporter-output>
        </test-method> <!-- inventoryItemImgCount -->
        <test-method signature="inventoryItemLabelCount()[pri:0, instance:io.railflow.blazetest.samples.testng.webdriver.shoppingcart.standard.TestShoppingCartStandardUserInventory@553a3d88]" started-at="2023-09-21T21:43:19Z" name="inventoryItemLabelCount" finished-at="2023-09-21T21:43:19Z" duration-ms="9" status="PASS">
          <reporter-output>
          </reporter-output>
        </test-method> <!-- inventoryItemLabelCount -->
        <test-method signature="inventoryItemNameCount()[pri:0, instance:io.railflow.blazetest.samples.testng.webdriver.shoppingcart.standard.TestShoppingCartStandardUserInventory@553a3d88]" started-at="2023-09-21T21:43:19Z" name="inventoryItemNameCount" finished-at="2023-09-21T21:43:19Z" duration-ms="10" status="PASS">
          <reporter-output>
          </reporter-output>
        </test-method> <!-- inventoryItemNameCount -->
        <test-method signature="inventoryItemPriceCount()[pri:0, instance:io.railflow.blazetest.samples.testng.webdriver.shoppingcart.standard.TestShoppingCartStandardUserInventory@553a3d88]" started-at="2023-09-21T21:43:19Z" name="inventoryItemPriceCount" finished-at="2023-09-21T21:43:19Z" duration-ms="9" status="PASS">
          <reporter-output>
          </reporter-output>
        </test-method> <!-- inventoryItemPriceCount -->
        <test-method signature="pricebar()[pri:0, instance:io.railflow.blazetest.samples.testng.webdriver.shoppingcart.standard.TestShoppingCartStandardUserInventory@553a3d88]" started-at="2023-09-21T21:43:19Z" name="pricebar" finished-at="2023-09-21T21:43:19Z" duration-ms="8" status="PASS">
          <reporter-output>
          </reporter-output>
        </test-method> <!-- pricebar -->
      </class> <!-- io.railflow.blazetest.samples.testng.webdriver.shoppingcart.standard.TestShoppingCartStandardUserInventory -->
      <class name="io.railflow.blazetest.samples.testng.webdriver.shoppingcart.problem.TestShoppingCartProblemUserBackPack">
        <test-method signature="add()[pri:0, instance:io.railflow.blazetest.samples.testng.webdriver.shoppingcart.problem.TestShoppingCartProblemUserBackPack@5891e32e]" started-at="2023-09-21T21:43:19Z" name="add" finished-at="2023-09-21T21:43:19Z" duration-ms="49" status="PASS">
          <reporter-output>
          </reporter-output>
        </test-method> <!-- add -->
        <test-method signature="addAndRemove()[pri:0, instance:io.railflow.blazetest.samples.testng.webdriver.shoppingcart.problem.TestShoppingCartProblemUserBackPack@5891e32e]" started-at="2023-09-21T21:43:19Z" name="addAndRemove" finished-at="2023-09-21T21:43:19Z" duration-ms="9" status="FAIL">
          <exception class="java.lang.AssertionError">
            <message>
              <![CDATA[Unexpected exception (org.openqa.selenium.NoSuchElementException): no such element: Unable to locate element: {"method":"xpath","selector":"//button[@id='add-to-cart-sauce-labs-backpack']"}
  (Session info: chrome=117.0.5938.88)
For documentation on this error, please visit: https://www.selenium.dev/documentation/webdriver/troubleshooting/errors#no-such-element-exception
Build info: version: '4.12.1', revision: '8e34639b11'
System info: os.name: 'Linux', os.arch: 'amd64', os.version: '6.2.0-32-generic', java.version: '19.0.2'
Driver info: org.openqa.selenium.chrome.ChromeDriver
Command: [c7c154b2b1e3abb1177d74729ffc3a3a, findElement {using=xpath, value=//button[@id='add-to-cart-sauce-labs-backpack']}]
Capabilities {acceptInsecureCerts: false, browserName: chrome, browserVersion: 117.0.5938.88, chrome: {chromedriverVersion: 117.0.5938.88 (be6afae47212..., userDataDir: /tmp/.org.chromium.Chromium...}, fedcm:accounts: true, goog:chromeOptions: {debuggerAddress: localhost:46331}, networkConnectionEnabled: false, pageLoadStrategy: normal, platformName: linux, proxy: Proxy(), se:cdp: ws://localhost:46331/devtoo..., se:cdpVersion: 117.0.5938.88, setWindowRect: true, strictFileInteractability: false, timeouts: {implicit: 0, pageLoad: 300000, script: 30000}, unhandledPromptBehavior: dismiss and notify, webauthn:extension:credBlob: true, webauthn:extension:largeBlob: true, webauthn:extension:minPinLength: true, webauthn:extension:prf: true, webauthn:virtualAuthenticators: true}
Session ID: c7c154b2b1e3abb1177d74729ffc3a3a]]>
            </message>
            <full-stacktrace>
              <![CDATA[java.lang.AssertionError: Unexpected exception (org.openqa.selenium.NoSuchElementException): no such element: Unable to locate element: {"method":"xpath","selector":"//button[@id='add-to-cart-sauce-labs-backpack']"}
  (Session info: chrome=117.0.5938.88)
For documentation on this error, please visit: https://www.selenium.dev/documentation/webdriver/troubleshooting/errors#no-such-element-exception
Build info: version: '4.12.1', revision: '8e34639b11'
System info: os.name: 'Linux', os.arch: 'amd64', os.version: '6.2.0-32-generic', java.version: '19.0.2'
Driver info: org.openqa.selenium.chrome.ChromeDriver
Command: [c7c154b2b1e3abb1177d74729ffc3a3a, findElement {using=xpath, value=//button[@id='add-to-cart-sauce-labs-backpack']}]
Capabilities {acceptInsecureCerts: false, browserName: chrome, browserVersion: 117.0.5938.88, chrome: {chromedriverVersion: 117.0.5938.88 (be6afae47212..., userDataDir: /tmp/.org.chromium.Chromium...}, fedcm:accounts: true, goog:chromeOptions: {debuggerAddress: localhost:46331}, networkConnectionEnabled: false, pageLoadStrategy: normal, platformName: linux, proxy: Proxy(), se:cdp: ws://localhost:46331/devtoo..., se:cdpVersion: 117.0.5938.88, setWindowRect: true, strictFileInteractability: false, timeouts: {implicit: 0, pageLoad: 300000, script: 30000}, unhandledPromptBehavior: dismiss and notify, webauthn:extension:credBlob: true, webauthn:extension:largeBlob: true, webauthn:extension:minPinLength: true, webauthn:extension:prf: true, webauthn:virtualAuthenticators: true}
Session ID: c7c154b2b1e3abb1177d74729ffc3a3a
	at org.testng.Assert.fail(Assert.java:94)
	at io.railflow.blazetest.samples.testng.webdriver.shoppingcart.TestShoppingCartBase.addToCart(TestShoppingCartBase.java:66)
	at io.railflow.blazetest.samples.testng.webdriver.shoppingcart.TestShoppingCartBase.addAndRemove(TestShoppingCartBase.java:111)
	at java.base/jdk.internal.reflect.DirectMethodHandleAccessor.invoke(DirectMethodHandleAccessor.java:104)
	at java.base/java.lang.reflect.Method.invoke(Method.java:578)
	at org.testng.internal.MethodInvocationHelper.invokeMethod(MethodInvocationHelper.java:104)
	at org.testng.internal.Invoker.invokeMethod(Invoker.java:645)
	at org.testng.internal.Invoker.invokeTestMethod(Invoker.java:851)
	at org.testng.internal.Invoker.invokeTestMethods(Invoker.java:1177)
	at org.testng.internal.TestMethodWorker.invokeTestMethods(TestMethodWorker.java:129)
	at org.testng.internal.TestMethodWorker.run(TestMethodWorker.java:112)
	at org.testng.TestRunner.privateRun(TestRunner.java:756)
	at org.testng.TestRunner.run(TestRunner.java:610)
	at org.testng.SuiteRunner.runTest(SuiteRunner.java:387)
	at org.testng.SuiteRunner.runSequentially(SuiteRunner.java:382)
	at org.testng.SuiteRunner.privateRun(SuiteRunner.java:340)
	at org.testng.SuiteRunner.run(SuiteRunner.java:289)
	at org.testng.SuiteRunnerWorker.runSuite(SuiteRunnerWorker.java:52)
	at org.testng.SuiteRunnerWorker.run(SuiteRunnerWorker.java:86)
	at org.testng.TestNG.runSuitesSequentially(TestNG.java:1293)
	at org.testng.TestNG.runSuitesLocally(TestNG.java:1218)
	at org.testng.TestNG.runSuites(TestNG.java:1133)
	at org.testng.TestNG.run(TestNG.java:1104)
	at org.apache.maven.surefire.testng.TestNGExecutor.run(TestNGExecutor.java:136)
	at org.apache.maven.surefire.testng.TestNGDirectoryTestSuite.executeMulti(TestNGDirectoryTestSuite.java:193)
	at org.apache.maven.surefire.testng.TestNGDirectoryTestSuite.execute(TestNGDirectoryTestSuite.java:94)
	at org.apache.maven.surefire.testng.TestNGProvider.invoke(TestNGProvider.java:145)
	at org.apache.maven.surefire.booter.ForkedBooter.runSuitesInProcess(ForkedBooter.java:428)
	at org.apache.maven.surefire.booter.ForkedBooter.execute(ForkedBooter.java:162)
	at org.apache.maven.surefire.booter.ForkedBooter.run(ForkedBooter.java:562)
	at org.apache.maven.surefire.booter.ForkedBooter.main(ForkedBooter.java:548)
]]>
            </full-stacktrace>
          </exception> <!-- java.lang.AssertionError -->
          <reporter-output>
          </reporter-output>
        </test-method> <!-- addAndRemove -->
        <test-method signature="addRemoveAndAddAgain()[pri:0, instance:io.railflow.blazetest.samples.testng.webdriver.shoppingcart.problem.TestShoppingCartProblemUserBackPack@5891e32e]" started-at="2023-09-21T21:43:19Z" name="addRemoveAndAddAgain" finished-at="2023-09-21T21:43:19Z" duration-ms="8" status="FAIL">
          <exception class="java.lang.AssertionError">
            <message>
              <![CDATA[Unexpected exception (org.openqa.selenium.NoSuchElementException): no such element: Unable to locate element: {"method":"xpath","selector":"//button[@id='add-to-cart-sauce-labs-backpack']"}
  (Session info: chrome=117.0.5938.88)
For documentation on this error, please visit: https://www.selenium.dev/documentation/webdriver/troubleshooting/errors#no-such-element-exception
Build info: version: '4.12.1', revision: '8e34639b11'
System info: os.name: 'Linux', os.arch: 'amd64', os.version: '6.2.0-32-generic', java.version: '19.0.2'
Driver info: org.openqa.selenium.chrome.ChromeDriver
Command: [c7c154b2b1e3abb1177d74729ffc3a3a, findElement {using=xpath, value=//button[@id='add-to-cart-sauce-labs-backpack']}]
Capabilities {acceptInsecureCerts: false, browserName: chrome, browserVersion: 117.0.5938.88, chrome: {chromedriverVersion: 117.0.5938.88 (be6afae47212..., userDataDir: /tmp/.org.chromium.Chromium...}, fedcm:accounts: true, goog:chromeOptions: {debuggerAddress: localhost:46331}, networkConnectionEnabled: false, pageLoadStrategy: normal, platformName: linux, proxy: Proxy(), se:cdp: ws://localhost:46331/devtoo..., se:cdpVersion: 117.0.5938.88, setWindowRect: true, strictFileInteractability: false, timeouts: {implicit: 0, pageLoad: 300000, script: 30000}, unhandledPromptBehavior: dismiss and notify, webauthn:extension:credBlob: true, webauthn:extension:largeBlob: true, webauthn:extension:minPinLength: true, webauthn:extension:prf: true, webauthn:virtualAuthenticators: true}
Session ID: c7c154b2b1e3abb1177d74729ffc3a3a]]>
            </message>
            <full-stacktrace>
              <![CDATA[java.lang.AssertionError: Unexpected exception (org.openqa.selenium.NoSuchElementException): no such element: Unable to locate element: {"method":"xpath","selector":"//button[@id='add-to-cart-sauce-labs-backpack']"}
  (Session info: chrome=117.0.5938.88)
For documentation on this error, please visit: https://www.selenium.dev/documentation/webdriver/troubleshooting/errors#no-such-element-exception
Build info: version: '4.12.1', revision: '8e34639b11'
System info: os.name: 'Linux', os.arch: 'amd64', os.version: '6.2.0-32-generic', java.version: '19.0.2'
Driver info: org.openqa.selenium.chrome.ChromeDriver
Command: [c7c154b2b1e3abb1177d74729ffc3a3a, findElement {using=xpath, value=//button[@id='add-to-cart-sauce-labs-backpack']}]
Capabilities {acceptInsecureCerts: false, browserName: chrome, browserVersion: 117.0.5938.88, chrome: {chromedriverVersion: 117.0.5938.88 (be6afae47212..., userDataDir: /tmp/.org.chromium.Chromium...}, fedcm:accounts: true, goog:chromeOptions: {debuggerAddress: localhost:46331}, networkConnectionEnabled: false, pageLoadStrategy: normal, platformName: linux, proxy: Proxy(), se:cdp: ws://localhost:46331/devtoo..., se:cdpVersion: 117.0.5938.88, setWindowRect: true, strictFileInteractability: false, timeouts: {implicit: 0, pageLoad: 300000, script: 30000}, unhandledPromptBehavior: dismiss and notify, webauthn:extension:credBlob: true, webauthn:extension:largeBlob: true, webauthn:extension:minPinLength: true, webauthn:extension:prf: true, webauthn:virtualAuthenticators: true}
Session ID: c7c154b2b1e3abb1177d74729ffc3a3a
	at org.testng.Assert.fail(Assert.java:94)
	at io.railflow.blazetest.samples.testng.webdriver.shoppingcart.TestShoppingCartBase.addToCart(TestShoppingCartBase.java:66)
	at io.railflow.blazetest.samples.testng.webdriver.shoppingcart.TestShoppingCartBase.addRemoveAndAddAgain(TestShoppingCartBase.java:117)
	at java.base/jdk.internal.reflect.DirectMethodHandleAccessor.invoke(DirectMethodHandleAccessor.java:104)
	at java.base/java.lang.reflect.Method.invoke(Method.java:578)
	at org.testng.internal.MethodInvocationHelper.invokeMethod(MethodInvocationHelper.java:104)
	at org.testng.internal.Invoker.invokeMethod(Invoker.java:645)
	at org.testng.internal.Invoker.invokeTestMethod(Invoker.java:851)
	at org.testng.internal.Invoker.invokeTestMethods(Invoker.java:1177)
	at org.testng.internal.TestMethodWorker.invokeTestMethods(TestMethodWorker.java:129)
	at org.testng.internal.TestMethodWorker.run(TestMethodWorker.java:112)
	at org.testng.TestRunner.privateRun(TestRunner.java:756)
	at org.testng.TestRunner.run(TestRunner.java:610)
	at org.testng.SuiteRunner.runTest(SuiteRunner.java:387)
	at org.testng.SuiteRunner.runSequentially(SuiteRunner.java:382)
	at org.testng.SuiteRunner.privateRun(SuiteRunner.java:340)
	at org.testng.SuiteRunner.run(SuiteRunner.java:289)
	at org.testng.SuiteRunnerWorker.runSuite(SuiteRunnerWorker.java:52)
	at org.testng.SuiteRunnerWorker.run(SuiteRunnerWorker.java:86)
	at org.testng.TestNG.runSuitesSequentially(TestNG.java:1293)
	at org.testng.TestNG.runSuitesLocally(TestNG.java:1218)
	at org.testng.TestNG.runSuites(TestNG.java:1133)
	at org.testng.TestNG.run(TestNG.java:1104)
	at org.apache.maven.surefire.testng.TestNGExecutor.run(TestNGExecutor.java:136)
	at org.apache.maven.surefire.testng.TestNGDirectoryTestSuite.executeMulti(TestNGDirectoryTestSuite.java:193)
	at org.apache.maven.surefire.testng.TestNGDirectoryTestSuite.execute(TestNGDirectoryTestSuite.java:94)
	at org.apache.maven.surefire.testng.TestNGProvider.invoke(TestNGProvider.java:145)
	at org.apache.maven.surefire.booter.ForkedBooter.runSuitesInProcess(ForkedBooter.java:428)
	at org.apache.maven.surefire.booter.ForkedBooter.execute(ForkedBooter.java:162)
	at org.apache.maven.surefire.booter.ForkedBooter.run(ForkedBooter.java:562)
	at org.apache.maven.surefire.booter.ForkedBooter.main(ForkedBooter.java:548)
]]>
            </full-stacktrace>
          </exception> <!-- java.lang.AssertionError -->
          <reporter-output>
          </reporter-output>
        </test-method> <!-- addRemoveAndAddAgain -->
        <test-method signature="image()[pri:0, instance:io.railflow.blazetest.samples.testng.webdriver.shoppingcart.problem.TestShoppingCartProblemUserBackPack@5891e32e]" started-at="2023-09-21T21:43:19Z" name="image" finished-at="2023-09-21T21:43:19Z" duration-ms="21" status="FAIL">
          <exception class="java.lang.AssertionError">
            <message>
              <![CDATA[expected [https://www.saucedemo.com/static/media/sl-404.168b1cce.jpg] but found [https://www.saucedemo.com/static/media/sauce-backpack-1200x1500.0a0b85a3.jpg]]]>
            </message>
            <full-stacktrace>
              <![CDATA[java.lang.AssertionError: expected [https://www.saucedemo.com/static/media/sl-404.168b1cce.jpg] but found [https://www.saucedemo.com/static/media/sauce-backpack-1200x1500.0a0b85a3.jpg]
	at org.testng.Assert.fail(Assert.java:94)
	at org.testng.Assert.failNotEquals(Assert.java:513)
	at org.testng.Assert.assertEqualsImpl(Assert.java:135)
	at org.testng.Assert.assertEquals(Assert.java:116)
	at org.testng.Assert.assertEquals(Assert.java:190)
	at org.testng.Assert.assertEquals(Assert.java:200)
	at io.railflow.blazetest.samples.testng.webdriver.shoppingcart.TestShoppingCartBase.image(TestShoppingCartBase.java:101)
	at java.base/jdk.internal.reflect.DirectMethodHandleAccessor.invoke(DirectMethodHandleAccessor.java:104)
	at java.base/java.lang.reflect.Method.invoke(Method.java:578)
	at org.testng.internal.MethodInvocationHelper.invokeMethod(MethodInvocationHelper.java:104)
	at org.testng.internal.Invoker.invokeMethod(Invoker.java:645)
	at org.testng.internal.Invoker.invokeTestMethod(Invoker.java:851)
	at org.testng.internal.Invoker.invokeTestMethods(Invoker.java:1177)
	at org.testng.internal.TestMethodWorker.invokeTestMethods(TestMethodWorker.java:129)
	at org.testng.internal.TestMethodWorker.run(TestMethodWorker.java:112)
	at org.testng.TestRunner.privateRun(TestRunner.java:756)
	at org.testng.TestRunner.run(TestRunner.java:610)
	at org.testng.SuiteRunner.runTest(SuiteRunner.java:387)
	at org.testng.SuiteRunner.runSequentially(SuiteRunner.java:382)
	at org.testng.SuiteRunner.privateRun(SuiteRunner.java:340)
	at org.testng.SuiteRunner.run(SuiteRunner.java:289)
	at org.testng.SuiteRunnerWorker.runSuite(SuiteRunnerWorker.java:52)
	at org.testng.SuiteRunnerWorker.run(SuiteRunnerWorker.java:86)
	at org.testng.TestNG.runSuitesSequentially(TestNG.java:1293)
	at org.testng.TestNG.runSuitesLocally(TestNG.java:1218)
	at org.testng.TestNG.runSuites(TestNG.java:1133)
	at org.testng.TestNG.run(TestNG.java:1104)
	at org.apache.maven.surefire.testng.TestNGExecutor.run(TestNGExecutor.java:136)
	at org.apache.maven.surefire.testng.TestNGDirectoryTestSuite.executeMulti(TestNGDirectoryTestSuite.java:193)
	at org.apache.maven.surefire.testng.TestNGDirectoryTestSuite.execute(TestNGDirectoryTestSuite.java:94)
	at org.apache.maven.surefire.testng.TestNGProvider.invoke(TestNGProvider.java:145)
	at org.apache.maven.surefire.booter.ForkedBooter.runSuitesInProcess(ForkedBooter.java:428)
	at org.apache.maven.surefire.booter.ForkedBooter.execute(ForkedBooter.java:162)
	at org.apache.maven.surefire.booter.ForkedBooter.run(ForkedBooter.java:562)
	at org.apache.maven.surefire.booter.ForkedBooter.main(ForkedBooter.java:548)
]]>
            </full-stacktrace>
          </exception> <!-- java.lang.AssertionError -->
          <reporter-output>
          </reporter-output>
        </test-method> <!-- image -->
        <test-method signature="name()[pri:0, instance:io.railflow.blazetest.samples.testng.webdriver.shoppingcart.problem.TestShoppingCartProblemUserBackPack@5891e32e]" started-at="2023-09-21T21:43:19Z" name="name" finished-at="2023-09-21T21:43:19Z" duration-ms="14" status="PASS">
          <reporter-output>
          </reporter-output>
        </test-method> <!-- name -->
        <test-method signature="price()[pri:0, instance:io.railflow.blazetest.samples.testng.webdriver.shoppingcart.problem.TestShoppingCartProblemUserBackPack@5891e32e]" started-at="2023-09-21T21:43:19Z" name="price" finished-at="2023-09-21T21:43:19Z" duration-ms="14" status="PASS">
          <reporter-output>
          </reporter-output>
        </test-method> <!-- price -->
      </class> <!-- io.railflow.blazetest.samples.testng.webdriver.shoppingcart.problem.TestShoppingCartProblemUserBackPack -->
      <class name="io.railflow.blazetest.samples.testng.webdriver.TestLoginInvalidCredentials">
        <test-method signature="invalidUsernameInvalidPassword()[pri:0, instance:io.railflow.blazetest.samples.testng.webdriver.TestLoginInvalidCredentials@569cfc36]" started-at="2023-09-21T21:43:17Z" name="invalidUsernameInvalidPassword" finished-at="2023-09-21T21:43:17Z" duration-ms="116" status="PASS">
          <reporter-output>
          </reporter-output>
        </test-method> <!-- invalidUsernameInvalidPassword -->
        <test-method signature="lockedOutUserInvliadPassword()[pri:0, instance:io.railflow.blazetest.samples.testng.webdriver.TestLoginInvalidCredentials@569cfc36]" started-at="2023-09-21T21:43:17Z" name="lockedOutUserInvliadPassword" finished-at="2023-09-21T21:43:17Z" duration-ms="95" status="PASS">
          <reporter-output>
          </reporter-output>
        </test-method> <!-- lockedOutUserInvliadPassword -->
        <test-method signature="longPassword()[pri:0, instance:io.railflow.blazetest.samples.testng.webdriver.TestLoginInvalidCredentials@569cfc36]" started-at="2023-09-21T21:43:17Z" name="longPassword" finished-at="2023-09-21T21:43:17Z" duration-ms="103" status="PASS">
          <reporter-output>
          </reporter-output>
        </test-method> <!-- longPassword -->
        <test-method signature="longUsername()[pri:0, instance:io.railflow.blazetest.samples.testng.webdriver.TestLoginInvalidCredentials@569cfc36]" started-at="2023-09-21T21:43:17Z" name="longUsername" finished-at="2023-09-21T21:43:17Z" duration-ms="120" status="PASS">
          <reporter-output>
          </reporter-output>
        </test-method> <!-- longUsername -->
        <test-method signature="passwordWithNumbers()[pri:0, instance:io.railflow.blazetest.samples.testng.webdriver.TestLoginInvalidCredentials@569cfc36]" started-at="2023-09-21T21:43:17Z" name="passwordWithNumbers" finished-at="2023-09-21T21:43:17Z" duration-ms="96" status="PASS">
          <reporter-output>
          </reporter-output>
        </test-method> <!-- passwordWithNumbers -->
        <test-method signature="passwordWithSpaces()[pri:0, instance:io.railflow.blazetest.samples.testng.webdriver.TestLoginInvalidCredentials@569cfc36]" started-at="2023-09-21T21:43:17Z" name="passwordWithSpaces" finished-at="2023-09-21T21:43:17Z" duration-ms="79" status="PASS">
          <reporter-output>
          </reporter-output>
        </test-method> <!-- passwordWithSpaces -->
        <test-method signature="passwordWithSpecialCharacters()[pri:0, instance:io.railflow.blazetest.samples.testng.webdriver.TestLoginInvalidCredentials@569cfc36]" started-at="2023-09-21T21:43:17Z" name="passwordWithSpecialCharacters" finished-at="2023-09-21T21:43:17Z" duration-ms="79" status="PASS">
          <reporter-output>
          </reporter-output>
        </test-method> <!-- passwordWithSpecialCharacters -->
        <test-method signature="performanceGlitchUserInvliadPassword()[pri:0, instance:io.railflow.blazetest.samples.testng.webdriver.TestLoginInvalidCredentials@569cfc36]" started-at="2023-09-21T21:43:17Z" name="performanceGlitchUserInvliadPassword" finished-at="2023-09-21T21:43:18Z" duration-ms="97" status="PASS">
          <reporter-output>
          </reporter-output>
        </test-method> <!-- performanceGlitchUserInvliadPassword -->
        <test-method signature="problemUserInvliadPassword()[pri:0, instance:io.railflow.blazetest.samples.testng.webdriver.TestLoginInvalidCredentials@569cfc36]" started-at="2023-09-21T21:43:18Z" name="problemUserInvliadPassword" finished-at="2023-09-21T21:43:18Z" duration-ms="101" status="PASS">
          <reporter-output>
          </reporter-output>
        </test-method> <!-- problemUserInvliadPassword -->
        <test-method signature="usernameWithNumbers()[pri:0, instance:io.railflow.blazetest.samples.testng.webdriver.TestLoginInvalidCredentials@569cfc36]" started-at="2023-09-21T21:43:18Z" name="usernameWithNumbers" finished-at="2023-09-21T21:43:18Z" duration-ms="98" status="PASS">
          <reporter-output>
          </reporter-output>
        </test-method> <!-- usernameWithNumbers -->
        <test-method signature="usernameWithSpaces()[pri:0, instance:io.railflow.blazetest.samples.testng.webdriver.TestLoginInvalidCredentials@569cfc36]" started-at="2023-09-21T21:43:18Z" name="usernameWithSpaces" finished-at="2023-09-21T21:43:18Z" duration-ms="103" status="PASS">
          <reporter-output>
          </reporter-output>
        </test-method> <!-- usernameWithSpaces -->
        <test-method signature="usernameWithSpecialCharacters()[pri:0, instance:io.railflow.blazetest.samples.testng.webdriver.TestLoginInvalidCredentials@569cfc36]" started-at="2023-09-21T21:43:18Z" name="usernameWithSpecialCharacters" finished-at="2023-09-21T21:43:18Z" duration-ms="101" status="PASS">
          <reporter-output>
          </reporter-output>
        </test-method> <!-- usernameWithSpecialCharacters -->
        <test-method signature="validUserInvliadPassword()[pri:0, instance:io.railflow.blazetest.samples.testng.webdriver.TestLoginInvalidCredentials@569cfc36]" started-at="2023-09-21T21:43:18Z" name="validUserInvliadPassword" finished-at="2023-09-21T21:43:18Z" duration-ms="103" status="PASS">
          <reporter-output>
          </reporter-output>
        </test-method> <!-- validUserInvliadPassword -->
      </class> <!-- io.railflow.blazetest.samples.testng.webdriver.TestLoginInvalidCredentials -->
      <class name="io.railflow.blazetest.samples.testng.webdriver.TestLoginSuccess">
        <test-method signature="description()[pri:0, instance:io.railflow.blazetest.samples.testng.webdriver.TestLoginSuccess@3ecd23d9]" started-at="2023-09-21T21:43:19Z" name="description" finished-at="2023-09-21T21:43:19Z" duration-ms="22" status="PASS">
          <reporter-output>
          </reporter-output>
        </test-method> <!-- description -->
        <test-method signature="facebookLink()[pri:0, instance:io.railflow.blazetest.samples.testng.webdriver.TestLoginSuccess@3ecd23d9]" started-at="2023-09-21T21:43:19Z" name="facebookLink" finished-at="2023-09-21T21:43:19Z" duration-ms="28" status="PASS">
          <reporter-output>
          </reporter-output>
        </test-method> <!-- facebookLink -->
        <test-method signature="facebookText()[pri:0, instance:io.railflow.blazetest.samples.testng.webdriver.TestLoginSuccess@3ecd23d9]" started-at="2023-09-21T21:43:19Z" name="facebookText" finished-at="2023-09-21T21:43:19Z" duration-ms="21" status="PASS">
          <reporter-output>
          </reporter-output>
        </test-method> <!-- facebookText -->
        <test-method signature="linkedinLink()[pri:0, instance:io.railflow.blazetest.samples.testng.webdriver.TestLoginSuccess@3ecd23d9]" started-at="2023-09-21T21:43:19Z" name="linkedinLink" finished-at="2023-09-21T21:43:19Z" duration-ms="21" status="PASS">
          <reporter-output>
          </reporter-output>
        </test-method> <!-- linkedinLink -->
        <test-method signature="linkedinText()[pri:0, instance:io.railflow.blazetest.samples.testng.webdriver.TestLoginSuccess@3ecd23d9]" started-at="2023-09-21T21:43:19Z" name="linkedinText" finished-at="2023-09-21T21:43:19Z" duration-ms="16" status="PASS">
          <reporter-output>
          </reporter-output>
        </test-method> <!-- linkedinText -->
        <test-method signature="manifestLink()[pri:0, instance:io.railflow.blazetest.samples.testng.webdriver.TestLoginSuccess@3ecd23d9]" started-at="2023-09-21T21:43:19Z" name="manifestLink" finished-at="2023-09-21T21:43:19Z" duration-ms="16" status="PASS">
          <reporter-output>
          </reporter-output>
        </test-method> <!-- manifestLink -->
        <test-method signature="stylesheetLink()[pri:0, instance:io.railflow.blazetest.samples.testng.webdriver.TestLoginSuccess@3ecd23d9]" started-at="2023-09-21T21:43:19Z" name="stylesheetLink" finished-at="2023-09-21T21:43:19Z" duration-ms="15" status="PASS">
          <reporter-output>
          </reporter-output>
        </test-method> <!-- stylesheetLink -->
        <test-method signature="title()[pri:0, instance:io.railflow.blazetest.samples.testng.webdriver.TestLoginSuccess@3ecd23d9]" started-at="2023-09-21T21:43:19Z" name="title" finished-at="2023-09-21T21:43:19Z" duration-ms="3" status="PASS">
          <reporter-output>
          </reporter-output>
        </test-method> <!-- title -->
        <test-method signature="twitterLink()[pri:0, instance:io.railflow.blazetest.samples.testng.webdriver.TestLoginSuccess@3ecd23d9]" started-at="2023-09-21T21:43:19Z" name="twitterLink" finished-at="2023-09-21T21:43:19Z" duration-ms="21" status="PASS">
          <reporter-output>
          </reporter-output>
        </test-method> <!-- twitterLink -->
        <test-method signature="twitterText()[pri:0, instance:io.railflow.blazetest.samples.testng.webdriver.TestLoginSuccess@3ecd23d9]" started-at="2023-09-21T21:43:19Z" name="twitterText" finished-at="2023-09-21T21:43:19Z" duration-ms="17" status="PASS">
          <reporter-output>
          </reporter-output>
        </test-method> <!-- twitterText -->
      </class> <!-- io.railflow.blazetest.samples.testng.webdriver.TestLoginSuccess -->
      <class name="io.railflow.blazetest.samples.testng.webdriver.shoppingcart.problem.TestShoppingCartProblemUserBikeLight">
        <test-method signature="add()[pri:0, instance:io.railflow.blazetest.samples.testng.webdriver.shoppingcart.problem.TestShoppingCartProblemUserBikeLight@cb0ed20]" started-at="2023-09-21T21:43:19Z" name="add" finished-at="2023-09-21T21:43:19Z" duration-ms="45" status="PASS">
          <reporter-output>
          </reporter-output>
        </test-method> <!-- add -->
        <test-method signature="addAndRemove()[pri:0, instance:io.railflow.blazetest.samples.testng.webdriver.shoppingcart.problem.TestShoppingCartProblemUserBikeLight@cb0ed20]" started-at="2023-09-21T21:43:19Z" name="addAndRemove" finished-at="2023-09-21T21:43:19Z" duration-ms="10" status="FAIL">
          <exception class="java.lang.AssertionError">
            <message>
              <![CDATA[Unexpected exception (org.openqa.selenium.NoSuchElementException): no such element: Unable to locate element: {"method":"xpath","selector":"//button[@id='add-to-cart-sauce-labs-bike-light']"}
  (Session info: chrome=117.0.5938.88)
For documentation on this error, please visit: https://www.selenium.dev/documentation/webdriver/troubleshooting/errors#no-such-element-exception
Build info: version: '4.12.1', revision: '8e34639b11'
System info: os.name: 'Linux', os.arch: 'amd64', os.version: '6.2.0-32-generic', java.version: '19.0.2'
Driver info: org.openqa.selenium.chrome.ChromeDriver
Command: [cc530422152e8cc1336b3147c1a72f5d, findElement {using=xpath, value=//button[@id='add-to-cart-sauce-labs-bike-light']}]
Capabilities {acceptInsecureCerts: false, browserName: chrome, browserVersion: 117.0.5938.88, chrome: {chromedriverVersion: 117.0.5938.88 (be6afae47212..., userDataDir: /tmp/.org.chromium.Chromium...}, fedcm:accounts: true, goog:chromeOptions: {debuggerAddress: localhost:34899}, networkConnectionEnabled: false, pageLoadStrategy: normal, platformName: linux, proxy: Proxy(), se:cdp: ws://localhost:34899/devtoo..., se:cdpVersion: 117.0.5938.88, setWindowRect: true, strictFileInteractability: false, timeouts: {implicit: 0, pageLoad: 300000, script: 30000}, unhandledPromptBehavior: dismiss and notify, webauthn:extension:credBlob: true, webauthn:extension:largeBlob: true, webauthn:extension:minPinLength: true, webauthn:extension:prf: true, webauthn:virtualAuthenticators: true}
Session ID: cc530422152e8cc1336b3147c1a72f5d]]>
            </message>
            <full-stacktrace>
              <![CDATA[java.lang.AssertionError: Unexpected exception (org.openqa.selenium.NoSuchElementException): no such element: Unable to locate element: {"method":"xpath","selector":"//button[@id='add-to-cart-sauce-labs-bike-light']"}
  (Session info: chrome=117.0.5938.88)
For documentation on this error, please visit: https://www.selenium.dev/documentation/webdriver/troubleshooting/errors#no-such-element-exception
Build info: version: '4.12.1', revision: '8e34639b11'
System info: os.name: 'Linux', os.arch: 'amd64', os.version: '6.2.0-32-generic', java.version: '19.0.2'
Driver info: org.openqa.selenium.chrome.ChromeDriver
Command: [cc530422152e8cc1336b3147c1a72f5d, findElement {using=xpath, value=//button[@id='add-to-cart-sauce-labs-bike-light']}]
Capabilities {acceptInsecureCerts: false, browserName: chrome, browserVersion: 117.0.5938.88, chrome: {chromedriverVersion: 117.0.5938.88 (be6afae47212..., userDataDir: /tmp/.org.chromium.Chromium...}, fedcm:accounts: true, goog:chromeOptions: {debuggerAddress: localhost:34899}, networkConnectionEnabled: false, pageLoadStrategy: normal, platformName: linux, proxy: Proxy(), se:cdp: ws://localhost:34899/devtoo..., se:cdpVersion: 117.0.5938.88, setWindowRect: true, strictFileInteractability: false, timeouts: {implicit: 0, pageLoad: 300000, script: 30000}, unhandledPromptBehavior: dismiss and notify, webauthn:extension:credBlob: true, webauthn:extension:largeBlob: true, webauthn:extension:minPinLength: true, webauthn:extension:prf: true, webauthn:virtualAuthenticators: true}
Session ID: cc530422152e8cc1336b3147c1a72f5d
	at org.testng.Assert.fail(Assert.java:94)
	at io.railflow.blazetest.samples.testng.webdriver.shoppingcart.TestShoppingCartBase.addToCart(TestShoppingCartBase.java:66)
	at io.railflow.blazetest.samples.testng.webdriver.shoppingcart.TestShoppingCartBase.addAndRemove(TestShoppingCartBase.java:111)
	at java.base/jdk.internal.reflect.DirectMethodHandleAccessor.invoke(DirectMethodHandleAccessor.java:104)
	at java.base/java.lang.reflect.Method.invoke(Method.java:578)
	at org.testng.internal.MethodInvocationHelper.invokeMethod(MethodInvocationHelper.java:104)
	at org.testng.internal.Invoker.invokeMethod(Invoker.java:645)
	at org.testng.internal.Invoker.invokeTestMethod(Invoker.java:851)
	at org.testng.internal.Invoker.invokeTestMethods(Invoker.java:1177)
	at org.testng.internal.TestMethodWorker.invokeTestMethods(TestMethodWorker.java:129)
	at org.testng.internal.TestMethodWorker.run(TestMethodWorker.java:112)
	at org.testng.TestRunner.privateRun(TestRunner.java:756)
	at org.testng.TestRunner.run(TestRunner.java:610)
	at org.testng.SuiteRunner.runTest(SuiteRunner.java:387)
	at org.testng.SuiteRunner.runSequentially(SuiteRunner.java:382)
	at org.testng.SuiteRunner.privateRun(SuiteRunner.java:340)
	at org.testng.SuiteRunner.run(SuiteRunner.java:289)
	at org.testng.SuiteRunnerWorker.runSuite(SuiteRunnerWorker.java:52)
	at org.testng.SuiteRunnerWorker.run(SuiteRunnerWorker.java:86)
	at org.testng.TestNG.runSuitesSequentially(TestNG.java:1293)
	at org.testng.TestNG.runSuitesLocally(TestNG.java:1218)
	at org.testng.TestNG.runSuites(TestNG.java:1133)
	at org.testng.TestNG.run(TestNG.java:1104)
	at org.apache.maven.surefire.testng.TestNGExecutor.run(TestNGExecutor.java:136)
	at org.apache.maven.surefire.testng.TestNGDirectoryTestSuite.executeMulti(TestNGDirectoryTestSuite.java:193)
	at org.apache.maven.surefire.testng.TestNGDirectoryTestSuite.execute(TestNGDirectoryTestSuite.java:94)
	at org.apache.maven.surefire.testng.TestNGProvider.invoke(TestNGProvider.java:145)
	at org.apache.maven.surefire.booter.ForkedBooter.runSuitesInProcess(ForkedBooter.java:428)
	at org.apache.maven.surefire.booter.ForkedBooter.execute(ForkedBooter.java:162)
	at org.apache.maven.surefire.booter.ForkedBooter.run(ForkedBooter.java:562)
	at org.apache.maven.surefire.booter.ForkedBooter.main(ForkedBooter.java:548)
]]>
            </full-stacktrace>
          </exception> <!-- java.lang.AssertionError -->
          <reporter-output>
          </reporter-output>
        </test-method> <!-- addAndRemove -->
        <test-method signature="addRemoveAndAddAgain()[pri:0, instance:io.railflow.blazetest.samples.testng.webdriver.shoppingcart.problem.TestShoppingCartProblemUserBikeLight@cb0ed20]" started-at="2023-09-21T21:43:19Z" name="addRemoveAndAddAgain" finished-at="2023-09-21T21:43:19Z" duration-ms="8" status="FAIL">
          <exception class="java.lang.AssertionError">
            <message>
              <![CDATA[Unexpected exception (org.openqa.selenium.NoSuchElementException): no such element: Unable to locate element: {"method":"xpath","selector":"//button[@id='add-to-cart-sauce-labs-bike-light']"}
  (Session info: chrome=117.0.5938.88)
For documentation on this error, please visit: https://www.selenium.dev/documentation/webdriver/troubleshooting/errors#no-such-element-exception
Build info: version: '4.12.1', revision: '8e34639b11'
System info: os.name: 'Linux', os.arch: 'amd64', os.version: '6.2.0-32-generic', java.version: '19.0.2'
Driver info: org.openqa.selenium.chrome.ChromeDriver
Command: [cc530422152e8cc1336b3147c1a72f5d, findElement {using=xpath, value=//button[@id='add-to-cart-sauce-labs-bike-light']}]
Capabilities {acceptInsecureCerts: false, browserName: chrome, browserVersion: 117.0.5938.88, chrome: {chromedriverVersion: 117.0.5938.88 (be6afae47212..., userDataDir: /tmp/.org.chromium.Chromium...}, fedcm:accounts: true, goog:chromeOptions: {debuggerAddress: localhost:34899}, networkConnectionEnabled: false, pageLoadStrategy: normal, platformName: linux, proxy: Proxy(), se:cdp: ws://localhost:34899/devtoo..., se:cdpVersion: 117.0.5938.88, setWindowRect: true, strictFileInteractability: false, timeouts: {implicit: 0, pageLoad: 300000, script: 30000}, unhandledPromptBehavior: dismiss and notify, webauthn:extension:credBlob: true, webauthn:extension:largeBlob: true, webauthn:extension:minPinLength: true, webauthn:extension:prf: true, webauthn:virtualAuthenticators: true}
Session ID: cc530422152e8cc1336b3147c1a72f5d]]>
            </message>
            <full-stacktrace>
              <![CDATA[java.lang.AssertionError: Unexpected exception (org.openqa.selenium.NoSuchElementException): no such element: Unable to locate element: {"method":"xpath","selector":"//button[@id='add-to-cart-sauce-labs-bike-light']"}
  (Session info: chrome=117.0.5938.88)
For documentation on this error, please visit: https://www.selenium.dev/documentation/webdriver/troubleshooting/errors#no-such-element-exception
Build info: version: '4.12.1', revision: '8e34639b11'
System info: os.name: 'Linux', os.arch: 'amd64', os.version: '6.2.0-32-generic', java.version: '19.0.2'
Driver info: org.openqa.selenium.chrome.ChromeDriver
Command: [cc530422152e8cc1336b3147c1a72f5d, findElement {using=xpath, value=//button[@id='add-to-cart-sauce-labs-bike-light']}]
Capabilities {acceptInsecureCerts: false, browserName: chrome, browserVersion: 117.0.5938.88, chrome: {chromedriverVersion: 117.0.5938.88 (be6afae47212..., userDataDir: /tmp/.org.chromium.Chromium...}, fedcm:accounts: true, goog:chromeOptions: {debuggerAddress: localhost:34899}, networkConnectionEnabled: false, pageLoadStrategy: normal, platformName: linux, proxy: Proxy(), se:cdp: ws://localhost:34899/devtoo..., se:cdpVersion: 117.0.5938.88, setWindowRect: true, strictFileInteractability: false, timeouts: {implicit: 0, pageLoad: 300000, script: 30000}, unhandledPromptBehavior: dismiss and notify, webauthn:extension:credBlob: true, webauthn:extension:largeBlob: true, webauthn:extension:minPinLength: true, webauthn:extension:prf: true, webauthn:virtualAuthenticators: true}
Session ID: cc530422152e8cc1336b3147c1a72f5d
	at org.testng.Assert.fail(Assert.java:94)
	at io.railflow.blazetest.samples.testng.webdriver.shoppingcart.TestShoppingCartBase.addToCart(TestShoppingCartBase.java:66)
	at io.railflow.blazetest.samples.testng.webdriver.shoppingcart.TestShoppingCartBase.addRemoveAndAddAgain(TestShoppingCartBase.java:117)
	at java.base/jdk.internal.reflect.DirectMethodHandleAccessor.invoke(DirectMethodHandleAccessor.java:104)
	at java.base/java.lang.reflect.Method.invoke(Method.java:578)
	at org.testng.internal.MethodInvocationHelper.invokeMethod(MethodInvocationHelper.java:104)
	at org.testng.internal.Invoker.invokeMethod(Invoker.java:645)
	at org.testng.internal.Invoker.invokeTestMethod(Invoker.java:851)
	at org.testng.internal.Invoker.invokeTestMethods(Invoker.java:1177)
	at org.testng.internal.TestMethodWorker.invokeTestMethods(TestMethodWorker.java:129)
	at org.testng.internal.TestMethodWorker.run(TestMethodWorker.java:112)
	at org.testng.TestRunner.privateRun(TestRunner.java:756)
	at org.testng.TestRunner.run(TestRunner.java:610)
	at org.testng.SuiteRunner.runTest(SuiteRunner.java:387)
	at org.testng.SuiteRunner.runSequentially(SuiteRunner.java:382)
	at org.testng.SuiteRunner.privateRun(SuiteRunner.java:340)
	at org.testng.SuiteRunner.run(SuiteRunner.java:289)
	at org.testng.SuiteRunnerWorker.runSuite(SuiteRunnerWorker.java:52)
	at org.testng.SuiteRunnerWorker.run(SuiteRunnerWorker.java:86)
	at org.testng.TestNG.runSuitesSequentially(TestNG.java:1293)
	at org.testng.TestNG.runSuitesLocally(TestNG.java:1218)
	at org.testng.TestNG.runSuites(TestNG.java:1133)
	at org.testng.TestNG.run(TestNG.java:1104)
	at org.apache.maven.surefire.testng.TestNGExecutor.run(TestNGExecutor.java:136)
	at org.apache.maven.surefire.testng.TestNGDirectoryTestSuite.executeMulti(TestNGDirectoryTestSuite.java:193)
	at org.apache.maven.surefire.testng.TestNGDirectoryTestSuite.execute(TestNGDirectoryTestSuite.java:94)
	at org.apache.maven.surefire.testng.TestNGProvider.invoke(TestNGProvider.java:145)
	at org.apache.maven.surefire.booter.ForkedBooter.runSuitesInProcess(ForkedBooter.java:428)
	at org.apache.maven.surefire.booter.ForkedBooter.execute(ForkedBooter.java:162)
	at org.apache.maven.surefire.booter.ForkedBooter.run(ForkedBooter.java:562)
	at org.apache.maven.surefire.booter.ForkedBooter.main(ForkedBooter.java:548)
]]>
            </full-stacktrace>
          </exception> <!-- java.lang.AssertionError -->
          <reporter-output>
          </reporter-output>
        </test-method> <!-- addRemoveAndAddAgain -->
        <test-method signature="image()[pri:0, instance:io.railflow.blazetest.samples.testng.webdriver.shoppingcart.problem.TestShoppingCartProblemUserBikeLight@cb0ed20]" started-at="2023-09-21T21:43:19Z" name="image" finished-at="2023-09-21T21:43:19Z" duration-ms="20" status="FAIL">
          <exception class="java.lang.AssertionError">
            <message>
              <![CDATA[expected [https://www.saucedemo.com/static/media/sl-404.168b1cce.jpg] but found [https://www.saucedemo.com/static/media/bike-light-1200x1500.37c843b0.jpg]]]>
            </message>
            <full-stacktrace>
              <![CDATA[java.lang.AssertionError: expected [https://www.saucedemo.com/static/media/sl-404.168b1cce.jpg] but found [https://www.saucedemo.com/static/media/bike-light-1200x1500.37c843b0.jpg]
	at org.testng.Assert.fail(Assert.java:94)
	at org.testng.Assert.failNotEquals(Assert.java:513)
	at org.testng.Assert.assertEqualsImpl(Assert.java:135)
	at org.testng.Assert.assertEquals(Assert.java:116)
	at org.testng.Assert.assertEquals(Assert.java:190)
	at org.testng.Assert.assertEquals(Assert.java:200)
	at io.railflow.blazetest.samples.testng.webdriver.shoppingcart.TestShoppingCartBase.image(TestShoppingCartBase.java:101)
	at java.base/jdk.internal.reflect.DirectMethodHandleAccessor.invoke(DirectMethodHandleAccessor.java:104)
	at java.base/java.lang.reflect.Method.invoke(Method.java:578)
	at org.testng.internal.MethodInvocationHelper.invokeMethod(MethodInvocationHelper.java:104)
	at org.testng.internal.Invoker.invokeMethod(Invoker.java:645)
	at org.testng.internal.Invoker.invokeTestMethod(Invoker.java:851)
	at org.testng.internal.Invoker.invokeTestMethods(Invoker.java:1177)
	at org.testng.internal.TestMethodWorker.invokeTestMethods(TestMethodWorker.java:129)
	at org.testng.internal.TestMethodWorker.run(TestMethodWorker.java:112)
	at org.testng.TestRunner.privateRun(TestRunner.java:756)
	at org.testng.TestRunner.run(TestRunner.java:610)
	at org.testng.SuiteRunner.runTest(SuiteRunner.java:387)
	at org.testng.SuiteRunner.runSequentially(SuiteRunner.java:382)
	at org.testng.SuiteRunner.privateRun(SuiteRunner.java:340)
	at org.testng.SuiteRunner.run(SuiteRunner.java:289)
	at org.testng.SuiteRunnerWorker.runSuite(SuiteRunnerWorker.java:52)
	at org.testng.SuiteRunnerWorker.run(SuiteRunnerWorker.java:86)
	at org.testng.TestNG.runSuitesSequentially(TestNG.java:1293)
	at org.testng.TestNG.runSuitesLocally(TestNG.java:1218)
	at org.testng.TestNG.runSuites(TestNG.java:1133)
	at org.testng.TestNG.run(TestNG.java:1104)
	at org.apache.maven.surefire.testng.TestNGExecutor.run(TestNGExecutor.java:136)
	at org.apache.maven.surefire.testng.TestNGDirectoryTestSuite.executeMulti(TestNGDirectoryTestSuite.java:193)
	at org.apache.maven.surefire.testng.TestNGDirectoryTestSuite.execute(TestNGDirectoryTestSuite.java:94)
	at org.apache.maven.surefire.testng.TestNGProvider.invoke(TestNGProvider.java:145)
	at org.apache.maven.surefire.booter.ForkedBooter.runSuitesInProcess(ForkedBooter.java:428)
	at org.apache.maven.surefire.booter.ForkedBooter.execute(ForkedBooter.java:162)
	at org.apache.maven.surefire.booter.ForkedBooter.run(ForkedBooter.java:562)
	at org.apache.maven.surefire.booter.ForkedBooter.main(ForkedBooter.java:548)
]]>
            </full-stacktrace>
          </exception> <!-- java.lang.AssertionError -->
          <reporter-output>
          </reporter-output>
        </test-method> <!-- image -->
        <test-method signature="name()[pri:0, instance:io.railflow.blazetest.samples.testng.webdriver.shoppingcart.problem.TestShoppingCartProblemUserBikeLight@cb0ed20]" started-at="2023-09-21T21:43:19Z" name="name" finished-at="2023-09-21T21:43:19Z" duration-ms="15" status="PASS">
          <reporter-output>
          </reporter-output>
        </test-method> <!-- name -->
        <test-method signature="price()[pri:0, instance:io.railflow.blazetest.samples.testng.webdriver.shoppingcart.problem.TestShoppingCartProblemUserBikeLight@cb0ed20]" started-at="2023-09-21T21:43:19Z" name="price" finished-at="2023-09-21T21:43:19Z" duration-ms="13" status="PASS">
          <reporter-output>
          </reporter-output>
        </test-method> <!-- price -->
      </class> <!-- io.railflow.blazetest.samples.testng.webdriver.shoppingcart.problem.TestShoppingCartProblemUserBikeLight -->
      <class name="io.railflow.blazetest.samples.testng.webdriver.TestLoginEmptyCredentials">
        <test-method signature="emptyUsernameEmptyPassword()[pri:0, instance:io.railflow.blazetest.samples.testng.webdriver.TestLoginEmptyCredentials@7cbd213e]" started-at="2023-09-21T21:43:16Z" name="emptyUsernameEmptyPassword" finished-at="2023-09-21T21:43:16Z" duration-ms="93" status="PASS">
          <reporter-output>
          </reporter-output>
        </test-method> <!-- emptyUsernameEmptyPassword -->
        <test-method signature="emptyUsernameInvalidPassword()[pri:0, instance:io.railflow.blazetest.samples.testng.webdriver.TestLoginEmptyCredentials@7cbd213e]" started-at="2023-09-21T21:43:16Z" name="emptyUsernameInvalidPassword" finished-at="2023-09-21T21:43:16Z" duration-ms="82" status="PASS">
          <reporter-output>
          </reporter-output>
        </test-method> <!-- emptyUsernameInvalidPassword -->
        <test-method signature="emptyUsernameMissingPassword()[pri:0, instance:io.railflow.blazetest.samples.testng.webdriver.TestLoginEmptyCredentials@7cbd213e]" started-at="2023-09-21T21:43:16Z" name="emptyUsernameMissingPassword" finished-at="2023-09-21T21:43:17Z" duration-ms="44" status="PASS">
          <reporter-output>
          </reporter-output>
        </test-method> <!-- emptyUsernameMissingPassword -->
        <test-method signature="invalidUsernameEmptyPassword()[pri:0, instance:io.railflow.blazetest.samples.testng.webdriver.TestLoginEmptyCredentials@7cbd213e]" started-at="2023-09-21T21:43:17Z" name="invalidUsernameEmptyPassword" finished-at="2023-09-21T21:43:17Z" duration-ms="71" status="FAIL">
          <exception class="java.lang.AssertionError">
            <message>
              <![CDATA[expected [Epic sadface: Username and password do not match any user in this service] but found [Epic sadface: Password is required]]]>
            </message>
            <full-stacktrace>
              <![CDATA[java.lang.AssertionError: expected [Epic sadface: Username and password do not match any user in this service] but found [Epic sadface: Password is required]
	at org.testng.Assert.fail(Assert.java:94)
	at org.testng.Assert.failNotEquals(Assert.java:513)
	at org.testng.Assert.assertEqualsImpl(Assert.java:135)
	at org.testng.Assert.assertEquals(Assert.java:116)
	at org.testng.Assert.assertEquals(Assert.java:190)
	at org.testng.Assert.assertEquals(Assert.java:200)
	at io.railflow.blazetest.samples.testng.webdriver.TestLoginBase.loginFailure(TestLoginBase.java:52)
	at io.railflow.blazetest.samples.testng.webdriver.TestLoginEmptyCredentials.invalidUsernameEmptyPassword(TestLoginEmptyCredentials.java:53)
	at java.base/jdk.internal.reflect.DirectMethodHandleAccessor.invoke(DirectMethodHandleAccessor.java:104)
	at java.base/java.lang.reflect.Method.invoke(Method.java:578)
	at org.testng.internal.MethodInvocationHelper.invokeMethod(MethodInvocationHelper.java:104)
	at org.testng.internal.Invoker.invokeMethod(Invoker.java:645)
	at org.testng.internal.Invoker.invokeTestMethod(Invoker.java:851)
	at org.testng.internal.Invoker.invokeTestMethods(Invoker.java:1177)
	at org.testng.internal.TestMethodWorker.invokeTestMethods(TestMethodWorker.java:129)
	at org.testng.internal.TestMethodWorker.run(TestMethodWorker.java:112)
	at org.testng.TestRunner.privateRun(TestRunner.java:756)
	at org.testng.TestRunner.run(TestRunner.java:610)
	at org.testng.SuiteRunner.runTest(SuiteRunner.java:387)
	at org.testng.SuiteRunner.runSequentially(SuiteRunner.java:382)
	at org.testng.SuiteRunner.privateRun(SuiteRunner.java:340)
	at org.testng.SuiteRunner.run(SuiteRunner.java:289)
	at org.testng.SuiteRunnerWorker.runSuite(SuiteRunnerWorker.java:52)
	at org.testng.SuiteRunnerWorker.run(SuiteRunnerWorker.java:86)
	at org.testng.TestNG.runSuitesSequentially(TestNG.java:1293)
	at org.testng.TestNG.runSuitesLocally(TestNG.java:1218)
	at org.testng.TestNG.runSuites(TestNG.java:1133)
	at org.testng.TestNG.run(TestNG.java:1104)
	at org.apache.maven.surefire.testng.TestNGExecutor.run(TestNGExecutor.java:136)
	at org.apache.maven.surefire.testng.TestNGDirectoryTestSuite.executeMulti(TestNGDirectoryTestSuite.java:193)
	at org.apache.maven.surefire.testng.TestNGDirectoryTestSuite.execute(TestNGDirectoryTestSuite.java:94)
	at org.apache.maven.surefire.testng.TestNGProvider.invoke(TestNGProvider.java:145)
	at org.apache.maven.surefire.booter.ForkedBooter.runSuitesInProcess(ForkedBooter.java:428)
	at org.apache.maven.surefire.booter.ForkedBooter.execute(ForkedBooter.java:162)
	at org.apache.maven.surefire.booter.ForkedBooter.run(ForkedBooter.java:562)
	at org.apache.maven.surefire.booter.ForkedBooter.main(ForkedBooter.java:548)
]]>
            </full-stacktrace>
          </exception> <!-- java.lang.AssertionError -->
          <reporter-output>
          </reporter-output>
        </test-method> <!-- invalidUsernameEmptyPassword -->
        <test-method signature="invalidUsernameMissingPassword()[pri:0, instance:io.railflow.blazetest.samples.testng.webdriver.TestLoginEmptyCredentials@7cbd213e]" started-at="2023-09-21T21:43:17Z" name="invalidUsernameMissingPassword" finished-at="2023-09-21T21:43:17Z" duration-ms="62" status="FAIL">
          <exception class="java.lang.AssertionError">
            <message>
              <![CDATA[expected [Epic sadface: Username and password do not match any user in this service] but found [Epic sadface: Password is required]]]>
            </message>
            <full-stacktrace>
              <![CDATA[java.lang.AssertionError: expected [Epic sadface: Username and password do not match any user in this service] but found [Epic sadface: Password is required]
	at org.testng.Assert.fail(Assert.java:94)
	at org.testng.Assert.failNotEquals(Assert.java:513)
	at org.testng.Assert.assertEqualsImpl(Assert.java:135)
	at org.testng.Assert.assertEquals(Assert.java:116)
	at org.testng.Assert.assertEquals(Assert.java:190)
	at org.testng.Assert.assertEquals(Assert.java:200)
	at io.railflow.blazetest.samples.testng.webdriver.TestLoginBase.loginFailure(TestLoginBase.java:52)
	at io.railflow.blazetest.samples.testng.webdriver.TestLoginEmptyCredentials.invalidUsernameMissingPassword(TestLoginEmptyCredentials.java:33)
	at java.base/jdk.internal.reflect.DirectMethodHandleAccessor.invoke(DirectMethodHandleAccessor.java:104)
	at java.base/java.lang.reflect.Method.invoke(Method.java:578)
	at org.testng.internal.MethodInvocationHelper.invokeMethod(MethodInvocationHelper.java:104)
	at org.testng.internal.Invoker.invokeMethod(Invoker.java:645)
	at org.testng.internal.Invoker.invokeTestMethod(Invoker.java:851)
	at org.testng.internal.Invoker.invokeTestMethods(Invoker.java:1177)
	at org.testng.internal.TestMethodWorker.invokeTestMethods(TestMethodWorker.java:129)
	at org.testng.internal.TestMethodWorker.run(TestMethodWorker.java:112)
	at org.testng.TestRunner.privateRun(TestRunner.java:756)
	at org.testng.TestRunner.run(TestRunner.java:610)
	at org.testng.SuiteRunner.runTest(SuiteRunner.java:387)
	at org.testng.SuiteRunner.runSequentially(SuiteRunner.java:382)
	at org.testng.SuiteRunner.privateRun(SuiteRunner.java:340)
	at org.testng.SuiteRunner.run(SuiteRunner.java:289)
	at org.testng.SuiteRunnerWorker.runSuite(SuiteRunnerWorker.java:52)
	at org.testng.SuiteRunnerWorker.run(SuiteRunnerWorker.java:86)
	at org.testng.TestNG.runSuitesSequentially(TestNG.java:1293)
	at org.testng.TestNG.runSuitesLocally(TestNG.java:1218)
	at org.testng.TestNG.runSuites(TestNG.java:1133)
	at org.testng.TestNG.run(TestNG.java:1104)
	at org.apache.maven.surefire.testng.TestNGExecutor.run(TestNGExecutor.java:136)
	at org.apache.maven.surefire.testng.TestNGDirectoryTestSuite.executeMulti(TestNGDirectoryTestSuite.java:193)
	at org.apache.maven.surefire.testng.TestNGDirectoryTestSuite.execute(TestNGDirectoryTestSuite.java:94)
	at org.apache.maven.surefire.testng.TestNGProvider.invoke(TestNGProvider.java:145)
	at org.apache.maven.surefire.booter.ForkedBooter.runSuitesInProcess(ForkedBooter.java:428)
	at org.apache.maven.surefire.booter.ForkedBooter.execute(ForkedBooter.java:162)
	at org.apache.maven.surefire.booter.ForkedBooter.run(ForkedBooter.java:562)
	at org.apache.maven.surefire.booter.ForkedBooter.main(ForkedBooter.java:548)
]]>
            </full-stacktrace>
          </exception> <!-- java.lang.AssertionError -->
          <reporter-output>
          </reporter-output>
        </test-method> <!-- invalidUsernameMissingPassword -->
        <test-method signature="missingUsernameEmptyPassword()[pri:0, instance:io.railflow.blazetest.samples.testng.webdriver.TestLoginEmptyCredentials@7cbd213e]" started-at="2023-09-21T21:43:17Z" name="missingUsernameEmptyPassword" finished-at="2023-09-21T21:43:17Z" duration-ms="47" status="FAIL">
          <exception class="java.lang.AssertionError">
            <message>
              <![CDATA[expected [Epic sadface: Username and password do not match any user in this service] but found [Epic sadface: Username is required]]]>
            </message>
            <full-stacktrace>
              <![CDATA[java.lang.AssertionError: expected [Epic sadface: Username and password do not match any user in this service] but found [Epic sadface: Username is required]
	at org.testng.Assert.fail(Assert.java:94)
	at org.testng.Assert.failNotEquals(Assert.java:513)
	at org.testng.Assert.assertEqualsImpl(Assert.java:135)
	at org.testng.Assert.assertEquals(Assert.java:116)
	at org.testng.Assert.assertEquals(Assert.java:190)
	at org.testng.Assert.assertEquals(Assert.java:200)
	at io.railflow.blazetest.samples.testng.webdriver.TestLoginBase.loginFailure(TestLoginBase.java:52)
	at io.railflow.blazetest.samples.testng.webdriver.TestLoginEmptyCredentials.missingUsernameEmptyPassword(TestLoginEmptyCredentials.java:28)
	at java.base/jdk.internal.reflect.DirectMethodHandleAccessor.invoke(DirectMethodHandleAccessor.java:104)
	at java.base/java.lang.reflect.Method.invoke(Method.java:578)
	at org.testng.internal.MethodInvocationHelper.invokeMethod(MethodInvocationHelper.java:104)
	at org.testng.internal.Invoker.invokeMethod(Invoker.java:645)
	at org.testng.internal.Invoker.invokeTestMethod(Invoker.java:851)
	at org.testng.internal.Invoker.invokeTestMethods(Invoker.java:1177)
	at org.testng.internal.TestMethodWorker.invokeTestMethods(TestMethodWorker.java:129)
	at org.testng.internal.TestMethodWorker.run(TestMethodWorker.java:112)
	at org.testng.TestRunner.privateRun(TestRunner.java:756)
	at org.testng.TestRunner.run(TestRunner.java:610)
	at org.testng.SuiteRunner.runTest(SuiteRunner.java:387)
	at org.testng.SuiteRunner.runSequentially(SuiteRunner.java:382)
	at org.testng.SuiteRunner.privateRun(SuiteRunner.java:340)
	at org.testng.SuiteRunner.run(SuiteRunner.java:289)
	at org.testng.SuiteRunnerWorker.runSuite(SuiteRunnerWorker.java:52)
	at org.testng.SuiteRunnerWorker.run(SuiteRunnerWorker.java:86)
	at org.testng.TestNG.runSuitesSequentially(TestNG.java:1293)
	at org.testng.TestNG.runSuitesLocally(TestNG.java:1218)
	at org.testng.TestNG.runSuites(TestNG.java:1133)
	at org.testng.TestNG.run(TestNG.java:1104)
	at org.apache.maven.surefire.testng.TestNGExecutor.run(TestNGExecutor.java:136)
	at org.apache.maven.surefire.testng.TestNGDirectoryTestSuite.executeMulti(TestNGDirectoryTestSuite.java:193)
	at org.apache.maven.surefire.testng.TestNGDirectoryTestSuite.execute(TestNGDirectoryTestSuite.java:94)
	at org.apache.maven.surefire.testng.TestNGProvider.invoke(TestNGProvider.java:145)
	at org.apache.maven.surefire.booter.ForkedBooter.runSuitesInProcess(ForkedBooter.java:428)
	at org.apache.maven.surefire.booter.ForkedBooter.execute(ForkedBooter.java:162)
	at org.apache.maven.surefire.booter.ForkedBooter.run(ForkedBooter.java:562)
	at org.apache.maven.surefire.booter.ForkedBooter.main(ForkedBooter.java:548)
]]>
            </full-stacktrace>
          </exception> <!-- java.lang.AssertionError -->
          <reporter-output>
          </reporter-output>
        </test-method> <!-- missingUsernameEmptyPassword -->
        <test-method signature="missingUsernameInvalidPassword()[pri:0, instance:io.railflow.blazetest.samples.testng.webdriver.TestLoginEmptyCredentials@7cbd213e]" started-at="2023-09-21T21:43:17Z" name="missingUsernameInvalidPassword" finished-at="2023-09-21T21:43:17Z" duration-ms="50" status="FAIL">
          <exception class="java.lang.AssertionError">
            <message>
              <![CDATA[expected [Epic sadface: Username and password do not match any user in this service] but found [Epic sadface: Username is required]]]>
            </message>
            <full-stacktrace>
              <![CDATA[java.lang.AssertionError: expected [Epic sadface: Username and password do not match any user in this service] but found [Epic sadface: Username is required]
	at org.testng.Assert.fail(Assert.java:94)
	at org.testng.Assert.failNotEquals(Assert.java:513)
	at org.testng.Assert.assertEqualsImpl(Assert.java:135)
	at org.testng.Assert.assertEquals(Assert.java:116)
	at org.testng.Assert.assertEquals(Assert.java:190)
	at org.testng.Assert.assertEquals(Assert.java:200)
	at io.railflow.blazetest.samples.testng.webdriver.TestLoginBase.loginFailure(TestLoginBase.java:52)
	at io.railflow.blazetest.samples.testng.webdriver.TestLoginEmptyCredentials.missingUsernameInvalidPassword(TestLoginEmptyCredentials.java:38)
	at java.base/jdk.internal.reflect.DirectMethodHandleAccessor.invoke(DirectMethodHandleAccessor.java:104)
	at java.base/java.lang.reflect.Method.invoke(Method.java:578)
	at org.testng.internal.MethodInvocationHelper.invokeMethod(MethodInvocationHelper.java:104)
	at org.testng.internal.Invoker.invokeMethod(Invoker.java:645)
	at org.testng.internal.Invoker.invokeTestMethod(Invoker.java:851)
	at org.testng.internal.Invoker.invokeTestMethods(Invoker.java:1177)
	at org.testng.internal.TestMethodWorker.invokeTestMethods(TestMethodWorker.java:129)
	at org.testng.internal.TestMethodWorker.run(TestMethodWorker.java:112)
	at org.testng.TestRunner.privateRun(TestRunner.java:756)
	at org.testng.TestRunner.run(TestRunner.java:610)
	at org.testng.SuiteRunner.runTest(SuiteRunner.java:387)
	at org.testng.SuiteRunner.runSequentially(SuiteRunner.java:382)
	at org.testng.SuiteRunner.privateRun(SuiteRunner.java:340)
	at org.testng.SuiteRunner.run(SuiteRunner.java:289)
	at org.testng.SuiteRunnerWorker.runSuite(SuiteRunnerWorker.java:52)
	at org.testng.SuiteRunnerWorker.run(SuiteRunnerWorker.java:86)
	at org.testng.TestNG.runSuitesSequentially(TestNG.java:1293)
	at org.testng.TestNG.runSuitesLocally(TestNG.java:1218)
	at org.testng.TestNG.runSuites(TestNG.java:1133)
	at org.testng.TestNG.run(TestNG.java:1104)
	at org.apache.maven.surefire.testng.TestNGExecutor.run(TestNGExecutor.java:136)
	at org.apache.maven.surefire.testng.TestNGDirectoryTestSuite.executeMulti(TestNGDirectoryTestSuite.java:193)
	at org.apache.maven.surefire.testng.TestNGDirectoryTestSuite.execute(TestNGDirectoryTestSuite.java:94)
	at org.apache.maven.surefire.testng.TestNGProvider.invoke(TestNGProvider.java:145)
	at org.apache.maven.surefire.booter.ForkedBooter.runSuitesInProcess(ForkedBooter.java:428)
	at org.apache.maven.surefire.booter.ForkedBooter.execute(ForkedBooter.java:162)
	at org.apache.maven.surefire.booter.ForkedBooter.run(ForkedBooter.java:562)
	at org.apache.maven.surefire.booter.ForkedBooter.main(ForkedBooter.java:548)
]]>
            </full-stacktrace>
          </exception> <!-- java.lang.AssertionError -->
          <reporter-output>
          </reporter-output>
        </test-method> <!-- missingUsernameInvalidPassword -->
        <test-method signature="missingUsernameMissingPassword()[pri:0, instance:io.railflow.blazetest.samples.testng.webdriver.TestLoginEmptyCredentials@7cbd213e]" started-at="2023-09-21T21:43:17Z" name="missingUsernameMissingPassword" finished-at="2023-09-21T21:43:17Z" duration-ms="28" status="FAIL">
          <exception class="java.lang.AssertionError">
            <message>
              <![CDATA[expected [Epic sadface: Username and password do not match any user in this service] but found [Epic sadface: Username is required]]]>
            </message>
            <full-stacktrace>
              <![CDATA[java.lang.AssertionError: expected [Epic sadface: Username and password do not match any user in this service] but found [Epic sadface: Username is required]
	at org.testng.Assert.fail(Assert.java:94)
	at org.testng.Assert.failNotEquals(Assert.java:513)
	at org.testng.Assert.assertEqualsImpl(Assert.java:135)
	at org.testng.Assert.assertEquals(Assert.java:116)
	at org.testng.Assert.assertEquals(Assert.java:190)
	at org.testng.Assert.assertEquals(Assert.java:200)
	at io.railflow.blazetest.samples.testng.webdriver.TestLoginBase.loginFailure(TestLoginBase.java:52)
	at io.railflow.blazetest.samples.testng.webdriver.TestLoginEmptyCredentials.missingUsernameMissingPassword(TestLoginEmptyCredentials.java:23)
	at java.base/jdk.internal.reflect.DirectMethodHandleAccessor.invoke(DirectMethodHandleAccessor.java:104)
	at java.base/java.lang.reflect.Method.invoke(Method.java:578)
	at org.testng.internal.MethodInvocationHelper.invokeMethod(MethodInvocationHelper.java:104)
	at org.testng.internal.Invoker.invokeMethod(Invoker.java:645)
	at org.testng.internal.Invoker.invokeTestMethod(Invoker.java:851)
	at org.testng.internal.Invoker.invokeTestMethods(Invoker.java:1177)
	at org.testng.internal.TestMethodWorker.invokeTestMethods(TestMethodWorker.java:129)
	at org.testng.internal.TestMethodWorker.run(TestMethodWorker.java:112)
	at org.testng.TestRunner.privateRun(TestRunner.java:756)
	at org.testng.TestRunner.run(TestRunner.java:610)
	at org.testng.SuiteRunner.runTest(SuiteRunner.java:387)
	at org.testng.SuiteRunner.runSequentially(SuiteRunner.java:382)
	at org.testng.SuiteRunner.privateRun(SuiteRunner.java:340)
	at org.testng.SuiteRunner.run(SuiteRunner.java:289)
	at org.testng.SuiteRunnerWorker.runSuite(SuiteRunnerWorker.java:52)
	at org.testng.SuiteRunnerWorker.run(SuiteRunnerWorker.java:86)
	at org.testng.TestNG.runSuitesSequentially(TestNG.java:1293)
	at org.testng.TestNG.runSuitesLocally(TestNG.java:1218)
	at org.testng.TestNG.runSuites(TestNG.java:1133)
	at org.testng.TestNG.run(TestNG.java:1104)
	at org.apache.maven.surefire.testng.TestNGExecutor.run(TestNGExecutor.java:136)
	at org.apache.maven.surefire.testng.TestNGDirectoryTestSuite.executeMulti(TestNGDirectoryTestSuite.java:193)
	at org.apache.maven.surefire.testng.TestNGDirectoryTestSuite.execute(TestNGDirectoryTestSuite.java:94)
	at org.apache.maven.surefire.testng.TestNGProvider.invoke(TestNGProvider.java:145)
	at org.apache.maven.surefire.booter.ForkedBooter.runSuitesInProcess(ForkedBooter.java:428)
	at org.apache.maven.surefire.booter.ForkedBooter.execute(ForkedBooter.java:162)
	at org.apache.maven.surefire.booter.ForkedBooter.run(ForkedBooter.java:562)
	at org.apache.maven.surefire.booter.ForkedBooter.main(ForkedBooter.java:548)
]]>
            </full-stacktrace>
          </exception> <!-- java.lang.AssertionError -->
          <reporter-output>
          </reporter-output>
        </test-method> <!-- missingUsernameMissingPassword -->
      </class> <!-- io.railflow.blazetest.samples.testng.webdriver.TestLoginEmptyCredentials -->
      <class name="io.railflow.blazetest.samples.testng.webdriver.TestLoginUserLockout">
        <test-method signature="emptyPassword()[pri:0, instance:io.railflow.blazetest.samples.testng.webdriver.TestLoginUserLockout@192d3247]" started-at="2023-09-21T21:43:18Z" name="emptyPassword" finished-at="2023-09-21T21:43:18Z" duration-ms="149" status="FAIL">
          <exception class="java.lang.AssertionError">
            <message>
              <![CDATA[expected [Epic sadface: Password is required] but found [Epic sadface: Sorry, this user has been locked out.]]]>
            </message>
            <full-stacktrace>
              <![CDATA[java.lang.AssertionError: expected [Epic sadface: Password is required] but found [Epic sadface: Sorry, this user has been locked out.]
	at org.testng.Assert.fail(Assert.java:94)
	at org.testng.Assert.failNotEquals(Assert.java:513)
	at org.testng.Assert.assertEqualsImpl(Assert.java:135)
	at org.testng.Assert.assertEquals(Assert.java:116)
	at org.testng.Assert.assertEquals(Assert.java:190)
	at org.testng.Assert.assertEquals(Assert.java:200)
	at io.railflow.blazetest.samples.testng.webdriver.TestLoginBase.loginFailure(TestLoginBase.java:52)
	at io.railflow.blazetest.samples.testng.webdriver.TestLoginUserLockout.loginFailure(TestLoginUserLockout.java:22)
	at io.railflow.blazetest.samples.testng.webdriver.TestLoginUserLockout.emptyPassword(TestLoginUserLockout.java:32)
	at java.base/jdk.internal.reflect.DirectMethodHandleAccessor.invoke(DirectMethodHandleAccessor.java:104)
	at java.base/java.lang.reflect.Method.invoke(Method.java:578)
	at org.testng.internal.MethodInvocationHelper.invokeMethod(MethodInvocationHelper.java:104)
	at org.testng.internal.Invoker.invokeMethod(Invoker.java:645)
	at org.testng.internal.Invoker.invokeTestMethod(Invoker.java:851)
	at org.testng.internal.Invoker.invokeTestMethods(Invoker.java:1177)
	at org.testng.internal.TestMethodWorker.invokeTestMethods(TestMethodWorker.java:129)
	at org.testng.internal.TestMethodWorker.run(TestMethodWorker.java:112)
	at org.testng.TestRunner.privateRun(TestRunner.java:756)
	at org.testng.TestRunner.run(TestRunner.java:610)
	at org.testng.SuiteRunner.runTest(SuiteRunner.java:387)
	at org.testng.SuiteRunner.runSequentially(SuiteRunner.java:382)
	at org.testng.SuiteRunner.privateRun(SuiteRunner.java:340)
	at org.testng.SuiteRunner.run(SuiteRunner.java:289)
	at org.testng.SuiteRunnerWorker.runSuite(SuiteRunnerWorker.java:52)
	at org.testng.SuiteRunnerWorker.run(SuiteRunnerWorker.java:86)
	at org.testng.TestNG.runSuitesSequentially(TestNG.java:1293)
	at org.testng.TestNG.runSuitesLocally(TestNG.java:1218)
	at org.testng.TestNG.runSuites(TestNG.java:1133)
	at org.testng.TestNG.run(TestNG.java:1104)
	at org.apache.maven.surefire.testng.TestNGExecutor.run(TestNGExecutor.java:136)
	at org.apache.maven.surefire.testng.TestNGDirectoryTestSuite.executeMulti(TestNGDirectoryTestSuite.java:193)
	at org.apache.maven.surefire.testng.TestNGDirectoryTestSuite.execute(TestNGDirectoryTestSuite.java:94)
	at org.apache.maven.surefire.testng.TestNGProvider.invoke(TestNGProvider.java:145)
	at org.apache.maven.surefire.booter.ForkedBooter.runSuitesInProcess(ForkedBooter.java:428)
	at org.apache.maven.surefire.booter.ForkedBooter.execute(ForkedBooter.java:162)
	at org.apache.maven.surefire.booter.ForkedBooter.run(ForkedBooter.java:562)
	at org.apache.maven.surefire.booter.ForkedBooter.main(ForkedBooter.java:548)
]]>
            </full-stacktrace>
          </exception> <!-- java.lang.AssertionError -->
          <reporter-output>
          </reporter-output>
        </test-method> <!-- emptyPassword -->
        <test-method signature="missingPassword()[pri:0, instance:io.railflow.blazetest.samples.testng.webdriver.TestLoginUserLockout@192d3247]" started-at="2023-09-21T21:43:18Z" name="missingPassword" finished-at="2023-09-21T21:43:18Z" duration-ms="84" status="FAIL">
          <exception class="java.lang.AssertionError">
            <message>
              <![CDATA[expected [Epic sadface: Password is required] but found [Epic sadface: Sorry, this user has been locked out.]]]>
            </message>
            <full-stacktrace>
              <![CDATA[java.lang.AssertionError: expected [Epic sadface: Password is required] but found [Epic sadface: Sorry, this user has been locked out.]
	at org.testng.Assert.fail(Assert.java:94)
	at org.testng.Assert.failNotEquals(Assert.java:513)
	at org.testng.Assert.assertEqualsImpl(Assert.java:135)
	at org.testng.Assert.assertEquals(Assert.java:116)
	at org.testng.Assert.assertEquals(Assert.java:190)
	at org.testng.Assert.assertEquals(Assert.java:200)
	at io.railflow.blazetest.samples.testng.webdriver.TestLoginBase.loginFailure(TestLoginBase.java:52)
	at io.railflow.blazetest.samples.testng.webdriver.TestLoginUserLockout.loginFailure(TestLoginUserLockout.java:22)
	at io.railflow.blazetest.samples.testng.webdriver.TestLoginUserLockout.missingPassword(TestLoginUserLockout.java:27)
	at java.base/jdk.internal.reflect.DirectMethodHandleAccessor.invoke(DirectMethodHandleAccessor.java:104)
	at java.base/java.lang.reflect.Method.invoke(Method.java:578)
	at org.testng.internal.MethodInvocationHelper.invokeMethod(MethodInvocationHelper.java:104)
	at org.testng.internal.Invoker.invokeMethod(Invoker.java:645)
	at org.testng.internal.Invoker.invokeTestMethod(Invoker.java:851)
	at org.testng.internal.Invoker.invokeTestMethods(Invoker.java:1177)
	at org.testng.internal.TestMethodWorker.invokeTestMethods(TestMethodWorker.java:129)
	at org.testng.internal.TestMethodWorker.run(TestMethodWorker.java:112)
	at org.testng.TestRunner.privateRun(TestRunner.java:756)
	at org.testng.TestRunner.run(TestRunner.java:610)
	at org.testng.SuiteRunner.runTest(SuiteRunner.java:387)
	at org.testng.SuiteRunner.runSequentially(SuiteRunner.java:382)
	at org.testng.SuiteRunner.privateRun(SuiteRunner.java:340)
	at org.testng.SuiteRunner.run(SuiteRunner.java:289)
	at org.testng.SuiteRunnerWorker.runSuite(SuiteRunnerWorker.java:52)
	at org.testng.SuiteRunnerWorker.run(SuiteRunnerWorker.java:86)
	at org.testng.TestNG.runSuitesSequentially(TestNG.java:1293)
	at org.testng.TestNG.runSuitesLocally(TestNG.java:1218)
	at org.testng.TestNG.runSuites(TestNG.java:1133)
	at org.testng.TestNG.run(TestNG.java:1104)
	at org.apache.maven.surefire.testng.TestNGExecutor.run(TestNGExecutor.java:136)
	at org.apache.maven.surefire.testng.TestNGDirectoryTestSuite.executeMulti(TestNGDirectoryTestSuite.java:193)
	at org.apache.maven.surefire.testng.TestNGDirectoryTestSuite.execute(TestNGDirectoryTestSuite.java:94)
	at org.apache.maven.surefire.testng.TestNGProvider.invoke(TestNGProvider.java:145)
	at org.apache.maven.surefire.booter.ForkedBooter.runSuitesInProcess(ForkedBooter.java:428)
	at org.apache.maven.surefire.booter.ForkedBooter.execute(ForkedBooter.java:162)
	at org.apache.maven.surefire.booter.ForkedBooter.run(ForkedBooter.java:562)
	at org.apache.maven.surefire.booter.ForkedBooter.main(ForkedBooter.java:548)
]]>
            </full-stacktrace>
          </exception> <!-- java.lang.AssertionError -->
          <reporter-output>
          </reporter-output>
        </test-method> <!-- missingPassword -->
        <test-method signature="userLockedOut()[pri:0, instance:io.railflow.blazetest.samples.testng.webdriver.TestLoginUserLockout@192d3247]" started-at="2023-09-21T21:43:18Z" name="userLockedOut" finished-at="2023-09-21T21:43:19Z" duration-ms="119" status="FAIL">
          <exception class="java.lang.AssertionError">
            <message>
              <![CDATA[expected [Epic sadface: Username and password do not match any user in this service] but found [Epic sadface: Sorry, this user has been locked out.]]]>
            </message>
            <full-stacktrace>
              <![CDATA[java.lang.AssertionError: expected [Epic sadface: Username and password do not match any user in this service] but found [Epic sadface: Sorry, this user has been locked out.]
	at org.testng.Assert.fail(Assert.java:94)
	at org.testng.Assert.failNotEquals(Assert.java:513)
	at org.testng.Assert.assertEqualsImpl(Assert.java:135)
	at org.testng.Assert.assertEquals(Assert.java:116)
	at org.testng.Assert.assertEquals(Assert.java:190)
	at org.testng.Assert.assertEquals(Assert.java:200)
	at io.railflow.blazetest.samples.testng.webdriver.TestLoginBase.loginFailure(TestLoginBase.java:52)
	at io.railflow.blazetest.samples.testng.webdriver.TestLoginUserLockout.loginFailure(TestLoginUserLockout.java:22)
	at io.railflow.blazetest.samples.testng.webdriver.TestLoginUserLockout.userLockedOut(TestLoginUserLockout.java:37)
	at java.base/jdk.internal.reflect.DirectMethodHandleAccessor.invoke(DirectMethodHandleAccessor.java:104)
	at java.base/java.lang.reflect.Method.invoke(Method.java:578)
	at org.testng.internal.MethodInvocationHelper.invokeMethod(MethodInvocationHelper.java:104)
	at org.testng.internal.Invoker.invokeMethod(Invoker.java:645)
	at org.testng.internal.Invoker.invokeTestMethod(Invoker.java:851)
	at org.testng.internal.Invoker.invokeTestMethods(Invoker.java:1177)
	at org.testng.internal.TestMethodWorker.invokeTestMethods(TestMethodWorker.java:129)
	at org.testng.internal.TestMethodWorker.run(TestMethodWorker.java:112)
	at org.testng.TestRunner.privateRun(TestRunner.java:756)
	at org.testng.TestRunner.run(TestRunner.java:610)
	at org.testng.SuiteRunner.runTest(SuiteRunner.java:387)
	at org.testng.SuiteRunner.runSequentially(SuiteRunner.java:382)
	at org.testng.SuiteRunner.privateRun(SuiteRunner.java:340)
	at org.testng.SuiteRunner.run(SuiteRunner.java:289)
	at org.testng.SuiteRunnerWorker.runSuite(SuiteRunnerWorker.java:52)
	at org.testng.SuiteRunnerWorker.run(SuiteRunnerWorker.java:86)
	at org.testng.TestNG.runSuitesSequentially(TestNG.java:1293)
	at org.testng.TestNG.runSuitesLocally(TestNG.java:1218)
	at org.testng.TestNG.runSuites(TestNG.java:1133)
	at org.testng.TestNG.run(TestNG.java:1104)
	at org.apache.maven.surefire.testng.TestNGExecutor.run(TestNGExecutor.java:136)
	at org.apache.maven.surefire.testng.TestNGDirectoryTestSuite.executeMulti(TestNGDirectoryTestSuite.java:193)
	at org.apache.maven.surefire.testng.TestNGDirectoryTestSuite.execute(TestNGDirectoryTestSuite.java:94)
	at org.apache.maven.surefire.testng.TestNGProvider.invoke(TestNGProvider.java:145)
	at org.apache.maven.surefire.booter.ForkedBooter.runSuitesInProcess(ForkedBooter.java:428)
	at org.apache.maven.surefire.booter.ForkedBooter.execute(ForkedBooter.java:162)
	at org.apache.maven.surefire.booter.ForkedBooter.run(ForkedBooter.java:562)
	at org.apache.maven.surefire.booter.ForkedBooter.main(ForkedBooter.java:548)
]]>
            </full-stacktrace>
          </exception> <!-- java.lang.AssertionError -->
          <reporter-output>
          </reporter-output>
        </test-method> <!-- userLockedOut -->
      </class> <!-- io.railflow.blazetest.samples.testng.webdriver.TestLoginUserLockout -->
      <class name="io.railflow.blazetest.samples.testng.webdriver.shoppingcart.standard.TestShoppingCartStandardUserBikeLight">
        <test-method signature="add()[pri:0, instance:io.railflow.blazetest.samples.testng.webdriver.shoppingcart.standard.TestShoppingCartStandardUserBikeLight@33723e30]" started-at="2023-09-21T21:43:19Z" name="add" finished-at="2023-09-21T21:43:19Z" duration-ms="44" status="PASS">
          <reporter-output>
          </reporter-output>
        </test-method> <!-- add -->
        <test-method signature="addAndRemove()[pri:0, instance:io.railflow.blazetest.samples.testng.webdriver.shoppingcart.standard.TestShoppingCartStandardUserBikeLight@33723e30]" started-at="2023-09-21T21:43:19Z" name="addAndRemove" finished-at="2023-09-21T21:43:19Z" duration-ms="10" status="FAIL">
          <exception class="java.lang.AssertionError">
            <message>
              <![CDATA[Unexpected exception (org.openqa.selenium.NoSuchElementException): no such element: Unable to locate element: {"method":"xpath","selector":"//button[@id='add-to-cart-sauce-labs-bike-light']"}
  (Session info: chrome=117.0.5938.88)
For documentation on this error, please visit: https://www.selenium.dev/documentation/webdriver/troubleshooting/errors#no-such-element-exception
Build info: version: '4.12.1', revision: '8e34639b11'
System info: os.name: 'Linux', os.arch: 'amd64', os.version: '6.2.0-32-generic', java.version: '19.0.2'
Driver info: org.openqa.selenium.chrome.ChromeDriver
Command: [c00461c82f1c5859aec45c490c589ae1, findElement {using=xpath, value=//button[@id='add-to-cart-sauce-labs-bike-light']}]
Capabilities {acceptInsecureCerts: false, browserName: chrome, browserVersion: 117.0.5938.88, chrome: {chromedriverVersion: 117.0.5938.88 (be6afae47212..., userDataDir: /tmp/.org.chromium.Chromium...}, fedcm:accounts: true, goog:chromeOptions: {debuggerAddress: localhost:43903}, networkConnectionEnabled: false, pageLoadStrategy: normal, platformName: linux, proxy: Proxy(), se:cdp: ws://localhost:43903/devtoo..., se:cdpVersion: 117.0.5938.88, setWindowRect: true, strictFileInteractability: false, timeouts: {implicit: 0, pageLoad: 300000, script: 30000}, unhandledPromptBehavior: dismiss and notify, webauthn:extension:credBlob: true, webauthn:extension:largeBlob: true, webauthn:extension:minPinLength: true, webauthn:extension:prf: true, webauthn:virtualAuthenticators: true}
Session ID: c00461c82f1c5859aec45c490c589ae1]]>
            </message>
            <full-stacktrace>
              <![CDATA[java.lang.AssertionError: Unexpected exception (org.openqa.selenium.NoSuchElementException): no such element: Unable to locate element: {"method":"xpath","selector":"//button[@id='add-to-cart-sauce-labs-bike-light']"}
  (Session info: chrome=117.0.5938.88)
For documentation on this error, please visit: https://www.selenium.dev/documentation/webdriver/troubleshooting/errors#no-such-element-exception
Build info: version: '4.12.1', revision: '8e34639b11'
System info: os.name: 'Linux', os.arch: 'amd64', os.version: '6.2.0-32-generic', java.version: '19.0.2'
Driver info: org.openqa.selenium.chrome.ChromeDriver
Command: [c00461c82f1c5859aec45c490c589ae1, findElement {using=xpath, value=//button[@id='add-to-cart-sauce-labs-bike-light']}]
Capabilities {acceptInsecureCerts: false, browserName: chrome, browserVersion: 117.0.5938.88, chrome: {chromedriverVersion: 117.0.5938.88 (be6afae47212..., userDataDir: /tmp/.org.chromium.Chromium...}, fedcm:accounts: true, goog:chromeOptions: {debuggerAddress: localhost:43903}, networkConnectionEnabled: false, pageLoadStrategy: normal, platformName: linux, proxy: Proxy(), se:cdp: ws://localhost:43903/devtoo..., se:cdpVersion: 117.0.5938.88, setWindowRect: true, strictFileInteractability: false, timeouts: {implicit: 0, pageLoad: 300000, script: 30000}, unhandledPromptBehavior: dismiss and notify, webauthn:extension:credBlob: true, webauthn:extension:largeBlob: true, webauthn:extension:minPinLength: true, webauthn:extension:prf: true, webauthn:virtualAuthenticators: true}
Session ID: c00461c82f1c5859aec45c490c589ae1
	at org.testng.Assert.fail(Assert.java:94)
	at io.railflow.blazetest.samples.testng.webdriver.shoppingcart.TestShoppingCartBase.addToCart(TestShoppingCartBase.java:66)
	at io.railflow.blazetest.samples.testng.webdriver.shoppingcart.TestShoppingCartBase.addAndRemove(TestShoppingCartBase.java:111)
	at java.base/jdk.internal.reflect.DirectMethodHandleAccessor.invoke(DirectMethodHandleAccessor.java:104)
	at java.base/java.lang.reflect.Method.invoke(Method.java:578)
	at org.testng.internal.MethodInvocationHelper.invokeMethod(MethodInvocationHelper.java:104)
	at org.testng.internal.Invoker.invokeMethod(Invoker.java:645)
	at org.testng.internal.Invoker.invokeTestMethod(Invoker.java:851)
	at org.testng.internal.Invoker.invokeTestMethods(Invoker.java:1177)
	at org.testng.internal.TestMethodWorker.invokeTestMethods(TestMethodWorker.java:129)
	at org.testng.internal.TestMethodWorker.run(TestMethodWorker.java:112)
	at org.testng.TestRunner.privateRun(TestRunner.java:756)
	at org.testng.TestRunner.run(TestRunner.java:610)
	at org.testng.SuiteRunner.runTest(SuiteRunner.java:387)
	at org.testng.SuiteRunner.runSequentially(SuiteRunner.java:382)
	at org.testng.SuiteRunner.privateRun(SuiteRunner.java:340)
	at org.testng.SuiteRunner.run(SuiteRunner.java:289)
	at org.testng.SuiteRunnerWorker.runSuite(SuiteRunnerWorker.java:52)
	at org.testng.SuiteRunnerWorker.run(SuiteRunnerWorker.java:86)
	at org.testng.TestNG.runSuitesSequentially(TestNG.java:1293)
	at org.testng.TestNG.runSuitesLocally(TestNG.java:1218)
	at org.testng.TestNG.runSuites(TestNG.java:1133)
	at org.testng.TestNG.run(TestNG.java:1104)
	at org.apache.maven.surefire.testng.TestNGExecutor.run(TestNGExecutor.java:136)
	at org.apache.maven.surefire.testng.TestNGDirectoryTestSuite.executeMulti(TestNGDirectoryTestSuite.java:193)
	at org.apache.maven.surefire.testng.TestNGDirectoryTestSuite.execute(TestNGDirectoryTestSuite.java:94)
	at org.apache.maven.surefire.testng.TestNGProvider.invoke(TestNGProvider.java:145)
	at org.apache.maven.surefire.booter.ForkedBooter.runSuitesInProcess(ForkedBooter.java:428)
	at org.apache.maven.surefire.booter.ForkedBooter.execute(ForkedBooter.java:162)
	at org.apache.maven.surefire.booter.ForkedBooter.run(ForkedBooter.java:562)
	at org.apache.maven.surefire.booter.ForkedBooter.main(ForkedBooter.java:548)
]]>
            </full-stacktrace>
          </exception> <!-- java.lang.AssertionError -->
          <reporter-output>
          </reporter-output>
        </test-method> <!-- addAndRemove -->
        <test-method signature="addRemoveAndAddAgain()[pri:0, instance:io.railflow.blazetest.samples.testng.webdriver.shoppingcart.standard.TestShoppingCartStandardUserBikeLight@33723e30]" started-at="2023-09-21T21:43:19Z" name="addRemoveAndAddAgain" finished-at="2023-09-21T21:43:19Z" duration-ms="8" status="FAIL">
          <exception class="java.lang.AssertionError">
            <message>
              <![CDATA[Unexpected exception (org.openqa.selenium.NoSuchElementException): no such element: Unable to locate element: {"method":"xpath","selector":"//button[@id='add-to-cart-sauce-labs-bike-light']"}
  (Session info: chrome=117.0.5938.88)
For documentation on this error, please visit: https://www.selenium.dev/documentation/webdriver/troubleshooting/errors#no-such-element-exception
Build info: version: '4.12.1', revision: '8e34639b11'
System info: os.name: 'Linux', os.arch: 'amd64', os.version: '6.2.0-32-generic', java.version: '19.0.2'
Driver info: org.openqa.selenium.chrome.ChromeDriver
Command: [c00461c82f1c5859aec45c490c589ae1, findElement {using=xpath, value=//button[@id='add-to-cart-sauce-labs-bike-light']}]
Capabilities {acceptInsecureCerts: false, browserName: chrome, browserVersion: 117.0.5938.88, chrome: {chromedriverVersion: 117.0.5938.88 (be6afae47212..., userDataDir: /tmp/.org.chromium.Chromium...}, fedcm:accounts: true, goog:chromeOptions: {debuggerAddress: localhost:43903}, networkConnectionEnabled: false, pageLoadStrategy: normal, platformName: linux, proxy: Proxy(), se:cdp: ws://localhost:43903/devtoo..., se:cdpVersion: 117.0.5938.88, setWindowRect: true, strictFileInteractability: false, timeouts: {implicit: 0, pageLoad: 300000, script: 30000}, unhandledPromptBehavior: dismiss and notify, webauthn:extension:credBlob: true, webauthn:extension:largeBlob: true, webauthn:extension:minPinLength: true, webauthn:extension:prf: true, webauthn:virtualAuthenticators: true}
Session ID: c00461c82f1c5859aec45c490c589ae1]]>
            </message>
            <full-stacktrace>
              <![CDATA[java.lang.AssertionError: Unexpected exception (org.openqa.selenium.NoSuchElementException): no such element: Unable to locate element: {"method":"xpath","selector":"//button[@id='add-to-cart-sauce-labs-bike-light']"}
  (Session info: chrome=117.0.5938.88)
For documentation on this error, please visit: https://www.selenium.dev/documentation/webdriver/troubleshooting/errors#no-such-element-exception
Build info: version: '4.12.1', revision: '8e34639b11'
System info: os.name: 'Linux', os.arch: 'amd64', os.version: '6.2.0-32-generic', java.version: '19.0.2'
Driver info: org.openqa.selenium.chrome.ChromeDriver
Command: [c00461c82f1c5859aec45c490c589ae1, findElement {using=xpath, value=//button[@id='add-to-cart-sauce-labs-bike-light']}]
Capabilities {acceptInsecureCerts: false, browserName: chrome, browserVersion: 117.0.5938.88, chrome: {chromedriverVersion: 117.0.5938.88 (be6afae47212..., userDataDir: /tmp/.org.chromium.Chromium...}, fedcm:accounts: true, goog:chromeOptions: {debuggerAddress: localhost:43903}, networkConnectionEnabled: false, pageLoadStrategy: normal, platformName: linux, proxy: Proxy(), se:cdp: ws://localhost:43903/devtoo..., se:cdpVersion: 117.0.5938.88, setWindowRect: true, strictFileInteractability: false, timeouts: {implicit: 0, pageLoad: 300000, script: 30000}, unhandledPromptBehavior: dismiss and notify, webauthn:extension:credBlob: true, webauthn:extension:largeBlob: true, webauthn:extension:minPinLength: true, webauthn:extension:prf: true, webauthn:virtualAuthenticators: true}
Session ID: c00461c82f1c5859aec45c490c589ae1
	at org.testng.Assert.fail(Assert.java:94)
	at io.railflow.blazetest.samples.testng.webdriver.shoppingcart.TestShoppingCartBase.addToCart(TestShoppingCartBase.java:66)
	at io.railflow.blazetest.samples.testng.webdriver.shoppingcart.TestShoppingCartBase.addRemoveAndAddAgain(TestShoppingCartBase.java:117)
	at java.base/jdk.internal.reflect.DirectMethodHandleAccessor.invoke(DirectMethodHandleAccessor.java:104)
	at java.base/java.lang.reflect.Method.invoke(Method.java:578)
	at org.testng.internal.MethodInvocationHelper.invokeMethod(MethodInvocationHelper.java:104)
	at org.testng.internal.Invoker.invokeMethod(Invoker.java:645)
	at org.testng.internal.Invoker.invokeTestMethod(Invoker.java:851)
	at org.testng.internal.Invoker.invokeTestMethods(Invoker.java:1177)
	at org.testng.internal.TestMethodWorker.invokeTestMethods(TestMethodWorker.java:129)
	at org.testng.internal.TestMethodWorker.run(TestMethodWorker.java:112)
	at org.testng.TestRunner.privateRun(TestRunner.java:756)
	at org.testng.TestRunner.run(TestRunner.java:610)
	at org.testng.SuiteRunner.runTest(SuiteRunner.java:387)
	at org.testng.SuiteRunner.runSequentially(SuiteRunner.java:382)
	at org.testng.SuiteRunner.privateRun(SuiteRunner.java:340)
	at org.testng.SuiteRunner.run(SuiteRunner.java:289)
	at org.testng.SuiteRunnerWorker.runSuite(SuiteRunnerWorker.java:52)
	at org.testng.SuiteRunnerWorker.run(SuiteRunnerWorker.java:86)
	at org.testng.TestNG.runSuitesSequentially(TestNG.java:1293)
	at org.testng.TestNG.runSuitesLocally(TestNG.java:1218)
	at org.testng.TestNG.runSuites(TestNG.java:1133)
	at org.testng.TestNG.run(TestNG.java:1104)
	at org.apache.maven.surefire.testng.TestNGExecutor.run(TestNGExecutor.java:136)
	at org.apache.maven.surefire.testng.TestNGDirectoryTestSuite.executeMulti(TestNGDirectoryTestSuite.java:193)
	at org.apache.maven.surefire.testng.TestNGDirectoryTestSuite.execute(TestNGDirectoryTestSuite.java:94)
	at org.apache.maven.surefire.testng.TestNGProvider.invoke(TestNGProvider.java:145)
	at org.apache.maven.surefire.booter.ForkedBooter.runSuitesInProcess(ForkedBooter.java:428)
	at org.apache.maven.surefire.booter.ForkedBooter.execute(ForkedBooter.java:162)
	at org.apache.maven.surefire.booter.ForkedBooter.run(ForkedBooter.java:562)
	at org.apache.maven.surefire.booter.ForkedBooter.main(ForkedBooter.java:548)
]]>
            </full-stacktrace>
          </exception> <!-- java.lang.AssertionError -->
          <reporter-output>
          </reporter-output>
        </test-method> <!-- addRemoveAndAddAgain -->
        <test-method signature="image()[pri:0, instance:io.railflow.blazetest.samples.testng.webdriver.shoppingcart.standard.TestShoppingCartStandardUserBikeLight@33723e30]" started-at="2023-09-21T21:43:19Z" name="image" finished-at="2023-09-21T21:43:19Z" duration-ms="21" status="PASS">
          <reporter-output>
          </reporter-output>
        </test-method> <!-- image -->
        <test-method signature="name()[pri:0, instance:io.railflow.blazetest.samples.testng.webdriver.shoppingcart.standard.TestShoppingCartStandardUserBikeLight@33723e30]" started-at="2023-09-21T21:43:19Z" name="name" finished-at="2023-09-21T21:43:19Z" duration-ms="15" status="PASS">
          <reporter-output>
          </reporter-output>
        </test-method> <!-- name -->
        <test-method signature="price()[pri:0, instance:io.railflow.blazetest.samples.testng.webdriver.shoppingcart.standard.TestShoppingCartStandardUserBikeLight@33723e30]" started-at="2023-09-21T21:43:19Z" name="price" finished-at="2023-09-21T21:43:19Z" duration-ms="15" status="PASS">
          <reporter-output>
          </reporter-output>
        </test-method> <!-- price -->
      </class> <!-- io.railflow.blazetest.samples.testng.webdriver.shoppingcart.standard.TestShoppingCartStandardUserBikeLight -->
      <class name="io.railflow.blazetest.samples.testng.webdriver.TestHomePage">
        <test-method is-config="true" signature="beforeEach()[pri:0, instance:io.railflow.blazetest.samples.testng.webdriver.TestHomePage@52f759d7]" started-at="2023-09-21T21:41:22Z" name="beforeEach" finished-at="2023-09-21T21:41:26Z" duration-ms="3849" status="PASS">
          <reporter-output>
          </reporter-output>
        </test-method> <!-- beforeEach -->
        <test-method is-config="true" signature="beforeEach()[pri:0, instance:io.railflow.blazetest.samples.testng.webdriver.TestHomePageLoginButton@74a10858]" started-at="2023-09-21T21:41:26Z" name="beforeEach" finished-at="2023-09-21T21:41:30Z" duration-ms="3795" status="PASS">
          <reporter-output>
          </reporter-output>
        </test-method> <!-- beforeEach -->
        <test-method is-config="true" signature="beforeEach()[pri:0, instance:io.railflow.blazetest.samples.testng.webdriver.TestHomePagePasswordInput@23fe1d71]" started-at="2023-09-21T21:41:30Z" name="beforeEach" finished-at="2023-09-21T21:41:33Z" duration-ms="3385" status="PASS">
          <reporter-output>
          </reporter-output>
        </test-method> <!-- beforeEach -->
        <test-method is-config="true" signature="beforeEach()[pri:0, instance:io.railflow.blazetest.samples.testng.webdriver.TestHomePageUsernameInput@28ac3dc3]" started-at="2023-09-21T21:41:33Z" name="beforeEach" finished-at="2023-09-21T21:41:36Z" duration-ms="2768" status="PASS">
          <reporter-output>
          </reporter-output>
        </test-method> <!-- beforeEach -->
        <test-method is-config="true" signature="beforeEach()[pri:0, instance:io.railflow.blazetest.samples.testng.webdriver.TestLoginEmptyCredentials@7cbd213e]" started-at="2023-09-21T21:41:36Z" name="beforeEach" finished-at="2023-09-21T21:41:39Z" duration-ms="2807" status="PASS">
          <reporter-output>
          </reporter-output>
        </test-method> <!-- beforeEach -->
        <test-method is-config="true" signature="beforeEach()[pri:0, instance:io.railflow.blazetest.samples.testng.webdriver.TestLoginInvalidCredentials@569cfc36]" started-at="2023-09-21T21:41:39Z" name="beforeEach" finished-at="2023-09-21T21:41:43Z" duration-ms="3646" status="PASS">
          <reporter-output>
          </reporter-output>
        </test-method> <!-- beforeEach -->
        <test-method is-config="true" signature="beforeEach()[pri:0, instance:io.railflow.blazetest.samples.testng.webdriver.TestLoginSuccess@3ecd23d9]" started-at="2023-09-21T21:41:43Z" name="beforeEach" finished-at="2023-09-21T21:41:47Z" duration-ms="3894" status="PASS">
          <reporter-output>
          </reporter-output>
        </test-method> <!-- beforeEach -->
        <test-method is-config="true" signature="beforeEach()[pri:0, instance:io.railflow.blazetest.samples.testng.webdriver.TestLoginUserLockout@192d3247]" started-at="2023-09-21T21:41:47Z" name="beforeEach" finished-at="2023-09-21T21:41:52Z" duration-ms="5065" status="PASS">
          <reporter-output>
          </reporter-output>
        </test-method> <!-- beforeEach -->
        <test-method is-config="true" signature="beforeEach()[pri:0, instance:io.railflow.blazetest.samples.testng.webdriver.shoppingcart.problem.TestShoppingCartProblemUserBackPack@5891e32e]" started-at="2023-09-21T21:41:52Z" name="beforeEach" finished-at="2023-09-21T21:42:10Z" duration-ms="18243" status="PASS">
          <reporter-output>
          </reporter-output>
        </test-method> <!-- beforeEach -->
        <test-method is-config="true" signature="beforeEach()[pri:0, instance:io.railflow.blazetest.samples.testng.webdriver.shoppingcart.problem.TestShoppingCartProblemUserBikeLight@cb0ed20]" started-at="2023-09-21T21:42:10Z" name="beforeEach" finished-at="2023-09-21T21:42:24Z" duration-ms="13794" status="PASS">
          <reporter-output>
          </reporter-output>
        </test-method> <!-- beforeEach -->
        <test-method is-config="true" signature="beforeEach()[pri:0, instance:io.railflow.blazetest.samples.testng.webdriver.shoppingcart.problem.TestShoppingCartProblemUserBoltTShirt@8e24743]" started-at="2023-09-21T21:42:24Z" name="beforeEach" finished-at="2023-09-21T21:42:28Z" duration-ms="4705" status="PASS">
          <reporter-output>
          </reporter-output>
        </test-method> <!-- beforeEach -->
        <test-method is-config="true" signature="beforeEach()[pri:0, instance:io.railflow.blazetest.samples.testng.webdriver.shoppingcart.problem.TestShoppingCartProblemUserInventory@7a30d1e6]" started-at="2023-09-21T21:42:28Z" name="beforeEach" finished-at="2023-09-21T21:42:45Z" duration-ms="16381" status="PASS">
          <reporter-output>
          </reporter-output>
        </test-method> <!-- beforeEach -->
        <test-method is-config="true" signature="beforeEach()[pri:0, instance:io.railflow.blazetest.samples.testng.webdriver.shoppingcart.standard.TestShoppingCartStandardUserBackPack@43bd930a]" started-at="2023-09-21T21:42:45Z" name="beforeEach" finished-at="2023-09-21T21:42:49Z" duration-ms="4664" status="PASS">
          <reporter-output>
          </reporter-output>
        </test-method> <!-- beforeEach -->
        <test-method is-config="true" signature="beforeEach()[pri:0, instance:io.railflow.blazetest.samples.testng.webdriver.shoppingcart.standard.TestShoppingCartStandardUserBikeLight@33723e30]" started-at="2023-09-21T21:42:49Z" name="beforeEach" finished-at="2023-09-21T21:42:57Z" duration-ms="7237" status="PASS">
          <reporter-output>
          </reporter-output>
        </test-method> <!-- beforeEach -->
        <test-method is-config="true" signature="beforeEach()[pri:0, instance:io.railflow.blazetest.samples.testng.webdriver.shoppingcart.standard.TestShoppingCartStandardUserBoltTShirt@64f6106c]" started-at="2023-09-21T21:42:57Z" name="beforeEach" finished-at="2023-09-21T21:43:11Z" duration-ms="14137" status="PASS">
          <reporter-output>
          </reporter-output>
        </test-method> <!-- beforeEach -->
        <test-method is-config="true" signature="beforeEach()[pri:0, instance:io.railflow.blazetest.samples.testng.webdriver.shoppingcart.standard.TestShoppingCartStandardUserInventory@553a3d88]" started-at="2023-09-21T21:43:11Z" name="beforeEach" finished-at="2023-09-21T21:43:16Z" duration-ms="5361" status="PASS">
          <reporter-output>
          </reporter-output>
        </test-method> <!-- beforeEach -->
        <test-method signature="description()[pri:0, instance:io.railflow.blazetest.samples.testng.webdriver.TestHomePage@52f759d7]" started-at="2023-09-21T21:43:16Z" name="description" finished-at="2023-09-21T21:43:16Z" duration-ms="34" status="PASS">
          <reporter-output>
          </reporter-output>
        </test-method> <!-- description -->
        <test-method signature="errorElementAtStart()[pri:0, instance:io.railflow.blazetest.samples.testng.webdriver.TestHomePage@52f759d7]" started-at="2023-09-21T21:43:16Z" name="errorElementAtStart" finished-at="2023-09-21T21:43:16Z" duration-ms="32" status="FAIL">
          <exception class="java.lang.AssertionError">
            <message>
              <![CDATA[Unexpected exception (org.openqa.selenium.NoSuchElementException): no such element: Unable to locate element: {"method":"xpath","selector":"//h3[@data-test='error']"}
  (Session info: chrome=117.0.5938.88)
For documentation on this error, please visit: https://www.selenium.dev/documentation/webdriver/troubleshooting/errors#no-such-element-exception
Build info: version: '4.12.1', revision: '8e34639b11'
System info: os.name: 'Linux', os.arch: 'amd64', os.version: '6.2.0-32-generic', java.version: '19.0.2'
Driver info: org.openqa.selenium.chrome.ChromeDriver
Command: [69fd1d3a4a0cfacb2187db47aedaf477, findElement {using=xpath, value=//h3[@data-test='error']}]
Capabilities {acceptInsecureCerts: false, browserName: chrome, browserVersion: 117.0.5938.88, chrome: {chromedriverVersion: 117.0.5938.88 (be6afae47212..., userDataDir: /tmp/.org.chromium.Chromium...}, fedcm:accounts: true, goog:chromeOptions: {debuggerAddress: localhost:43173}, networkConnectionEnabled: false, pageLoadStrategy: normal, platformName: linux, proxy: Proxy(), se:cdp: ws://localhost:43173/devtoo..., se:cdpVersion: 117.0.5938.88, setWindowRect: true, strictFileInteractability: false, timeouts: {implicit: 0, pageLoad: 300000, script: 30000}, unhandledPromptBehavior: dismiss and notify, webauthn:extension:credBlob: true, webauthn:extension:largeBlob: true, webauthn:extension:minPinLength: true, webauthn:extension:prf: true, webauthn:virtualAuthenticators: true}
Session ID: 69fd1d3a4a0cfacb2187db47aedaf477]]>
            </message>
            <full-stacktrace>
              <![CDATA[java.lang.AssertionError: Unexpected exception (org.openqa.selenium.NoSuchElementException): no such element: Unable to locate element: {"method":"xpath","selector":"//h3[@data-test='error']"}
  (Session info: chrome=117.0.5938.88)
For documentation on this error, please visit: https://www.selenium.dev/documentation/webdriver/troubleshooting/errors#no-such-element-exception
Build info: version: '4.12.1', revision: '8e34639b11'
System info: os.name: 'Linux', os.arch: 'amd64', os.version: '6.2.0-32-generic', java.version: '19.0.2'
Driver info: org.openqa.selenium.chrome.ChromeDriver
Command: [69fd1d3a4a0cfacb2187db47aedaf477, findElement {using=xpath, value=//h3[@data-test='error']}]
Capabilities {acceptInsecureCerts: false, browserName: chrome, browserVersion: 117.0.5938.88, chrome: {chromedriverVersion: 117.0.5938.88 (be6afae47212..., userDataDir: /tmp/.org.chromium.Chromium...}, fedcm:accounts: true, goog:chromeOptions: {debuggerAddress: localhost:43173}, networkConnectionEnabled: false, pageLoadStrategy: normal, platformName: linux, proxy: Proxy(), se:cdp: ws://localhost:43173/devtoo..., se:cdpVersion: 117.0.5938.88, setWindowRect: true, strictFileInteractability: false, timeouts: {implicit: 0, pageLoad: 300000, script: 30000}, unhandledPromptBehavior: dismiss and notify, webauthn:extension:credBlob: true, webauthn:extension:largeBlob: true, webauthn:extension:minPinLength: true, webauthn:extension:prf: true, webauthn:virtualAuthenticators: true}
Session ID: 69fd1d3a4a0cfacb2187db47aedaf477
	at org.testng.Assert.fail(Assert.java:94)
	at io.railflow.blazetest.samples.testng.webdriver.TestHomePage.errorElementAtStart(TestHomePage.java:71)
	at java.base/jdk.internal.reflect.DirectMethodHandleAccessor.invoke(DirectMethodHandleAccessor.java:104)
	at java.base/java.lang.reflect.Method.invoke(Method.java:578)
	at org.testng.internal.MethodInvocationHelper.invokeMethod(MethodInvocationHelper.java:104)
	at org.testng.internal.Invoker.invokeMethod(Invoker.java:645)
	at org.testng.internal.Invoker.invokeTestMethod(Invoker.java:851)
	at org.testng.internal.Invoker.invokeTestMethods(Invoker.java:1177)
	at org.testng.internal.TestMethodWorker.invokeTestMethods(TestMethodWorker.java:129)
	at org.testng.internal.TestMethodWorker.run(TestMethodWorker.java:112)
	at org.testng.TestRunner.privateRun(TestRunner.java:756)
	at org.testng.TestRunner.run(TestRunner.java:610)
	at org.testng.SuiteRunner.runTest(SuiteRunner.java:387)
	at org.testng.SuiteRunner.runSequentially(SuiteRunner.java:382)
	at org.testng.SuiteRunner.privateRun(SuiteRunner.java:340)
	at org.testng.SuiteRunner.run(SuiteRunner.java:289)
	at org.testng.SuiteRunnerWorker.runSuite(SuiteRunnerWorker.java:52)
	at org.testng.SuiteRunnerWorker.run(SuiteRunnerWorker.java:86)
	at org.testng.TestNG.runSuitesSequentially(TestNG.java:1293)
	at org.testng.TestNG.runSuitesLocally(TestNG.java:1218)
	at org.testng.TestNG.runSuites(TestNG.java:1133)
	at org.testng.TestNG.run(TestNG.java:1104)
	at org.apache.maven.surefire.testng.TestNGExecutor.run(TestNGExecutor.java:136)
	at org.apache.maven.surefire.testng.TestNGDirectoryTestSuite.executeMulti(TestNGDirectoryTestSuite.java:193)
	at org.apache.maven.surefire.testng.TestNGDirectoryTestSuite.execute(TestNGDirectoryTestSuite.java:94)
	at org.apache.maven.surefire.testng.TestNGProvider.invoke(TestNGProvider.java:145)
	at org.apache.maven.surefire.booter.ForkedBooter.runSuitesInProcess(ForkedBooter.java:428)
	at org.apache.maven.surefire.booter.ForkedBooter.execute(ForkedBooter.java:162)
	at org.apache.maven.surefire.booter.ForkedBooter.run(ForkedBooter.java:562)
	at org.apache.maven.surefire.booter.ForkedBooter.main(ForkedBooter.java:548)
]]>
            </full-stacktrace>
          </exception> <!-- java.lang.AssertionError -->
          <reporter-output>
          </reporter-output>
        </test-method> <!-- errorElementAtStart -->
        <test-method signature="manifestLink()[pri:0, instance:io.railflow.blazetest.samples.testng.webdriver.TestHomePage@52f759d7]" started-at="2023-09-21T21:43:16Z" name="manifestLink" finished-at="2023-09-21T21:43:16Z" duration-ms="22" status="PASS">
          <reporter-output>
          </reporter-output>
        </test-method> <!-- manifestLink -->
        <test-method signature="noErrorElementAtStart()[pri:0, instance:io.railflow.blazetest.samples.testng.webdriver.TestHomePage@52f759d7]" started-at="2023-09-21T21:43:16Z" name="noErrorElementAtStart" finished-at="2023-09-21T21:43:16Z" duration-ms="9" status="PASS">
          <reporter-output>
          </reporter-output>
        </test-method> <!-- noErrorElementAtStart -->
        <test-method signature="robots()[pri:0, instance:io.railflow.blazetest.samples.testng.webdriver.TestHomePage@52f759d7]" started-at="2023-09-21T21:43:16Z" name="robots" finished-at="2023-09-21T21:43:16Z" duration-ms="17" status="PASS">
          <reporter-output>
          </reporter-output>
        </test-method> <!-- robots -->
        <test-method signature="stylesheetLink()[pri:0, instance:io.railflow.blazetest.samples.testng.webdriver.TestHomePage@52f759d7]" started-at="2023-09-21T21:43:16Z" name="stylesheetLink" finished-at="2023-09-21T21:43:16Z" duration-ms="16" status="PASS">
          <reporter-output>
          </reporter-output>
        </test-method> <!-- stylesheetLink -->
        <test-method signature="title()[pri:0, instance:io.railflow.blazetest.samples.testng.webdriver.TestHomePage@52f759d7]" started-at="2023-09-21T21:43:16Z" name="title" finished-at="2023-09-21T21:43:16Z" duration-ms="4" status="PASS">
          <reporter-output>
          </reporter-output>
        </test-method> <!-- title -->
        <test-method is-config="true" signature="afterEach()[pri:0, instance:io.railflow.blazetest.samples.testng.webdriver.TestHomePage@52f759d7]" started-at="2023-09-21T21:43:20Z" name="afterEach" finished-at="2023-09-21T21:43:20Z" duration-ms="111" status="PASS">
          <reporter-output>
          </reporter-output>
        </test-method> <!-- afterEach -->
        <test-method is-config="true" signature="afterEach()[pri:0, instance:io.railflow.blazetest.samples.testng.webdriver.TestHomePageLoginButton@74a10858]" started-at="2023-09-21T21:43:20Z" name="afterEach" finished-at="2023-09-21T21:43:20Z" duration-ms="101" status="PASS">
          <reporter-output>
          </reporter-output>
        </test-method> <!-- afterEach -->
        <test-method is-config="true" signature="afterEach()[pri:0, instance:io.railflow.blazetest.samples.testng.webdriver.TestHomePagePasswordInput@23fe1d71]" started-at="2023-09-21T21:43:20Z" name="afterEach" finished-at="2023-09-21T21:43:20Z" duration-ms="101" status="PASS">
          <reporter-output>
          </reporter-output>
        </test-method> <!-- afterEach -->
        <test-method is-config="true" signature="afterEach()[pri:0, instance:io.railflow.blazetest.samples.testng.webdriver.TestHomePageUsernameInput@28ac3dc3]" started-at="2023-09-21T21:43:20Z" name="afterEach" finished-at="2023-09-21T21:43:20Z" duration-ms="101" status="PASS">
          <reporter-output>
          </reporter-output>
        </test-method> <!-- afterEach -->
        <test-method is-config="true" signature="afterEach()[pri:0, instance:io.railflow.blazetest.samples.testng.webdriver.TestLoginEmptyCredentials@7cbd213e]" started-at="2023-09-21T21:43:20Z" name="afterEach" finished-at="2023-09-21T21:43:20Z" duration-ms="101" status="PASS">
          <reporter-output>
          </reporter-output>
        </test-method> <!-- afterEach -->
        <test-method is-config="true" signature="afterEach()[pri:0, instance:io.railflow.blazetest.samples.testng.webdriver.TestLoginInvalidCredentials@569cfc36]" started-at="2023-09-21T21:43:20Z" name="afterEach" finished-at="2023-09-21T21:43:20Z" duration-ms="101" status="PASS">
          <reporter-output>
          </reporter-output>
        </test-method> <!-- afterEach -->
        <test-method is-config="true" signature="afterEach()[pri:0, instance:io.railflow.blazetest.samples.testng.webdriver.TestLoginSuccess@3ecd23d9]" started-at="2023-09-21T21:43:20Z" name="afterEach" finished-at="2023-09-21T21:43:20Z" duration-ms="101" status="PASS">
          <reporter-output>
          </reporter-output>
        </test-method> <!-- afterEach -->
        <test-method is-config="true" signature="afterEach()[pri:0, instance:io.railflow.blazetest.samples.testng.webdriver.TestLoginUserLockout@192d3247]" started-at="2023-09-21T21:43:20Z" name="afterEach" finished-at="2023-09-21T21:43:20Z" duration-ms="101" status="PASS">
          <reporter-output>
          </reporter-output>
        </test-method> <!-- afterEach -->
        <test-method is-config="true" signature="afterEach()[pri:0, instance:io.railflow.blazetest.samples.testng.webdriver.shoppingcart.problem.TestShoppingCartProblemUserBackPack@5891e32e]" started-at="2023-09-21T21:43:20Z" name="afterEach" finished-at="2023-09-21T21:43:21Z" duration-ms="117" status="PASS">
          <reporter-output>
          </reporter-output>
        </test-method> <!-- afterEach -->
        <test-method is-config="true" signature="afterEach()[pri:0, instance:io.railflow.blazetest.samples.testng.webdriver.shoppingcart.problem.TestShoppingCartProblemUserBikeLight@cb0ed20]" started-at="2023-09-21T21:43:21Z" name="afterEach" finished-at="2023-09-21T21:43:21Z" duration-ms="101" status="PASS">
          <reporter-output>
          </reporter-output>
        </test-method> <!-- afterEach -->
        <test-method is-config="true" signature="afterEach()[pri:0, instance:io.railflow.blazetest.samples.testng.webdriver.shoppingcart.problem.TestShoppingCartProblemUserBoltTShirt@8e24743]" started-at="2023-09-21T21:43:21Z" name="afterEach" finished-at="2023-09-21T21:43:21Z" duration-ms="101" status="PASS">
          <reporter-output>
          </reporter-output>
        </test-method> <!-- afterEach -->
        <test-method is-config="true" signature="afterEach()[pri:0, instance:io.railflow.blazetest.samples.testng.webdriver.shoppingcart.problem.TestShoppingCartProblemUserInventory@7a30d1e6]" started-at="2023-09-21T21:43:21Z" name="afterEach" finished-at="2023-09-21T21:43:21Z" duration-ms="101" status="PASS">
          <reporter-output>
          </reporter-output>
        </test-method> <!-- afterEach -->
        <test-method is-config="true" signature="afterEach()[pri:0, instance:io.railflow.blazetest.samples.testng.webdriver.shoppingcart.standard.TestShoppingCartStandardUserBackPack@43bd930a]" started-at="2023-09-21T21:43:21Z" name="afterEach" finished-at="2023-09-21T21:43:21Z" duration-ms="102" status="PASS">
          <reporter-output>
          </reporter-output>
        </test-method> <!-- afterEach -->
        <test-method is-config="true" signature="afterEach()[pri:0, instance:io.railflow.blazetest.samples.testng.webdriver.shoppingcart.standard.TestShoppingCartStandardUserBikeLight@33723e30]" started-at="2023-09-21T21:43:21Z" name="afterEach" finished-at="2023-09-21T21:43:21Z" duration-ms="101" status="PASS">
          <reporter-output>
          </reporter-output>
        </test-method> <!-- afterEach -->
        <test-method is-config="true" signature="afterEach()[pri:0, instance:io.railflow.blazetest.samples.testng.webdriver.shoppingcart.standard.TestShoppingCartStandardUserBoltTShirt@64f6106c]" started-at="2023-09-21T21:43:21Z" name="afterEach" finished-at="2023-09-21T21:43:21Z" duration-ms="101" status="PASS">
          <reporter-output>
          </reporter-output>
        </test-method> <!-- afterEach -->
        <test-method is-config="true" signature="afterEach()[pri:0, instance:io.railflow.blazetest.samples.testng.webdriver.shoppingcart.standard.TestShoppingCartStandardUserInventory@553a3d88]" started-at="2023-09-21T21:43:21Z" name="afterEach" finished-at="2023-09-21T21:43:21Z" duration-ms="101" status="PASS">
          <reporter-output>
          </reporter-output>
        </test-method> <!-- afterEach -->
      </class> <!-- io.railflow.blazetest.samples.testng.webdriver.TestHomePage -->
      <class name="io.railflow.blazetest.samples.testng.webdriver.shoppingcart.standard.TestShoppingCartStandardUserBackPack">
        <test-method signature="add()[pri:0, instance:io.railflow.blazetest.samples.testng.webdriver.shoppingcart.standard.TestShoppingCartStandardUserBackPack@43bd930a]" started-at="2023-09-21T21:43:18Z" name="add" finished-at="2023-09-21T21:43:18Z" duration-ms="46" status="PASS">
          <reporter-output>
          </reporter-output>
        </test-method> <!-- add -->
        <test-method signature="addAndRemove()[pri:0, instance:io.railflow.blazetest.samples.testng.webdriver.shoppingcart.standard.TestShoppingCartStandardUserBackPack@43bd930a]" started-at="2023-09-21T21:43:18Z" name="addAndRemove" finished-at="2023-09-21T21:43:18Z" duration-ms="9" status="FAIL">
          <exception class="java.lang.AssertionError">
            <message>
              <![CDATA[Unexpected exception (org.openqa.selenium.NoSuchElementException): no such element: Unable to locate element: {"method":"xpath","selector":"//button[@id='add-to-cart-sauce-labs-backpack']"}
  (Session info: chrome=117.0.5938.88)
For documentation on this error, please visit: https://www.selenium.dev/documentation/webdriver/troubleshooting/errors#no-such-element-exception
Build info: version: '4.12.1', revision: '8e34639b11'
System info: os.name: 'Linux', os.arch: 'amd64', os.version: '6.2.0-32-generic', java.version: '19.0.2'
Driver info: org.openqa.selenium.chrome.ChromeDriver
Command: [4e86b87fd9bd575a554c4f6101a253ba, findElement {using=xpath, value=//button[@id='add-to-cart-sauce-labs-backpack']}]
Capabilities {acceptInsecureCerts: false, browserName: chrome, browserVersion: 117.0.5938.88, chrome: {chromedriverVersion: 117.0.5938.88 (be6afae47212..., userDataDir: /tmp/.org.chromium.Chromium...}, fedcm:accounts: true, goog:chromeOptions: {debuggerAddress: localhost:33871}, networkConnectionEnabled: false, pageLoadStrategy: normal, platformName: linux, proxy: Proxy(), se:cdp: ws://localhost:33871/devtoo..., se:cdpVersion: 117.0.5938.88, setWindowRect: true, strictFileInteractability: false, timeouts: {implicit: 0, pageLoad: 300000, script: 30000}, unhandledPromptBehavior: dismiss and notify, webauthn:extension:credBlob: true, webauthn:extension:largeBlob: true, webauthn:extension:minPinLength: true, webauthn:extension:prf: true, webauthn:virtualAuthenticators: true}
Session ID: 4e86b87fd9bd575a554c4f6101a253ba]]>
            </message>
            <full-stacktrace>
              <![CDATA[java.lang.AssertionError: Unexpected exception (org.openqa.selenium.NoSuchElementException): no such element: Unable to locate element: {"method":"xpath","selector":"//button[@id='add-to-cart-sauce-labs-backpack']"}
  (Session info: chrome=117.0.5938.88)
For documentation on this error, please visit: https://www.selenium.dev/documentation/webdriver/troubleshooting/errors#no-such-element-exception
Build info: version: '4.12.1', revision: '8e34639b11'
System info: os.name: 'Linux', os.arch: 'amd64', os.version: '6.2.0-32-generic', java.version: '19.0.2'
Driver info: org.openqa.selenium.chrome.ChromeDriver
Command: [4e86b87fd9bd575a554c4f6101a253ba, findElement {using=xpath, value=//button[@id='add-to-cart-sauce-labs-backpack']}]
Capabilities {acceptInsecureCerts: false, browserName: chrome, browserVersion: 117.0.5938.88, chrome: {chromedriverVersion: 117.0.5938.88 (be6afae47212..., userDataDir: /tmp/.org.chromium.Chromium...}, fedcm:accounts: true, goog:chromeOptions: {debuggerAddress: localhost:33871}, networkConnectionEnabled: false, pageLoadStrategy: normal, platformName: linux, proxy: Proxy(), se:cdp: ws://localhost:33871/devtoo..., se:cdpVersion: 117.0.5938.88, setWindowRect: true, strictFileInteractability: false, timeouts: {implicit: 0, pageLoad: 300000, script: 30000}, unhandledPromptBehavior: dismiss and notify, webauthn:extension:credBlob: true, webauthn:extension:largeBlob: true, webauthn:extension:minPinLength: true, webauthn:extension:prf: true, webauthn:virtualAuthenticators: true}
Session ID: 4e86b87fd9bd575a554c4f6101a253ba
	at org.testng.Assert.fail(Assert.java:94)
	at io.railflow.blazetest.samples.testng.webdriver.shoppingcart.TestShoppingCartBase.addToCart(TestShoppingCartBase.java:66)
	at io.railflow.blazetest.samples.testng.webdriver.shoppingcart.TestShoppingCartBase.addAndRemove(TestShoppingCartBase.java:111)
	at java.base/jdk.internal.reflect.DirectMethodHandleAccessor.invoke(DirectMethodHandleAccessor.java:104)
	at java.base/java.lang.reflect.Method.invoke(Method.java:578)
	at org.testng.internal.MethodInvocationHelper.invokeMethod(MethodInvocationHelper.java:104)
	at org.testng.internal.Invoker.invokeMethod(Invoker.java:645)
	at org.testng.internal.Invoker.invokeTestMethod(Invoker.java:851)
	at org.testng.internal.Invoker.invokeTestMethods(Invoker.java:1177)
	at org.testng.internal.TestMethodWorker.invokeTestMethods(TestMethodWorker.java:129)
	at org.testng.internal.TestMethodWorker.run(TestMethodWorker.java:112)
	at org.testng.TestRunner.privateRun(TestRunner.java:756)
	at org.testng.TestRunner.run(TestRunner.java:610)
	at org.testng.SuiteRunner.runTest(SuiteRunner.java:387)
	at org.testng.SuiteRunner.runSequentially(SuiteRunner.java:382)
	at org.testng.SuiteRunner.privateRun(SuiteRunner.java:340)
	at org.testng.SuiteRunner.run(SuiteRunner.java:289)
	at org.testng.SuiteRunnerWorker.runSuite(SuiteRunnerWorker.java:52)
	at org.testng.SuiteRunnerWorker.run(SuiteRunnerWorker.java:86)
	at org.testng.TestNG.runSuitesSequentially(TestNG.java:1293)
	at org.testng.TestNG.runSuitesLocally(TestNG.java:1218)
	at org.testng.TestNG.runSuites(TestNG.java:1133)
	at org.testng.TestNG.run(TestNG.java:1104)
	at org.apache.maven.surefire.testng.TestNGExecutor.run(TestNGExecutor.java:136)
	at org.apache.maven.surefire.testng.TestNGDirectoryTestSuite.executeMulti(TestNGDirectoryTestSuite.java:193)
	at org.apache.maven.surefire.testng.TestNGDirectoryTestSuite.execute(TestNGDirectoryTestSuite.java:94)
	at org.apache.maven.surefire.testng.TestNGProvider.invoke(TestNGProvider.java:145)
	at org.apache.maven.surefire.booter.ForkedBooter.runSuitesInProcess(ForkedBooter.java:428)
	at org.apache.maven.surefire.booter.ForkedBooter.execute(ForkedBooter.java:162)
	at org.apache.maven.surefire.booter.ForkedBooter.run(ForkedBooter.java:562)
	at org.apache.maven.surefire.booter.ForkedBooter.main(ForkedBooter.java:548)
]]>
            </full-stacktrace>
          </exception> <!-- java.lang.AssertionError -->
          <reporter-output>
          </reporter-output>
        </test-method> <!-- addAndRemove -->
        <test-method signature="addRemoveAndAddAgain()[pri:0, instance:io.railflow.blazetest.samples.testng.webdriver.shoppingcart.standard.TestShoppingCartStandardUserBackPack@43bd930a]" started-at="2023-09-21T21:43:18Z" name="addRemoveAndAddAgain" finished-at="2023-09-21T21:43:18Z" duration-ms="9" status="FAIL">
          <exception class="java.lang.AssertionError">
            <message>
              <![CDATA[Unexpected exception (org.openqa.selenium.NoSuchElementException): no such element: Unable to locate element: {"method":"xpath","selector":"//button[@id='add-to-cart-sauce-labs-backpack']"}
  (Session info: chrome=117.0.5938.88)
For documentation on this error, please visit: https://www.selenium.dev/documentation/webdriver/troubleshooting/errors#no-such-element-exception
Build info: version: '4.12.1', revision: '8e34639b11'
System info: os.name: 'Linux', os.arch: 'amd64', os.version: '6.2.0-32-generic', java.version: '19.0.2'
Driver info: org.openqa.selenium.chrome.ChromeDriver
Command: [4e86b87fd9bd575a554c4f6101a253ba, findElement {using=xpath, value=//button[@id='add-to-cart-sauce-labs-backpack']}]
Capabilities {acceptInsecureCerts: false, browserName: chrome, browserVersion: 117.0.5938.88, chrome: {chromedriverVersion: 117.0.5938.88 (be6afae47212..., userDataDir: /tmp/.org.chromium.Chromium...}, fedcm:accounts: true, goog:chromeOptions: {debuggerAddress: localhost:33871}, networkConnectionEnabled: false, pageLoadStrategy: normal, platformName: linux, proxy: Proxy(), se:cdp: ws://localhost:33871/devtoo..., se:cdpVersion: 117.0.5938.88, setWindowRect: true, strictFileInteractability: false, timeouts: {implicit: 0, pageLoad: 300000, script: 30000}, unhandledPromptBehavior: dismiss and notify, webauthn:extension:credBlob: true, webauthn:extension:largeBlob: true, webauthn:extension:minPinLength: true, webauthn:extension:prf: true, webauthn:virtualAuthenticators: true}
Session ID: 4e86b87fd9bd575a554c4f6101a253ba]]>
            </message>
            <full-stacktrace>
              <![CDATA[java.lang.AssertionError: Unexpected exception (org.openqa.selenium.NoSuchElementException): no such element: Unable to locate element: {"method":"xpath","selector":"//button[@id='add-to-cart-sauce-labs-backpack']"}
  (Session info: chrome=117.0.5938.88)
For documentation on this error, please visit: https://www.selenium.dev/documentation/webdriver/troubleshooting/errors#no-such-element-exception
Build info: version: '4.12.1', revision: '8e34639b11'
System info: os.name: 'Linux', os.arch: 'amd64', os.version: '6.2.0-32-generic', java.version: '19.0.2'
Driver info: org.openqa.selenium.chrome.ChromeDriver
Command: [4e86b87fd9bd575a554c4f6101a253ba, findElement {using=xpath, value=//button[@id='add-to-cart-sauce-labs-backpack']}]
Capabilities {acceptInsecureCerts: false, browserName: chrome, browserVersion: 117.0.5938.88, chrome: {chromedriverVersion: 117.0.5938.88 (be6afae47212..., userDataDir: /tmp/.org.chromium.Chromium...}, fedcm:accounts: true, goog:chromeOptions: {debuggerAddress: localhost:33871}, networkConnectionEnabled: false, pageLoadStrategy: normal, platformName: linux, proxy: Proxy(), se:cdp: ws://localhost:33871/devtoo..., se:cdpVersion: 117.0.5938.88, setWindowRect: true, strictFileInteractability: false, timeouts: {implicit: 0, pageLoad: 300000, script: 30000}, unhandledPromptBehavior: dismiss and notify, webauthn:extension:credBlob: true, webauthn:extension:largeBlob: true, webauthn:extension:minPinLength: true, webauthn:extension:prf: true, webauthn:virtualAuthenticators: true}
Session ID: 4e86b87fd9bd575a554c4f6101a253ba
	at org.testng.Assert.fail(Assert.java:94)
	at io.railflow.blazetest.samples.testng.webdriver.shoppingcart.TestShoppingCartBase.addToCart(TestShoppingCartBase.java:66)
	at io.railflow.blazetest.samples.testng.webdriver.shoppingcart.TestShoppingCartBase.addRemoveAndAddAgain(TestShoppingCartBase.java:117)
	at java.base/jdk.internal.reflect.DirectMethodHandleAccessor.invoke(DirectMethodHandleAccessor.java:104)
	at java.base/java.lang.reflect.Method.invoke(Method.java:578)
	at org.testng.internal.MethodInvocationHelper.invokeMethod(MethodInvocationHelper.java:104)
	at org.testng.internal.Invoker.invokeMethod(Invoker.java:645)
	at org.testng.internal.Invoker.invokeTestMethod(Invoker.java:851)
	at org.testng.internal.Invoker.invokeTestMethods(Invoker.java:1177)
	at org.testng.internal.TestMethodWorker.invokeTestMethods(TestMethodWorker.java:129)
	at org.testng.internal.TestMethodWorker.run(TestMethodWorker.java:112)
	at org.testng.TestRunner.privateRun(TestRunner.java:756)
	at org.testng.TestRunner.run(TestRunner.java:610)
	at org.testng.SuiteRunner.runTest(SuiteRunner.java:387)
	at org.testng.SuiteRunner.runSequentially(SuiteRunner.java:382)
	at org.testng.SuiteRunner.privateRun(SuiteRunner.java:340)
	at org.testng.SuiteRunner.run(SuiteRunner.java:289)
	at org.testng.SuiteRunnerWorker.runSuite(SuiteRunnerWorker.java:52)
	at org.testng.SuiteRunnerWorker.run(SuiteRunnerWorker.java:86)
	at org.testng.TestNG.runSuitesSequentially(TestNG.java:1293)
	at org.testng.TestNG.runSuitesLocally(TestNG.java:1218)
	at org.testng.TestNG.runSuites(TestNG.java:1133)
	at org.testng.TestNG.run(TestNG.java:1104)
	at org.apache.maven.surefire.testng.TestNGExecutor.run(TestNGExecutor.java:136)
	at org.apache.maven.surefire.testng.TestNGDirectoryTestSuite.executeMulti(TestNGDirectoryTestSuite.java:193)
	at org.apache.maven.surefire.testng.TestNGDirectoryTestSuite.execute(TestNGDirectoryTestSuite.java:94)
	at org.apache.maven.surefire.testng.TestNGProvider.invoke(TestNGProvider.java:145)
	at org.apache.maven.surefire.booter.ForkedBooter.runSuitesInProcess(ForkedBooter.java:428)
	at org.apache.maven.surefire.booter.ForkedBooter.execute(ForkedBooter.java:162)
	at org.apache.maven.surefire.booter.ForkedBooter.run(ForkedBooter.java:562)
	at org.apache.maven.surefire.booter.ForkedBooter.main(ForkedBooter.java:548)
]]>
            </full-stacktrace>
          </exception> <!-- java.lang.AssertionError -->
          <reporter-output>
          </reporter-output>
        </test-method> <!-- addRemoveAndAddAgain -->
        <test-method signature="image()[pri:0, instance:io.railflow.blazetest.samples.testng.webdriver.shoppingcart.standard.TestShoppingCartStandardUserBackPack@43bd930a]" started-at="2023-09-21T21:43:18Z" name="image" finished-at="2023-09-21T21:43:18Z" duration-ms="25" status="PASS">
          <reporter-output>
          </reporter-output>
        </test-method> <!-- image -->
        <test-method signature="name()[pri:0, instance:io.railflow.blazetest.samples.testng.webdriver.shoppingcart.standard.TestShoppingCartStandardUserBackPack@43bd930a]" started-at="2023-09-21T21:43:18Z" name="name" finished-at="2023-09-21T21:43:18Z" duration-ms="16" status="PASS">
          <reporter-output>
          </reporter-output>
        </test-method> <!-- name -->
        <test-method signature="price()[pri:0, instance:io.railflow.blazetest.samples.testng.webdriver.shoppingcart.standard.TestShoppingCartStandardUserBackPack@43bd930a]" started-at="2023-09-21T21:43:18Z" name="price" finished-at="2023-09-21T21:43:18Z" duration-ms="14" status="PASS">
          <reporter-output>
          </reporter-output>
        </test-method> <!-- price -->
      </class> <!-- io.railflow.blazetest.samples.testng.webdriver.shoppingcart.standard.TestShoppingCartStandardUserBackPack -->
      <class name="io.railflow.blazetest.samples.testng.webdriver.TestHomePagePasswordInput">
        <test-method signature="attribute(java.lang.String, java.lang.String)[pri:0, instance:io.railflow.blazetest.samples.testng.webdriver.TestHomePagePasswordInput@23fe1d71]" started-at="2023-09-21T21:43:18Z" name="attribute" data-provider="attributesArguments" finished-at="2023-09-21T21:43:18Z" duration-ms="15" status="PASS">
          <params>
            <param index="0">
              <value>
                <![CDATA[autocorrect]]>
              </value>
            </param>
            <param index="1">
              <value>
                <![CDATA[off]]>
              </value>
            </param>
          </params>
          <reporter-output>
          </reporter-output>
        </test-method> <!-- attribute -->
        <test-method signature="attribute(java.lang.String, java.lang.String)[pri:0, instance:io.railflow.blazetest.samples.testng.webdriver.TestHomePagePasswordInput@23fe1d71]" started-at="2023-09-21T21:43:18Z" name="attribute" data-provider="attributesArguments" finished-at="2023-09-21T21:43:18Z" duration-ms="12" status="PASS">
          <params>
            <param index="0">
              <value>
                <![CDATA[autocapitalize]]>
              </value>
            </param>
            <param index="1">
              <value>
                <![CDATA[none]]>
              </value>
            </param>
          </params>
          <reporter-output>
          </reporter-output>
        </test-method> <!-- attribute -->
        <test-method signature="attribute(java.lang.String, java.lang.String)[pri:0, instance:io.railflow.blazetest.samples.testng.webdriver.TestHomePagePasswordInput@23fe1d71]" started-at="2023-09-21T21:43:18Z" name="attribute" data-provider="attributesArguments" finished-at="2023-09-21T21:43:18Z" duration-ms="8" status="PASS">
          <params>
            <param index="0">
              <value>
                <![CDATA[name]]>
              </value>
            </param>
            <param index="1">
              <value>
                <![CDATA[password]]>
              </value>
            </param>
          </params>
          <reporter-output>
          </reporter-output>
        </test-method> <!-- attribute -->
        <test-method signature="attribute(java.lang.String, java.lang.String)[pri:0, instance:io.railflow.blazetest.samples.testng.webdriver.TestHomePagePasswordInput@23fe1d71]" started-at="2023-09-21T21:43:18Z" name="attribute" data-provider="attributesArguments" finished-at="2023-09-21T21:43:18Z" duration-ms="8" status="PASS">
          <params>
            <param index="0">
              <value>
                <![CDATA[placeholder]]>
              </value>
            </param>
            <param index="1">
              <value>
                <![CDATA[Password]]>
              </value>
            </param>
          </params>
          <reporter-output>
          </reporter-output>
        </test-method> <!-- attribute -->
        <test-method signature="attribute(java.lang.String, java.lang.String)[pri:0, instance:io.railflow.blazetest.samples.testng.webdriver.TestHomePagePasswordInput@23fe1d71]" started-at="2023-09-21T21:43:18Z" name="attribute" data-provider="attributesArguments" finished-at="2023-09-21T21:43:18Z" duration-ms="7" status="PASS">
          <params>
            <param index="0">
              <value>
                <![CDATA[type]]>
              </value>
            </param>
            <param index="1">
              <value>
                <![CDATA[password]]>
              </value>
            </param>
          </params>
          <reporter-output>
          </reporter-output>
        </test-method> <!-- attribute -->
        <test-method signature="text()[pri:0, instance:io.railflow.blazetest.samples.testng.webdriver.TestHomePagePasswordInput@23fe1d71]" started-at="2023-09-21T21:43:18Z" name="text" finished-at="2023-09-21T21:43:18Z" duration-ms="11" status="PASS">
          <reporter-output>
          </reporter-output>
        </test-method> <!-- text -->
      </class> <!-- io.railflow.blazetest.samples.testng.webdriver.TestHomePagePasswordInput -->
      <class name="io.railflow.blazetest.samples.testng.webdriver.TestHomePageLoginButton">
        <test-method signature="name()[pri:0, instance:io.railflow.blazetest.samples.testng.webdriver.TestHomePageLoginButton@74a10858]" started-at="2023-09-21T21:43:16Z" name="name" finished-at="2023-09-21T21:43:16Z" duration-ms="14" status="PASS">
          <reporter-output>
          </reporter-output>
        </test-method> <!-- name -->
        <test-method signature="type()[pri:0, instance:io.railflow.blazetest.samples.testng.webdriver.TestHomePageLoginButton@74a10858]" started-at="2023-09-21T21:43:16Z" name="type" finished-at="2023-09-21T21:43:16Z" duration-ms="9" status="PASS">
          <reporter-output>
          </reporter-output>
        </test-method> <!-- type -->
        <test-method signature="value()[pri:0, instance:io.railflow.blazetest.samples.testng.webdriver.TestHomePageLoginButton@74a10858]" started-at="2023-09-21T21:43:16Z" name="value" finished-at="2023-09-21T21:43:16Z" duration-ms="6" status="PASS">
          <reporter-output>
          </reporter-output>
        </test-method> <!-- value -->
      </class> <!-- io.railflow.blazetest.samples.testng.webdriver.TestHomePageLoginButton -->
      <class name="io.railflow.blazetest.samples.testng.webdriver.shoppingcart.problem.TestShoppingCartProblemUserInventory">
        <test-method signature="inventoryItemCount()[pri:0, instance:io.railflow.blazetest.samples.testng.webdriver.shoppingcart.problem.TestShoppingCartProblemUserInventory@7a30d1e6]" started-at="2023-09-21T21:43:19Z" name="inventoryItemCount" finished-at="2023-09-21T21:43:19Z" duration-ms="11" status="PASS">
          <reporter-output>
          </reporter-output>
        </test-method> <!-- inventoryItemCount -->
        <test-method signature="inventoryItemDescCount()[pri:0, instance:io.railflow.blazetest.samples.testng.webdriver.shoppingcart.problem.TestShoppingCartProblemUserInventory@7a30d1e6]" started-at="2023-09-21T21:43:19Z" name="inventoryItemDescCount" finished-at="2023-09-21T21:43:19Z" duration-ms="9" status="PASS">
          <reporter-output>
          </reporter-output>
        </test-method> <!-- inventoryItemDescCount -->
        <test-method signature="inventoryItemDescriptionCount()[pri:0, instance:io.railflow.blazetest.samples.testng.webdriver.shoppingcart.problem.TestShoppingCartProblemUserInventory@7a30d1e6]" started-at="2023-09-21T21:43:19Z" name="inventoryItemDescriptionCount" finished-at="2023-09-21T21:43:19Z" duration-ms="10" status="PASS">
          <reporter-output>
          </reporter-output>
        </test-method> <!-- inventoryItemDescriptionCount -->
        <test-method signature="inventoryItemImgCount()[pri:0, instance:io.railflow.blazetest.samples.testng.webdriver.shoppingcart.problem.TestShoppingCartProblemUserInventory@7a30d1e6]" started-at="2023-09-21T21:43:19Z" name="inventoryItemImgCount" finished-at="2023-09-21T21:43:19Z" duration-ms="11" status="PASS">
          <reporter-output>
          </reporter-output>
        </test-method> <!-- inventoryItemImgCount -->
        <test-method signature="inventoryItemLabelCount()[pri:0, instance:io.railflow.blazetest.samples.testng.webdriver.shoppingcart.problem.TestShoppingCartProblemUserInventory@7a30d1e6]" started-at="2023-09-21T21:43:19Z" name="inventoryItemLabelCount" finished-at="2023-09-21T21:43:19Z" duration-ms="10" status="PASS">
          <reporter-output>
          </reporter-output>
        </test-method> <!-- inventoryItemLabelCount -->
        <test-method signature="inventoryItemNameCount()[pri:0, instance:io.railflow.blazetest.samples.testng.webdriver.shoppingcart.problem.TestShoppingCartProblemUserInventory@7a30d1e6]" started-at="2023-09-21T21:43:19Z" name="inventoryItemNameCount" finished-at="2023-09-21T21:43:19Z" duration-ms="9" status="PASS">
          <reporter-output>
          </reporter-output>
        </test-method> <!-- inventoryItemNameCount -->
        <test-method signature="inventoryItemPriceCount()[pri:0, instance:io.railflow.blazetest.samples.testng.webdriver.shoppingcart.problem.TestShoppingCartProblemUserInventory@7a30d1e6]" started-at="2023-09-21T21:43:19Z" name="inventoryItemPriceCount" finished-at="2023-09-21T21:43:19Z" duration-ms="10" status="PASS">
          <reporter-output>
          </reporter-output>
        </test-method> <!-- inventoryItemPriceCount -->
        <test-method signature="pricebar()[pri:0, instance:io.railflow.blazetest.samples.testng.webdriver.shoppingcart.problem.TestShoppingCartProblemUserInventory@7a30d1e6]" started-at="2023-09-21T21:43:19Z" name="pricebar" finished-at="2023-09-21T21:43:19Z" duration-ms="9" status="PASS">
          <reporter-output>
          </reporter-output>
        </test-method> <!-- pricebar -->
      </class> <!-- io.railflow.blazetest.samples.testng.webdriver.shoppingcart.problem.TestShoppingCartProblemUserInventory -->
    </test> <!-- Surefire test -->
  </suite> <!-- Surefire suite -->
</testng-results>
