<?xml version="1.0" encoding="UTF-8"?>
<testsuite xmlns:xsi="http://www.w3.org/2001/XMLSchema-instance" xsi:noNamespaceSchemaLocation="https://maven.apache.org/surefire/maven-surefire-plugin/xsd/surefire-test-report-3.0.xsd" version="3.0" name="TestSuite" time="119.226" tests="108" errors="0" skipped="0" failures="24">
  <properties>
    <property name="java.specification.version" value="19"/>
    <property name="sun.jnu.encoding" value="UTF-8"/>
    <property name="java.class.path" value="/home/tharindud/Development/freelance/upwork/20230914_ali_raza/blazetest-testng-webdriver-sample-project/target/test-classes:/home/tharindud/Development/freelance/upwork/20230914_ali_raza/blazetest-testng-webdriver-sample-project/target/classes:/home/tharindud/.m2/repository/org/testng/testng/6.10/testng-6.10.jar:/home/tharindud/.m2/repository/com/beust/jcommander/1.48/jcommander-1.48.jar:/home/tharindud/.m2/repository/org/seleniumhq/selenium/selenium-java/4.12.1/selenium-java-4.12.1.jar:/home/tharindud/.m2/repository/org/seleniumhq/selenium/selenium-api/4.12.1/selenium-api-4.12.1.jar:/home/tharindud/.m2/repository/org/seleniumhq/selenium/selenium-chrome-driver/4.12.1/selenium-chrome-driver-4.12.1.jar:/home/tharindud/.m2/repository/com/google/auto/service/auto-service-annotations/1.1.1/auto-service-annotations-1.1.1.jar:/home/tharindud/.m2/repository/com/google/guava/guava/32.1.2-jre/guava-32.1.2-jre.jar:/home/tharindud/.m2/repository/com/google/guava/failureaccess/1.0.1/failureaccess-1.0.1.jar:/home/tharindud/.m2/repository/com/google/guava/listenablefuture/9999.0-empty-to-avoid-conflict-with-guava/listenablefuture-9999.0-empty-to-avoid-conflict-with-guava.jar:/home/tharindud/.m2/repository/com/google/code/findbugs/jsr305/3.0.2/jsr305-3.0.2.jar:/home/tharindud/.m2/repository/org/checkerframework/checker-qual/3.33.0/checker-qual-3.33.0.jar:/home/tharindud/.m2/repository/com/google/errorprone/error_prone_annotations/2.18.0/error_prone_annotations-2.18.0.jar:/home/tharindud/.m2/repository/com/google/j2objc/j2objc-annotations/2.8/j2objc-annotations-2.8.jar:/home/tharindud/.m2/repository/org/seleniumhq/selenium/selenium-chromium-driver/4.12.1/selenium-chromium-driver-4.12.1.jar:/home/tharindud/.m2/repository/org/seleniumhq/selenium/selenium-json/4.12.1/selenium-json-4.12.1.jar:/home/tharindud/.m2/repository/org/seleniumhq/selenium/selenium-manager/4.12.1/selenium-manager-4.12.1.jar:/home/tharindud/.m2/repository/org/seleniumhq/selenium/selenium-devtools-v114/4.12.1/selenium-devtools-v114-4.12.1.jar:/home/tharindud/.m2/repository/org/seleniumhq/selenium/selenium-devtools-v115/4.12.1/selenium-devtools-v115-4.12.1.jar:/home/tharindud/.m2/repository/org/seleniumhq/selenium/selenium-devtools-v116/4.12.1/selenium-devtools-v116-4.12.1.jar:/home/tharindud/.m2/repository/org/seleniumhq/selenium/selenium-devtools-v85/4.12.1/selenium-devtools-v85-4.12.1.jar:/home/tharindud/.m2/repository/org/seleniumhq/selenium/selenium-edge-driver/4.12.1/selenium-edge-driver-4.12.1.jar:/home/tharindud/.m2/repository/org/seleniumhq/selenium/selenium-firefox-driver/4.12.1/selenium-firefox-driver-4.12.1.jar:/home/tharindud/.m2/repository/org/seleniumhq/selenium/selenium-http/4.12.1/selenium-http-4.12.1.jar:/home/tharindud/.m2/repository/dev/failsafe/failsafe/3.3.2/failsafe-3.3.2.jar:/home/tharindud/.m2/repository/org/seleniumhq/selenium/selenium-ie-driver/4.12.1/selenium-ie-driver-4.12.1.jar:/home/tharindud/.m2/repository/org/seleniumhq/selenium/selenium-remote-driver/4.12.1/selenium-remote-driver-4.12.1.jar:/home/tharindud/.m2/repository/io/netty/netty-buffer/4.1.96.Final/netty-buffer-4.1.96.Final.jar:/home/tharindud/.m2/repository/io/netty/netty-codec-http/4.1.96.Final/netty-codec-http-4.1.96.Final.jar:/home/tharindud/.m2/repository/io/netty/netty-codec/4.1.96.Final/netty-codec-4.1.96.Final.jar:/home/tharindud/.m2/repository/io/netty/netty-handler/4.1.96.Final/netty-handler-4.1.96.Final.jar:/home/tharindud/.m2/repository/io/netty/netty-common/4.1.96.Final/netty-common-4.1.96.Final.jar:/home/tharindud/.m2/repository/io/netty/netty-transport-classes-epoll/4.1.96.Final/netty-transport-classes-epoll-4.1.96.Final.jar:/home/tharindud/.m2/repository/io/netty/netty-transport-classes-kqueue/4.1.96.Final/netty-transport-classes-kqueue-4.1.96.Final.jar:/home/tharindud/.m2/repository/io/netty/netty-transport-native-epoll/4.1.96.Final/netty-transport-native-epoll-4.1.96.Final.jar:/home/tharindud/.m2/repository/io/netty/netty-transport-native-kqueue/4.1.96.Final/netty-transport-native-kqueue-4.1.96.Final.jar:/home/tharindud/.m2/repository/io/netty/netty-transport-native-unix-common/4.1.96.Final/netty-transport-native-unix-common-4.1.96.Final.jar:/home/tharindud/.m2/repository/io/netty/netty-transport/4.1.96.Final/netty-transport-4.1.96.Final.jar:/home/tharindud/.m2/repository/io/netty/netty-resolver/4.1.96.Final/netty-resolver-4.1.96.Final.jar:/home/tharindud/.m2/repository/io/opentelemetry/opentelemetry-api/1.28.0/opentelemetry-api-1.28.0.jar:/home/tharindud/.m2/repository/io/opentelemetry/opentelemetry-context/1.28.0/opentelemetry-context-1.28.0.jar:/home/tharindud/.m2/repository/io/opentelemetry/opentelemetry-exporter-logging/1.28.0/opentelemetry-exporter-logging-1.28.0.jar:/home/tharindud/.m2/repository/io/opentelemetry/opentelemetry-sdk-metrics/1.28.0/opentelemetry-sdk-metrics-1.28.0.jar:/home/tharindud/.m2/repository/io/opentelemetry/opentelemetry-extension-incubator/1.28.0-alpha/opentelemetry-extension-incubator-1.28.0-alpha.jar:/home/tharindud/.m2/repository/io/opentelemetry/opentelemetry-sdk-logs/1.28.0/opentelemetry-sdk-logs-1.28.0.jar:/home/tharindud/.m2/repository/io/opentelemetry/opentelemetry-sdk-common/1.28.0/opentelemetry-sdk-common-1.28.0.jar:/home/tharindud/.m2/repository/io/opentelemetry/opentelemetry-sdk-extension-autoconfigure-spi/1.28.0/opentelemetry-sdk-extension-autoconfigure-spi-1.28.0.jar:/home/tharindud/.m2/repository/io/opentelemetry/opentelemetry-sdk-extension-autoconfigure/1.28.0/opentelemetry-sdk-extension-autoconfigure-1.28.0.jar:/home/tharindud/.m2/repository/io/opentelemetry/opentelemetry-api-events/1.28.0-alpha/opentelemetry-api-events-1.28.0-alpha.jar:/home/tharindud/.m2/repository/io/opentelemetry/opentelemetry-sdk-trace/1.28.0/opentelemetry-sdk-trace-1.28.0.jar:/home/tharindud/.m2/repository/io/opentelemetry/opentelemetry-sdk/1.28.0/opentelemetry-sdk-1.28.0.jar:/home/tharindud/.m2/repository/io/opentelemetry/opentelemetry-semconv/1.28.0-alpha/opentelemetry-semconv-1.28.0-alpha.jar:/home/tharindud/.m2/repository/net/bytebuddy/byte-buddy/1.14.5/byte-buddy-1.14.5.jar:/home/tharindud/.m2/repository/org/asynchttpclient/async-http-client/2.12.3/async-http-client-2.12.3.jar:/home/tharindud/.m2/repository/org/asynchttpclient/async-http-client-netty-utils/2.12.3/async-http-client-netty-utils-2.12.3.jar:/home/tharindud/.m2/repository/io/netty/netty-codec-socks/4.1.60.Final/netty-codec-socks-4.1.60.Final.jar:/home/tharindud/.m2/repository/io/netty/netty-handler-proxy/4.1.60.Final/netty-handler-proxy-4.1.60.Final.jar:/home/tharindud/.m2/repository/io/netty/netty-transport-native-epoll/4.1.60.Final/netty-transport-native-epoll-4.1.60.Final-linux-x86_64.jar:/home/tharindud/.m2/repository/io/netty/netty-transport-native-kqueue/4.1.60.Final/netty-transport-native-kqueue-4.1.60.Final-osx-x86_64.jar:/home/tharindud/.m2/repository/org/reactivestreams/reactive-streams/1.0.3/reactive-streams-1.0.3.jar:/home/tharindud/.m2/repository/com/typesafe/netty/netty-reactive-streams/2.0.4/netty-reactive-streams-2.0.4.jar:/home/tharindud/.m2/repository/org/slf4j/slf4j-api/1.7.30/slf4j-api-1.7.30.jar:/home/tharindud/.m2/repository/com/sun/activation/jakarta.activation/1.2.2/jakarta.activation-1.2.2.jar:/home/tharindud/.m2/repository/org/seleniumhq/selenium/selenium-os/4.12.1/selenium-os-4.12.1.jar:/home/tharindud/.m2/repository/org/apache/commons/commons-exec/1.3/commons-exec-1.3.jar:/home/tharindud/.m2/repository/org/seleniumhq/selenium/selenium-safari-driver/4.12.1/selenium-safari-driver-4.12.1.jar:/home/tharindud/.m2/repository/org/seleniumhq/selenium/selenium-support/4.12.1/selenium-support-4.12.1.jar:"/>
    <property name="java.vm.vendor" value="Private Build"/>
    <property name="sun.arch.data.model" value="64"/>
    <property name="java.vendor.url" value="Unknown"/>
    <property name="user.timezone" value="Asia/Colombo"/>
    <property name="os.name" value="Linux"/>
    <property name="java.vm.specification.version" value="19"/>
    <property name="sun.java.launcher" value="SUN_STANDARD"/>
    <property name="user.country" value="US"/>
    <property name="sun.boot.library.path" value="/usr/lib/jvm/java-19-openjdk-amd64/lib"/>
    <property name="sun.java.command" value="/home/tharindud/Development/freelance/upwork/20230914_ali_raza/blazetest-testng-webdriver-sample-project/target/surefire/surefirebooter12731725621837528821.jar /home/tharindud/Development/freelance/upwork/20230914_ali_raza/blazetest-testng-webdriver-sample-project/target/surefire 2023-09-21T21-41-22_368-jvmRun1 surefire189772338648607574tmp surefire_06867807524225071431tmp"/>
    <property name="jdk.debug" value="release"/>
    <property name="surefire.test.class.path" value="/home/tharindud/Development/freelance/upwork/20230914_ali_raza/blazetest-testng-webdriver-sample-project/target/test-classes:/home/tharindud/Development/freelance/upwork/20230914_ali_raza/blazetest-testng-webdriver-sample-project/target/classes:/home/tharindud/.m2/repository/org/testng/testng/6.10/testng-6.10.jar:/home/tharindud/.m2/repository/com/beust/jcommander/1.48/jcommander-1.48.jar:/home/tharindud/.m2/repository/org/seleniumhq/selenium/selenium-java/4.12.1/selenium-java-4.12.1.jar:/home/tharindud/.m2/repository/org/seleniumhq/selenium/selenium-api/4.12.1/selenium-api-4.12.1.jar:/home/tharindud/.m2/repository/org/seleniumhq/selenium/selenium-chrome-driver/4.12.1/selenium-chrome-driver-4.12.1.jar:/home/tharindud/.m2/repository/com/google/auto/service/auto-service-annotations/1.1.1/auto-service-annotations-1.1.1.jar:/home/tharindud/.m2/repository/com/google/guava/guava/32.1.2-jre/guava-32.1.2-jre.jar:/home/tharindud/.m2/repository/com/google/guava/failureaccess/1.0.1/failureaccess-1.0.1.jar:/home/tharindud/.m2/repository/com/google/guava/listenablefuture/9999.0-empty-to-avoid-conflict-with-guava/listenablefuture-9999.0-empty-to-avoid-conflict-with-guava.jar:/home/tharindud/.m2/repository/com/google/code/findbugs/jsr305/3.0.2/jsr305-3.0.2.jar:/home/tharindud/.m2/repository/org/checkerframework/checker-qual/3.33.0/checker-qual-3.33.0.jar:/home/tharindud/.m2/repository/com/google/errorprone/error_prone_annotations/2.18.0/error_prone_annotations-2.18.0.jar:/home/tharindud/.m2/repository/com/google/j2objc/j2objc-annotations/2.8/j2objc-annotations-2.8.jar:/home/tharindud/.m2/repository/org/seleniumhq/selenium/selenium-chromium-driver/4.12.1/selenium-chromium-driver-4.12.1.jar:/home/tharindud/.m2/repository/org/seleniumhq/selenium/selenium-json/4.12.1/selenium-json-4.12.1.jar:/home/tharindud/.m2/repository/org/seleniumhq/selenium/selenium-manager/4.12.1/selenium-manager-4.12.1.jar:/home/tharindud/.m2/repository/org/seleniumhq/selenium/selenium-devtools-v114/4.12.1/selenium-devtools-v114-4.12.1.jar:/home/tharindud/.m2/repository/org/seleniumhq/selenium/selenium-devtools-v115/4.12.1/selenium-devtools-v115-4.12.1.jar:/home/tharindud/.m2/repository/org/seleniumhq/selenium/selenium-devtools-v116/4.12.1/selenium-devtools-v116-4.12.1.jar:/home/tharindud/.m2/repository/org/seleniumhq/selenium/selenium-devtools-v85/4.12.1/selenium-devtools-v85-4.12.1.jar:/home/tharindud/.m2/repository/org/seleniumhq/selenium/selenium-edge-driver/4.12.1/selenium-edge-driver-4.12.1.jar:/home/tharindud/.m2/repository/org/seleniumhq/selenium/selenium-firefox-driver/4.12.1/selenium-firefox-driver-4.12.1.jar:/home/tharindud/.m2/repository/org/seleniumhq/selenium/selenium-http/4.12.1/selenium-http-4.12.1.jar:/home/tharindud/.m2/repository/dev/failsafe/failsafe/3.3.2/failsafe-3.3.2.jar:/home/tharindud/.m2/repository/org/seleniumhq/selenium/selenium-ie-driver/4.12.1/selenium-ie-driver-4.12.1.jar:/home/tharindud/.m2/repository/org/seleniumhq/selenium/selenium-remote-driver/4.12.1/selenium-remote-driver-4.12.1.jar:/home/tharindud/.m2/repository/io/netty/netty-buffer/4.1.96.Final/netty-buffer-4.1.96.Final.jar:/home/tharindud/.m2/repository/io/netty/netty-codec-http/4.1.96.Final/netty-codec-http-4.1.96.Final.jar:/home/tharindud/.m2/repository/io/netty/netty-codec/4.1.96.Final/netty-codec-4.1.96.Final.jar:/home/tharindud/.m2/repository/io/netty/netty-handler/4.1.96.Final/netty-handler-4.1.96.Final.jar:/home/tharindud/.m2/repository/io/netty/netty-common/4.1.96.Final/netty-common-4.1.96.Final.jar:/home/tharindud/.m2/repository/io/netty/netty-transport-classes-epoll/4.1.96.Final/netty-transport-classes-epoll-4.1.96.Final.jar:/home/tharindud/.m2/repository/io/netty/netty-transport-classes-kqueue/4.1.96.Final/netty-transport-classes-kqueue-4.1.96.Final.jar:/home/tharindud/.m2/repository/io/netty/netty-transport-native-epoll/4.1.96.Final/netty-transport-native-epoll-4.1.96.Final.jar:/home/tharindud/.m2/repository/io/netty/netty-transport-native-kqueue/4.1.96.Final/netty-transport-native-kqueue-4.1.96.Final.jar:/home/tharindud/.m2/repository/io/netty/netty-transport-native-unix-common/4.1.96.Final/netty-transport-native-unix-common-4.1.96.Final.jar:/home/tharindud/.m2/repository/io/netty/netty-transport/4.1.96.Final/netty-transport-4.1.96.Final.jar:/home/tharindud/.m2/repository/io/netty/netty-resolver/4.1.96.Final/netty-resolver-4.1.96.Final.jar:/home/tharindud/.m2/repository/io/opentelemetry/opentelemetry-api/1.28.0/opentelemetry-api-1.28.0.jar:/home/tharindud/.m2/repository/io/opentelemetry/opentelemetry-context/1.28.0/opentelemetry-context-1.28.0.jar:/home/tharindud/.m2/repository/io/opentelemetry/opentelemetry-exporter-logging/1.28.0/opentelemetry-exporter-logging-1.28.0.jar:/home/tharindud/.m2/repository/io/opentelemetry/opentelemetry-sdk-metrics/1.28.0/opentelemetry-sdk-metrics-1.28.0.jar:/home/tharindud/.m2/repository/io/opentelemetry/opentelemetry-extension-incubator/1.28.0-alpha/opentelemetry-extension-incubator-1.28.0-alpha.jar:/home/tharindud/.m2/repository/io/opentelemetry/opentelemetry-sdk-logs/1.28.0/opentelemetry-sdk-logs-1.28.0.jar:/home/tharindud/.m2/repository/io/opentelemetry/opentelemetry-sdk-common/1.28.0/opentelemetry-sdk-common-1.28.0.jar:/home/tharindud/.m2/repository/io/opentelemetry/opentelemetry-sdk-extension-autoconfigure-spi/1.28.0/opentelemetry-sdk-extension-autoconfigure-spi-1.28.0.jar:/home/tharindud/.m2/repository/io/opentelemetry/opentelemetry-sdk-extension-autoconfigure/1.28.0/opentelemetry-sdk-extension-autoconfigure-1.28.0.jar:/home/tharindud/.m2/repository/io/opentelemetry/opentelemetry-api-events/1.28.0-alpha/opentelemetry-api-events-1.28.0-alpha.jar:/home/tharindud/.m2/repository/io/opentelemetry/opentelemetry-sdk-trace/1.28.0/opentelemetry-sdk-trace-1.28.0.jar:/home/tharindud/.m2/repository/io/opentelemetry/opentelemetry-sdk/1.28.0/opentelemetry-sdk-1.28.0.jar:/home/tharindud/.m2/repository/io/opentelemetry/opentelemetry-semconv/1.28.0-alpha/opentelemetry-semconv-1.28.0-alpha.jar:/home/tharindud/.m2/repository/net/bytebuddy/byte-buddy/1.14.5/byte-buddy-1.14.5.jar:/home/tharindud/.m2/repository/org/asynchttpclient/async-http-client/2.12.3/async-http-client-2.12.3.jar:/home/tharindud/.m2/repository/org/asynchttpclient/async-http-client-netty-utils/2.12.3/async-http-client-netty-utils-2.12.3.jar:/home/tharindud/.m2/repository/io/netty/netty-codec-socks/4.1.60.Final/netty-codec-socks-4.1.60.Final.jar:/home/tharindud/.m2/repository/io/netty/netty-handler-proxy/4.1.60.Final/netty-handler-proxy-4.1.60.Final.jar:/home/tharindud/.m2/repository/io/netty/netty-transport-native-epoll/4.1.60.Final/netty-transport-native-epoll-4.1.60.Final-linux-x86_64.jar:/home/tharindud/.m2/repository/io/netty/netty-transport-native-kqueue/4.1.60.Final/netty-transport-native-kqueue-4.1.60.Final-osx-x86_64.jar:/home/tharindud/.m2/repository/org/reactivestreams/reactive-streams/1.0.3/reactive-streams-1.0.3.jar:/home/tharindud/.m2/repository/com/typesafe/netty/netty-reactive-streams/2.0.4/netty-reactive-streams-2.0.4.jar:/home/tharindud/.m2/repository/org/slf4j/slf4j-api/1.7.30/slf4j-api-1.7.30.jar:/home/tharindud/.m2/repository/com/sun/activation/jakarta.activation/1.2.2/jakarta.activation-1.2.2.jar:/home/tharindud/.m2/repository/org/seleniumhq/selenium/selenium-os/4.12.1/selenium-os-4.12.1.jar:/home/tharindud/.m2/repository/org/apache/commons/commons-exec/1.3/commons-exec-1.3.jar:/home/tharindud/.m2/repository/org/seleniumhq/selenium/selenium-safari-driver/4.12.1/selenium-safari-driver-4.12.1.jar:/home/tharindud/.m2/repository/org/seleniumhq/selenium/selenium-support/4.12.1/selenium-support-4.12.1.jar:"/>
    <property name="sun.cpu.endian" value="little"/>
    <property name="user.home" value="/home/tharindud"/>
    <property name="user.language" value="en"/>
    <property name="java.specification.vendor" value="Oracle Corporation"/>
    <property name="java.version.date" value="2023-01-17"/>
    <property name="java.home" value="/usr/lib/jvm/java-19-openjdk-amd64"/>
    <property name="file.separator" value="/"/>
    <property name="basedir" value="/home/tharindud/Development/freelance/upwork/20230914_ali_raza/blazetest-testng-webdriver-sample-project"/>
    <property name="java.vm.compressedOopsMode" value="Zero based"/>
    <property name="line.separator" value="&#10;"/>
    <property name="java.specification.name" value="Java Platform API Specification"/>
    <property name="java.vm.specification.vendor" value="Oracle Corporation"/>
    <property name="surefire.real.class.path" value="/home/tharindud/Development/freelance/upwork/20230914_ali_raza/blazetest-testng-webdriver-sample-project/target/surefire/surefirebooter12731725621837528821.jar"/>
    <property name="sun.management.compiler" value="HotSpot 64-Bit Tiered Compilers"/>
    <property name="java.runtime.version" value="19.0.2+7-Ubuntu-0ubuntu322.04"/>
    <property name="user.name" value="tharindud"/>
    <property name="stdout.encoding" value="UTF-8"/>
    <property name="path.separator" value=":"/>
    <property name="os.version" value="6.2.0-32-generic"/>
    <property name="java.runtime.name" value="OpenJDK Runtime Environment"/>
    <property name="file.encoding" value="UTF-8"/>
    <property name="java.vm.name" value="OpenJDK 64-Bit Server VM"/>
    <property name="localRepository" value="/home/tharindud/.m2/repository"/>
    <property name="java.vendor.url.bug" value="Unknown"/>
    <property name="java.io.tmpdir" value="/tmp"/>
    <property name="java.version" value="19.0.2"/>
    <property name="user.dir" value="/home/tharindud/Development/freelance/upwork/20230914_ali_raza/blazetest-testng-webdriver-sample-project"/>
    <property name="os.arch" value="amd64"/>
    <property name="java.vm.specification.name" value="Java Virtual Machine Specification"/>
    <property name="native.encoding" value="UTF-8"/>
    <property name="java.library.path" value="/usr/java/packages/lib:/usr/lib/x86_64-linux-gnu/jni:/lib/x86_64-linux-gnu:/usr/lib/x86_64-linux-gnu:/usr/lib/jni:/lib:/usr/lib"/>
    <property name="java.vm.info" value="mixed mode, sharing"/>
    <property name="stderr.encoding" value="UTF-8"/>
    <property name="java.vendor" value="Private Build"/>
    <property name="java.vm.version" value="19.0.2+7-Ubuntu-0ubuntu322.04"/>
    <property name="sun.io.unicode.encoding" value="UnicodeLittle"/>
    <property name="java.class.version" value="63.0"/>
  </properties>
  <testcase name="description" classname="io.railflow.blazetest.samples.testng.webdriver.TestHomePage" time="0.026">
    <system-err><![CDATA[SLF4J: Failed to load class "org.slf4j.impl.StaticLoggerBinder".
SLF4J: Defaulting to no-operation (NOP) logger implementation
SLF4J: See http://www.slf4j.org/codes.html#StaticLoggerBinder for further details.
Sep 21, 2023 9:41:23 PM org.openqa.selenium.devtools.CdpVersionFinder findNearestMatch
WARNING: Unable to find an exact match for CDP version 117, so returning the closest version found: 116
Sep 21, 2023 9:41:27 PM org.openqa.selenium.devtools.CdpVersionFinder findNearestMatch
WARNING: Unable to find an exact match for CDP version 117, so returning the closest version found: 116
Sep 21, 2023 9:41:30 PM org.openqa.selenium.devtools.CdpVersionFinder findNearestMatch
WARNING: Unable to find an exact match for CDP version 117, so returning the closest version found: 116
Sep 21, 2023 9:41:34 PM org.openqa.selenium.devtools.CdpVersionFinder findNearestMatch
WARNING: Unable to find an exact match for CDP version 117, so returning the closest version found: 116
Sep 21, 2023 9:41:37 PM org.openqa.selenium.devtools.CdpVersionFinder findNearestMatch
WARNING: Unable to find an exact match for CDP version 117, so returning the closest version found: 116
Sep 21, 2023 9:41:39 PM org.openqa.selenium.devtools.CdpVersionFinder findNearestMatch
WARNING: Unable to find an exact match for CDP version 117, so returning the closest version found: 116
Sep 21, 2023 9:41:43 PM org.openqa.selenium.devtools.CdpVersionFinder findNearestMatch
WARNING: Unable to find an exact match for CDP version 117, so returning the closest version found: 116
Sep 21, 2023 9:41:47 PM org.openqa.selenium.devtools.CdpVersionFinder findNearestMatch
WARNING: Unable to find an exact match for CDP version 117, so returning the closest version found: 116
Sep 21, 2023 9:41:52 PM org.openqa.selenium.devtools.CdpVersionFinder findNearestMatch
WARNING: Unable to find an exact match for CDP version 117, so returning the closest version found: 116
Sep 21, 2023 9:42:10 PM org.openqa.selenium.devtools.CdpVersionFinder findNearestMatch
WARNING: Unable to find an exact match for CDP version 117, so returning the closest version found: 116
Sep 21, 2023 9:42:24 PM org.openqa.selenium.devtools.CdpVersionFinder findNearestMatch
WARNING: Unable to find an exact match for CDP version 117, so returning the closest version found: 116
Sep 21, 2023 9:42:29 PM org.openqa.selenium.devtools.CdpVersionFinder findNearestMatch
WARNING: Unable to find an exact match for CDP version 117, so returning the closest version found: 116
Sep 21, 2023 9:42:45 PM org.openqa.selenium.devtools.CdpVersionFinder findNearestMatch
WARNING: Unable to find an exact match for CDP version 117, so returning the closest version found: 116
Sep 21, 2023 9:42:50 PM org.openqa.selenium.devtools.CdpVersionFinder findNearestMatch
WARNING: Unable to find an exact match for CDP version 117, so returning the closest version found: 116
Sep 21, 2023 9:42:57 PM org.openqa.selenium.devtools.CdpVersionFinder findNearestMatch
WARNING: Unable to find an exact match for CDP version 117, so returning the closest version found: 116
Sep 21, 2023 9:43:11 PM org.openqa.selenium.devtools.CdpVersionFinder findNearestMatch
WARNING: Unable to find an exact match for CDP version 117, so returning the closest version found: 116
]]></system-err>
  </testcase>
  <testcase name="errorElementAtStart" classname="io.railflow.blazetest.samples.testng.webdriver.TestHomePage" time="0.037">
    <failure message="Unexpected exception (org.openqa.selenium.NoSuchElementException): no such element: Unable to locate element: {&quot;method&quot;:&quot;xpath&quot;,&quot;selector&quot;:&quot;//h3[@data-test=&apos;error&apos;]&quot;}&#10;  (Session info: chrome=117.0.5938.88)&#10;For documentation on this error, please visit: https://www.selenium.dev/documentation/webdriver/troubleshooting/errors#no-such-element-exception&#10;Build info: version: &apos;4.12.1&apos;, revision: &apos;8e34639b11&apos;&#10;System info: os.name: &apos;Linux&apos;, os.arch: &apos;amd64&apos;, os.version: &apos;6.2.0-32-generic&apos;, java.version: &apos;19.0.2&apos;&#10;Driver info: org.openqa.selenium.chrome.ChromeDriver&#10;Command: [69fd1d3a4a0cfacb2187db47aedaf477, findElement {using=xpath, value=//h3[@data-test=&apos;error&apos;]}]&#10;Capabilities {acceptInsecureCerts: false, browserName: chrome, browserVersion: 117.0.5938.88, chrome: {chromedriverVersion: 117.0.5938.88 (be6afae47212..., userDataDir: /tmp/.org.chromium.Chromium...}, fedcm:accounts: true, goog:chromeOptions: {debuggerAddress: localhost:43173}, networkConnectionEnabled: false, pageLoadStrategy: normal, platformName: linux, proxy: Proxy(), se:cdp: ws://localhost:43173/devtoo..., se:cdpVersion: 117.0.5938.88, setWindowRect: true, strictFileInteractability: false, timeouts: {implicit: 0, pageLoad: 300000, script: 30000}, unhandledPromptBehavior: dismiss and notify, webauthn:extension:credBlob: true, webauthn:extension:largeBlob: true, webauthn:extension:minPinLength: true, webauthn:extension:prf: true, webauthn:virtualAuthenticators: true}&#10;Session ID: 69fd1d3a4a0cfacb2187db47aedaf477" type="java.lang.AssertionError"><![CDATA[java.lang.AssertionError: 
Unexpected exception (org.openqa.selenium.NoSuchElementException): no such element: Unable to locate element: {"method":"xpath","selector":"//h3[@data-test='error']"}
  (Session info: chrome=117.0.5938.88)
For documentation on this error, please visit: https://www.selenium.dev/documentation/webdriver/troubleshooting/errors#no-such-element-exception
Build info: version: '4.12.1', revision: '8e34639b11'
System info: os.name: 'Linux', os.arch: 'amd64', os.version: '6.2.0-32-generic', java.version: '19.0.2'
Driver info: org.openqa.selenium.chrome.ChromeDriver
Command: [69fd1d3a4a0cfacb2187db47aedaf477, findElement {using=xpath, value=//h3[@data-test='error']}]
Capabilities {acceptInsecureCerts: false, browserName: chrome, browserVersion: 117.0.5938.88, chrome: {chromedriverVersion: 117.0.5938.88 (be6afae47212..., userDataDir: /tmp/.org.chromium.Chromium...}, fedcm:accounts: true, goog:chromeOptions: {debuggerAddress: localhost:43173}, networkConnectionEnabled: false, pageLoadStrategy: normal, platformName: linux, proxy: Proxy(), se:cdp: ws://localhost:43173/devtoo..., se:cdpVersion: 117.0.5938.88, setWindowRect: true, strictFileInteractability: false, timeouts: {implicit: 0, pageLoad: 300000, script: 30000}, unhandledPromptBehavior: dismiss and notify, webauthn:extension:credBlob: true, webauthn:extension:largeBlob: true, webauthn:extension:minPinLength: true, webauthn:extension:prf: true, webauthn:virtualAuthenticators: true}
Session ID: 69fd1d3a4a0cfacb2187db47aedaf477
	at io.railflow.blazetest.samples.testng.webdriver.TestHomePage.errorElementAtStart(TestHomePage.java:71)
]]></failure>
  </testcase>
  <testcase name="manifestLink" classname="io.railflow.blazetest.samples.testng.webdriver.TestHomePage" time="0.023"/>
  <testcase name="noErrorElementAtStart" classname="io.railflow.blazetest.samples.testng.webdriver.TestHomePage" time="0.01"/>
  <testcase name="robots" classname="io.railflow.blazetest.samples.testng.webdriver.TestHomePage" time="0.017"/>
  <testcase name="stylesheetLink" classname="io.railflow.blazetest.samples.testng.webdriver.TestHomePage" time="0.016"/>
  <testcase name="title" classname="io.railflow.blazetest.samples.testng.webdriver.TestHomePage" time="0.004"/>
  <testcase name="name" classname="io.railflow.blazetest.samples.testng.webdriver.TestHomePageLoginButton" time="0.014"/>
  <testcase name="type" classname="io.railflow.blazetest.samples.testng.webdriver.TestHomePageLoginButton" time="0.009"/>
  <testcase name="value" classname="io.railflow.blazetest.samples.testng.webdriver.TestHomePageLoginButton" time="0.006"/>
  <testcase name="emptyUsernameEmptyPassword" classname="io.railflow.blazetest.samples.testng.webdriver.TestLoginEmptyCredentials" time="0.094"/>
  <testcase name="emptyUsernameInvalidPassword" classname="io.railflow.blazetest.samples.testng.webdriver.TestLoginEmptyCredentials" time="0.081"/>
  <testcase name="emptyUsernameMissingPassword" classname="io.railflow.blazetest.samples.testng.webdriver.TestLoginEmptyCredentials" time="0.045"/>
  <testcase name="invalidUsernameEmptyPassword" classname="io.railflow.blazetest.samples.testng.webdriver.TestLoginEmptyCredentials" time="0.072">
    <failure message="expected [Epic sadface: Username and password do not match any user in this service] but found [Epic sadface: Password is required]" type="java.lang.AssertionError"><![CDATA[java.lang.AssertionError: expected [Epic sadface: Username and password do not match any user in this service] but found [Epic sadface: Password is required]
	at io.railflow.blazetest.samples.testng.webdriver.TestLoginEmptyCredentials.invalidUsernameEmptyPassword(TestLoginEmptyCredentials.java:53)
]]></failure>
  </testcase>
  <testcase name="invalidUsernameMissingPassword" classname="io.railflow.blazetest.samples.testng.webdriver.TestLoginEmptyCredentials" time="0.061">
    <failure message="expected [Epic sadface: Username and password do not match any user in this service] but found [Epic sadface: Password is required]" type="java.lang.AssertionError"><![CDATA[java.lang.AssertionError: expected [Epic sadface: Username and password do not match any user in this service] but found [Epic sadface: Password is required]
	at io.railflow.blazetest.samples.testng.webdriver.TestLoginEmptyCredentials.invalidUsernameMissingPassword(TestLoginEmptyCredentials.java:33)
]]></failure>
  </testcase>
  <testcase name="missingUsernameEmptyPassword" classname="io.railflow.blazetest.samples.testng.webdriver.TestLoginEmptyCredentials" time="0.048">
    <failure message="expected [Epic sadface: Username and password do not match any user in this service] but found [Epic sadface: Username is required]" type="java.lang.AssertionError"><![CDATA[java.lang.AssertionError: expected [Epic sadface: Username and password do not match any user in this service] but found [Epic sadface: Username is required]
	at io.railflow.blazetest.samples.testng.webdriver.TestLoginEmptyCredentials.missingUsernameEmptyPassword(TestLoginEmptyCredentials.java:28)
]]></failure>
  </testcase>
  <testcase name="missingUsernameInvalidPassword" classname="io.railflow.blazetest.samples.testng.webdriver.TestLoginEmptyCredentials" time="0.05">
    <failure message="expected [Epic sadface: Username and password do not match any user in this service] but found [Epic sadface: Username is required]" type="java.lang.AssertionError"><![CDATA[java.lang.AssertionError: expected [Epic sadface: Username and password do not match any user in this service] but found [Epic sadface: Username is required]
	at io.railflow.blazetest.samples.testng.webdriver.TestLoginEmptyCredentials.missingUsernameInvalidPassword(TestLoginEmptyCredentials.java:38)
]]></failure>
  </testcase>
  <testcase name="missingUsernameMissingPassword" classname="io.railflow.blazetest.samples.testng.webdriver.TestLoginEmptyCredentials" time="0.028">
    <failure message="expected [Epic sadface: Username and password do not match any user in this service] but found [Epic sadface: Username is required]" type="java.lang.AssertionError"><![CDATA[java.lang.AssertionError: expected [Epic sadface: Username and password do not match any user in this service] but found [Epic sadface: Username is required]
	at io.railflow.blazetest.samples.testng.webdriver.TestLoginEmptyCredentials.missingUsernameMissingPassword(TestLoginEmptyCredentials.java:23)
]]></failure>
  </testcase>
  <testcase name="invalidUsernameInvalidPassword" classname="io.railflow.blazetest.samples.testng.webdriver.TestLoginInvalidCredentials" time="0.116"/>
  <testcase name="lockedOutUserInvliadPassword" classname="io.railflow.blazetest.samples.testng.webdriver.TestLoginInvalidCredentials" time="0.096"/>
  <testcase name="longPassword" classname="io.railflow.blazetest.samples.testng.webdriver.TestLoginInvalidCredentials" time="0.102"/>
  <testcase name="longUsername" classname="io.railflow.blazetest.samples.testng.webdriver.TestLoginInvalidCredentials" time="0.121"/>
  <testcase name="passwordWithNumbers" classname="io.railflow.blazetest.samples.testng.webdriver.TestLoginInvalidCredentials" time="0.096"/>
  <testcase name="passwordWithSpaces" classname="io.railflow.blazetest.samples.testng.webdriver.TestLoginInvalidCredentials" time="0.079"/>
  <testcase name="passwordWithSpecialCharacters" classname="io.railflow.blazetest.samples.testng.webdriver.TestLoginInvalidCredentials" time="0.079"/>
  <testcase name="performanceGlitchUserInvliadPassword" classname="io.railflow.blazetest.samples.testng.webdriver.TestLoginInvalidCredentials" time="0.098"/>
  <testcase name="problemUserInvliadPassword" classname="io.railflow.blazetest.samples.testng.webdriver.TestLoginInvalidCredentials" time="0.101"/>
  <testcase name="usernameWithNumbers" classname="io.railflow.blazetest.samples.testng.webdriver.TestLoginInvalidCredentials" time="0.099"/>
  <testcase name="usernameWithSpaces" classname="io.railflow.blazetest.samples.testng.webdriver.TestLoginInvalidCredentials" time="0.103"/>
  <testcase name="usernameWithSpecialCharacters" classname="io.railflow.blazetest.samples.testng.webdriver.TestLoginInvalidCredentials" time="0.101"/>
  <testcase name="validUserInvliadPassword" classname="io.railflow.blazetest.samples.testng.webdriver.TestLoginInvalidCredentials" time="0.104"/>
  <testcase name="add" classname="io.railflow.blazetest.samples.testng.webdriver.shoppingcart.standard.TestShoppingCartStandardUserBackPack" time="0.047"/>
  <testcase name="addAndRemove" classname="io.railflow.blazetest.samples.testng.webdriver.shoppingcart.standard.TestShoppingCartStandardUserBackPack" time="0.011">
    <failure message="Unexpected exception (org.openqa.selenium.NoSuchElementException): no such element: Unable to locate element: {&quot;method&quot;:&quot;xpath&quot;,&quot;selector&quot;:&quot;//button[@id=&apos;add-to-cart-sauce-labs-backpack&apos;]&quot;}&#10;  (Session info: chrome=117.0.5938.88)&#10;For documentation on this error, please visit: https://www.selenium.dev/documentation/webdriver/troubleshooting/errors#no-such-element-exception&#10;Build info: version: &apos;4.12.1&apos;, revision: &apos;8e34639b11&apos;&#10;System info: os.name: &apos;Linux&apos;, os.arch: &apos;amd64&apos;, os.version: &apos;6.2.0-32-generic&apos;, java.version: &apos;19.0.2&apos;&#10;Driver info: org.openqa.selenium.chrome.ChromeDriver&#10;Command: [4e86b87fd9bd575a554c4f6101a253ba, findElement {using=xpath, value=//button[@id=&apos;add-to-cart-sauce-labs-backpack&apos;]}]&#10;Capabilities {acceptInsecureCerts: false, browserName: chrome, browserVersion: 117.0.5938.88, chrome: {chromedriverVersion: 117.0.5938.88 (be6afae47212..., userDataDir: /tmp/.org.chromium.Chromium...}, fedcm:accounts: true, goog:chromeOptions: {debuggerAddress: localhost:33871}, networkConnectionEnabled: false, pageLoadStrategy: normal, platformName: linux, proxy: Proxy(), se:cdp: ws://localhost:33871/devtoo..., se:cdpVersion: 117.0.5938.88, setWindowRect: true, strictFileInteractability: false, timeouts: {implicit: 0, pageLoad: 300000, script: 30000}, unhandledPromptBehavior: dismiss and notify, webauthn:extension:credBlob: true, webauthn:extension:largeBlob: true, webauthn:extension:minPinLength: true, webauthn:extension:prf: true, webauthn:virtualAuthenticators: true}&#10;Session ID: 4e86b87fd9bd575a554c4f6101a253ba" type="java.lang.AssertionError"><![CDATA[java.lang.AssertionError: 
Unexpected exception (org.openqa.selenium.NoSuchElementException): no such element: Unable to locate element: {"method":"xpath","selector":"//button[@id='add-to-cart-sauce-labs-backpack']"}
  (Session info: chrome=117.0.5938.88)
For documentation on this error, please visit: https://www.selenium.dev/documentation/webdriver/troubleshooting/errors#no-such-element-exception
Build info: version: '4.12.1', revision: '8e34639b11'
System info: os.name: 'Linux', os.arch: 'amd64', os.version: '6.2.0-32-generic', java.version: '19.0.2'
Driver info: org.openqa.selenium.chrome.ChromeDriver
Command: [4e86b87fd9bd575a554c4f6101a253ba, findElement {using=xpath, value=//button[@id='add-to-cart-sauce-labs-backpack']}]
Capabilities {acceptInsecureCerts: false, browserName: chrome, browserVersion: 117.0.5938.88, chrome: {chromedriverVersion: 117.0.5938.88 (be6afae47212..., userDataDir: /tmp/.org.chromium.Chromium...}, fedcm:accounts: true, goog:chromeOptions: {debuggerAddress: localhost:33871}, networkConnectionEnabled: false, pageLoadStrategy: normal, platformName: linux, proxy: Proxy(), se:cdp: ws://localhost:33871/devtoo..., se:cdpVersion: 117.0.5938.88, setWindowRect: true, strictFileInteractability: false, timeouts: {implicit: 0, pageLoad: 300000, script: 30000}, unhandledPromptBehavior: dismiss and notify, webauthn:extension:credBlob: true, webauthn:extension:largeBlob: true, webauthn:extension:minPinLength: true, webauthn:extension:prf: true, webauthn:virtualAuthenticators: true}
Session ID: 4e86b87fd9bd575a554c4f6101a253ba
]]></failure>
  </testcase>
  <testcase name="addRemoveAndAddAgain" classname="io.railflow.blazetest.samples.testng.webdriver.shoppingcart.standard.TestShoppingCartStandardUserBackPack" time="0.01">
    <failure message="Unexpected exception (org.openqa.selenium.NoSuchElementException): no such element: Unable to locate element: {&quot;method&quot;:&quot;xpath&quot;,&quot;selector&quot;:&quot;//button[@id=&apos;add-to-cart-sauce-labs-backpack&apos;]&quot;}&#10;  (Session info: chrome=117.0.5938.88)&#10;For documentation on this error, please visit: https://www.selenium.dev/documentation/webdriver/troubleshooting/errors#no-such-element-exception&#10;Build info: version: &apos;4.12.1&apos;, revision: &apos;8e34639b11&apos;&#10;System info: os.name: &apos;Linux&apos;, os.arch: &apos;amd64&apos;, os.version: &apos;6.2.0-32-generic&apos;, java.version: &apos;19.0.2&apos;&#10;Driver info: org.openqa.selenium.chrome.ChromeDriver&#10;Command: [4e86b87fd9bd575a554c4f6101a253ba, findElement {using=xpath, value=//button[@id=&apos;add-to-cart-sauce-labs-backpack&apos;]}]&#10;Capabilities {acceptInsecureCerts: false, browserName: chrome, browserVersion: 117.0.5938.88, chrome: {chromedriverVersion: 117.0.5938.88 (be6afae47212..., userDataDir: /tmp/.org.chromium.Chromium...}, fedcm:accounts: true, goog:chromeOptions: {debuggerAddress: localhost:33871}, networkConnectionEnabled: false, pageLoadStrategy: normal, platformName: linux, proxy: Proxy(), se:cdp: ws://localhost:33871/devtoo..., se:cdpVersion: 117.0.5938.88, setWindowRect: true, strictFileInteractability: false, timeouts: {implicit: 0, pageLoad: 300000, script: 30000}, unhandledPromptBehavior: dismiss and notify, webauthn:extension:credBlob: true, webauthn:extension:largeBlob: true, webauthn:extension:minPinLength: true, webauthn:extension:prf: true, webauthn:virtualAuthenticators: true}&#10;Session ID: 4e86b87fd9bd575a554c4f6101a253ba" type="java.lang.AssertionError"><![CDATA[java.lang.AssertionError: 
Unexpected exception (org.openqa.selenium.NoSuchElementException): no such element: Unable to locate element: {"method":"xpath","selector":"//button[@id='add-to-cart-sauce-labs-backpack']"}
  (Session info: chrome=117.0.5938.88)
For documentation on this error, please visit: https://www.selenium.dev/documentation/webdriver/troubleshooting/errors#no-such-element-exception
Build info: version: '4.12.1', revision: '8e34639b11'
System info: os.name: 'Linux', os.arch: 'amd64', os.version: '6.2.0-32-generic', java.version: '19.0.2'
Driver info: org.openqa.selenium.chrome.ChromeDriver
Command: [4e86b87fd9bd575a554c4f6101a253ba, findElement {using=xpath, value=//button[@id='add-to-cart-sauce-labs-backpack']}]
Capabilities {acceptInsecureCerts: false, browserName: chrome, browserVersion: 117.0.5938.88, chrome: {chromedriverVersion: 117.0.5938.88 (be6afae47212..., userDataDir: /tmp/.org.chromium.Chromium...}, fedcm:accounts: true, goog:chromeOptions: {debuggerAddress: localhost:33871}, networkConnectionEnabled: false, pageLoadStrategy: normal, platformName: linux, proxy: Proxy(), se:cdp: ws://localhost:33871/devtoo..., se:cdpVersion: 117.0.5938.88, setWindowRect: true, strictFileInteractability: false, timeouts: {implicit: 0, pageLoad: 300000, script: 30000}, unhandledPromptBehavior: dismiss and notify, webauthn:extension:credBlob: true, webauthn:extension:largeBlob: true, webauthn:extension:minPinLength: true, webauthn:extension:prf: true, webauthn:virtualAuthenticators: true}
Session ID: 4e86b87fd9bd575a554c4f6101a253ba
]]></failure>
  </testcase>
  <testcase name="image" classname="io.railflow.blazetest.samples.testng.webdriver.shoppingcart.standard.TestShoppingCartStandardUserBackPack" time="0.023"/>
  <testcase name="name" classname="io.railflow.blazetest.samples.testng.webdriver.shoppingcart.standard.TestShoppingCartStandardUserBackPack" time="0.017"/>
  <testcase name="price" classname="io.railflow.blazetest.samples.testng.webdriver.shoppingcart.standard.TestShoppingCartStandardUserBackPack" time="0.015"/>
  <testcase name="attribute[autocorrect, off](1)" classname="io.railflow.blazetest.samples.testng.webdriver.TestHomePagePasswordInput" time="0.015"/>
  <testcase name="attribute[autocapitalize, none](2)" classname="io.railflow.blazetest.samples.testng.webdriver.TestHomePagePasswordInput" time="0.012"/>
  <testcase name="attribute[name, password](3)" classname="io.railflow.blazetest.samples.testng.webdriver.TestHomePagePasswordInput" time="0.008"/>
  <testcase name="attribute[placeholder, Password](4)" classname="io.railflow.blazetest.samples.testng.webdriver.TestHomePagePasswordInput" time="0.008"/>
  <testcase name="attribute[type, password](5)" classname="io.railflow.blazetest.samples.testng.webdriver.TestHomePagePasswordInput" time="0.008"/>
  <testcase name="text" classname="io.railflow.blazetest.samples.testng.webdriver.TestHomePagePasswordInput" time="0.011"/>
  <testcase name="emptyPassword" classname="io.railflow.blazetest.samples.testng.webdriver.TestLoginUserLockout" time="0.149">
    <failure message="expected [Epic sadface: Password is required] but found [Epic sadface: Sorry, this user has been locked out.]" type="java.lang.AssertionError"><![CDATA[java.lang.AssertionError: expected [Epic sadface: Password is required] but found [Epic sadface: Sorry, this user has been locked out.]
	at io.railflow.blazetest.samples.testng.webdriver.TestLoginUserLockout.loginFailure(TestLoginUserLockout.java:22)
	at io.railflow.blazetest.samples.testng.webdriver.TestLoginUserLockout.emptyPassword(TestLoginUserLockout.java:32)
]]></failure>
  </testcase>
  <testcase name="missingPassword" classname="io.railflow.blazetest.samples.testng.webdriver.TestLoginUserLockout" time="0.085">
    <failure message="expected [Epic sadface: Password is required] but found [Epic sadface: Sorry, this user has been locked out.]" type="java.lang.AssertionError"><![CDATA[java.lang.AssertionError: expected [Epic sadface: Password is required] but found [Epic sadface: Sorry, this user has been locked out.]
	at io.railflow.blazetest.samples.testng.webdriver.TestLoginUserLockout.loginFailure(TestLoginUserLockout.java:22)
	at io.railflow.blazetest.samples.testng.webdriver.TestLoginUserLockout.missingPassword(TestLoginUserLockout.java:27)
]]></failure>
  </testcase>
  <testcase name="userLockedOut" classname="io.railflow.blazetest.samples.testng.webdriver.TestLoginUserLockout" time="0.12">
    <failure message="expected [Epic sadface: Username and password do not match any user in this service] but found [Epic sadface: Sorry, this user has been locked out.]" type="java.lang.AssertionError"><![CDATA[java.lang.AssertionError: expected [Epic sadface: Username and password do not match any user in this service] but found [Epic sadface: Sorry, this user has been locked out.]
	at io.railflow.blazetest.samples.testng.webdriver.TestLoginUserLockout.loginFailure(TestLoginUserLockout.java:22)
	at io.railflow.blazetest.samples.testng.webdriver.TestLoginUserLockout.userLockedOut(TestLoginUserLockout.java:37)
]]></failure>
  </testcase>
  <testcase name="add" classname="io.railflow.blazetest.samples.testng.webdriver.shoppingcart.standard.TestShoppingCartStandardUserBikeLight" time="0.044"/>
  <testcase name="addAndRemove" classname="io.railflow.blazetest.samples.testng.webdriver.shoppingcart.standard.TestShoppingCartStandardUserBikeLight" time="0.011">
    <failure message="Unexpected exception (org.openqa.selenium.NoSuchElementException): no such element: Unable to locate element: {&quot;method&quot;:&quot;xpath&quot;,&quot;selector&quot;:&quot;//button[@id=&apos;add-to-cart-sauce-labs-bike-light&apos;]&quot;}&#10;  (Session info: chrome=117.0.5938.88)&#10;For documentation on this error, please visit: https://www.selenium.dev/documentation/webdriver/troubleshooting/errors#no-such-element-exception&#10;Build info: version: &apos;4.12.1&apos;, revision: &apos;8e34639b11&apos;&#10;System info: os.name: &apos;Linux&apos;, os.arch: &apos;amd64&apos;, os.version: &apos;6.2.0-32-generic&apos;, java.version: &apos;19.0.2&apos;&#10;Driver info: org.openqa.selenium.chrome.ChromeDriver&#10;Command: [c00461c82f1c5859aec45c490c589ae1, findElement {using=xpath, value=//button[@id=&apos;add-to-cart-sauce-labs-bike-light&apos;]}]&#10;Capabilities {acceptInsecureCerts: false, browserName: chrome, browserVersion: 117.0.5938.88, chrome: {chromedriverVersion: 117.0.5938.88 (be6afae47212..., userDataDir: /tmp/.org.chromium.Chromium...}, fedcm:accounts: true, goog:chromeOptions: {debuggerAddress: localhost:43903}, networkConnectionEnabled: false, pageLoadStrategy: normal, platformName: linux, proxy: Proxy(), se:cdp: ws://localhost:43903/devtoo..., se:cdpVersion: 117.0.5938.88, setWindowRect: true, strictFileInteractability: false, timeouts: {implicit: 0, pageLoad: 300000, script: 30000}, unhandledPromptBehavior: dismiss and notify, webauthn:extension:credBlob: true, webauthn:extension:largeBlob: true, webauthn:extension:minPinLength: true, webauthn:extension:prf: true, webauthn:virtualAuthenticators: true}&#10;Session ID: c00461c82f1c5859aec45c490c589ae1" type="java.lang.AssertionError"><![CDATA[java.lang.AssertionError: 
Unexpected exception (org.openqa.selenium.NoSuchElementException): no such element: Unable to locate element: {"method":"xpath","selector":"//button[@id='add-to-cart-sauce-labs-bike-light']"}
  (Session info: chrome=117.0.5938.88)
For documentation on this error, please visit: https://www.selenium.dev/documentation/webdriver/troubleshooting/errors#no-such-element-exception
Build info: version: '4.12.1', revision: '8e34639b11'
System info: os.name: 'Linux', os.arch: 'amd64', os.version: '6.2.0-32-generic', java.version: '19.0.2'
Driver info: org.openqa.selenium.chrome.ChromeDriver
Command: [c00461c82f1c5859aec45c490c589ae1, findElement {using=xpath, value=//button[@id='add-to-cart-sauce-labs-bike-light']}]
Capabilities {acceptInsecureCerts: false, browserName: chrome, browserVersion: 117.0.5938.88, chrome: {chromedriverVersion: 117.0.5938.88 (be6afae47212..., userDataDir: /tmp/.org.chromium.Chromium...}, fedcm:accounts: true, goog:chromeOptions: {debuggerAddress: localhost:43903}, networkConnectionEnabled: false, pageLoadStrategy: normal, platformName: linux, proxy: Proxy(), se:cdp: ws://localhost:43903/devtoo..., se:cdpVersion: 117.0.5938.88, setWindowRect: true, strictFileInteractability: false, timeouts: {implicit: 0, pageLoad: 300000, script: 30000}, unhandledPromptBehavior: dismiss and notify, webauthn:extension:credBlob: true, webauthn:extension:largeBlob: true, webauthn:extension:minPinLength: true, webauthn:extension:prf: true, webauthn:virtualAuthenticators: true}
Session ID: c00461c82f1c5859aec45c490c589ae1
]]></failure>
  </testcase>
  <testcase name="addRemoveAndAddAgain" classname="io.railflow.blazetest.samples.testng.webdriver.shoppingcart.standard.TestShoppingCartStandardUserBikeLight" time="0.008">
    <failure message="Unexpected exception (org.openqa.selenium.NoSuchElementException): no such element: Unable to locate element: {&quot;method&quot;:&quot;xpath&quot;,&quot;selector&quot;:&quot;//button[@id=&apos;add-to-cart-sauce-labs-bike-light&apos;]&quot;}&#10;  (Session info: chrome=117.0.5938.88)&#10;For documentation on this error, please visit: https://www.selenium.dev/documentation/webdriver/troubleshooting/errors#no-such-element-exception&#10;Build info: version: &apos;4.12.1&apos;, revision: &apos;8e34639b11&apos;&#10;System info: os.name: &apos;Linux&apos;, os.arch: &apos;amd64&apos;, os.version: &apos;6.2.0-32-generic&apos;, java.version: &apos;19.0.2&apos;&#10;Driver info: org.openqa.selenium.chrome.ChromeDriver&#10;Command: [c00461c82f1c5859aec45c490c589ae1, findElement {using=xpath, value=//button[@id=&apos;add-to-cart-sauce-labs-bike-light&apos;]}]&#10;Capabilities {acceptInsecureCerts: false, browserName: chrome, browserVersion: 117.0.5938.88, chrome: {chromedriverVersion: 117.0.5938.88 (be6afae47212..., userDataDir: /tmp/.org.chromium.Chromium...}, fedcm:accounts: true, goog:chromeOptions: {debuggerAddress: localhost:43903}, networkConnectionEnabled: false, pageLoadStrategy: normal, platformName: linux, proxy: Proxy(), se:cdp: ws://localhost:43903/devtoo..., se:cdpVersion: 117.0.5938.88, setWindowRect: true, strictFileInteractability: false, timeouts: {implicit: 0, pageLoad: 300000, script: 30000}, unhandledPromptBehavior: dismiss and notify, webauthn:extension:credBlob: true, webauthn:extension:largeBlob: true, webauthn:extension:minPinLength: true, webauthn:extension:prf: true, webauthn:virtualAuthenticators: true}&#10;Session ID: c00461c82f1c5859aec45c490c589ae1" type="java.lang.AssertionError"><![CDATA[java.lang.AssertionError: 
Unexpected exception (org.openqa.selenium.NoSuchElementException): no such element: Unable to locate element: {"method":"xpath","selector":"//button[@id='add-to-cart-sauce-labs-bike-light']"}
  (Session info: chrome=117.0.5938.88)
For documentation on this error, please visit: https://www.selenium.dev/documentation/webdriver/troubleshooting/errors#no-such-element-exception
Build info: version: '4.12.1', revision: '8e34639b11'
System info: os.name: 'Linux', os.arch: 'amd64', os.version: '6.2.0-32-generic', java.version: '19.0.2'
Driver info: org.openqa.selenium.chrome.ChromeDriver
Command: [c00461c82f1c5859aec45c490c589ae1, findElement {using=xpath, value=//button[@id='add-to-cart-sauce-labs-bike-light']}]
Capabilities {acceptInsecureCerts: false, browserName: chrome, browserVersion: 117.0.5938.88, chrome: {chromedriverVersion: 117.0.5938.88 (be6afae47212..., userDataDir: /tmp/.org.chromium.Chromium...}, fedcm:accounts: true, goog:chromeOptions: {debuggerAddress: localhost:43903}, networkConnectionEnabled: false, pageLoadStrategy: normal, platformName: linux, proxy: Proxy(), se:cdp: ws://localhost:43903/devtoo..., se:cdpVersion: 117.0.5938.88, setWindowRect: true, strictFileInteractability: false, timeouts: {implicit: 0, pageLoad: 300000, script: 30000}, unhandledPromptBehavior: dismiss and notify, webauthn:extension:credBlob: true, webauthn:extension:largeBlob: true, webauthn:extension:minPinLength: true, webauthn:extension:prf: true, webauthn:virtualAuthenticators: true}
Session ID: c00461c82f1c5859aec45c490c589ae1
]]></failure>
  </testcase>
  <testcase name="image" classname="io.railflow.blazetest.samples.testng.webdriver.shoppingcart.standard.TestShoppingCartStandardUserBikeLight" time="0.021"/>
  <testcase name="name" classname="io.railflow.blazetest.samples.testng.webdriver.shoppingcart.standard.TestShoppingCartStandardUserBikeLight" time="0.015"/>
  <testcase name="price" classname="io.railflow.blazetest.samples.testng.webdriver.shoppingcart.standard.TestShoppingCartStandardUserBikeLight" time="0.016"/>
  <testcase name="autoCapitalize" classname="io.railflow.blazetest.samples.testng.webdriver.TestHomePageUsernameInput" time="0.013"/>
  <testcase name="autoCorrect" classname="io.railflow.blazetest.samples.testng.webdriver.TestHomePageUsernameInput" time="0.01"/>
  <testcase name="name" classname="io.railflow.blazetest.samples.testng.webdriver.TestHomePageUsernameInput" time="0.008"/>
  <testcase name="placeholder" classname="io.railflow.blazetest.samples.testng.webdriver.TestHomePageUsernameInput" time="0.008"/>
  <testcase name="text" classname="io.railflow.blazetest.samples.testng.webdriver.TestHomePageUsernameInput" time="0.01"/>
  <testcase name="type" classname="io.railflow.blazetest.samples.testng.webdriver.TestHomePageUsernameInput" time="0.008"/>
  <testcase name="description" classname="io.railflow.blazetest.samples.testng.webdriver.TestLoginSuccess" time="0.022"/>
  <testcase name="facebookLink" classname="io.railflow.blazetest.samples.testng.webdriver.TestLoginSuccess" time="0.029"/>
  <testcase name="facebookText" classname="io.railflow.blazetest.samples.testng.webdriver.TestLoginSuccess" time="0.021"/>
  <testcase name="linkedinLink" classname="io.railflow.blazetest.samples.testng.webdriver.TestLoginSuccess" time="0.021"/>
  <testcase name="linkedinText" classname="io.railflow.blazetest.samples.testng.webdriver.TestLoginSuccess" time="0.017"/>
  <testcase name="manifestLink" classname="io.railflow.blazetest.samples.testng.webdriver.TestLoginSuccess" time="0.016"/>
  <testcase name="stylesheetLink" classname="io.railflow.blazetest.samples.testng.webdriver.TestLoginSuccess" time="0.016"/>
  <testcase name="title" classname="io.railflow.blazetest.samples.testng.webdriver.TestLoginSuccess" time="0.003"/>
  <testcase name="twitterLink" classname="io.railflow.blazetest.samples.testng.webdriver.TestLoginSuccess" time="0.021"/>
  <testcase name="twitterText" classname="io.railflow.blazetest.samples.testng.webdriver.TestLoginSuccess" time="0.017"/>
  <testcase name="add" classname="io.railflow.blazetest.samples.testng.webdriver.shoppingcart.standard.TestShoppingCartStandardUserBoltTShirt" time="0.045"/>
  <testcase name="addAndRemove" classname="io.railflow.blazetest.samples.testng.webdriver.shoppingcart.standard.TestShoppingCartStandardUserBoltTShirt" time="0.013">
    <failure message="Unexpected exception (org.openqa.selenium.NoSuchElementException): no such element: Unable to locate element: {&quot;method&quot;:&quot;xpath&quot;,&quot;selector&quot;:&quot;//button[@id=&apos;add-to-cart-sauce-labs-bolt-t-shirt&apos;]&quot;}&#10;  (Session info: chrome=117.0.5938.88)&#10;For documentation on this error, please visit: https://www.selenium.dev/documentation/webdriver/troubleshooting/errors#no-such-element-exception&#10;Build info: version: &apos;4.12.1&apos;, revision: &apos;8e34639b11&apos;&#10;System info: os.name: &apos;Linux&apos;, os.arch: &apos;amd64&apos;, os.version: &apos;6.2.0-32-generic&apos;, java.version: &apos;19.0.2&apos;&#10;Driver info: org.openqa.selenium.chrome.ChromeDriver&#10;Command: [2c5a918c1206c37248ef79a0227a5b5a, findElement {using=xpath, value=//button[@id=&apos;add-to-cart-sauce-labs-bolt-t-shirt&apos;]}]&#10;Capabilities {acceptInsecureCerts: false, browserName: chrome, browserVersion: 117.0.5938.88, chrome: {chromedriverVersion: 117.0.5938.88 (be6afae47212..., userDataDir: /tmp/.org.chromium.Chromium...}, fedcm:accounts: true, goog:chromeOptions: {debuggerAddress: localhost:38457}, networkConnectionEnabled: false, pageLoadStrategy: normal, platformName: linux, proxy: Proxy(), se:cdp: ws://localhost:38457/devtoo..., se:cdpVersion: 117.0.5938.88, setWindowRect: true, strictFileInteractability: false, timeouts: {implicit: 0, pageLoad: 300000, script: 30000}, unhandledPromptBehavior: dismiss and notify, webauthn:extension:credBlob: true, webauthn:extension:largeBlob: true, webauthn:extension:minPinLength: true, webauthn:extension:prf: true, webauthn:virtualAuthenticators: true}&#10;Session ID: 2c5a918c1206c37248ef79a0227a5b5a" type="java.lang.AssertionError"><![CDATA[java.lang.AssertionError: 
Unexpected exception (org.openqa.selenium.NoSuchElementException): no such element: Unable to locate element: {"method":"xpath","selector":"//button[@id='add-to-cart-sauce-labs-bolt-t-shirt']"}
  (Session info: chrome=117.0.5938.88)
For documentation on this error, please visit: https://www.selenium.dev/documentation/webdriver/troubleshooting/errors#no-such-element-exception
Build info: version: '4.12.1', revision: '8e34639b11'
System info: os.name: 'Linux', os.arch: 'amd64', os.version: '6.2.0-32-generic', java.version: '19.0.2'
Driver info: org.openqa.selenium.chrome.ChromeDriver
Command: [2c5a918c1206c37248ef79a0227a5b5a, findElement {using=xpath, value=//button[@id='add-to-cart-sauce-labs-bolt-t-shirt']}]
Capabilities {acceptInsecureCerts: false, browserName: chrome, browserVersion: 117.0.5938.88, chrome: {chromedriverVersion: 117.0.5938.88 (be6afae47212..., userDataDir: /tmp/.org.chromium.Chromium...}, fedcm:accounts: true, goog:chromeOptions: {debuggerAddress: localhost:38457}, networkConnectionEnabled: false, pageLoadStrategy: normal, platformName: linux, proxy: Proxy(), se:cdp: ws://localhost:38457/devtoo..., se:cdpVersion: 117.0.5938.88, setWindowRect: true, strictFileInteractability: false, timeouts: {implicit: 0, pageLoad: 300000, script: 30000}, unhandledPromptBehavior: dismiss and notify, webauthn:extension:credBlob: true, webauthn:extension:largeBlob: true, webauthn:extension:minPinLength: true, webauthn:extension:prf: true, webauthn:virtualAuthenticators: true}
Session ID: 2c5a918c1206c37248ef79a0227a5b5a
]]></failure>
  </testcase>
  <testcase name="addRemoveAndAddAgain" classname="io.railflow.blazetest.samples.testng.webdriver.shoppingcart.standard.TestShoppingCartStandardUserBoltTShirt" time="0.011">
    <failure message="Unexpected exception (org.openqa.selenium.NoSuchElementException): no such element: Unable to locate element: {&quot;method&quot;:&quot;xpath&quot;,&quot;selector&quot;:&quot;//button[@id=&apos;add-to-cart-sauce-labs-bolt-t-shirt&apos;]&quot;}&#10;  (Session info: chrome=117.0.5938.88)&#10;For documentation on this error, please visit: https://www.selenium.dev/documentation/webdriver/troubleshooting/errors#no-such-element-exception&#10;Build info: version: &apos;4.12.1&apos;, revision: &apos;8e34639b11&apos;&#10;System info: os.name: &apos;Linux&apos;, os.arch: &apos;amd64&apos;, os.version: &apos;6.2.0-32-generic&apos;, java.version: &apos;19.0.2&apos;&#10;Driver info: org.openqa.selenium.chrome.ChromeDriver&#10;Command: [2c5a918c1206c37248ef79a0227a5b5a, findElement {using=xpath, value=//button[@id=&apos;add-to-cart-sauce-labs-bolt-t-shirt&apos;]}]&#10;Capabilities {acceptInsecureCerts: false, browserName: chrome, browserVersion: 117.0.5938.88, chrome: {chromedriverVersion: 117.0.5938.88 (be6afae47212..., userDataDir: /tmp/.org.chromium.Chromium...}, fedcm:accounts: true, goog:chromeOptions: {debuggerAddress: localhost:38457}, networkConnectionEnabled: false, pageLoadStrategy: normal, platformName: linux, proxy: Proxy(), se:cdp: ws://localhost:38457/devtoo..., se:cdpVersion: 117.0.5938.88, setWindowRect: true, strictFileInteractability: false, timeouts: {implicit: 0, pageLoad: 300000, script: 30000}, unhandledPromptBehavior: dismiss and notify, webauthn:extension:credBlob: true, webauthn:extension:largeBlob: true, webauthn:extension:minPinLength: true, webauthn:extension:prf: true, webauthn:virtualAuthenticators: true}&#10;Session ID: 2c5a918c1206c37248ef79a0227a5b5a" type="java.lang.AssertionError"><![CDATA[java.lang.AssertionError: 
Unexpected exception (org.openqa.selenium.NoSuchElementException): no such element: Unable to locate element: {"method":"xpath","selector":"//button[@id='add-to-cart-sauce-labs-bolt-t-shirt']"}
  (Session info: chrome=117.0.5938.88)
For documentation on this error, please visit: https://www.selenium.dev/documentation/webdriver/troubleshooting/errors#no-such-element-exception
Build info: version: '4.12.1', revision: '8e34639b11'
System info: os.name: 'Linux', os.arch: 'amd64', os.version: '6.2.0-32-generic', java.version: '19.0.2'
Driver info: org.openqa.selenium.chrome.ChromeDriver
Command: [2c5a918c1206c37248ef79a0227a5b5a, findElement {using=xpath, value=//button[@id='add-to-cart-sauce-labs-bolt-t-shirt']}]
Capabilities {acceptInsecureCerts: false, browserName: chrome, browserVersion: 117.0.5938.88, chrome: {chromedriverVersion: 117.0.5938.88 (be6afae47212..., userDataDir: /tmp/.org.chromium.Chromium...}, fedcm:accounts: true, goog:chromeOptions: {debuggerAddress: localhost:38457}, networkConnectionEnabled: false, pageLoadStrategy: normal, platformName: linux, proxy: Proxy(), se:cdp: ws://localhost:38457/devtoo..., se:cdpVersion: 117.0.5938.88, setWindowRect: true, strictFileInteractability: false, timeouts: {implicit: 0, pageLoad: 300000, script: 30000}, unhandledPromptBehavior: dismiss and notify, webauthn:extension:credBlob: true, webauthn:extension:largeBlob: true, webauthn:extension:minPinLength: true, webauthn:extension:prf: true, webauthn:virtualAuthenticators: true}
Session ID: 2c5a918c1206c37248ef79a0227a5b5a
]]></failure>
  </testcase>
  <testcase name="image" classname="io.railflow.blazetest.samples.testng.webdriver.shoppingcart.standard.TestShoppingCartStandardUserBoltTShirt" time="0.022"/>
  <testcase name="name" classname="io.railflow.blazetest.samples.testng.webdriver.shoppingcart.standard.TestShoppingCartStandardUserBoltTShirt" time="0.016"/>
  <testcase name="price" classname="io.railflow.blazetest.samples.testng.webdriver.shoppingcart.standard.TestShoppingCartStandardUserBoltTShirt" time="0.016"/>
  <testcase name="inventoryItemCount" classname="io.railflow.blazetest.samples.testng.webdriver.shoppingcart.standard.TestShoppingCartStandardUserInventory" time="0.012"/>
  <testcase name="inventoryItemDescCount" classname="io.railflow.blazetest.samples.testng.webdriver.shoppingcart.standard.TestShoppingCartStandardUserInventory" time="0.011"/>
  <testcase name="inventoryItemDescriptionCount" classname="io.railflow.blazetest.samples.testng.webdriver.shoppingcart.standard.TestShoppingCartStandardUserInventory" time="0.009"/>
  <testcase name="inventoryItemImgCount" classname="io.railflow.blazetest.samples.testng.webdriver.shoppingcart.standard.TestShoppingCartStandardUserInventory" time="0.01"/>
  <testcase name="inventoryItemLabelCount" classname="io.railflow.blazetest.samples.testng.webdriver.shoppingcart.standard.TestShoppingCartStandardUserInventory" time="0.009"/>
  <testcase name="inventoryItemNameCount" classname="io.railflow.blazetest.samples.testng.webdriver.shoppingcart.standard.TestShoppingCartStandardUserInventory" time="0.011"/>
  <testcase name="inventoryItemPriceCount" classname="io.railflow.blazetest.samples.testng.webdriver.shoppingcart.standard.TestShoppingCartStandardUserInventory" time="0.009"/>
  <testcase name="pricebar" classname="io.railflow.blazetest.samples.testng.webdriver.shoppingcart.standard.TestShoppingCartStandardUserInventory" time="0.009"/>
  <testcase name="inventoryItemCount" classname="io.railflow.blazetest.samples.testng.webdriver.shoppingcart.problem.TestShoppingCartProblemUserInventory" time="0.011"/>
  <testcase name="inventoryItemDescCount" classname="io.railflow.blazetest.samples.testng.webdriver.shoppingcart.problem.TestShoppingCartProblemUserInventory" time="0.009"/>
  <testcase name="inventoryItemDescriptionCount" classname="io.railflow.blazetest.samples.testng.webdriver.shoppingcart.problem.TestShoppingCartProblemUserInventory" time="0.01"/>
  <testcase name="inventoryItemImgCount" classname="io.railflow.blazetest.samples.testng.webdriver.shoppingcart.problem.TestShoppingCartProblemUserInventory" time="0.01"/>
  <testcase name="inventoryItemLabelCount" classname="io.railflow.blazetest.samples.testng.webdriver.shoppingcart.problem.TestShoppingCartProblemUserInventory" time="0.01"/>
  <testcase name="inventoryItemNameCount" classname="io.railflow.blazetest.samples.testng.webdriver.shoppingcart.problem.TestShoppingCartProblemUserInventory" time="0.009"/>
  <testcase name="inventoryItemPriceCount" classname="io.railflow.blazetest.samples.testng.webdriver.shoppingcart.problem.TestShoppingCartProblemUserInventory" time="0.01"/>
  <testcase name="pricebar" classname="io.railflow.blazetest.samples.testng.webdriver.shoppingcart.problem.TestShoppingCartProblemUserInventory" time="0.009"/>
  <testcase name="add" classname="io.railflow.blazetest.samples.testng.webdriver.shoppingcart.problem.TestShoppingCartProblemUserBackPack" time="0.049"/>
  <testcase name="addAndRemove" classname="io.railflow.blazetest.samples.testng.webdriver.shoppingcart.problem.TestShoppingCartProblemUserBackPack" time="0.009">
    <failure message="Unexpected exception (org.openqa.selenium.NoSuchElementException): no such element: Unable to locate element: {&quot;method&quot;:&quot;xpath&quot;,&quot;selector&quot;:&quot;//button[@id=&apos;add-to-cart-sauce-labs-backpack&apos;]&quot;}&#10;  (Session info: chrome=117.0.5938.88)&#10;For documentation on this error, please visit: https://www.selenium.dev/documentation/webdriver/troubleshooting/errors#no-such-element-exception&#10;Build info: version: &apos;4.12.1&apos;, revision: &apos;8e34639b11&apos;&#10;System info: os.name: &apos;Linux&apos;, os.arch: &apos;amd64&apos;, os.version: &apos;6.2.0-32-generic&apos;, java.version: &apos;19.0.2&apos;&#10;Driver info: org.openqa.selenium.chrome.ChromeDriver&#10;Command: [c7c154b2b1e3abb1177d74729ffc3a3a, findElement {using=xpath, value=//button[@id=&apos;add-to-cart-sauce-labs-backpack&apos;]}]&#10;Capabilities {acceptInsecureCerts: false, browserName: chrome, browserVersion: 117.0.5938.88, chrome: {chromedriverVersion: 117.0.5938.88 (be6afae47212..., userDataDir: /tmp/.org.chromium.Chromium...}, fedcm:accounts: true, goog:chromeOptions: {debuggerAddress: localhost:46331}, networkConnectionEnabled: false, pageLoadStrategy: normal, platformName: linux, proxy: Proxy(), se:cdp: ws://localhost:46331/devtoo..., se:cdpVersion: 117.0.5938.88, setWindowRect: true, strictFileInteractability: false, timeouts: {implicit: 0, pageLoad: 300000, script: 30000}, unhandledPromptBehavior: dismiss and notify, webauthn:extension:credBlob: true, webauthn:extension:largeBlob: true, webauthn:extension:minPinLength: true, webauthn:extension:prf: true, webauthn:virtualAuthenticators: true}&#10;Session ID: c7c154b2b1e3abb1177d74729ffc3a3a" type="java.lang.AssertionError"><![CDATA[java.lang.AssertionError: 
Unexpected exception (org.openqa.selenium.NoSuchElementException): no such element: Unable to locate element: {"method":"xpath","selector":"//button[@id='add-to-cart-sauce-labs-backpack']"}
  (Session info: chrome=117.0.5938.88)
For documentation on this error, please visit: https://www.selenium.dev/documentation/webdriver/troubleshooting/errors#no-such-element-exception
Build info: version: '4.12.1', revision: '8e34639b11'
System info: os.name: 'Linux', os.arch: 'amd64', os.version: '6.2.0-32-generic', java.version: '19.0.2'
Driver info: org.openqa.selenium.chrome.ChromeDriver
Command: [c7c154b2b1e3abb1177d74729ffc3a3a, findElement {using=xpath, value=//button[@id='add-to-cart-sauce-labs-backpack']}]
Capabilities {acceptInsecureCerts: false, browserName: chrome, browserVersion: 117.0.5938.88, chrome: {chromedriverVersion: 117.0.5938.88 (be6afae47212..., userDataDir: /tmp/.org.chromium.Chromium...}, fedcm:accounts: true, goog:chromeOptions: {debuggerAddress: localhost:46331}, networkConnectionEnabled: false, pageLoadStrategy: normal, platformName: linux, proxy: Proxy(), se:cdp: ws://localhost:46331/devtoo..., se:cdpVersion: 117.0.5938.88, setWindowRect: true, strictFileInteractability: false, timeouts: {implicit: 0, pageLoad: 300000, script: 30000}, unhandledPromptBehavior: dismiss and notify, webauthn:extension:credBlob: true, webauthn:extension:largeBlob: true, webauthn:extension:minPinLength: true, webauthn:extension:prf: true, webauthn:virtualAuthenticators: true}
Session ID: c7c154b2b1e3abb1177d74729ffc3a3a
]]></failure>
  </testcase>
  <testcase name="addRemoveAndAddAgain" classname="io.railflow.blazetest.samples.testng.webdriver.shoppingcart.problem.TestShoppingCartProblemUserBackPack" time="0.009">
    <failure message="Unexpected exception (org.openqa.selenium.NoSuchElementException): no such element: Unable to locate element: {&quot;method&quot;:&quot;xpath&quot;,&quot;selector&quot;:&quot;//button[@id=&apos;add-to-cart-sauce-labs-backpack&apos;]&quot;}&#10;  (Session info: chrome=117.0.5938.88)&#10;For documentation on this error, please visit: https://www.selenium.dev/documentation/webdriver/troubleshooting/errors#no-such-element-exception&#10;Build info: version: &apos;4.12.1&apos;, revision: &apos;8e34639b11&apos;&#10;System info: os.name: &apos;Linux&apos;, os.arch: &apos;amd64&apos;, os.version: &apos;6.2.0-32-generic&apos;, java.version: &apos;19.0.2&apos;&#10;Driver info: org.openqa.selenium.chrome.ChromeDriver&#10;Command: [c7c154b2b1e3abb1177d74729ffc3a3a, findElement {using=xpath, value=//button[@id=&apos;add-to-cart-sauce-labs-backpack&apos;]}]&#10;Capabilities {acceptInsecureCerts: false, browserName: chrome, browserVersion: 117.0.5938.88, chrome: {chromedriverVersion: 117.0.5938.88 (be6afae47212..., userDataDir: /tmp/.org.chromium.Chromium...}, fedcm:accounts: true, goog:chromeOptions: {debuggerAddress: localhost:46331}, networkConnectionEnabled: false, pageLoadStrategy: normal, platformName: linux, proxy: Proxy(), se:cdp: ws://localhost:46331/devtoo..., se:cdpVersion: 117.0.5938.88, setWindowRect: true, strictFileInteractability: false, timeouts: {implicit: 0, pageLoad: 300000, script: 30000}, unhandledPromptBehavior: dismiss and notify, webauthn:extension:credBlob: true, webauthn:extension:largeBlob: true, webauthn:extension:minPinLength: true, webauthn:extension:prf: true, webauthn:virtualAuthenticators: true}&#10;Session ID: c7c154b2b1e3abb1177d74729ffc3a3a" type="java.lang.AssertionError"><![CDATA[java.lang.AssertionError: 
Unexpected exception (org.openqa.selenium.NoSuchElementException): no such element: Unable to locate element: {"method":"xpath","selector":"//button[@id='add-to-cart-sauce-labs-backpack']"}
  (Session info: chrome=117.0.5938.88)
For documentation on this error, please visit: https://www.selenium.dev/documentation/webdriver/troubleshooting/errors#no-such-element-exception
Build info: version: '4.12.1', revision: '8e34639b11'
System info: os.name: 'Linux', os.arch: 'amd64', os.version: '6.2.0-32-generic', java.version: '19.0.2'
Driver info: org.openqa.selenium.chrome.ChromeDriver
Command: [c7c154b2b1e3abb1177d74729ffc3a3a, findElement {using=xpath, value=//button[@id='add-to-cart-sauce-labs-backpack']}]
Capabilities {acceptInsecureCerts: false, browserName: chrome, browserVersion: 117.0.5938.88, chrome: {chromedriverVersion: 117.0.5938.88 (be6afae47212..., userDataDir: /tmp/.org.chromium.Chromium...}, fedcm:accounts: true, goog:chromeOptions: {debuggerAddress: localhost:46331}, networkConnectionEnabled: false, pageLoadStrategy: normal, platformName: linux, proxy: Proxy(), se:cdp: ws://localhost:46331/devtoo..., se:cdpVersion: 117.0.5938.88, setWindowRect: true, strictFileInteractability: false, timeouts: {implicit: 0, pageLoad: 300000, script: 30000}, unhandledPromptBehavior: dismiss and notify, webauthn:extension:credBlob: true, webauthn:extension:largeBlob: true, webauthn:extension:minPinLength: true, webauthn:extension:prf: true, webauthn:virtualAuthenticators: true}
Session ID: c7c154b2b1e3abb1177d74729ffc3a3a
]]></failure>
  </testcase>
  <testcase name="image" classname="io.railflow.blazetest.samples.testng.webdriver.shoppingcart.problem.TestShoppingCartProblemUserBackPack" time="0.021">
    <failure message="expected [https://www.saucedemo.com/static/media/sl-404.168b1cce.jpg] but found [https://www.saucedemo.com/static/media/sauce-backpack-1200x1500.0a0b85a3.jpg]" type="java.lang.AssertionError"><![CDATA[java.lang.AssertionError: expected [https://www.saucedemo.com/static/media/sl-404.168b1cce.jpg] but found [https://www.saucedemo.com/static/media/sauce-backpack-1200x1500.0a0b85a3.jpg]
]]></failure>
  </testcase>
  <testcase name="name" classname="io.railflow.blazetest.samples.testng.webdriver.shoppingcart.problem.TestShoppingCartProblemUserBackPack" time="0.015"/>
  <testcase name="price" classname="io.railflow.blazetest.samples.testng.webdriver.shoppingcart.problem.TestShoppingCartProblemUserBackPack" time="0.014"/>
  <testcase name="add" classname="io.railflow.blazetest.samples.testng.webdriver.shoppingcart.problem.TestShoppingCartProblemUserBikeLight" time="0.045"/>
  <testcase name="addAndRemove" classname="io.railflow.blazetest.samples.testng.webdriver.shoppingcart.problem.TestShoppingCartProblemUserBikeLight" time="0.011">
    <failure message="Unexpected exception (org.openqa.selenium.NoSuchElementException): no such element: Unable to locate element: {&quot;method&quot;:&quot;xpath&quot;,&quot;selector&quot;:&quot;//button[@id=&apos;add-to-cart-sauce-labs-bike-light&apos;]&quot;}&#10;  (Session info: chrome=117.0.5938.88)&#10;For documentation on this error, please visit: https://www.selenium.dev/documentation/webdriver/troubleshooting/errors#no-such-element-exception&#10;Build info: version: &apos;4.12.1&apos;, revision: &apos;8e34639b11&apos;&#10;System info: os.name: &apos;Linux&apos;, os.arch: &apos;amd64&apos;, os.version: &apos;6.2.0-32-generic&apos;, java.version: &apos;19.0.2&apos;&#10;Driver info: org.openqa.selenium.chrome.ChromeDriver&#10;Command: [cc530422152e8cc1336b3147c1a72f5d, findElement {using=xpath, value=//button[@id=&apos;add-to-cart-sauce-labs-bike-light&apos;]}]&#10;Capabilities {acceptInsecureCerts: false, browserName: chrome, browserVersion: 117.0.5938.88, chrome: {chromedriverVersion: 117.0.5938.88 (be6afae47212..., userDataDir: /tmp/.org.chromium.Chromium...}, fedcm:accounts: true, goog:chromeOptions: {debuggerAddress: localhost:34899}, networkConnectionEnabled: false, pageLoadStrategy: normal, platformName: linux, proxy: Proxy(), se:cdp: ws://localhost:34899/devtoo..., se:cdpVersion: 117.0.5938.88, setWindowRect: true, strictFileInteractability: false, timeouts: {implicit: 0, pageLoad: 300000, script: 30000}, unhandledPromptBehavior: dismiss and notify, webauthn:extension:credBlob: true, webauthn:extension:largeBlob: true, webauthn:extension:minPinLength: true, webauthn:extension:prf: true, webauthn:virtualAuthenticators: true}&#10;Session ID: cc530422152e8cc1336b3147c1a72f5d" type="java.lang.AssertionError"><![CDATA[java.lang.AssertionError: 
Unexpected exception (org.openqa.selenium.NoSuchElementException): no such element: Unable to locate element: {"method":"xpath","selector":"//button[@id='add-to-cart-sauce-labs-bike-light']"}
  (Session info: chrome=117.0.5938.88)
For documentation on this error, please visit: https://www.selenium.dev/documentation/webdriver/troubleshooting/errors#no-such-element-exception
Build info: version: '4.12.1', revision: '8e34639b11'
System info: os.name: 'Linux', os.arch: 'amd64', os.version: '6.2.0-32-generic', java.version: '19.0.2'
Driver info: org.openqa.selenium.chrome.ChromeDriver
Command: [cc530422152e8cc1336b3147c1a72f5d, findElement {using=xpath, value=//button[@id='add-to-cart-sauce-labs-bike-light']}]
Capabilities {acceptInsecureCerts: false, browserName: chrome, browserVersion: 117.0.5938.88, chrome: {chromedriverVersion: 117.0.5938.88 (be6afae47212..., userDataDir: /tmp/.org.chromium.Chromium...}, fedcm:accounts: true, goog:chromeOptions: {debuggerAddress: localhost:34899}, networkConnectionEnabled: false, pageLoadStrategy: normal, platformName: linux, proxy: Proxy(), se:cdp: ws://localhost:34899/devtoo..., se:cdpVersion: 117.0.5938.88, setWindowRect: true, strictFileInteractability: false, timeouts: {implicit: 0, pageLoad: 300000, script: 30000}, unhandledPromptBehavior: dismiss and notify, webauthn:extension:credBlob: true, webauthn:extension:largeBlob: true, webauthn:extension:minPinLength: true, webauthn:extension:prf: true, webauthn:virtualAuthenticators: true}
Session ID: cc530422152e8cc1336b3147c1a72f5d
]]></failure>
  </testcase>
  <testcase name="addRemoveAndAddAgain" classname="io.railflow.blazetest.samples.testng.webdriver.shoppingcart.problem.TestShoppingCartProblemUserBikeLight" time="0.009">
    <failure message="Unexpected exception (org.openqa.selenium.NoSuchElementException): no such element: Unable to locate element: {&quot;method&quot;:&quot;xpath&quot;,&quot;selector&quot;:&quot;//button[@id=&apos;add-to-cart-sauce-labs-bike-light&apos;]&quot;}&#10;  (Session info: chrome=117.0.5938.88)&#10;For documentation on this error, please visit: https://www.selenium.dev/documentation/webdriver/troubleshooting/errors#no-such-element-exception&#10;Build info: version: &apos;4.12.1&apos;, revision: &apos;8e34639b11&apos;&#10;System info: os.name: &apos;Linux&apos;, os.arch: &apos;amd64&apos;, os.version: &apos;6.2.0-32-generic&apos;, java.version: &apos;19.0.2&apos;&#10;Driver info: org.openqa.selenium.chrome.ChromeDriver&#10;Command: [cc530422152e8cc1336b3147c1a72f5d, findElement {using=xpath, value=//button[@id=&apos;add-to-cart-sauce-labs-bike-light&apos;]}]&#10;Capabilities {acceptInsecureCerts: false, browserName: chrome, browserVersion: 117.0.5938.88, chrome: {chromedriverVersion: 117.0.5938.88 (be6afae47212..., userDataDir: /tmp/.org.chromium.Chromium...}, fedcm:accounts: true, goog:chromeOptions: {debuggerAddress: localhost:34899}, networkConnectionEnabled: false, pageLoadStrategy: normal, platformName: linux, proxy: Proxy(), se:cdp: ws://localhost:34899/devtoo..., se:cdpVersion: 117.0.5938.88, setWindowRect: true, strictFileInteractability: false, timeouts: {implicit: 0, pageLoad: 300000, script: 30000}, unhandledPromptBehavior: dismiss and notify, webauthn:extension:credBlob: true, webauthn:extension:largeBlob: true, webauthn:extension:minPinLength: true, webauthn:extension:prf: true, webauthn:virtualAuthenticators: true}&#10;Session ID: cc530422152e8cc1336b3147c1a72f5d" type="java.lang.AssertionError"><![CDATA[java.lang.AssertionError: 
Unexpected exception (org.openqa.selenium.NoSuchElementException): no such element: Unable to locate element: {"method":"xpath","selector":"//button[@id='add-to-cart-sauce-labs-bike-light']"}
  (Session info: chrome=117.0.5938.88)
For documentation on this error, please visit: https://www.selenium.dev/documentation/webdriver/troubleshooting/errors#no-such-element-exception
Build info: version: '4.12.1', revision: '8e34639b11'
System info: os.name: 'Linux', os.arch: 'amd64', os.version: '6.2.0-32-generic', java.version: '19.0.2'
Driver info: org.openqa.selenium.chrome.ChromeDriver
Command: [cc530422152e8cc1336b3147c1a72f5d, findElement {using=xpath, value=//button[@id='add-to-cart-sauce-labs-bike-light']}]
Capabilities {acceptInsecureCerts: false, browserName: chrome, browserVersion: 117.0.5938.88, chrome: {chromedriverVersion: 117.0.5938.88 (be6afae47212..., userDataDir: /tmp/.org.chromium.Chromium...}, fedcm:accounts: true, goog:chromeOptions: {debuggerAddress: localhost:34899}, networkConnectionEnabled: false, pageLoadStrategy: normal, platformName: linux, proxy: Proxy(), se:cdp: ws://localhost:34899/devtoo..., se:cdpVersion: 117.0.5938.88, setWindowRect: true, strictFileInteractability: false, timeouts: {implicit: 0, pageLoad: 300000, script: 30000}, unhandledPromptBehavior: dismiss and notify, webauthn:extension:credBlob: true, webauthn:extension:largeBlob: true, webauthn:extension:minPinLength: true, webauthn:extension:prf: true, webauthn:virtualAuthenticators: true}
Session ID: cc530422152e8cc1336b3147c1a72f5d
]]></failure>
  </testcase>
  <testcase name="image" classname="io.railflow.blazetest.samples.testng.webdriver.shoppingcart.problem.TestShoppingCartProblemUserBikeLight" time="0.021">
    <failure message="expected [https://www.saucedemo.com/static/media/sl-404.168b1cce.jpg] but found [https://www.saucedemo.com/static/media/bike-light-1200x1500.37c843b0.jpg]" type="java.lang.AssertionError"><![CDATA[java.lang.AssertionError: expected [https://www.saucedemo.com/static/media/sl-404.168b1cce.jpg] but found [https://www.saucedemo.com/static/media/bike-light-1200x1500.37c843b0.jpg]
]]></failure>
  </testcase>
  <testcase name="name" classname="io.railflow.blazetest.samples.testng.webdriver.shoppingcart.problem.TestShoppingCartProblemUserBikeLight" time="0.015"/>
  <testcase name="price" classname="io.railflow.blazetest.samples.testng.webdriver.shoppingcart.problem.TestShoppingCartProblemUserBikeLight" time="0.014"/>
  <testcase name="add" classname="io.railflow.blazetest.samples.testng.webdriver.shoppingcart.problem.TestShoppingCartProblemUserBoltTShirt" time="0.041"/>
  <testcase name="addAndRemove" classname="io.railflow.blazetest.samples.testng.webdriver.shoppingcart.problem.TestShoppingCartProblemUserBoltTShirt" time="0.038">
    <failure message="Unexpected exception (org.openqa.selenium.NoSuchElementException): no such element: Unable to locate element: {&quot;method&quot;:&quot;xpath&quot;,&quot;selector&quot;:&quot;//button[@id=&apos;remove-sauce-labs-bolt-t-shirt&apos;]&quot;}&#10;  (Session info: chrome=117.0.5938.88)&#10;For documentation on this error, please visit: https://www.selenium.dev/documentation/webdriver/troubleshooting/errors#no-such-element-exception&#10;Build info: version: &apos;4.12.1&apos;, revision: &apos;8e34639b11&apos;&#10;System info: os.name: &apos;Linux&apos;, os.arch: &apos;amd64&apos;, os.version: &apos;6.2.0-32-generic&apos;, java.version: &apos;19.0.2&apos;&#10;Driver info: org.openqa.selenium.chrome.ChromeDriver&#10;Command: [6fce7ee55769f5f60f6dc35915d31bed, findElement {using=xpath, value=//button[@id=&apos;remove-sauce-labs-bolt-t-shirt&apos;]}]&#10;Capabilities {acceptInsecureCerts: false, browserName: chrome, browserVersion: 117.0.5938.88, chrome: {chromedriverVersion: 117.0.5938.88 (be6afae47212..., userDataDir: /tmp/.org.chromium.Chromium...}, fedcm:accounts: true, goog:chromeOptions: {debuggerAddress: localhost:35841}, networkConnectionEnabled: false, pageLoadStrategy: normal, platformName: linux, proxy: Proxy(), se:cdp: ws://localhost:35841/devtoo..., se:cdpVersion: 117.0.5938.88, setWindowRect: true, strictFileInteractability: false, timeouts: {implicit: 0, pageLoad: 300000, script: 30000}, unhandledPromptBehavior: dismiss and notify, webauthn:extension:credBlob: true, webauthn:extension:largeBlob: true, webauthn:extension:minPinLength: true, webauthn:extension:prf: true, webauthn:virtualAuthenticators: true}&#10;Session ID: 6fce7ee55769f5f60f6dc35915d31bed" type="java.lang.AssertionError"><![CDATA[java.lang.AssertionError: 
Unexpected exception (org.openqa.selenium.NoSuchElementException): no such element: Unable to locate element: {"method":"xpath","selector":"//button[@id='remove-sauce-labs-bolt-t-shirt']"}
  (Session info: chrome=117.0.5938.88)
For documentation on this error, please visit: https://www.selenium.dev/documentation/webdriver/troubleshooting/errors#no-such-element-exception
Build info: version: '4.12.1', revision: '8e34639b11'
System info: os.name: 'Linux', os.arch: 'amd64', os.version: '6.2.0-32-generic', java.version: '19.0.2'
Driver info: org.openqa.selenium.chrome.ChromeDriver
Command: [6fce7ee55769f5f60f6dc35915d31bed, findElement {using=xpath, value=//button[@id='remove-sauce-labs-bolt-t-shirt']}]
Capabilities {acceptInsecureCerts: false, browserName: chrome, browserVersion: 117.0.5938.88, chrome: {chromedriverVersion: 117.0.5938.88 (be6afae47212..., userDataDir: /tmp/.org.chromium.Chromium...}, fedcm:accounts: true, goog:chromeOptions: {debuggerAddress: localhost:35841}, networkConnectionEnabled: false, pageLoadStrategy: normal, platformName: linux, proxy: Proxy(), se:cdp: ws://localhost:35841/devtoo..., se:cdpVersion: 117.0.5938.88, setWindowRect: true, strictFileInteractability: false, timeouts: {implicit: 0, pageLoad: 300000, script: 30000}, unhandledPromptBehavior: dismiss and notify, webauthn:extension:credBlob: true, webauthn:extension:largeBlob: true, webauthn:extension:minPinLength: true, webauthn:extension:prf: true, webauthn:virtualAuthenticators: true}
Session ID: 6fce7ee55769f5f60f6dc35915d31bed
]]></failure>
  </testcase>
  <testcase name="addRemoveAndAddAgain" classname="io.railflow.blazetest.samples.testng.webdriver.shoppingcart.problem.TestShoppingCartProblemUserBoltTShirt" time="0.035">
    <failure message="Unexpected exception (org.openqa.selenium.NoSuchElementException): no such element: Unable to locate element: {&quot;method&quot;:&quot;xpath&quot;,&quot;selector&quot;:&quot;//button[@id=&apos;remove-sauce-labs-bolt-t-shirt&apos;]&quot;}&#10;  (Session info: chrome=117.0.5938.88)&#10;For documentation on this error, please visit: https://www.selenium.dev/documentation/webdriver/troubleshooting/errors#no-such-element-exception&#10;Build info: version: &apos;4.12.1&apos;, revision: &apos;8e34639b11&apos;&#10;System info: os.name: &apos;Linux&apos;, os.arch: &apos;amd64&apos;, os.version: &apos;6.2.0-32-generic&apos;, java.version: &apos;19.0.2&apos;&#10;Driver info: org.openqa.selenium.chrome.ChromeDriver&#10;Command: [6fce7ee55769f5f60f6dc35915d31bed, findElement {using=xpath, value=//button[@id=&apos;remove-sauce-labs-bolt-t-shirt&apos;]}]&#10;Capabilities {acceptInsecureCerts: false, browserName: chrome, browserVersion: 117.0.5938.88, chrome: {chromedriverVersion: 117.0.5938.88 (be6afae47212..., userDataDir: /tmp/.org.chromium.Chromium...}, fedcm:accounts: true, goog:chromeOptions: {debuggerAddress: localhost:35841}, networkConnectionEnabled: false, pageLoadStrategy: normal, platformName: linux, proxy: Proxy(), se:cdp: ws://localhost:35841/devtoo..., se:cdpVersion: 117.0.5938.88, setWindowRect: true, strictFileInteractability: false, timeouts: {implicit: 0, pageLoad: 300000, script: 30000}, unhandledPromptBehavior: dismiss and notify, webauthn:extension:credBlob: true, webauthn:extension:largeBlob: true, webauthn:extension:minPinLength: true, webauthn:extension:prf: true, webauthn:virtualAuthenticators: true}&#10;Session ID: 6fce7ee55769f5f60f6dc35915d31bed" type="java.lang.AssertionError"><![CDATA[java.lang.AssertionError: 
Unexpected exception (org.openqa.selenium.NoSuchElementException): no such element: Unable to locate element: {"method":"xpath","selector":"//button[@id='remove-sauce-labs-bolt-t-shirt']"}
  (Session info: chrome=117.0.5938.88)
For documentation on this error, please visit: https://www.selenium.dev/documentation/webdriver/troubleshooting/errors#no-such-element-exception
Build info: version: '4.12.1', revision: '8e34639b11'
System info: os.name: 'Linux', os.arch: 'amd64', os.version: '6.2.0-32-generic', java.version: '19.0.2'
Driver info: org.openqa.selenium.chrome.ChromeDriver
Command: [6fce7ee55769f5f60f6dc35915d31bed, findElement {using=xpath, value=//button[@id='remove-sauce-labs-bolt-t-shirt']}]
Capabilities {acceptInsecureCerts: false, browserName: chrome, browserVersion: 117.0.5938.88, chrome: {chromedriverVersion: 117.0.5938.88 (be6afae47212..., userDataDir: /tmp/.org.chromium.Chromium...}, fedcm:accounts: true, goog:chromeOptions: {debuggerAddress: localhost:35841}, networkConnectionEnabled: false, pageLoadStrategy: normal, platformName: linux, proxy: Proxy(), se:cdp: ws://localhost:35841/devtoo..., se:cdpVersion: 117.0.5938.88, setWindowRect: true, strictFileInteractability: false, timeouts: {implicit: 0, pageLoad: 300000, script: 30000}, unhandledPromptBehavior: dismiss and notify, webauthn:extension:credBlob: true, webauthn:extension:largeBlob: true, webauthn:extension:minPinLength: true, webauthn:extension:prf: true, webauthn:virtualAuthenticators: true}
Session ID: 6fce7ee55769f5f60f6dc35915d31bed
]]></failure>
  </testcase>
  <testcase name="image" classname="io.railflow.blazetest.samples.testng.webdriver.shoppingcart.problem.TestShoppingCartProblemUserBoltTShirt" time="0.018">
    <failure message="expected [https://www.saucedemo.com/static/media/sl-404.168b1cce.jpg] but found [https://www.saucedemo.com/static/media/bolt-shirt-1200x1500.c2599ac5.jpg]" type="java.lang.AssertionError"><![CDATA[java.lang.AssertionError: expected [https://www.saucedemo.com/static/media/sl-404.168b1cce.jpg] but found [https://www.saucedemo.com/static/media/bolt-shirt-1200x1500.c2599ac5.jpg]
]]></failure>
  </testcase>
  <testcase name="name" classname="io.railflow.blazetest.samples.testng.webdriver.shoppingcart.problem.TestShoppingCartProblemUserBoltTShirt" time="0.014"/>
  <testcase name="price" classname="io.railflow.blazetest.samples.testng.webdriver.shoppingcart.problem.TestShoppingCartProblemUserBoltTShirt" time="0.014"/>
</testsuite>